2025-07-11 06:28:43 [INFO] [起動] BlackBoardサーバが localhost:9000 で待機中...
2025-07-11 06:28:43 [INFO] [操作] ESCキーでサーバを終了できます
2025-07-11 06:28:46 [INFO] [接続] BM (127.0.0.1:49334) が接続しました
2025-07-11 06:28:47 [INFO] [接続] Cmd (127.0.0.1:49335) が接続しました
2025-07-11 06:28:50 [INFO] [接続] VM (127.0.0.1:49337) が接続しました
2025-07-11 06:28:53 [INFO] [受信] VM → BM;Depth:199.0
2025-07-11 06:28:53 [INFO] [転送] VM → BM : Depth:199.0
2025-07-11 06:28:53 [INFO] [受信] VM → BM;Depth:206.0
2025-07-11 06:28:53 [INFO] [転送] VM → BM : Depth:206.0
2025-07-11 06:28:53 [INFO] [受信] VM → BM;Depth:217.0
2025-07-11 06:28:53 [INFO] [転送] VM → BM : Depth:217.0
2025-07-11 06:28:54 [INFO] [受信] VM → BM;Depth:174.0
2025-07-11 06:28:54 [INFO] [転送] VM → BM : Depth:174.0
2025-07-11 06:28:54 [INFO] [受信] VM → BM;Depth:200.0
2025-07-11 06:28:54 [INFO] [転送] VM → BM : Depth:200.0
2025-07-11 06:28:54 [INFO] [受信] VM → BM;Depth:208.0
2025-07-11 06:28:54 [INFO] [転送] VM → BM : Depth:208.0
2025-07-11 06:28:54 [INFO] [受信] VM → BM;Depth:237.0
2025-07-11 06:28:54 [INFO] [転送] VM → BM : Depth:237.0
2025-07-11 06:28:54 [INFO] [受信] VM → BM;Depth:246.0
2025-07-11 06:28:54 [INFO] [転送] VM → BM : Depth:246.0
2025-07-11 06:28:54 [INFO] [受信] VM → BM;Depth:237.0
2025-07-11 06:28:54 [INFO] [転送] VM → BM : Depth:237.0
2025-07-11 06:28:54 [INFO] [受信] VM → BM;Depth:242.0
2025-07-11 06:28:54 [INFO] [転送] VM → BM : Depth:242.0
2025-07-11 06:28:54 [INFO] [受信] VM → BM;Depth:239.0
2025-07-11 06:28:54 [INFO] [転送] VM → BM : Depth:239.0
2025-07-11 06:28:55 [INFO] [受信] VM → BM;Depth:242.0
2025-07-11 06:28:55 [INFO] [転送] VM → BM : Depth:242.0
2025-07-11 06:28:55 [INFO] [受信] VM → BM;Depth:245.0
2025-07-11 06:28:55 [INFO] [転送] VM → BM : Depth:245.0
2025-07-11 06:28:55 [INFO] [受信] VM → BM;Depth:252.0
2025-07-11 06:28:55 [INFO] [転送] VM → BM : Depth:252.0
2025-07-11 06:28:55 [INFO] [受信] VM → BM;Depth:261.0
2025-07-11 06:28:55 [INFO] [転送] VM → BM : Depth:261.0
2025-07-11 06:28:55 [INFO] [受信] VM → BM;Depth:272.0
2025-07-11 06:28:55 [INFO] [転送] VM → BM : Depth:272.0
2025-07-11 06:28:55 [INFO] [受信] VM → BM;Depth:286.0
2025-07-11 06:28:55 [INFO] [転送] VM → BM : Depth:286.0
2025-07-11 06:28:55 [INFO] [受信] VM → BM;Depth:300.0
2025-07-11 06:28:55 [INFO] [転送] VM → BM : Depth:300.0
2025-07-11 06:28:55 [INFO] [受信] VM → BM;Depth:314.0
2025-07-11 06:28:55 [INFO] [転送] VM → BM : Depth:314.0
2025-07-11 06:28:55 [INFO] [受信] VM → BM;Depth:307.0
2025-07-11 06:28:55 [INFO] [転送] VM → BM : Depth:307.0
2025-07-11 06:28:56 [INFO] [受信] Cmd → BM;ID:1,Cond:1
2025-07-11 06:28:56 [INFO] [転送] Cmd → BM : ID:1,Cond:1
2025-07-11 06:28:56 [INFO] [受信] Cmd → VM;ID:1,Cond:1
2025-07-11 06:28:56 [INFO] [転送] Cmd → VM : ID:1,Cond:1
2025-07-11 06:28:56 [INFO] [受信] Cmd → VM;start_log_recording
2025-07-11 06:28:56 [INFO] [転送] Cmd → VM : start_log_recording
2025-07-11 06:28:57 [ERROR] [エラー] 受信中に例外発生：[WinError 10054] 既存の接続はリモート ホストに強制的に切断されました。
2025-07-11 06:28:57 [INFO] [切断] 127.0.0.1:49337 (VM) の接続を終了
2025-07-11 06:29:01 [INFO] [切断] 127.0.0.1:49335 (Cmd) の接続を終了
2025-07-11 06:29:02 [ERROR] [エラー] 受信中に例外発生：[WinError 10054] 既存の接続はリモート ホストに強制的に切断されました。
2025-07-11 06:29:02 [INFO] [切断] 127.0.0.1:49334 (BM) の接続を終了
