2025-07-11 06:30:28 [INFO] [起動] BlackBoardサーバが localhost:9000 で待機中...
2025-07-11 06:30:28 [INFO] [操作] ESCキーでサーバを終了できます
2025-07-11 06:30:31 [INFO] [接続] BM (127.0.0.1:49353) が接続しました
2025-07-11 06:30:31 [INFO] [接続] Cmd (127.0.0.1:49354) が接続しました
2025-07-11 06:30:33 [INFO] [接続] VM (127.0.0.1:49355) が接続しました
2025-07-11 06:30:38 [INFO] [受信] VM → BM;Depth:365.0
2025-07-11 06:30:38 [INFO] [転送] VM → BM : Depth:365.0
2025-07-11 06:30:38 [INFO] [受信] VM → BM;Depth:466.0
2025-07-11 06:30:38 [INFO] [転送] VM → BM : Depth:466.0
2025-07-11 06:30:38 [INFO] [受信] VM → BM;Depth:474.0
2025-07-11 06:30:38 [INFO] [転送] VM → BM : Depth:474.0
2025-07-11 06:30:38 [INFO] [受信] VM → BM;Depth:474.0
2025-07-11 06:30:38 [INFO] [転送] VM → BM : Depth:474.0
2025-07-11 06:30:38 [INFO] [受信] VM → BM;Depth:469.0
2025-07-11 06:30:38 [INFO] [転送] VM → BM : Depth:469.0
2025-07-11 06:30:38 [INFO] [受信] VM → BM;Depth:465.0
2025-07-11 06:30:38 [INFO] [転送] VM → BM : Depth:465.0
2025-07-11 06:30:38 [INFO] [受信] VM → BM;Depth:473.0
2025-07-11 06:30:39 [INFO] [転送] VM → BM : Depth:473.0
2025-07-11 06:30:39 [INFO] [受信] VM → BM;Depth:362.0
2025-07-11 06:30:39 [INFO] [転送] VM → BM : Depth:362.0
2025-07-11 06:30:39 [INFO] [受信] VM → BM;Depth:303.0
2025-07-11 06:30:39 [INFO] [転送] VM → BM : Depth:303.0
2025-07-11 06:30:39 [INFO] [受信] VM → BM;Depth:182.0
2025-07-11 06:30:39 [INFO] [転送] VM → BM : Depth:182.0
2025-07-11 06:30:39 [INFO] [受信] VM → BM;Depth:290.0
2025-07-11 06:30:39 [INFO] [転送] VM → BM : Depth:290.0
2025-07-11 06:30:39 [INFO] [受信] VM → BM;Depth:285.0
2025-07-11 06:30:39 [INFO] [転送] VM → BM : Depth:285.0
2025-07-11 06:30:39 [INFO] [受信] VM → BM;Depth:281.0
2025-07-11 06:30:39 [INFO] [転送] VM → BM : Depth:281.0
2025-07-11 06:30:39 [INFO] [受信] VM → BM;Depth:281.0
2025-07-11 06:30:39 [INFO] [転送] VM → BM : Depth:281.0
2025-07-11 06:30:39 [INFO] [受信] VM → BM;Depth:280.0
2025-07-11 06:30:39 [INFO] [転送] VM → BM : Depth:280.0
2025-07-11 06:30:39 [INFO] [受信] VM → BM;Depth:281.0
2025-07-11 06:30:39 [INFO] [転送] VM → BM : Depth:281.0
2025-07-11 06:30:39 [INFO] [受信] VM → BM;Depth:269.0
2025-07-11 06:30:39 [INFO] [転送] VM → BM : Depth:269.0
2025-07-11 06:30:39 [INFO] [受信] VM → BM;Depth:257.0
2025-07-11 06:30:39 [INFO] [転送] VM → BM : Depth:257.0
2025-07-11 06:30:39 [INFO] [受信] VM → BM;Depth:232.0
2025-07-11 06:30:39 [INFO] [転送] VM → BM : Depth:232.0
2025-07-11 06:30:39 [INFO] [受信] VM → BM;Depth:243.0
2025-07-11 06:30:39 [INFO] [転送] VM → BM : Depth:243.0
2025-07-11 06:30:40 [INFO] [受信] Cmd → BM;ID:1,Cond:1
2025-07-11 06:30:40 [INFO] [転送] Cmd → BM : ID:1,Cond:1
2025-07-11 06:30:40 [INFO] [受信] Cmd → VM;ID:1,Cond:1
2025-07-11 06:30:40 [INFO] [転送] Cmd → VM : ID:1,Cond:1
2025-07-11 06:30:40 [INFO] [受信] Cmd → VM;start_log_recording
2025-07-11 06:30:40 [INFO] [転送] Cmd → VM : start_log_recording
2025-07-11 06:30:43 [INFO] [受信] VM → BM;Depth:259.0
2025-07-11 06:30:43 [INFO] [転送] VM → BM : Depth:259.0
2025-07-11 06:30:43 [INFO] [受信] VM → BM;Depth:258.0
2025-07-11 06:30:43 [INFO] [転送] VM → BM : Depth:258.0
2025-07-11 06:30:43 [INFO] [受信] VM → BM;Depth:238.0
2025-07-11 06:30:43 [INFO] [転送] VM → BM : Depth:238.0
2025-07-11 06:30:43 [INFO] [受信] VM → BM;Depth:235.0
2025-07-11 06:30:43 [INFO] [転送] VM → BM : Depth:235.0
2025-07-11 06:30:43 [INFO] [受信] VM → BM;Depth:243.0
2025-07-11 06:30:43 [INFO] [転送] VM → BM : Depth:243.0
2025-07-11 06:30:43 [INFO] [受信] VM → BM;Depth:293.0
2025-07-11 06:30:43 [INFO] [転送] VM → BM : Depth:293.0
2025-07-11 06:30:43 [INFO] [受信] VM → BM;Depth:296.0
2025-07-11 06:30:43 [INFO] [転送] VM → BM : Depth:296.0
2025-07-11 06:30:43 [INFO] [受信] VM → BM;Depth:239.0
2025-07-11 06:30:43 [INFO] [転送] VM → BM : Depth:239.0
2025-07-11 06:30:43 [INFO] [受信] VM → BM;Depth:262.0
2025-07-11 06:30:43 [INFO] [転送] VM → BM : Depth:262.0
2025-07-11 06:30:43 [INFO] [受信] VM → BM;Depth:264.0
2025-07-11 06:30:43 [INFO] [転送] VM → BM : Depth:264.0
2025-07-11 06:30:43 [INFO] [受信] VM → BM;Depth:285.0
2025-07-11 06:30:43 [INFO] [転送] VM → BM : Depth:285.0
2025-07-11 06:30:43 [INFO] [受信] VM → BM;Depth:282.0
2025-07-11 06:30:43 [INFO] [転送] VM → BM : Depth:282.0
2025-07-11 06:30:44 [INFO] [受信] Cmd → BM;reset
2025-07-11 06:30:44 [INFO] [転送] Cmd → BM : reset
2025-07-11 06:30:44 [INFO] [受信] Cmd → VM;stop_log_recording
2025-07-11 06:30:44 [INFO] [転送] Cmd → VM : stop_log_recording
2025-07-11 06:30:46 [INFO] [受信] VM → BM;Depth:256.0
2025-07-11 06:30:46 [INFO] [転送] VM → BM : Depth:256.0
2025-07-11 06:30:46 [INFO] [受信] VM → BM;Depth:259.0
2025-07-11 06:30:46 [INFO] [転送] VM → BM : Depth:259.0
2025-07-11 06:30:46 [INFO] [受信] VM → BM;Depth:263.0
2025-07-11 06:30:46 [INFO] [転送] VM → BM : Depth:263.0
2025-07-11 06:30:46 [INFO] [受信] VM → BM;Depth:279.0
2025-07-11 06:30:46 [INFO] [転送] VM → BM : Depth:279.0
2025-07-11 06:30:46 [INFO] [受信] VM → BM;Depth:294.0
2025-07-11 06:30:46 [INFO] [転送] VM → BM : Depth:294.0
2025-07-11 06:30:46 [INFO] [受信] VM → BM;Depth:248.0
2025-07-11 06:30:46 [INFO] [転送] VM → BM : Depth:248.0
2025-07-11 06:30:47 [INFO] [受信] VM → BM;Depth:247.0
2025-07-11 06:30:47 [INFO] [転送] VM → BM : Depth:247.0
2025-07-11 06:30:47 [INFO] [受信] VM → BM;Depth:250.0
2025-07-11 06:30:47 [INFO] [転送] VM → BM : Depth:250.0
2025-07-11 06:30:47 [INFO] [受信] VM → BM;Depth:296.0
2025-07-11 06:30:47 [INFO] [転送] VM → BM : Depth:296.0
2025-07-11 06:30:47 [INFO] [受信] VM → BM;Depth:242.0
2025-07-11 06:30:47 [INFO] [転送] VM → BM : Depth:242.0
2025-07-11 06:30:47 [INFO] [受信] VM → BM;Depth:245.0
2025-07-11 06:30:47 [INFO] [転送] VM → BM : Depth:245.0
2025-07-11 06:30:47 [INFO] [受信] VM → BM;Depth:250.0
2025-07-11 06:30:47 [INFO] [転送] VM → BM : Depth:250.0
2025-07-11 06:30:47 [INFO] [受信] VM → BM;Depth:279.0
2025-07-11 06:30:47 [INFO] [転送] VM → BM : Depth:279.0
2025-07-11 06:30:47 [INFO] [受信] VM → BM;Depth:284.0
2025-07-11 06:30:47 [INFO] [転送] VM → BM : Depth:284.0
2025-07-11 06:30:47 [INFO] [受信] VM → BM;Depth:282.0
2025-07-11 06:30:47 [INFO] [転送] VM → BM : Depth:282.0
2025-07-11 06:30:47 [INFO] [受信] VM → BM;Depth:283.0
2025-07-11 06:30:47 [INFO] [転送] VM → BM : Depth:283.0
2025-07-11 06:30:47 [INFO] [受信] VM → BM;Depth:282.0
2025-07-11 06:30:47 [INFO] [転送] VM → BM : Depth:282.0
2025-07-11 06:30:47 [INFO] [受信] VM → BM;Depth:281.0
2025-07-11 06:30:47 [INFO] [転送] VM → BM : Depth:281.0
2025-07-11 06:30:48 [INFO] [受信] Cmd → BM;ID:1,Cond:1
2025-07-11 06:30:48 [INFO] [転送] Cmd → BM : ID:1,Cond:1
2025-07-11 06:30:48 [INFO] [受信] Cmd → VM;ID:1,Cond:1
2025-07-11 06:30:48 [INFO] [転送] Cmd → VM : ID:1,Cond:1
2025-07-11 06:30:48 [INFO] [受信] Cmd → VM;start_log_recording
2025-07-11 06:30:48 [INFO] [転送] Cmd → VM : start_log_recording
2025-07-11 06:30:48 [INFO] [受信] VM → BM;Depth:252.0
2025-07-11 06:30:49 [INFO] [転送] VM → BM : Depth:252.0
2025-07-11 06:30:49 [INFO] [受信] VM → BM;Depth:208.0
2025-07-11 06:30:49 [INFO] [転送] VM → BM : Depth:208.0
2025-07-11 06:30:49 [INFO] [受信] VM → BM;Depth:228.0
2025-07-11 06:30:49 [INFO] [転送] VM → BM : Depth:228.0
2025-07-11 06:30:49 [INFO] [受信] VM → BM;Depth:294.0
2025-07-11 06:30:49 [INFO] [転送] VM → BM : Depth:294.0
2025-07-11 06:30:49 [INFO] [受信] VM → BM;Depth:244.0
2025-07-11 06:30:49 [INFO] [転送] VM → BM : Depth:244.0
2025-07-11 06:30:49 [INFO] [受信] VM → BM;Depth:212.0
2025-07-11 06:30:49 [INFO] [転送] VM → BM : Depth:212.0
2025-07-11 06:30:49 [INFO] [受信] VM → BM;Depth:231.0
2025-07-11 06:30:49 [INFO] [転送] VM → BM : Depth:231.0
2025-07-11 06:30:49 [INFO] [受信] VM → BM;Depth:230.0
2025-07-11 06:30:49 [INFO] [転送] VM → BM : Depth:230.0
2025-07-11 06:30:49 [INFO] [受信] VM → BM;Depth:233.0
2025-07-11 06:30:49 [INFO] [転送] VM → BM : Depth:233.0
2025-07-11 06:30:49 [INFO] [受信] VM → BM;Depth:235.0
2025-07-11 06:30:49 [INFO] [転送] VM → BM : Depth:235.0
2025-07-11 06:30:49 [INFO] [受信] VM → BM;Depth:291.0
2025-07-11 06:30:49 [INFO] [転送] VM → BM : Depth:291.0
2025-07-11 06:30:49 [INFO] [受信] VM → BM;Depth:289.0
2025-07-11 06:30:49 [INFO] [転送] VM → BM : Depth:289.0
2025-07-11 06:30:49 [INFO] [受信] VM → BM;Depth:282.0
2025-07-11 06:30:49 [INFO] [転送] VM → BM : Depth:282.0
2025-07-11 06:30:49 [INFO] [受信] VM → BM;Depth:277.0
2025-07-11 06:30:49 [INFO] [転送] VM → BM : Depth:277.0
2025-07-11 06:30:49 [INFO] [受信] Cmd → BM;reset
2025-07-11 06:30:49 [INFO] [転送] Cmd → BM : reset
2025-07-11 06:30:49 [INFO] [受信] Cmd → VM;stop_log_recording
2025-07-11 06:30:49 [INFO] [転送] Cmd → VM : stop_log_recording
2025-07-11 06:31:44 [INFO] [受信] VM → BM;Depth:254.0
2025-07-11 06:31:44 [INFO] [転送] VM → BM : Depth:254.0
2025-07-11 06:31:44 [INFO] [受信] VM → BM;Depth:274.0
2025-07-11 06:31:44 [INFO] [転送] VM → BM : Depth:274.0
2025-07-11 06:31:45 [INFO] [受信] VM → BM;Depth:280.0
2025-07-11 06:31:45 [INFO] [転送] VM → BM : Depth:280.0
2025-07-11 06:31:45 [INFO] [受信] VM → BM;Depth:291.0
2025-07-11 06:31:45 [INFO] [転送] VM → BM : Depth:291.0
2025-07-11 06:31:45 [INFO] [受信] VM → BM;Depth:291.0
2025-07-11 06:31:45 [INFO] [転送] VM → BM : Depth:291.0
2025-07-11 06:31:45 [INFO] [受信] VM → BM;Depth:292.0
2025-07-11 06:31:45 [INFO] [転送] VM → BM : Depth:292.0
2025-07-11 06:31:45 [INFO] [受信] VM → BM;Depth:293.0
2025-07-11 06:31:45 [INFO] [転送] VM → BM : Depth:293.0
2025-07-11 06:31:45 [INFO] [受信] VM → BM;Depth:293.0
2025-07-11 06:31:45 [INFO] [転送] VM → BM : Depth:293.0
2025-07-11 06:31:45 [INFO] [受信] VM → BM;Depth:293.0
2025-07-11 06:31:45 [INFO] [転送] VM → BM : Depth:293.0
2025-07-11 06:31:45 [INFO] [受信] VM → BM;Depth:261.0
2025-07-11 06:31:45 [INFO] [転送] VM → BM : Depth:261.0
2025-07-11 06:31:46 [INFO] [受信] VM → BM;Depth:298.0
2025-07-11 06:31:46 [INFO] [転送] VM → BM : Depth:298.0
2025-07-11 06:31:46 [INFO] [受信] VM → BM;Depth:292.0
2025-07-11 06:31:46 [INFO] [転送] VM → BM : Depth:292.0
2025-07-11 06:31:46 [INFO] [受信] VM → BM;Depth:262.0
2025-07-11 06:31:46 [INFO] [転送] VM → BM : Depth:262.0
2025-07-11 06:31:46 [INFO] [受信] VM → BM;Depth:305.0
2025-07-11 06:31:46 [INFO] [転送] VM → BM : Depth:305.0
2025-07-11 06:31:46 [INFO] [受信] VM → BM;Depth:312.0
2025-07-11 06:31:46 [INFO] [転送] VM → BM : Depth:312.0
2025-07-11 06:31:46 [INFO] [受信] VM → BM;Depth:311.0
2025-07-11 06:31:46 [INFO] [転送] VM → BM : Depth:311.0
2025-07-11 06:31:46 [INFO] [受信] VM → BM;Depth:315.0
2025-07-11 06:31:46 [INFO] [転送] VM → BM : Depth:315.0
2025-07-11 06:31:46 [INFO] [受信] VM → BM;Depth:321.0
2025-07-11 06:31:46 [INFO] [転送] VM → BM : Depth:321.0
2025-07-11 06:31:46 [INFO] [受信] VM → BM;Depth:324.0
2025-07-11 06:31:46 [INFO] [転送] VM → BM : Depth:324.0
2025-07-11 06:31:46 [INFO] [受信] VM → BM;Depth:328.0
2025-07-11 06:31:46 [INFO] [転送] VM → BM : Depth:328.0
2025-07-11 06:31:46 [INFO] [受信] VM → BM;Depth:333.0
2025-07-11 06:31:46 [INFO] [転送] VM → BM : Depth:333.0
2025-07-11 06:31:46 [INFO] [受信] VM → BM;Depth:169.0
2025-07-11 06:31:46 [INFO] [転送] VM → BM : Depth:169.0
2025-07-11 06:31:47 [INFO] [受信] VM → BM;Depth:336.0
2025-07-11 06:31:47 [INFO] [転送] VM → BM : Depth:336.0
2025-07-11 06:31:47 [INFO] [受信] VM → BM;Depth:338.0
2025-07-11 06:31:47 [INFO] [転送] VM → BM : Depth:338.0
2025-07-11 06:31:47 [INFO] [受信] VM → BM;Depth:337.0
2025-07-11 06:31:47 [INFO] [転送] VM → BM : Depth:337.0
2025-07-11 06:31:47 [INFO] [受信] VM → BM;Depth:337.0
2025-07-11 06:31:47 [INFO] [転送] VM → BM : Depth:337.0
2025-07-11 06:31:47 [INFO] [受信] VM → BM;Depth:336.0
2025-07-11 06:31:47 [INFO] [転送] VM → BM : Depth:336.0
2025-07-11 06:31:47 [INFO] [受信] VM → BM;Depth:336.0
2025-07-11 06:31:47 [INFO] [転送] VM → BM : Depth:336.0
2025-07-11 06:31:47 [INFO] [受信] VM → BM;Depth:337.0
2025-07-11 06:31:47 [INFO] [転送] VM → BM : Depth:337.0
2025-07-11 06:31:47 [INFO] [受信] VM → BM;Depth:338.0
2025-07-11 06:31:47 [INFO] [転送] VM → BM : Depth:338.0
2025-07-11 06:31:47 [INFO] [受信] VM → BM;Depth:336.0
2025-07-11 06:31:47 [INFO] [転送] VM → BM : Depth:336.0
2025-07-11 06:31:47 [INFO] [受信] VM → BM;Depth:337.0
2025-07-11 06:31:47 [INFO] [転送] VM → BM : Depth:337.0
2025-07-11 06:31:47 [INFO] [受信] VM → BM;Depth:336.0
2025-07-11 06:31:47 [INFO] [転送] VM → BM : Depth:336.0
2025-07-11 06:31:47 [INFO] [受信] VM → BM;Depth:337.0
2025-07-11 06:31:47 [INFO] [転送] VM → BM : Depth:337.0
2025-07-11 06:31:47 [INFO] [受信] VM → BM;Depth:179.0
2025-07-11 06:31:47 [INFO] [転送] VM → BM : Depth:179.0
2025-07-11 06:31:47 [INFO] [受信] VM → BM;Depth:337.0
2025-07-11 06:31:47 [INFO] [転送] VM → BM : Depth:337.0
2025-07-11 06:31:47 [INFO] [受信] VM → BM;Depth:337.0
2025-07-11 06:31:47 [INFO] [転送] VM → BM : Depth:337.0
2025-07-11 06:31:47 [INFO] [受信] VM → BM;Depth:337.0
2025-07-11 06:31:47 [INFO] [転送] VM → BM : Depth:337.0
2025-07-11 06:31:47 [INFO] [受信] VM → BM;Depth:336.0
2025-07-11 06:31:47 [INFO] [転送] VM → BM : Depth:336.0
2025-07-11 06:31:47 [INFO] [受信] VM → BM;Depth:178.0
2025-07-11 06:31:47 [INFO] [転送] VM → BM : Depth:178.0
2025-07-11 06:31:48 [INFO] [受信] VM → BM;Depth:337.0
2025-07-11 06:31:48 [INFO] [転送] VM → BM : Depth:337.0
2025-07-11 06:31:48 [INFO] [受信] Cmd → BM;ID:1,Cond:2
2025-07-11 06:31:48 [INFO] [受信] VM → BM;Depth:337.0
2025-07-11 06:31:48 [INFO] [転送] Cmd → BM : ID:1,Cond:2
2025-07-11 06:31:48 [INFO] [転送] VM → BM : Depth:337.0
2025-07-11 06:31:48 [INFO] [受信] Cmd → VM;ID:1,Cond:2
2025-07-11 06:31:48 [INFO] [転送] Cmd → VM : ID:1,Cond:2
2025-07-11 06:31:48 [INFO] [受信] VM → BM;Depth:336.0
2025-07-11 06:31:48 [INFO] [受信] Cmd → VM;start_log_recording
2025-07-11 06:31:48 [INFO] [転送] VM → BM : Depth:336.0
2025-07-11 06:31:48 [INFO] [転送] Cmd → VM : start_log_recording
2025-07-11 06:31:48 [INFO] [受信] VM → BM;Depth:335.0
2025-07-11 06:31:48 [INFO] [転送] VM → BM : Depth:335.0
2025-07-11 06:31:48 [INFO] [受信] VM → BM;Depth:336.0
2025-07-11 06:31:48 [INFO] [転送] VM → BM : Depth:336.0
2025-07-11 06:31:48 [INFO] [受信] VM → BM;Depth:336.0
2025-07-11 06:31:48 [INFO] [転送] VM → BM : Depth:336.0
2025-07-11 06:31:48 [INFO] [受信] VM → BM;Depth:336.0
2025-07-11 06:31:48 [INFO] [転送] VM → BM : Depth:336.0
2025-07-11 06:31:48 [INFO] [受信] VM → BM;Depth:335.0
2025-07-11 06:31:48 [INFO] [転送] VM → BM : Depth:335.0
2025-07-11 06:31:48 [INFO] [受信] VM → BM;Depth:336.0
2025-07-11 06:31:48 [INFO] [転送] VM → BM : Depth:336.0
2025-07-11 06:31:48 [INFO] [受信] VM → BM;Depth:337.0
2025-07-11 06:31:48 [INFO] [転送] VM → BM : Depth:337.0
2025-07-11 06:31:48 [INFO] [受信] VM → BM;Depth:338.0
2025-07-11 06:31:48 [INFO] [転送] VM → BM : Depth:338.0
2025-07-11 06:31:48 [INFO] [受信] VM → BM;Depth:335.0
2025-07-11 06:31:48 [INFO] [転送] VM → BM : Depth:335.0
2025-07-11 06:31:48 [INFO] [受信] VM → BM;Depth:337.0
2025-07-11 06:31:48 [INFO] [転送] VM → BM : Depth:337.0
2025-07-11 06:31:48 [INFO] [受信] VM → BM;Depth:336.0
2025-07-11 06:31:48 [INFO] [転送] VM → BM : Depth:336.0
2025-07-11 06:31:48 [INFO] [受信] VM → BM;Depth:336.0
2025-07-11 06:31:48 [INFO] [転送] VM → BM : Depth:336.0
2025-07-11 06:31:48 [INFO] [受信] VM → BM;Depth:335.0
2025-07-11 06:31:48 [INFO] [転送] VM → BM : Depth:335.0
2025-07-11 06:31:48 [INFO] [受信] VM → BM;Depth:337.0
2025-07-11 06:31:48 [INFO] [転送] VM → BM : Depth:337.0
2025-07-11 06:31:48 [INFO] [受信] VM → BM;Depth:335.0
2025-07-11 06:31:48 [INFO] [転送] VM → BM : Depth:335.0
2025-07-11 06:31:49 [INFO] [受信] VM → BM;Depth:336.0
2025-07-11 06:31:49 [INFO] [転送] VM → BM : Depth:336.0
2025-07-11 06:31:49 [INFO] [受信] VM → BM;Depth:336.0
2025-07-11 06:31:49 [INFO] [転送] VM → BM : Depth:336.0
2025-07-11 06:31:49 [INFO] [受信] VM → BM;Depth:335.0
2025-07-11 06:31:49 [INFO] [転送] VM → BM : Depth:335.0
2025-07-11 06:31:49 [INFO] [受信] VM → BM;Depth:335.0
2025-07-11 06:31:49 [INFO] [転送] VM → BM : Depth:335.0
2025-07-11 06:31:49 [INFO] [受信] VM → BM;Depth:336.0
2025-07-11 06:31:49 [INFO] [転送] VM → BM : Depth:336.0
2025-07-11 06:31:49 [INFO] [受信] VM → BM;Depth:335.0
2025-07-11 06:31:49 [INFO] [転送] VM → BM : Depth:335.0
2025-07-11 06:31:49 [INFO] [受信] VM → BM;Depth:335.0
2025-07-11 06:31:49 [INFO] [転送] VM → BM : Depth:335.0
2025-07-11 06:31:49 [INFO] [受信] VM → BM;Depth:336.0
2025-07-11 06:31:49 [INFO] [転送] VM → BM : Depth:336.0
2025-07-11 06:31:49 [INFO] [受信] VM → BM;Depth:335.0
2025-07-11 06:31:49 [INFO] [転送] VM → BM : Depth:335.0
2025-07-11 06:31:49 [INFO] [受信] VM → BM;Depth:335.0
2025-07-11 06:31:49 [INFO] [転送] VM → BM : Depth:335.0
2025-07-11 06:31:49 [INFO] [受信] VM → BM;Depth:335.0
2025-07-11 06:31:49 [INFO] [転送] VM → BM : Depth:335.0
2025-07-11 06:31:49 [INFO] [受信] VM → BM;Depth:334.0
2025-07-11 06:31:49 [INFO] [転送] VM → BM : Depth:334.0
2025-07-11 06:31:49 [INFO] [受信] VM → BM;Depth:334.0
2025-07-11 06:31:49 [INFO] [転送] VM → BM : Depth:334.0
2025-07-11 06:31:49 [INFO] [受信] VM → BM;Depth:335.0
2025-07-11 06:31:49 [INFO] [転送] VM → BM : Depth:335.0
2025-07-11 06:31:49 [INFO] [受信] VM → BM;Depth:335.0
2025-07-11 06:31:49 [INFO] [転送] VM → BM : Depth:335.0
2025-07-11 06:31:49 [INFO] [受信] VM → BM;Depth:335.0
2025-07-11 06:31:49 [INFO] [転送] VM → BM : Depth:335.0
2025-07-11 06:31:49 [INFO] [受信] VM → BM;Depth:335.0
2025-07-11 06:31:49 [INFO] [転送] VM → BM : Depth:335.0
2025-07-11 06:31:50 [INFO] [受信] VM → BM;Depth:335.0
2025-07-11 06:31:50 [INFO] [転送] VM → BM : Depth:335.0
2025-07-11 06:31:50 [INFO] [受信] VM → BM;Depth:335.0
2025-07-11 06:31:50 [INFO] [転送] VM → BM : Depth:335.0
2025-07-11 06:31:50 [INFO] [受信] VM → BM;Depth:335.0
2025-07-11 06:31:50 [INFO] [転送] VM → BM : Depth:335.0
2025-07-11 06:31:50 [INFO] [受信] VM → BM;Depth:334.0
2025-07-11 06:31:50 [INFO] [転送] VM → BM : Depth:334.0
2025-07-11 06:31:50 [INFO] [受信] VM → BM;Depth:336.0
2025-07-11 06:31:50 [INFO] [転送] VM → BM : Depth:336.0
2025-07-11 06:31:50 [INFO] [受信] VM → BM;Depth:335.0
2025-07-11 06:31:50 [INFO] [転送] VM → BM : Depth:335.0
2025-07-11 06:31:50 [INFO] [受信] VM → BM;Depth:337.0
2025-07-11 06:31:50 [INFO] [転送] VM → BM : Depth:337.0
2025-07-11 06:31:50 [INFO] [受信] VM → BM;Depth:339.0
2025-07-11 06:31:50 [INFO] [転送] VM → BM : Depth:339.0
2025-07-11 06:31:50 [INFO] [受信] VM → BM;Depth:344.0
2025-07-11 06:31:50 [INFO] [転送] VM → BM : Depth:344.0
2025-07-11 06:31:50 [INFO] [受信] VM → BM;Depth:344.0
2025-07-11 06:31:50 [INFO] [転送] VM → BM : Depth:344.0
2025-07-11 06:31:50 [INFO] [受信] VM → BM;Depth:342.0
2025-07-11 06:31:50 [INFO] [転送] VM → BM : Depth:342.0
2025-07-11 06:31:50 [INFO] [受信] VM → BM;Depth:301.0
2025-07-11 06:31:50 [INFO] [転送] VM → BM : Depth:301.0
2025-07-11 06:31:50 [INFO] [受信] VM → BM;Depth:306.0
2025-07-11 06:31:50 [INFO] [転送] VM → BM : Depth:306.0
2025-07-11 06:31:50 [INFO] [受信] VM → BM;Depth:318.0
2025-07-11 06:31:50 [INFO] [転送] VM → BM : Depth:318.0
2025-07-11 06:31:50 [INFO] [受信] VM → BM;Depth:323.0
2025-07-11 06:31:50 [INFO] [転送] VM → BM : Depth:323.0
2025-07-11 06:31:50 [INFO] [受信] VM → BM;Depth:332.0
2025-07-11 06:31:50 [INFO] [転送] VM → BM : Depth:332.0
2025-07-11 06:31:50 [INFO] [受信] VM → BM;Depth:335.0
2025-07-11 06:31:50 [INFO] [転送] VM → BM : Depth:335.0
2025-07-11 06:31:50 [INFO] [受信] VM → BM;Depth:334.0
2025-07-11 06:31:50 [INFO] [転送] VM → BM : Depth:334.0
2025-07-11 06:31:51 [INFO] [受信] VM → BM;Depth:333.0
2025-07-11 06:31:51 [INFO] [転送] VM → BM : Depth:333.0
2025-07-11 06:31:51 [INFO] [受信] VM → BM;Depth:334.0
2025-07-11 06:31:51 [INFO] [転送] VM → BM : Depth:334.0
2025-07-11 06:31:51 [INFO] [受信] VM → BM;Depth:334.0
2025-07-11 06:31:51 [INFO] [転送] VM → BM : Depth:334.0
2025-07-11 06:31:51 [INFO] [受信] VM → BM;Depth:334.0
2025-07-11 06:31:51 [INFO] [転送] VM → BM : Depth:334.0
2025-07-11 06:31:51 [INFO] [受信] VM → BM;Depth:334.0
2025-07-11 06:31:51 [INFO] [転送] VM → BM : Depth:334.0
2025-07-11 06:31:51 [INFO] [受信] VM → BM;Depth:334.0
2025-07-11 06:31:51 [INFO] [転送] VM → BM : Depth:334.0
2025-07-11 06:31:51 [INFO] [受信] VM → BM;Depth:335.0
2025-07-11 06:31:51 [INFO] [転送] VM → BM : Depth:335.0
2025-07-11 06:31:51 [INFO] [受信] VM → BM;Depth:334.0
2025-07-11 06:31:51 [INFO] [転送] VM → BM : Depth:334.0
2025-07-11 06:31:51 [INFO] [受信] VM → BM;Depth:334.0
2025-07-11 06:31:51 [INFO] [転送] VM → BM : Depth:334.0
2025-07-11 06:31:51 [INFO] [受信] VM → BM;Depth:333.0
2025-07-11 06:31:51 [INFO] [転送] VM → BM : Depth:333.0
2025-07-11 06:31:51 [INFO] [受信] VM → BM;Depth:333.0
2025-07-11 06:31:51 [INFO] [転送] VM → BM : Depth:333.0
2025-07-11 06:31:51 [INFO] [受信] VM → BM;Depth:335.0
2025-07-11 06:31:51 [INFO] [転送] VM → BM : Depth:335.0
2025-07-11 06:31:51 [INFO] [受信] VM → BM;Depth:328.0
2025-07-11 06:31:51 [INFO] [転送] VM → BM : Depth:328.0
2025-07-11 06:31:51 [INFO] [受信] VM → BM;Depth:325.0
2025-07-11 06:31:51 [INFO] [転送] VM → BM : Depth:325.0
2025-07-11 06:31:51 [INFO] [受信] VM → BM;Depth:325.0
2025-07-11 06:31:51 [INFO] [転送] VM → BM : Depth:325.0
2025-07-11 06:31:51 [INFO] [受信] VM → BM;Depth:329.0
2025-07-11 06:31:51 [INFO] [転送] VM → BM : Depth:329.0
2025-07-11 06:31:51 [INFO] [受信] VM → BM;Depth:324.0
2025-07-11 06:31:51 [INFO] [転送] VM → BM : Depth:324.0
2025-07-11 06:31:51 [INFO] [受信] VM → BM;Depth:325.0
2025-07-11 06:31:51 [INFO] [転送] VM → BM : Depth:325.0
2025-07-11 06:31:52 [INFO] [受信] VM → BM;Depth:324.0
2025-07-11 06:31:52 [INFO] [転送] VM → BM : Depth:324.0
2025-07-11 06:31:52 [INFO] [受信] VM → BM;Depth:326.0
2025-07-11 06:31:52 [INFO] [転送] VM → BM : Depth:326.0
2025-07-11 06:31:52 [INFO] [受信] VM → BM;Depth:325.0
2025-07-11 06:31:52 [INFO] [転送] VM → BM : Depth:325.0
2025-07-11 06:31:52 [INFO] [受信] VM → BM;Depth:323.0
2025-07-11 06:31:52 [INFO] [転送] VM → BM : Depth:323.0
2025-07-11 06:31:52 [INFO] [受信] VM → BM;Depth:321.0
2025-07-11 06:31:52 [INFO] [転送] VM → BM : Depth:321.0
2025-07-11 06:31:52 [INFO] [受信] VM → BM;Depth:320.0
2025-07-11 06:31:52 [INFO] [転送] VM → BM : Depth:320.0
2025-07-11 06:31:52 [INFO] [受信] VM → BM;Depth:321.0
2025-07-11 06:31:52 [INFO] [転送] VM → BM : Depth:321.0
2025-07-11 06:31:52 [INFO] [受信] VM → BM;Depth:321.0
2025-07-11 06:31:52 [INFO] [転送] VM → BM : Depth:321.0
2025-07-11 06:31:52 [INFO] [受信] VM → BM;Depth:321.0
2025-07-11 06:31:52 [INFO] [転送] VM → BM : Depth:321.0
2025-07-11 06:31:52 [INFO] [受信] VM → BM;Depth:321.0
2025-07-11 06:31:52 [INFO] [転送] VM → BM : Depth:321.0
2025-07-11 06:31:52 [INFO] [受信] VM → BM;Depth:321.0
2025-07-11 06:31:52 [INFO] [転送] VM → BM : Depth:321.0
2025-07-11 06:31:52 [INFO] [受信] VM → BM;Depth:322.0
2025-07-11 06:31:52 [INFO] [転送] VM → BM : Depth:322.0
2025-07-11 06:31:52 [INFO] [受信] VM → BM;Depth:322.0
2025-07-11 06:31:52 [INFO] [転送] VM → BM : Depth:322.0
2025-07-11 06:31:52 [INFO] [受信] VM → BM;Depth:321.0
2025-07-11 06:31:52 [INFO] [転送] VM → BM : Depth:321.0
2025-07-11 06:31:52 [INFO] [受信] VM → BM;Depth:321.0
2025-07-11 06:31:52 [INFO] [転送] VM → BM : Depth:321.0
2025-07-11 06:31:52 [INFO] [受信] VM → BM;Depth:321.0
2025-07-11 06:31:52 [INFO] [転送] VM → BM : Depth:321.0
2025-07-11 06:31:52 [INFO] [受信] VM → BM;Depth:322.0
2025-07-11 06:31:52 [INFO] [転送] VM → BM : Depth:322.0
2025-07-11 06:31:52 [INFO] [受信] VM → BM;Depth:322.0
2025-07-11 06:31:52 [INFO] [転送] VM → BM : Depth:322.0
2025-07-11 06:31:52 [INFO] [受信] VM → BM;Depth:322.0
2025-07-11 06:31:53 [INFO] [転送] VM → BM : Depth:322.0
2025-07-11 06:31:53 [INFO] [受信] VM → BM;Depth:323.0
2025-07-11 06:31:53 [INFO] [転送] VM → BM : Depth:323.0
2025-07-11 06:31:53 [INFO] [受信] VM → BM;Depth:323.0
2025-07-11 06:31:53 [INFO] [転送] VM → BM : Depth:323.0
2025-07-11 06:31:53 [INFO] [受信] VM → BM;Depth:323.0
2025-07-11 06:31:53 [INFO] [転送] VM → BM : Depth:323.0
2025-07-11 06:31:53 [INFO] [受信] VM → BM;Depth:323.0
2025-07-11 06:31:53 [INFO] [転送] VM → BM : Depth:323.0
2025-07-11 06:31:53 [INFO] [受信] VM → BM;Depth:323.0
2025-07-11 06:31:53 [INFO] [転送] VM → BM : Depth:323.0
2025-07-11 06:31:53 [INFO] [受信] VM → BM;Depth:324.0
2025-07-11 06:31:53 [INFO] [転送] VM → BM : Depth:324.0
2025-07-11 06:31:53 [INFO] [受信] VM → BM;Depth:324.0
2025-07-11 06:31:53 [INFO] [転送] VM → BM : Depth:324.0
2025-07-11 06:31:53 [INFO] [受信] VM → BM;Depth:323.0
2025-07-11 06:31:53 [INFO] [転送] VM → BM : Depth:323.0
2025-07-11 06:31:53 [INFO] [受信] VM → BM;Depth:324.0
2025-07-11 06:31:53 [INFO] [転送] VM → BM : Depth:324.0
2025-07-11 06:31:53 [INFO] [受信] VM → BM;Depth:323.0
2025-07-11 06:31:53 [INFO] [転送] VM → BM : Depth:323.0
2025-07-11 06:31:53 [INFO] [受信] VM → BM;Depth:324.0
2025-07-11 06:31:53 [INFO] [転送] VM → BM : Depth:324.0
2025-07-11 06:31:53 [INFO] [受信] VM → BM;Depth:324.0
2025-07-11 06:31:53 [INFO] [転送] VM → BM : Depth:324.0
2025-07-11 06:31:53 [INFO] [受信] VM → BM;Depth:323.0
2025-07-11 06:31:53 [INFO] [転送] VM → BM : Depth:323.0
2025-07-11 06:31:53 [INFO] [受信] VM → BM;Depth:324.0
2025-07-11 06:31:53 [INFO] [転送] VM → BM : Depth:324.0
2025-07-11 06:31:53 [INFO] [受信] VM → BM;Depth:324.0
2025-07-11 06:31:53 [INFO] [転送] VM → BM : Depth:324.0
2025-07-11 06:31:53 [INFO] [受信] VM → BM;Depth:323.0
2025-07-11 06:31:53 [INFO] [転送] VM → BM : Depth:323.0
2025-07-11 06:31:53 [INFO] [受信] VM → BM;Depth:323.0
2025-07-11 06:31:53 [INFO] [転送] VM → BM : Depth:323.0
2025-07-11 06:31:54 [INFO] [受信] VM → BM;Depth:323.0
2025-07-11 06:31:54 [INFO] [転送] VM → BM : Depth:323.0
2025-07-11 06:31:54 [INFO] [受信] VM → BM;Depth:323.0
2025-07-11 06:31:54 [INFO] [転送] VM → BM : Depth:323.0
2025-07-11 06:31:54 [INFO] [受信] VM → BM;Depth:323.0
2025-07-11 06:31:54 [INFO] [転送] VM → BM : Depth:323.0
2025-07-11 06:31:54 [INFO] [受信] VM → BM;Depth:323.0
2025-07-11 06:31:54 [INFO] [転送] VM → BM : Depth:323.0
2025-07-11 06:31:54 [INFO] [受信] VM → BM;Depth:320.0
2025-07-11 06:31:54 [INFO] [転送] VM → BM : Depth:320.0
2025-07-11 06:31:54 [INFO] [受信] VM → BM;Depth:323.0
2025-07-11 06:31:54 [INFO] [転送] VM → BM : Depth:323.0
2025-07-11 06:31:54 [INFO] [受信] VM → BM;Depth:322.0
2025-07-11 06:31:54 [INFO] [転送] VM → BM : Depth:322.0
2025-07-11 06:31:54 [INFO] [受信] VM → BM;Depth:322.0
2025-07-11 06:31:54 [INFO] [転送] VM → BM : Depth:322.0
2025-07-11 06:31:54 [INFO] [受信] VM → BM;Depth:324.0
2025-07-11 06:31:54 [INFO] [転送] VM → BM : Depth:324.0
2025-07-11 06:31:54 [INFO] [受信] VM → BM;Depth:323.0
2025-07-11 06:31:54 [INFO] [転送] VM → BM : Depth:323.0
2025-07-11 06:31:54 [INFO] [受信] VM → BM;Depth:324.0
2025-07-11 06:31:54 [INFO] [転送] VM → BM : Depth:324.0
2025-07-11 06:31:54 [INFO] [受信] VM → BM;Depth:324.0
2025-07-11 06:31:54 [INFO] [転送] VM → BM : Depth:324.0
2025-07-11 06:31:54 [INFO] [受信] VM → BM;Depth:324.0
2025-07-11 06:31:54 [INFO] [転送] VM → BM : Depth:324.0
2025-07-11 06:31:54 [INFO] [受信] VM → BM;Depth:324.0
2025-07-11 06:31:54 [INFO] [転送] VM → BM : Depth:324.0
2025-07-11 06:31:54 [INFO] [受信] VM → BM;Depth:323.0
2025-07-11 06:31:54 [INFO] [転送] VM → BM : Depth:323.0
2025-07-11 06:31:54 [INFO] [受信] VM → BM;Depth:324.0
2025-07-11 06:31:54 [INFO] [転送] VM → BM : Depth:324.0
2025-07-11 06:31:54 [INFO] [受信] VM → BM;Depth:159.0
2025-07-11 06:31:54 [INFO] [転送] VM → BM : Depth:159.0
2025-07-11 06:31:54 [INFO] [受信] VM → BM;Depth:324.0
2025-07-11 06:31:54 [INFO] [転送] VM → BM : Depth:324.0
2025-07-11 06:31:55 [INFO] [受信] VM → BM;Depth:324.0
2025-07-11 06:31:55 [INFO] [転送] VM → BM : Depth:324.0
2025-07-11 06:31:55 [INFO] [受信] VM → BM;Depth:324.0
2025-07-11 06:31:55 [INFO] [転送] VM → BM : Depth:324.0
2025-07-11 06:31:55 [INFO] [受信] VM → BM;Depth:323.0
2025-07-11 06:31:55 [INFO] [転送] VM → BM : Depth:323.0
2025-07-11 06:31:55 [INFO] [受信] VM → BM;Depth:322.0
2025-07-11 06:31:55 [INFO] [転送] VM → BM : Depth:322.0
2025-07-11 06:31:55 [INFO] [受信] VM → BM;Depth:322.0
2025-07-11 06:31:55 [INFO] [転送] VM → BM : Depth:322.0
2025-07-11 06:31:55 [INFO] [受信] VM → BM;Depth:325.0
2025-07-11 06:31:55 [INFO] [転送] VM → BM : Depth:325.0
2025-07-11 06:31:55 [INFO] [受信] VM → BM;Depth:327.0
2025-07-11 06:31:55 [INFO] [転送] VM → BM : Depth:327.0
2025-07-11 06:31:55 [INFO] [受信] VM → BM;Depth:167.0
2025-07-11 06:31:55 [INFO] [転送] VM → BM : Depth:167.0
2025-07-11 06:31:55 [INFO] [受信] VM → BM;Depth:274.0
2025-07-11 06:31:55 [INFO] [転送] VM → BM : Depth:274.0
2025-07-11 06:31:55 [INFO] [受信] VM → BM;Depth:334.0
2025-07-11 06:31:55 [INFO] [転送] VM → BM : Depth:334.0
2025-07-11 06:31:55 [INFO] [受信] VM → BM;Depth:331.0
2025-07-11 06:31:55 [INFO] [転送] VM → BM : Depth:331.0
2025-07-11 06:31:55 [INFO] [受信] VM → BM;Depth:336.0
2025-07-11 06:31:55 [INFO] [転送] VM → BM : Depth:336.0
2025-07-11 06:31:55 [INFO] [受信] VM → BM;Depth:337.0
2025-07-11 06:31:55 [INFO] [転送] VM → BM : Depth:337.0
2025-07-11 06:31:55 [INFO] [受信] VM → BM;Depth:334.0
2025-07-11 06:31:55 [INFO] [転送] VM → BM : Depth:334.0
2025-07-11 06:31:55 [INFO] [受信] VM → BM;Depth:334.0
2025-07-11 06:31:55 [INFO] [転送] VM → BM : Depth:334.0
2025-07-11 06:31:55 [INFO] [受信] VM → BM;Depth:335.0
2025-07-11 06:31:55 [INFO] [転送] VM → BM : Depth:335.0
2025-07-11 06:31:55 [INFO] [受信] VM → BM;Depth:334.0
2025-07-11 06:31:55 [INFO] [転送] VM → BM : Depth:334.0
2025-07-11 06:31:56 [INFO] [受信] VM → BM;Depth:358.0
2025-07-11 06:31:56 [INFO] [転送] VM → BM : Depth:358.0
2025-07-11 06:31:56 [INFO] [受信] VM → BM;Depth:333.0
2025-07-11 06:31:56 [INFO] [転送] VM → BM : Depth:333.0
2025-07-11 06:31:56 [INFO] [受信] VM → BM;Depth:335.0
2025-07-11 06:31:56 [INFO] [転送] VM → BM : Depth:335.0
2025-07-11 06:31:56 [INFO] [受信] VM → BM;Depth:335.0
2025-07-11 06:31:56 [INFO] [転送] VM → BM : Depth:335.0
2025-07-11 06:31:56 [INFO] [受信] VM → BM;Depth:334.0
2025-07-11 06:31:56 [INFO] [転送] VM → BM : Depth:334.0
2025-07-11 06:31:56 [INFO] [受信] VM → BM;Depth:334.0
2025-07-11 06:31:56 [INFO] [転送] VM → BM : Depth:334.0
2025-07-11 06:31:56 [INFO] [受信] VM → BM;Depth:330.0
2025-07-11 06:31:56 [INFO] [転送] VM → BM : Depth:330.0
2025-07-11 06:31:56 [INFO] [受信] VM → BM;Depth:331.0
2025-07-11 06:31:56 [INFO] [転送] VM → BM : Depth:331.0
2025-07-11 06:31:56 [INFO] [受信] VM → BM;Depth:331.0
2025-07-11 06:31:56 [INFO] [転送] VM → BM : Depth:331.0
2025-07-11 06:31:56 [INFO] [受信] VM → BM;Depth:361.0
2025-07-11 06:31:56 [INFO] [転送] VM → BM : Depth:361.0
2025-07-11 06:31:56 [INFO] [受信] VM → BM;Depth:268.0
2025-07-11 06:31:56 [INFO] [転送] VM → BM : Depth:268.0
2025-07-11 06:31:56 [INFO] [受信] VM → BM;Depth:274.0
2025-07-11 06:31:56 [INFO] [転送] VM → BM : Depth:274.0
2025-07-11 06:31:56 [INFO] [受信] VM → BM;Depth:273.0
2025-07-11 06:31:56 [INFO] [転送] VM → BM : Depth:273.0
2025-07-11 06:31:56 [INFO] [受信] VM → BM;Depth:272.0
2025-07-11 06:31:56 [INFO] [転送] VM → BM : Depth:272.0
2025-07-11 06:31:56 [INFO] [受信] VM → BM;Depth:352.0
2025-07-11 06:31:56 [INFO] [転送] VM → BM : Depth:352.0
2025-07-11 06:31:56 [INFO] [受信] VM → BM;Depth:352.0
2025-07-11 06:31:56 [INFO] [転送] VM → BM : Depth:352.0
2025-07-11 06:31:56 [INFO] [受信] VM → BM;Depth:270.0
2025-07-11 06:31:56 [INFO] [転送] VM → BM : Depth:270.0
2025-07-11 06:31:56 [INFO] [受信] VM → BM;Depth:270.0
2025-07-11 06:31:56 [INFO] [転送] VM → BM : Depth:270.0
2025-07-11 06:31:56 [INFO] [受信] VM → BM;Depth:269.0
2025-07-11 06:31:56 [INFO] [転送] VM → BM : Depth:269.0
2025-07-11 06:31:57 [INFO] [受信] VM → BM;Depth:268.0
2025-07-11 06:31:57 [INFO] [転送] VM → BM : Depth:268.0
2025-07-11 06:31:57 [INFO] [受信] VM → BM;Depth:354.0
2025-07-11 06:31:57 [INFO] [転送] VM → BM : Depth:354.0
2025-07-11 06:31:57 [INFO] [受信] VM → BM;Depth:353.0
2025-07-11 06:31:57 [INFO] [転送] VM → BM : Depth:353.0
2025-07-11 06:31:57 [INFO] [受信] VM → BM;Depth:352.0
2025-07-11 06:31:57 [INFO] [転送] VM → BM : Depth:352.0
2025-07-11 06:31:57 [INFO] [受信] VM → BM;Depth:265.0
2025-07-11 06:31:57 [INFO] [転送] VM → BM : Depth:265.0
2025-07-11 06:31:57 [INFO] [受信] VM → BM;Depth:349.0
2025-07-11 06:31:57 [INFO] [転送] VM → BM : Depth:349.0
2025-07-11 06:31:57 [INFO] [受信] VM → BM;Depth:265.0
2025-07-11 06:31:57 [INFO] [転送] VM → BM : Depth:265.0
2025-07-11 06:31:57 [INFO] [受信] VM → BM;Depth:350.0
2025-07-11 06:31:57 [INFO] [転送] VM → BM : Depth:350.0
2025-07-11 06:31:57 [INFO] [受信] VM → BM;Depth:264.0
2025-07-11 06:31:57 [INFO] [転送] VM → BM : Depth:264.0
2025-07-11 06:31:57 [INFO] [受信] VM → BM;Depth:349.0
2025-07-11 06:31:57 [INFO] [転送] VM → BM : Depth:349.0
2025-07-11 06:31:57 [INFO] [受信] VM → BM;Depth:349.0
2025-07-11 06:31:57 [INFO] [転送] VM → BM : Depth:349.0
2025-07-11 06:31:57 [INFO] [受信] VM → BM;Depth:293.0
2025-07-11 06:31:57 [INFO] [転送] VM → BM : Depth:293.0
2025-07-11 06:31:57 [INFO] [受信] VM → BM;Depth:321.0
2025-07-11 06:31:57 [INFO] [転送] VM → BM : Depth:321.0
2025-07-11 06:31:57 [INFO] [受信] VM → BM;Depth:324.0
2025-07-11 06:31:57 [INFO] [転送] VM → BM : Depth:324.0
2025-07-11 06:31:57 [INFO] [受信] VM → BM;Depth:326.0
2025-07-11 06:31:57 [INFO] [転送] VM → BM : Depth:326.0
2025-07-11 06:31:57 [INFO] [受信] VM → BM;Depth:324.0
2025-07-11 06:31:57 [INFO] [転送] VM → BM : Depth:324.0
2025-07-11 06:31:57 [INFO] [受信] VM → BM;Depth:323.0
2025-07-11 06:31:57 [INFO] [転送] VM → BM : Depth:323.0
2025-07-11 06:31:57 [INFO] [受信] VM → BM;Depth:323.0
2025-07-11 06:31:57 [INFO] [転送] VM → BM : Depth:323.0
2025-07-11 06:31:57 [INFO] [受信] VM → BM;Depth:159.0
2025-07-11 06:31:58 [INFO] [転送] VM → BM : Depth:159.0
2025-07-11 06:31:58 [INFO] [受信] VM → BM;Depth:324.0
2025-07-11 06:31:58 [INFO] [転送] VM → BM : Depth:324.0
2025-07-11 06:31:58 [INFO] [受信] VM → BM;Depth:322.0
2025-07-11 06:31:58 [INFO] [転送] VM → BM : Depth:322.0
2025-07-11 06:31:58 [INFO] [受信] VM → BM;Depth:322.0
2025-07-11 06:31:58 [INFO] [転送] VM → BM : Depth:322.0
2025-07-11 06:31:58 [INFO] [受信] VM → BM;Depth:174.0
2025-07-11 06:31:58 [INFO] [転送] VM → BM : Depth:174.0
2025-07-11 06:31:58 [INFO] [受信] VM → BM;Depth:323.0
2025-07-11 06:31:58 [INFO] [転送] VM → BM : Depth:323.0
2025-07-11 06:31:58 [INFO] [受信] Cmd → BM;reset
2025-07-11 06:31:58 [INFO] [転送] Cmd → BM : reset
2025-07-11 06:31:58 [INFO] [受信] VM → BM;Depth:324.0
2025-07-11 06:31:58 [INFO] [受信] Cmd → VM;stop_log_recording
2025-07-11 06:31:58 [INFO] [転送] VM → BM : Depth:324.0
2025-07-11 06:31:58 [INFO] [転送] Cmd → VM : stop_log_recording
2025-07-11 06:31:58 [INFO] [受信] VM → BM;Depth:323.0
2025-07-11 06:31:58 [INFO] [転送] VM → BM : Depth:323.0
2025-07-11 06:31:58 [INFO] [受信] VM → BM;Depth:323.0
2025-07-11 06:31:58 [INFO] [転送] VM → BM : Depth:323.0
2025-07-11 06:31:58 [INFO] [受信] VM → BM;Depth:322.0
2025-07-11 06:31:58 [INFO] [転送] VM → BM : Depth:322.0
2025-07-11 06:31:58 [INFO] [受信] VM → BM;Depth:322.0
2025-07-11 06:31:58 [INFO] [転送] VM → BM : Depth:322.0
2025-07-11 06:31:58 [INFO] [受信] VM → BM;Depth:323.0
2025-07-11 06:31:58 [INFO] [転送] VM → BM : Depth:323.0
2025-07-11 06:31:58 [INFO] [受信] VM → BM;Depth:323.0
2025-07-11 06:31:58 [INFO] [転送] VM → BM : Depth:323.0
2025-07-11 06:31:58 [INFO] [受信] VM → BM;Depth:322.0
2025-07-11 06:31:58 [INFO] [転送] VM → BM : Depth:322.0
2025-07-11 06:31:58 [INFO] [受信] VM → BM;Depth:322.0
2025-07-11 06:31:58 [INFO] [転送] VM → BM : Depth:322.0
2025-07-11 06:31:58 [INFO] [受信] VM → BM;Depth:322.0
2025-07-11 06:31:58 [INFO] [転送] VM → BM : Depth:322.0
2025-07-11 06:31:58 [INFO] [受信] VM → BM;Depth:319.0
2025-07-11 06:31:58 [INFO] [転送] VM → BM : Depth:319.0
2025-07-11 06:31:58 [INFO] [受信] VM → BM;Depth:320.0
2025-07-11 06:31:58 [INFO] [転送] VM → BM : Depth:320.0
2025-07-11 06:31:58 [INFO] [受信] VM → BM;Depth:322.0
2025-07-11 06:31:58 [INFO] [転送] VM → BM : Depth:322.0
2025-07-11 06:31:58 [INFO] [受信] VM → BM;Depth:322.0
2025-07-11 06:31:59 [INFO] [転送] VM → BM : Depth:322.0
2025-07-11 06:31:59 [INFO] [受信] VM → BM;Depth:322.0
2025-07-11 06:31:59 [INFO] [転送] VM → BM : Depth:322.0
2025-07-11 06:31:59 [INFO] [受信] VM → BM;Depth:321.0
2025-07-11 06:31:59 [INFO] [転送] VM → BM : Depth:321.0
2025-07-11 06:31:59 [INFO] [受信] VM → BM;Depth:320.0
2025-07-11 06:31:59 [INFO] [転送] VM → BM : Depth:320.0
2025-07-11 06:31:59 [INFO] [受信] VM → BM;Depth:321.0
2025-07-11 06:31:59 [INFO] [転送] VM → BM : Depth:321.0
2025-07-11 06:31:59 [INFO] [受信] VM → BM;Depth:320.0
2025-07-11 06:31:59 [INFO] [転送] VM → BM : Depth:320.0
2025-07-11 06:31:59 [INFO] [受信] VM → BM;Depth:320.0
2025-07-11 06:31:59 [INFO] [転送] VM → BM : Depth:320.0
2025-07-11 06:31:59 [INFO] [受信] VM → BM;Depth:320.0
2025-07-11 06:31:59 [INFO] [転送] VM → BM : Depth:320.0
2025-07-11 06:31:59 [INFO] [受信] VM → BM;Depth:319.0
2025-07-11 06:31:59 [INFO] [転送] VM → BM : Depth:319.0
2025-07-11 06:31:59 [INFO] [受信] VM → BM;Depth:319.0
2025-07-11 06:31:59 [INFO] [転送] VM → BM : Depth:319.0
2025-07-11 06:31:59 [INFO] [受信] Cmd → BM;reset
2025-07-11 06:31:59 [INFO] [受信] VM → BM;Depth:319.0
2025-07-11 06:31:59 [INFO] [転送] Cmd → BM : reset
2025-07-11 06:31:59 [INFO] [転送] VM → BM : Depth:319.0
2025-07-11 06:31:59 [INFO] [受信] Cmd → VM;stop_log_recording
2025-07-11 06:31:59 [INFO] [受信] VM → BM;Depth:320.0
2025-07-11 06:31:59 [INFO] [転送] Cmd → VM : stop_log_recording
2025-07-11 06:31:59 [INFO] [転送] VM → BM : Depth:320.0
2025-07-11 06:31:59 [INFO] [受信] VM → BM;Depth:320.0
2025-07-11 06:31:59 [INFO] [転送] VM → BM : Depth:320.0
2025-07-11 06:31:59 [INFO] [受信] VM → BM;Depth:319.0
2025-07-11 06:31:59 [INFO] [転送] VM → BM : Depth:319.0
2025-07-11 06:31:59 [INFO] [受信] VM → BM;Depth:320.0
2025-07-11 06:31:59 [INFO] [転送] VM → BM : Depth:320.0
2025-07-11 06:31:59 [INFO] [受信] VM → BM;Depth:319.0
2025-07-11 06:31:59 [INFO] [転送] VM → BM : Depth:319.0
2025-07-11 06:31:59 [INFO] [受信] VM → BM;Depth:319.0
2025-07-11 06:31:59 [INFO] [転送] VM → BM : Depth:319.0
2025-07-11 06:31:59 [INFO] [受信] VM → BM;Depth:319.0
2025-07-11 06:31:59 [INFO] [転送] VM → BM : Depth:319.0
2025-07-11 06:31:59 [INFO] [受信] VM → BM;Depth:317.0
2025-07-11 06:31:59 [INFO] [転送] VM → BM : Depth:317.0
2025-07-11 06:31:59 [INFO] [受信] VM → BM;Depth:318.0
2025-07-11 06:31:59 [INFO] [転送] VM → BM : Depth:318.0
2025-07-11 06:31:59 [INFO] [受信] VM → BM;Depth:317.0
2025-07-11 06:32:00 [INFO] [転送] VM → BM : Depth:317.0
2025-07-11 06:32:00 [INFO] [受信] VM → BM;Depth:306.0
2025-07-11 06:32:00 [INFO] [転送] VM → BM : Depth:306.0
2025-07-11 06:32:00 [INFO] [受信] VM → BM;Depth:300.0
2025-07-11 06:32:00 [INFO] [転送] VM → BM : Depth:300.0
2025-07-11 06:32:00 [INFO] [受信] VM → BM;Depth:292.0
2025-07-11 06:32:00 [INFO] [転送] VM → BM : Depth:292.0
2025-07-11 06:32:00 [INFO] [受信] VM → BM;Depth:290.0
2025-07-11 06:32:00 [INFO] [転送] VM → BM : Depth:290.0
2025-07-11 06:32:00 [INFO] [受信] VM → BM;Depth:279.0
2025-07-11 06:32:00 [INFO] [転送] VM → BM : Depth:279.0
2025-07-11 06:32:00 [INFO] [受信] VM → BM;Depth:268.0
2025-07-11 06:32:00 [INFO] [転送] VM → BM : Depth:268.0
2025-07-11 06:32:00 [INFO] [受信] VM → BM;Depth:248.0
2025-07-11 06:32:00 [INFO] [転送] VM → BM : Depth:248.0
2025-07-11 06:32:00 [INFO] [受信] VM → BM;Depth:222.0
2025-07-11 06:32:00 [INFO] [転送] VM → BM : Depth:222.0
2025-07-11 06:32:00 [INFO] [受信] VM → BM;Depth:207.0
2025-07-11 06:32:00 [INFO] [転送] VM → BM : Depth:207.0
2025-07-11 06:32:00 [INFO] [受信] VM → BM;Depth:192.0
2025-07-11 06:32:00 [INFO] [転送] VM → BM : Depth:192.0
2025-07-11 06:37:34 [INFO] [切断] 127.0.0.1:49354 (Cmd) の接続を終了
2025-07-11 06:37:35 [ERROR] [エラー] 受信中に例外発生：[WinError 10054] 既存の接続はリモート ホストに強制的に切断されました。
2025-07-11 06:37:35 [INFO] [切断] 127.0.0.1:49353 (BM) の接続を終了
