2025-07-11 06:27:11 [INFO] [起動] BlackBoardサーバが localhost:9000 で待機中...
2025-07-11 06:27:11 [INFO] [操作] ESCキーでサーバを終了できます
2025-07-11 06:27:15 [INFO] [接続] BM (127.0.0.1:49323) が接続しました
2025-07-11 06:27:16 [INFO] [接続] Cmd (127.0.0.1:49324) が接続しました
2025-07-11 06:27:17 [INFO] [接続] VM (127.0.0.1:49325) が接続しました
2025-07-11 06:27:18 [INFO] [受信] VM → BM;Depth:223.0
2025-07-11 06:27:18 [INFO] [転送] VM → BM : Depth:223.0
2025-07-11 06:27:19 [INFO] [受信] VM → BM;Depth:268.0
2025-07-11 06:27:19 [INFO] [転送] VM → BM : Depth:268.0
2025-07-11 06:27:19 [INFO] [受信] VM → BM;Depth:267.0
2025-07-11 06:27:19 [INFO] [転送] VM → BM : Depth:267.0
2025-07-11 06:27:19 [INFO] [受信] VM → BM;Depth:268.0
2025-07-11 06:27:19 [INFO] [転送] VM → BM : Depth:268.0
2025-07-11 06:27:19 [INFO] [受信] VM → BM;Depth:270.0
2025-07-11 06:27:19 [INFO] [転送] VM → BM : Depth:270.0
2025-07-11 06:27:19 [INFO] [受信] VM → BM;Depth:270.0
2025-07-11 06:27:19 [INFO] [転送] VM → BM : Depth:270.0
2025-07-11 06:27:19 [INFO] [受信] VM → BM;Depth:268.0
2025-07-11 06:27:19 [INFO] [転送] VM → BM : Depth:268.0
2025-07-11 06:27:19 [INFO] [受信] VM → BM;Depth:257.0
2025-07-11 06:27:19 [INFO] [転送] VM → BM : Depth:257.0
2025-07-11 06:27:19 [INFO] [受信] VM → BM;Depth:239.0
2025-07-11 06:27:19 [INFO] [転送] VM → BM : Depth:239.0
2025-07-11 06:27:19 [INFO] [受信] VM → BM;Depth:231.0
2025-07-11 06:27:19 [INFO] [転送] VM → BM : Depth:231.0
2025-07-11 06:27:19 [INFO] [受信] VM → BM;Depth:254.0
2025-07-11 06:27:19 [INFO] [転送] VM → BM : Depth:254.0
2025-07-11 06:27:19 [INFO] [受信] VM → BM;Depth:253.0
2025-07-11 06:27:19 [INFO] [転送] VM → BM : Depth:253.0
2025-07-11 06:27:19 [INFO] [受信] VM → BM;Depth:264.0
2025-07-11 06:27:19 [INFO] [転送] VM → BM : Depth:264.0
2025-07-11 06:27:19 [INFO] [受信] VM → BM;Depth:261.0
2025-07-11 06:27:19 [INFO] [転送] VM → BM : Depth:261.0
2025-07-11 06:27:19 [INFO] [受信] VM → BM;Depth:244.0
2025-07-11 06:27:19 [INFO] [転送] VM → BM : Depth:244.0
2025-07-11 06:27:19 [INFO] [受信] VM → BM;Depth:214.0
2025-07-11 06:27:19 [INFO] [転送] VM → BM : Depth:214.0
2025-07-11 06:27:19 [INFO] [受信] VM → BM;Depth:194.0
2025-07-11 06:27:19 [INFO] [転送] VM → BM : Depth:194.0
2025-07-11 06:27:20 [INFO] [受信] VM → BM;Depth:242.0
2025-07-11 06:27:20 [INFO] [転送] VM → BM : Depth:242.0
2025-07-11 06:27:20 [INFO] [受信] VM → BM;Depth:246.0
2025-07-11 06:27:20 [INFO] [転送] VM → BM : Depth:246.0
2025-07-11 06:27:20 [INFO] [受信] Cmd → BM;ID:1,Cond:1
2025-07-11 06:27:20 [INFO] [転送] Cmd → BM : ID:1,Cond:1
2025-07-11 06:27:20 [INFO] [受信] Cmd → VM;ID:1,Cond:1
2025-07-11 06:27:20 [INFO] [転送] Cmd → VM : ID:1,Cond:1
2025-07-11 06:27:20 [INFO] [受信] Cmd → VM;start_log_recording
2025-07-11 06:27:20 [INFO] [転送] Cmd → VM : start_log_recording
2025-07-11 06:28:32 [INFO] [受信] Cmd → BM;reset
2025-07-11 06:28:32 [INFO] [転送] Cmd → BM : reset
2025-07-11 06:28:32 [INFO] [受信] Cmd → VM;stop_log_recording
2025-07-11 06:28:32 [INFO] [転送] Cmd → VM : stop_log_recording
2025-07-11 06:28:35 [INFO] [受信] Cmd → BM;ID:1,Cond:1
2025-07-11 06:28:35 [INFO] [転送] Cmd → BM : ID:1,Cond:1
2025-07-11 06:28:35 [INFO] [受信] Cmd → VM;ID:1,Cond:1
2025-07-11 06:28:35 [INFO] [転送] Cmd → VM : ID:1,Cond:1
2025-07-11 06:28:35 [INFO] [受信] Cmd → VM;start_log_recording
2025-07-11 06:28:35 [INFO] [転送] Cmd → VM : start_log_recording
2025-07-11 06:28:35 [INFO] [受信] Cmd → BM;reset
2025-07-11 06:28:35 [INFO] [転送] Cmd → BM : reset
2025-07-11 06:28:35 [INFO] [受信] Cmd → VM;stop_log_recording
2025-07-11 06:28:35 [INFO] [転送] Cmd → VM : stop_log_recording
2025-07-11 06:28:36 [INFO] [切断] 127.0.0.1:49324 (Cmd) の接続を終了
2025-07-11 06:28:37 [ERROR] [エラー] 受信中に例外発生：[WinError 10054] 既存の接続はリモート ホストに強制的に切断されました。
2025-07-11 06:28:37 [INFO] [切断] 127.0.0.1:49323 (BM) の接続を終了
2025-07-11 06:28:38 [ERROR] [エラー] 受信中に例外発生：[WinError 10054] 既存の接続はリモート ホストに強制的に切断されました。
2025-07-11 06:28:38 [INFO] [切断] 127.0.0.1:49325 (VM) の接続を終了
