2025-07-11 05:23:14 [INFO] [起動] BlackBoardサーバが localhost:9000 で待機中...
2025-07-11 05:23:14 [INFO] [操作] ESCキーでサーバを終了できます
2025-07-11 05:23:16 [INFO] [接続] BM (127.0.0.1:65325) が接続しました
2025-07-11 05:23:17 [INFO] [接続] Cmd (127.0.0.1:65326) が接続しました
2025-07-11 05:23:18 [INFO] [接続] VM (127.0.0.1:65327) が接続しました
2025-07-11 05:23:21 [INFO] [受信] VM → BM;Depth:281.0
2025-07-11 05:23:21 [INFO] [転送] VM → BM : Depth:281.0
2025-07-11 05:23:21 [INFO] [受信] VM → BM;Depth:289.0
2025-07-11 05:23:21 [INFO] [転送] VM → BM : Depth:289.0
2025-07-11 05:23:21 [INFO] [受信] VM → BM;Depth:313.0
2025-07-11 05:23:21 [INFO] [転送] VM → BM : Depth:313.0
2025-07-11 05:23:21 [INFO] [受信] VM → BM;Depth:308.0
2025-07-11 05:23:21 [INFO] [転送] VM → BM : Depth:308.0
2025-07-11 05:23:21 [INFO] [受信] VM → BM;Depth:308.0
2025-07-11 05:23:21 [INFO] [転送] VM → BM : Depth:308.0
2025-07-11 05:23:21 [INFO] [受信] VM → BM;Depth:311.0
2025-07-11 05:23:21 [INFO] [転送] VM → BM : Depth:311.0
2025-07-11 05:23:21 [INFO] [受信] VM → BM;Depth:2529.0
2025-07-11 05:23:21 [INFO] [転送] VM → BM : Depth:2529.0
2025-07-11 05:23:21 [INFO] [受信] VM → BM;Depth:2469.0
2025-07-11 05:23:21 [INFO] [転送] VM → BM : Depth:2469.0
2025-07-11 05:23:21 [INFO] [受信] VM → BM;Depth:2440.0
2025-07-11 05:23:21 [INFO] [転送] VM → BM : Depth:2440.0
2025-07-11 05:23:21 [INFO] [受信] VM → BM;Depth:2347.0
2025-07-11 05:23:21 [INFO] [転送] VM → BM : Depth:2347.0
2025-07-11 05:23:21 [INFO] [受信] VM → BM;Depth:2244.0
2025-07-11 05:23:21 [INFO] [転送] VM → BM : Depth:2244.0
2025-07-11 05:23:21 [INFO] [受信] VM → BM;Depth:317.0
2025-07-11 05:23:21 [INFO] [転送] VM → BM : Depth:317.0
2025-07-11 05:23:21 [INFO] [受信] VM → BM;Depth:321.0
2025-07-11 05:23:21 [INFO] [転送] VM → BM : Depth:321.0
2025-07-11 05:23:21 [INFO] [受信] VM → BM;Depth:317.0
2025-07-11 05:23:21 [INFO] [転送] VM → BM : Depth:317.0
2025-07-11 05:23:22 [INFO] [受信] VM → BM;Depth:273.0
2025-07-11 05:23:22 [INFO] [転送] VM → BM : Depth:273.0
2025-07-11 05:23:22 [INFO] [受信] VM → BM;Depth:286.0
2025-07-11 05:23:22 [INFO] [転送] VM → BM : Depth:286.0
2025-07-11 05:23:22 [INFO] [受信] VM → BM;Depth:253.0
2025-07-11 05:23:22 [INFO] [転送] VM → BM : Depth:253.0
2025-07-11 05:23:22 [INFO] [受信] VM → BM;Depth:243.0
2025-07-11 05:23:22 [INFO] [転送] VM → BM : Depth:243.0
2025-07-11 05:23:22 [INFO] [受信] VM → BM;Depth:236.0
2025-07-11 05:23:22 [INFO] [転送] VM → BM : Depth:236.0
2025-07-11 05:23:22 [INFO] [受信] VM → BM;Depth:230.0
2025-07-11 05:23:22 [INFO] [転送] VM → BM : Depth:230.0
2025-07-11 05:23:22 [INFO] [受信] VM → BM;Depth:214.0
2025-07-11 05:23:22 [INFO] [転送] VM → BM : Depth:214.0
2025-07-11 05:23:22 [INFO] [受信] VM → BM;Depth:209.0
2025-07-11 05:23:22 [INFO] [転送] VM → BM : Depth:209.0
2025-07-11 05:23:22 [INFO] [受信] VM → BM;Depth:203.0
2025-07-11 05:23:22 [INFO] [転送] VM → BM : Depth:203.0
2025-07-11 05:23:22 [INFO] [受信] VM → BM;Depth:237.0
2025-07-11 05:23:22 [INFO] [転送] VM → BM : Depth:237.0
2025-07-11 05:23:22 [INFO] [受信] VM → BM;Depth:231.0
2025-07-11 05:23:22 [INFO] [転送] VM → BM : Depth:231.0
2025-07-11 05:23:22 [INFO] [受信] VM → BM;Depth:199.0
2025-07-11 05:23:22 [INFO] [転送] VM → BM : Depth:199.0
2025-07-11 05:23:22 [INFO] [受信] VM → BM;Depth:189.0
2025-07-11 05:23:22 [INFO] [転送] VM → BM : Depth:189.0
2025-07-11 05:23:22 [INFO] [受信] VM → BM;Depth:179.0
2025-07-11 05:23:22 [INFO] [転送] VM → BM : Depth:179.0
2025-07-11 05:23:22 [INFO] [受信] VM → BM;Depth:167.0
2025-07-11 05:23:22 [INFO] [転送] VM → BM : Depth:167.0
2025-07-11 05:23:22 [INFO] [受信] VM → BM;Depth:158.0
2025-07-11 05:23:22 [INFO] [転送] VM → BM : Depth:158.0
2025-07-11 05:23:22 [INFO] [受信] VM → BM;Depth:190.0
2025-07-11 05:23:22 [INFO] [転送] VM → BM : Depth:190.0
2025-07-11 05:23:22 [INFO] [受信] VM → BM;Depth:189.0
2025-07-11 05:23:22 [INFO] [転送] VM → BM : Depth:189.0
2025-07-11 05:23:22 [INFO] [受信] VM → BM;Depth:194.0
2025-07-11 05:23:22 [INFO] [転送] VM → BM : Depth:194.0
2025-07-11 05:23:26 [INFO] [受信] Cmd → BM;ID:1,Cond:1
2025-07-11 05:23:26 [INFO] [転送] Cmd → BM : ID:1,Cond:1
2025-07-11 05:23:26 [INFO] [受信] Cmd → VM;start_log_recording
2025-07-11 05:23:26 [INFO] [転送] Cmd → VM : start_log_recording
2025-07-11 05:23:27 [INFO] [受信] VM → BM;Depth:194.0
2025-07-11 05:23:27 [INFO] [転送] VM → BM : Depth:194.0
2025-07-11 05:23:27 [INFO] [受信] VM → BM;Depth:165.0
2025-07-11 05:23:27 [INFO] [転送] VM → BM : Depth:165.0
2025-07-11 05:23:27 [INFO] [受信] VM → BM;Depth:324.0
2025-07-11 05:23:27 [INFO] [転送] VM → BM : Depth:324.0
2025-07-11 05:23:27 [INFO] [受信] VM → BM;Depth:362.0
2025-07-11 05:23:27 [INFO] [転送] VM → BM : Depth:362.0
2025-07-11 05:23:27 [INFO] [受信] VM → BM;Depth:373.0
2025-07-11 05:23:27 [INFO] [転送] VM → BM : Depth:373.0
2025-07-11 05:23:27 [INFO] [受信] VM → BM;Depth:374.0
2025-07-11 05:23:27 [INFO] [転送] VM → BM : Depth:374.0
2025-07-11 05:23:27 [INFO] [受信] VM → BM;Depth:2099.0
2025-07-11 05:23:27 [INFO] [転送] VM → BM : Depth:2099.0
2025-07-11 05:23:27 [INFO] [受信] VM → BM;Depth:1978.0
2025-07-11 05:23:27 [INFO] [転送] VM → BM : Depth:1978.0
2025-07-11 05:23:27 [INFO] [受信] VM → BM;Depth:370.0
2025-07-11 05:23:27 [INFO] [転送] VM → BM : Depth:370.0
2025-07-11 05:23:27 [INFO] [受信] VM → BM;Depth:364.0
2025-07-11 05:23:27 [INFO] [転送] VM → BM : Depth:364.0
2025-07-11 05:23:27 [INFO] [受信] VM → BM;Depth:361.0
2025-07-11 05:23:27 [INFO] [転送] VM → BM : Depth:361.0
2025-07-11 05:23:27 [INFO] [受信] VM → BM;Depth:353.0
2025-07-11 05:23:27 [INFO] [転送] VM → BM : Depth:353.0
2025-07-11 05:23:27 [INFO] [受信] VM → BM;Depth:349.0
2025-07-11 05:23:27 [INFO] [転送] VM → BM : Depth:349.0
2025-07-11 05:23:28 [INFO] [受信] VM → BM;Depth:2189.0
2025-07-11 05:23:28 [INFO] [転送] VM → BM : Depth:2189.0
2025-07-11 05:23:28 [INFO] [受信] VM → BM;Depth:2143.0
2025-07-11 05:23:28 [INFO] [転送] VM → BM : Depth:2143.0
2025-07-11 05:23:28 [INFO] [受信] VM → BM;Depth:2004.0
2025-07-11 05:23:28 [INFO] [転送] VM → BM : Depth:2004.0
2025-07-11 05:23:28 [INFO] [受信] VM → BM;Depth:1941.0
2025-07-11 05:23:28 [INFO] [転送] VM → BM : Depth:1941.0
2025-07-11 05:23:28 [INFO] [受信] VM → BM;Depth:293.0
2025-07-11 05:23:28 [INFO] [転送] VM → BM : Depth:293.0
2025-07-11 05:23:28 [INFO] [受信] VM → BM;Depth:292.0
2025-07-11 05:23:28 [INFO] [転送] VM → BM : Depth:292.0
2025-07-11 05:23:28 [INFO] [受信] VM → BM;Depth:272.0
2025-07-11 05:23:28 [INFO] [転送] VM → BM : Depth:272.0
2025-07-11 05:23:28 [INFO] [受信] VM → BM;Depth:244.0
2025-07-11 05:23:28 [INFO] [転送] VM → BM : Depth:244.0
2025-07-11 05:23:28 [INFO] [受信] VM → BM;Depth:203.0
2025-07-11 05:23:28 [INFO] [転送] VM → BM : Depth:203.0
2025-07-11 05:23:28 [INFO] [受信] VM → BM;Depth:196.0
2025-07-11 05:23:28 [INFO] [転送] VM → BM : Depth:196.0
2025-07-11 05:23:28 [INFO] [受信] VM → BM;Depth:208.0
2025-07-11 05:23:28 [INFO] [転送] VM → BM : Depth:208.0
2025-07-11 05:23:28 [INFO] [受信] Cmd → BM;reset
2025-07-11 05:23:28 [INFO] [転送] Cmd → BM : reset
2025-07-11 05:23:28 [INFO] [受信] Cmd → VM;stop_log_recording
2025-07-11 05:23:28 [INFO] [転送] Cmd → VM : stop_log_recording
2025-07-11 05:24:29 [INFO] [受信] Cmd → BM;ID:1,Cond:1
2025-07-11 05:24:29 [INFO] [転送] Cmd → BM : ID:1,Cond:1
2025-07-11 05:24:29 [INFO] [受信] Cmd → VM;start_log_recording
2025-07-11 05:24:29 [INFO] [転送] Cmd → VM : start_log_recording
2025-07-11 05:24:30 [INFO] [受信] VM → BM;Depth:2189.0
2025-07-11 05:24:30 [INFO] [転送] VM → BM : Depth:2189.0
2025-07-11 05:24:30 [INFO] [受信] VM → BM;Depth:287.0
2025-07-11 05:24:30 [INFO] [転送] VM → BM : Depth:287.0
2025-07-11 05:24:30 [INFO] [受信] VM → BM;Depth:289.0
2025-07-11 05:24:30 [INFO] [転送] VM → BM : Depth:289.0
2025-07-11 05:24:30 [INFO] [受信] VM → BM;Depth:290.0
2025-07-11 05:24:30 [INFO] [転送] VM → BM : Depth:290.0
2025-07-11 05:24:30 [INFO] [受信] VM → BM;Depth:330.0
2025-07-11 05:24:30 [INFO] [転送] VM → BM : Depth:330.0
2025-07-11 05:24:31 [INFO] [受信] VM → BM;Depth:292.0
2025-07-11 05:24:31 [INFO] [転送] VM → BM : Depth:292.0
2025-07-11 05:24:31 [INFO] [受信] VM → BM;Depth:319.0
2025-07-11 05:24:31 [INFO] [転送] VM → BM : Depth:319.0
2025-07-11 05:24:31 [INFO] [受信] VM → BM;Depth:315.0
2025-07-11 05:24:31 [INFO] [転送] VM → BM : Depth:315.0
2025-07-11 05:24:31 [INFO] [受信] VM → BM;Depth:294.0
2025-07-11 05:24:31 [INFO] [転送] VM → BM : Depth:294.0
2025-07-11 05:24:31 [INFO] [受信] VM → BM;Depth:290.0
2025-07-11 05:24:31 [INFO] [転送] VM → BM : Depth:290.0
2025-07-11 05:24:31 [INFO] [受信] VM → BM;Depth:279.0
2025-07-11 05:24:31 [INFO] [転送] VM → BM : Depth:279.0
2025-07-11 05:24:31 [INFO] [受信] VM → BM;Depth:260.0
2025-07-11 05:24:31 [INFO] [転送] VM → BM : Depth:260.0
2025-07-11 05:24:31 [INFO] [受信] VM → BM;Depth:249.0
2025-07-11 05:24:31 [INFO] [転送] VM → BM : Depth:249.0
2025-07-11 05:24:31 [INFO] [受信] VM → BM;Depth:234.0
2025-07-11 05:24:31 [INFO] [転送] VM → BM : Depth:234.0
2025-07-11 05:24:31 [INFO] [受信] VM → BM;Depth:206.0
2025-07-11 05:24:31 [INFO] [転送] VM → BM : Depth:206.0
2025-07-11 05:24:31 [INFO] [受信] VM → BM;Depth:193.0
2025-07-11 05:24:31 [INFO] [転送] VM → BM : Depth:193.0
2025-07-11 05:24:31 [INFO] [受信] Cmd → BM;reset
2025-07-11 05:24:31 [INFO] [転送] Cmd → BM : reset
2025-07-11 05:24:31 [INFO] [受信] Cmd → VM;stop_log_recording
2025-07-11 05:24:31 [INFO] [転送] Cmd → VM : stop_log_recording
2025-07-11 05:26:08 [INFO] [受信] Cmd → BM;ID:1,Cond:1
2025-07-11 05:26:08 [INFO] [転送] Cmd → BM : ID:1,Cond:1
2025-07-11 05:26:08 [INFO] [受信] Cmd → VM;start_log_recording
2025-07-11 05:26:08 [INFO] [転送] Cmd → VM : start_log_recording
2025-07-11 05:26:10 [INFO] [受信] Cmd → BM;reset
2025-07-11 05:26:10 [INFO] [転送] Cmd → BM : reset
2025-07-11 05:26:10 [INFO] [受信] Cmd → VM;stop_log_recording
2025-07-11 05:26:10 [INFO] [転送] Cmd → VM : stop_log_recording
2025-07-11 05:26:11 [INFO] [受信] Cmd → BM;ID:1,Cond:1
2025-07-11 05:26:11 [INFO] [転送] Cmd → BM : ID:1,Cond:1
2025-07-11 05:26:11 [INFO] [受信] Cmd → VM;start_log_recording
2025-07-11 05:26:11 [INFO] [転送] Cmd → VM : start_log_recording
2025-07-11 05:26:11 [INFO] [受信] Cmd → BM;reset
2025-07-11 05:26:12 [INFO] [転送] Cmd → BM : reset
2025-07-11 05:26:12 [INFO] [受信] Cmd → VM;stop_log_recording
2025-07-11 05:26:12 [INFO] [転送] Cmd → VM : stop_log_recording
2025-07-11 05:26:35 [INFO] [受信] Cmd → BM;ID:1,Cond:1
2025-07-11 05:26:35 [INFO] [転送] Cmd → BM : ID:1,Cond:1
2025-07-11 05:26:35 [INFO] [受信] Cmd → VM;start_log_recording
2025-07-11 05:26:35 [INFO] [転送] Cmd → VM : start_log_recording
2025-07-11 05:26:36 [INFO] [受信] Cmd → BM;reset
2025-07-11 05:26:36 [INFO] [転送] Cmd → BM : reset
2025-07-11 05:26:36 [INFO] [受信] Cmd → VM;stop_log_recording
2025-07-11 05:26:36 [INFO] [転送] Cmd → VM : stop_log_recording
2025-07-11 05:28:09 [INFO] [受信] Cmd → BM;ID:1,Cond:1
2025-07-11 05:28:09 [INFO] [転送] Cmd → BM : ID:1,Cond:1
2025-07-11 05:28:09 [INFO] [受信] Cmd → VM;start_log_recording
2025-07-11 05:28:09 [INFO] [転送] Cmd → VM : start_log_recording
2025-07-11 05:28:10 [INFO] [受信] Cmd → BM;reset
2025-07-11 05:28:10 [INFO] [転送] Cmd → BM : reset
2025-07-11 05:28:10 [INFO] [受信] Cmd → VM;stop_log_recording
2025-07-11 05:28:10 [INFO] [転送] Cmd → VM : stop_log_recording
2025-07-11 05:28:11 [INFO] [受信] Cmd → BM;ID:1,Cond:1
2025-07-11 05:28:11 [INFO] [転送] Cmd → BM : ID:1,Cond:1
2025-07-11 05:28:11 [INFO] [受信] Cmd → VM;start_log_recording
2025-07-11 05:28:11 [INFO] [転送] Cmd → VM : start_log_recording
2025-07-11 05:28:12 [INFO] [受信] Cmd → BM;reset
2025-07-11 05:28:12 [INFO] [転送] Cmd → BM : reset
2025-07-11 05:28:12 [INFO] [受信] Cmd → VM;stop_log_recording
2025-07-11 05:28:13 [INFO] [転送] Cmd → VM : stop_log_recording
2025-07-11 05:28:13 [INFO] [受信] Cmd → BM;reset
2025-07-11 05:28:13 [INFO] [転送] Cmd → BM : reset
2025-07-11 05:28:13 [INFO] [受信] Cmd → VM;stop_log_recording
2025-07-11 05:28:13 [INFO] [転送] Cmd → VM : stop_log_recording
2025-07-11 05:28:14 [INFO] [受信] Cmd → BM;ID:1,Cond:1
2025-07-11 05:28:14 [INFO] [転送] Cmd → BM : ID:1,Cond:1
2025-07-11 05:28:14 [INFO] [受信] Cmd → VM;start_log_recording
2025-07-11 05:28:14 [INFO] [転送] Cmd → VM : start_log_recording
2025-07-11 05:28:16 [INFO] [受信] Cmd → BM;reset
2025-07-11 05:28:16 [INFO] [転送] Cmd → BM : reset
2025-07-11 05:28:16 [INFO] [受信] Cmd → VM;stop_log_recording
2025-07-11 05:28:16 [INFO] [転送] Cmd → VM : stop_log_recording
2025-07-11 05:28:16 [INFO] [受信] Cmd → BM;ID:1,Cond:1
2025-07-11 05:28:16 [INFO] [転送] Cmd → BM : ID:1,Cond:1
2025-07-11 05:28:16 [INFO] [受信] Cmd → VM;start_log_recording
2025-07-11 05:28:16 [INFO] [転送] Cmd → VM : start_log_recording
2025-07-11 05:28:38 [INFO] [受信] Cmd → BM;reset
2025-07-11 05:28:38 [INFO] [転送] Cmd → BM : reset
2025-07-11 05:28:38 [INFO] [受信] Cmd → VM;stop_log_recording
2025-07-11 05:28:38 [INFO] [転送] Cmd → VM : stop_log_recording
2025-07-11 05:28:38 [INFO] [受信] Cmd → BM;ID:1,Cond:1
2025-07-11 05:28:38 [INFO] [転送] Cmd → BM : ID:1,Cond:1
2025-07-11 05:28:39 [INFO] [受信] Cmd → VM;start_log_recording
2025-07-11 05:28:39 [INFO] [転送] Cmd → VM : start_log_recording
2025-07-11 05:28:39 [INFO] [受信] Cmd → BM;reset
2025-07-11 05:28:39 [INFO] [転送] Cmd → BM : reset
2025-07-11 05:28:39 [INFO] [受信] Cmd → VM;stop_log_recording
2025-07-11 05:28:39 [INFO] [転送] Cmd → VM : stop_log_recording
2025-07-11 05:32:16 [INFO] [受信] Cmd → BM;ID:1,Cond:1
2025-07-11 05:32:16 [INFO] [転送] Cmd → BM : ID:1,Cond:1
2025-07-11 05:32:16 [INFO] [受信] Cmd → VM;start_log_recording
2025-07-11 05:32:16 [INFO] [転送] Cmd → VM : start_log_recording
2025-07-11 05:32:17 [INFO] [受信] Cmd → BM;reset
2025-07-11 05:32:17 [INFO] [転送] Cmd → BM : reset
2025-07-11 05:32:17 [INFO] [受信] Cmd → VM;stop_log_recording
2025-07-11 05:32:17 [INFO] [転送] Cmd → VM : stop_log_recording
2025-07-11 05:32:33 [INFO] [受信] Cmd → BM;ID:1,Cond:1
2025-07-11 05:32:33 [INFO] [転送] Cmd → BM : ID:1,Cond:1
2025-07-11 05:32:33 [INFO] [受信] Cmd → VM;start_log_recording
2025-07-11 05:32:33 [INFO] [転送] Cmd → VM : start_log_recording
2025-07-11 05:32:35 [INFO] [受信] Cmd → BM;reset
2025-07-11 05:32:35 [INFO] [転送] Cmd → BM : reset
2025-07-11 05:32:35 [INFO] [受信] Cmd → VM;stop_log_recording
2025-07-11 05:32:35 [INFO] [転送] Cmd → VM : stop_log_recording
2025-07-11 05:32:36 [INFO] [受信] Cmd → BM;ID:1,Cond:1
2025-07-11 05:32:36 [INFO] [転送] Cmd → BM : ID:1,Cond:1
2025-07-11 05:32:36 [INFO] [受信] Cmd → VM;start_log_recording
2025-07-11 05:32:36 [INFO] [転送] Cmd → VM : start_log_recording
2025-07-11 05:32:36 [INFO] [受信] Cmd → BM;reset
2025-07-11 05:32:36 [INFO] [転送] Cmd → BM : reset
2025-07-11 05:32:36 [INFO] [受信] Cmd → VM;stop_log_recording
2025-07-11 05:32:36 [INFO] [転送] Cmd → VM : stop_log_recording
2025-07-11 05:39:59 [INFO] [受信] VM → BM;Depth:283.0
2025-07-11 05:39:59 [INFO] [転送] VM → BM : Depth:283.0
2025-07-11 05:39:59 [INFO] [受信] VM → BM;Depth:197.0
2025-07-11 05:39:59 [INFO] [転送] VM → BM : Depth:197.0
2025-07-11 05:39:59 [INFO] [受信] VM → BM;Depth:187.0
2025-07-11 05:39:59 [INFO] [転送] VM → BM : Depth:187.0
2025-07-11 05:39:59 [INFO] [受信] VM → BM;Depth:195.0
2025-07-11 05:39:59 [INFO] [転送] VM → BM : Depth:195.0
2025-07-11 05:39:59 [INFO] [受信] VM → BM;Depth:158.0
2025-07-11 05:39:59 [INFO] [転送] VM → BM : Depth:158.0
2025-07-11 05:39:59 [INFO] [受信] VM → BM;Depth:201.0
2025-07-11 05:39:59 [INFO] [転送] VM → BM : Depth:201.0
2025-07-11 05:39:59 [INFO] [受信] VM → BM;Depth:157.0
2025-07-11 05:39:59 [INFO] [転送] VM → BM : Depth:157.0
2025-07-11 05:40:00 [INFO] [受信] VM → BM;Depth:160.0
2025-07-11 05:40:00 [INFO] [転送] VM → BM : Depth:160.0
2025-07-11 05:40:00 [INFO] [受信] VM → BM;Depth:158.0
2025-07-11 05:40:00 [INFO] [転送] VM → BM : Depth:158.0
2025-07-11 05:40:00 [INFO] [受信] VM → BM;Depth:158.0
2025-07-11 05:40:00 [INFO] [転送] VM → BM : Depth:158.0
2025-07-11 05:40:00 [INFO] [受信] VM → BM;Depth:158.0
2025-07-11 05:40:00 [INFO] [転送] VM → BM : Depth:158.0
2025-07-11 05:40:00 [INFO] [受信] VM → BM;Depth:158.0
2025-07-11 05:40:00 [INFO] [転送] VM → BM : Depth:158.0
2025-07-11 05:40:00 [INFO] [受信] VM → BM;Depth:156.0
2025-07-11 05:40:00 [INFO] [転送] VM → BM : Depth:156.0
2025-07-11 05:40:00 [INFO] [受信] VM → BM;Depth:162.0
2025-07-11 05:40:00 [INFO] [転送] VM → BM : Depth:162.0
2025-07-11 05:40:00 [INFO] [受信] VM → BM;Depth:167.0
2025-07-11 05:40:00 [INFO] [転送] VM → BM : Depth:167.0
2025-07-11 05:40:00 [INFO] [受信] VM → BM;Depth:231.0
2025-07-11 05:40:00 [INFO] [転送] VM → BM : Depth:231.0
2025-07-11 05:41:11 [INFO] [受信] VM → BM;Depth:3354.0
2025-07-11 05:41:11 [INFO] [転送] VM → BM : Depth:3354.0
2025-07-11 05:41:11 [INFO] [受信] VM → BM;Depth:167.0
2025-07-11 05:41:11 [INFO] [転送] VM → BM : Depth:167.0
2025-07-11 05:46:43 [INFO] [受信] VM → BM;Depth:175.0
2025-07-11 05:46:43 [INFO] [転送] VM → BM : Depth:175.0
2025-07-11 05:48:19 [INFO] [受信] Cmd → BM;ID:1,Cond:1
2025-07-11 05:48:19 [INFO] [転送] Cmd → BM : ID:1,Cond:1
2025-07-11 05:48:19 [INFO] [受信] Cmd → VM;start_log_recording
2025-07-11 05:48:19 [INFO] [転送] Cmd → VM : start_log_recording
2025-07-11 05:48:22 [INFO] [受信] Cmd → BM;reset
2025-07-11 05:48:22 [INFO] [転送] Cmd → BM : reset
2025-07-11 05:48:22 [INFO] [受信] Cmd → VM;stop_log_recording
2025-07-11 05:48:22 [INFO] [転送] Cmd → VM : stop_log_recording
2025-07-11 05:49:32 [INFO] [受信] VM → BM;Depth:156.0
2025-07-11 05:49:32 [INFO] [転送] VM → BM : Depth:156.0
2025-07-11 05:49:32 [INFO] [受信] VM → BM;Depth:159.0
2025-07-11 05:49:32 [INFO] [転送] VM → BM : Depth:159.0
2025-07-11 05:49:32 [INFO] [受信] VM → BM;Depth:160.0
2025-07-11 05:49:32 [INFO] [転送] VM → BM : Depth:160.0
2025-07-11 05:49:32 [INFO] [受信] VM → BM;Depth:165.0
2025-07-11 05:49:32 [INFO] [転送] VM → BM : Depth:165.0
2025-07-11 05:56:19 [INFO] [受信] Cmd → BM;ID:1,Cond:1
2025-07-11 05:56:19 [INFO] [転送] Cmd → BM : ID:1,Cond:1
2025-07-11 05:56:19 [INFO] [受信] Cmd → VM;start_log_recording
2025-07-11 05:56:19 [INFO] [転送] Cmd → VM : start_log_recording
2025-07-11 05:56:21 [INFO] [受信] Cmd → BM;reset
2025-07-11 05:56:21 [INFO] [転送] Cmd → BM : reset
2025-07-11 05:56:21 [INFO] [受信] Cmd → VM;stop_log_recording
2025-07-11 05:56:21 [INFO] [転送] Cmd → VM : stop_log_recording
2025-07-11 05:56:22 [INFO] [受信] Cmd → BM;ID:1,Cond:1
2025-07-11 05:56:22 [INFO] [転送] Cmd → BM : ID:1,Cond:1
2025-07-11 05:56:22 [INFO] [受信] Cmd → VM;start_log_recording
2025-07-11 05:56:22 [INFO] [転送] Cmd → VM : start_log_recording
2025-07-11 05:56:22 [INFO] [受信] Cmd → BM;reset
2025-07-11 05:56:22 [INFO] [転送] Cmd → BM : reset
2025-07-11 05:56:22 [INFO] [受信] Cmd → VM;stop_log_recording
2025-07-11 05:56:22 [INFO] [転送] Cmd → VM : stop_log_recording
2025-07-11 06:01:14 [INFO] [受信] Cmd → BM;ID:1,Cond:1
2025-07-11 06:01:14 [INFO] [転送] Cmd → BM : ID:1,Cond:1
2025-07-11 06:01:14 [INFO] [受信] Cmd → VM;start_log_recording
2025-07-11 06:01:14 [INFO] [転送] Cmd → VM : start_log_recording
2025-07-11 06:01:15 [INFO] [受信] Cmd → BM;reset
2025-07-11 06:01:15 [INFO] [転送] Cmd → BM : reset
2025-07-11 06:01:15 [INFO] [受信] Cmd → VM;stop_log_recording
2025-07-11 06:01:15 [INFO] [転送] Cmd → VM : stop_log_recording
2025-07-11 06:01:16 [INFO] [受信] Cmd → BM;ID:1,Cond:1
2025-07-11 06:01:16 [INFO] [転送] Cmd → BM : ID:1,Cond:1
2025-07-11 06:01:16 [INFO] [受信] Cmd → VM;start_log_recording
2025-07-11 06:01:16 [INFO] [転送] Cmd → VM : start_log_recording
2025-07-11 06:01:17 [INFO] [受信] Cmd → BM;reset
2025-07-11 06:01:17 [INFO] [転送] Cmd → BM : reset
2025-07-11 06:01:17 [INFO] [受信] Cmd → VM;stop_log_recording
2025-07-11 06:01:17 [INFO] [転送] Cmd → VM : stop_log_recording
2025-07-11 06:01:17 [INFO] [受信] Cmd → BM;ID:1,Cond:1
2025-07-11 06:01:17 [INFO] [転送] Cmd → BM : ID:1,Cond:1
2025-07-11 06:01:17 [INFO] [受信] Cmd → VM;start_log_recording
2025-07-11 06:01:17 [INFO] [転送] Cmd → VM : start_log_recording
2025-07-11 06:01:19 [INFO] [受信] Cmd → BM;reset
2025-07-11 06:01:19 [INFO] [転送] Cmd → BM : reset
2025-07-11 06:01:19 [INFO] [受信] Cmd → VM;stop_log_recording
2025-07-11 06:01:19 [INFO] [転送] Cmd → VM : stop_log_recording
2025-07-11 06:01:19 [INFO] [受信] Cmd → BM;ID:1,Cond:1
2025-07-11 06:01:19 [INFO] [転送] Cmd → BM : ID:1,Cond:1
2025-07-11 06:01:19 [INFO] [受信] Cmd → VM;start_log_recording
2025-07-11 06:01:19 [INFO] [転送] Cmd → VM : start_log_recording
2025-07-11 06:01:20 [INFO] [受信] Cmd → BM;reset
2025-07-11 06:01:20 [INFO] [転送] Cmd → BM : reset
2025-07-11 06:01:20 [INFO] [受信] Cmd → VM;stop_log_recording
2025-07-11 06:01:20 [INFO] [転送] Cmd → VM : stop_log_recording
2025-07-11 06:04:31 [ERROR] [エラー] 受信中に例外発生：[WinError 10054] 既存の接続はリモート ホストに強制的に切断されました。
2025-07-11 06:04:31 [INFO] [切断] 127.0.0.1:65326 (Cmd) の接続を終了
2025-07-11 06:04:56 [INFO] [接続] Cmd (127.0.0.1:65534) が接続しました
2025-07-11 06:05:00 [INFO] [受信] Cmd → BM;ID:1,Cond:1
2025-07-11 06:05:00 [INFO] [転送] Cmd → BM : ID:1,Cond:1
2025-07-11 06:05:00 [INFO] [受信] Cmd → VM;ID:1,Cond:1
2025-07-11 06:05:00 [INFO] [転送] Cmd → VM : ID:1,Cond:1
2025-07-11 06:05:00 [INFO] [受信] Cmd → VM;start_log_recording
2025-07-11 06:05:00 [INFO] [転送] Cmd → VM : start_log_recording
2025-07-11 06:05:10 [INFO] [受信] Cmd → BM;reset
2025-07-11 06:05:10 [INFO] [転送] Cmd → BM : reset
2025-07-11 06:05:10 [INFO] [受信] Cmd → VM;stop_log_recording
2025-07-11 06:05:10 [INFO] [転送] Cmd → VM : stop_log_recording
2025-07-11 06:05:11 [INFO] [受信] Cmd → BM;ID:1,Cond:1
2025-07-11 06:05:11 [INFO] [転送] Cmd → BM : ID:1,Cond:1
2025-07-11 06:05:11 [INFO] [受信] Cmd → VM;ID:1,Cond:1
2025-07-11 06:05:11 [INFO] [転送] Cmd → VM : ID:1,Cond:1
2025-07-11 06:05:11 [INFO] [受信] Cmd → VM;start_log_recording
2025-07-11 06:05:11 [INFO] [転送] Cmd → VM : start_log_recording
2025-07-11 06:05:11 [INFO] [受信] Cmd → BM;reset
2025-07-11 06:05:11 [INFO] [転送] Cmd → BM : reset
2025-07-11 06:05:11 [INFO] [受信] Cmd → VM;stop_log_recording
2025-07-11 06:05:11 [INFO] [転送] Cmd → VM : stop_log_recording
2025-07-11 06:05:24 [INFO] [受信] Cmd → BM;ID:1,Cond:1
2025-07-11 06:05:24 [INFO] [転送] Cmd → BM : ID:1,Cond:1
2025-07-11 06:05:24 [INFO] [受信] Cmd → VM;ID:1,Cond:1
2025-07-11 06:05:24 [INFO] [転送] Cmd → VM : ID:1,Cond:1
2025-07-11 06:05:24 [INFO] [受信] Cmd → VM;start_log_recording
2025-07-11 06:05:24 [INFO] [転送] Cmd → VM : start_log_recording
2025-07-11 06:05:25 [INFO] [受信] Cmd → BM;reset
2025-07-11 06:05:25 [INFO] [転送] Cmd → BM : reset
2025-07-11 06:05:25 [INFO] [受信] Cmd → VM;stop_log_recording
2025-07-11 06:05:25 [INFO] [転送] Cmd → VM : stop_log_recording
2025-07-11 06:05:25 [INFO] [受信] Cmd → BM;ID:1,Cond:1
2025-07-11 06:05:26 [INFO] [転送] Cmd → BM : ID:1,Cond:1
2025-07-11 06:05:26 [INFO] [受信] Cmd → VM;ID:1,Cond:1
2025-07-11 06:05:26 [INFO] [転送] Cmd → VM : ID:1,Cond:1
2025-07-11 06:05:26 [INFO] [受信] Cmd → VM;start_log_recording
2025-07-11 06:05:26 [INFO] [転送] Cmd → VM : start_log_recording
2025-07-11 06:05:26 [INFO] [受信] Cmd → BM;reset
2025-07-11 06:05:26 [INFO] [転送] Cmd → BM : reset
2025-07-11 06:05:26 [INFO] [受信] Cmd → VM;stop_log_recording
2025-07-11 06:05:26 [INFO] [転送] Cmd → VM : stop_log_recording
2025-07-11 06:05:27 [INFO] [受信] Cmd → BM;reset
2025-07-11 06:05:27 [INFO] [転送] Cmd → BM : reset
2025-07-11 06:05:27 [INFO] [受信] Cmd → VM;stop_log_recording
2025-07-11 06:05:27 [INFO] [転送] Cmd → VM : stop_log_recording
2025-07-11 06:05:28 [INFO] [受信] Cmd → BM;ID:1,Cond:1
2025-07-11 06:05:28 [INFO] [転送] Cmd → BM : ID:1,Cond:1
2025-07-11 06:05:28 [INFO] [受信] Cmd → VM;ID:1,Cond:1
2025-07-11 06:05:28 [INFO] [転送] Cmd → VM : ID:1,Cond:1
2025-07-11 06:05:28 [INFO] [受信] Cmd → VM;start_log_recording
2025-07-11 06:05:28 [INFO] [転送] Cmd → VM : start_log_recording
2025-07-11 06:05:36 [ERROR] [エラー] 受信中に例外発生：[WinError 10054] 既存の接続はリモート ホストに強制的に切断されました。
2025-07-11 06:05:36 [INFO] [切断] 127.0.0.1:65534 (Cmd) の接続を終了
2025-07-11 06:05:39 [INFO] [接続] Cmd (127.0.0.1:49156) が接続しました
2025-07-11 06:05:42 [INFO] [受信] Cmd → BM;ID:1,Cond:1
2025-07-11 06:05:42 [INFO] [転送] Cmd → BM : ID:1,Cond:1
2025-07-11 06:05:42 [INFO] [受信] Cmd → VM;ID:1,Cond:1
2025-07-11 06:05:42 [INFO] [転送] Cmd → VM : ID:1,Cond:1
2025-07-11 06:05:42 [INFO] [受信] Cmd → VM;start_log_recording
2025-07-11 06:05:42 [INFO] [転送] Cmd → VM : start_log_recording
2025-07-11 06:05:43 [INFO] [受信] Cmd → BM;reset
2025-07-11 06:05:43 [INFO] [転送] Cmd → BM : reset
2025-07-11 06:05:43 [INFO] [受信] Cmd → VM;stop_log_recording
2025-07-11 06:05:43 [INFO] [転送] Cmd → VM : stop_log_recording
2025-07-11 06:05:44 [INFO] [切断] 127.0.0.1:49156 (Cmd) の接続を終了
2025-07-11 06:06:45 [INFO] [受信] VM → BM;Depth:237.0
2025-07-11 06:06:45 [INFO] [転送] VM → BM : Depth:237.0
2025-07-11 06:06:45 [INFO] [受信] VM → BM;Depth:197.0
2025-07-11 06:06:45 [INFO] [転送] VM → BM : Depth:197.0
2025-07-11 06:06:46 [INFO] [受信] VM → BM;Depth:252.0
2025-07-11 06:06:46 [INFO] [転送] VM → BM : Depth:252.0
2025-07-11 06:06:46 [INFO] [受信] VM → BM;Depth:155.0
2025-07-11 06:06:46 [INFO] [転送] VM → BM : Depth:155.0
2025-07-11 06:06:46 [INFO] [受信] VM → BM;Depth:156.0
2025-07-11 06:06:46 [INFO] [転送] VM → BM : Depth:156.0
2025-07-11 06:06:46 [INFO] [受信] VM → BM;Depth:164.0
2025-07-11 06:06:46 [INFO] [転送] VM → BM : Depth:164.0
2025-07-11 06:06:46 [INFO] [受信] VM → BM;Depth:158.0
2025-07-11 06:06:46 [INFO] [転送] VM → BM : Depth:158.0
2025-07-11 06:06:46 [INFO] [受信] VM → BM;Depth:165.0
2025-07-11 06:06:46 [INFO] [転送] VM → BM : Depth:165.0
2025-07-11 06:06:46 [INFO] [受信] VM → BM;Depth:165.0
2025-07-11 06:06:46 [INFO] [転送] VM → BM : Depth:165.0
2025-07-11 06:06:46 [INFO] [受信] VM → BM;Depth:155.0
2025-07-11 06:06:46 [INFO] [転送] VM → BM : Depth:155.0
2025-07-11 06:06:46 [INFO] [受信] VM → BM;Depth:166.0
2025-07-11 06:06:46 [INFO] [転送] VM → BM : Depth:166.0
2025-07-11 06:06:46 [INFO] [受信] VM → BM;Depth:161.0
2025-07-11 06:06:46 [INFO] [転送] VM → BM : Depth:161.0
2025-07-11 06:06:46 [INFO] [受信] VM → BM;Depth:155.0
2025-07-11 06:06:46 [INFO] [転送] VM → BM : Depth:155.0
2025-07-11 06:06:46 [INFO] [受信] VM → BM;Depth:159.0
2025-07-11 06:06:46 [INFO] [転送] VM → BM : Depth:159.0
2025-07-11 06:06:46 [INFO] [受信] VM → BM;Depth:193.0
2025-07-11 06:06:46 [INFO] [転送] VM → BM : Depth:193.0
2025-07-11 06:06:46 [INFO] [受信] VM → BM;Depth:174.0
2025-07-11 06:06:46 [INFO] [転送] VM → BM : Depth:174.0
2025-07-11 06:06:46 [INFO] [受信] VM → BM;Depth:169.0
2025-07-11 06:06:46 [INFO] [転送] VM → BM : Depth:169.0
2025-07-11 06:06:46 [INFO] [受信] VM → BM;Depth:179.0
2025-07-11 06:06:46 [INFO] [転送] VM → BM : Depth:179.0
2025-07-11 06:06:46 [INFO] [受信] VM → BM;Depth:194.0
2025-07-11 06:06:46 [INFO] [転送] VM → BM : Depth:194.0
2025-07-11 06:06:46 [INFO] [受信] VM → BM;Depth:331.0
2025-07-11 06:06:46 [INFO] [転送] VM → BM : Depth:331.0
2025-07-11 06:06:47 [INFO] [受信] VM → BM;Depth:170.0
2025-07-11 06:06:47 [INFO] [転送] VM → BM : Depth:170.0
2025-07-11 06:06:47 [INFO] [受信] VM → BM;Depth:189.0
2025-07-11 06:06:47 [INFO] [転送] VM → BM : Depth:189.0
2025-07-11 06:06:47 [INFO] [受信] VM → BM;Depth:198.0
2025-07-11 06:06:47 [INFO] [転送] VM → BM : Depth:198.0
2025-07-11 06:06:47 [INFO] [受信] VM → BM;Depth:163.0
2025-07-11 06:06:47 [INFO] [転送] VM → BM : Depth:163.0
2025-07-11 06:06:47 [INFO] [受信] VM → BM;Depth:171.0
2025-07-11 06:06:47 [INFO] [転送] VM → BM : Depth:171.0
2025-07-11 06:06:47 [INFO] [受信] VM → BM;Depth:177.0
2025-07-11 06:06:47 [INFO] [転送] VM → BM : Depth:177.0
2025-07-11 06:06:47 [INFO] [受信] VM → BM;Depth:182.0
2025-07-11 06:06:47 [INFO] [転送] VM → BM : Depth:182.0
2025-07-11 06:06:47 [INFO] [受信] VM → BM;Depth:178.0
2025-07-11 06:06:47 [INFO] [転送] VM → BM : Depth:178.0
2025-07-11 06:06:47 [INFO] [受信] VM → BM;Depth:179.0
2025-07-11 06:06:47 [INFO] [転送] VM → BM : Depth:179.0
2025-07-11 06:06:47 [INFO] [受信] VM → BM;Depth:172.0
2025-07-11 06:06:47 [INFO] [転送] VM → BM : Depth:172.0
2025-07-11 06:07:32 [INFO] [受信] VM → BM;Depth:1396.0
2025-07-11 06:07:32 [INFO] [転送] VM → BM : Depth:1396.0
2025-07-11 06:07:43 [INFO] [受信] VM → BM;Depth:280.0
2025-07-11 06:07:43 [INFO] [転送] VM → BM : Depth:280.0
2025-07-11 06:07:43 [INFO] [受信] VM → BM;Depth:295.0
2025-07-11 06:07:43 [INFO] [転送] VM → BM : Depth:295.0
2025-07-11 06:12:08 [INFO] [接続] Cmd (127.0.0.1:49187) が接続しました
2025-07-11 06:12:09 [INFO] [受信] Cmd → BM;ID:1,Cond:1
2025-07-11 06:12:09 [INFO] [転送] Cmd → BM : ID:1,Cond:1
2025-07-11 06:12:09 [INFO] [受信] Cmd → VM;ID:1,Cond:1
2025-07-11 06:12:09 [INFO] [転送] Cmd → VM : ID:1,Cond:1
2025-07-11 06:12:09 [INFO] [受信] Cmd → VM;start_log_recording
2025-07-11 06:12:09 [INFO] [転送] Cmd → VM : start_log_recording
2025-07-11 06:12:11 [INFO] [受信] Cmd → BM;reset
2025-07-11 06:12:11 [INFO] [転送] Cmd → BM : reset
2025-07-11 06:12:11 [INFO] [受信] Cmd → VM;stop_log_recording
2025-07-11 06:12:11 [INFO] [転送] Cmd → VM : stop_log_recording
2025-07-11 06:15:47 [INFO] [受信] Cmd → BM;ID:1,Cond:1
2025-07-11 06:15:47 [INFO] [転送] Cmd → BM : ID:1,Cond:1
2025-07-11 06:15:47 [INFO] [受信] Cmd → VM;ID:1,Cond:1
2025-07-11 06:15:47 [INFO] [転送] Cmd → VM : ID:1,Cond:1
2025-07-11 06:15:47 [INFO] [受信] Cmd → VM;start_log_recording
2025-07-11 06:15:47 [INFO] [転送] Cmd → VM : start_log_recording
2025-07-11 06:15:49 [INFO] [受信] Cmd → BM;reset
2025-07-11 06:15:49 [INFO] [転送] Cmd → BM : reset
2025-07-11 06:15:49 [INFO] [受信] Cmd → VM;stop_log_recording
2025-07-11 06:15:49 [INFO] [転送] Cmd → VM : stop_log_recording
2025-07-11 06:17:13 [INFO] [受信] Cmd → BM;ID:1,Cond:1
2025-07-11 06:17:13 [INFO] [転送] Cmd → BM : ID:1,Cond:1
2025-07-11 06:17:13 [INFO] [受信] Cmd → VM;ID:1,Cond:1
2025-07-11 06:17:13 [INFO] [転送] Cmd → VM : ID:1,Cond:1
2025-07-11 06:17:13 [INFO] [受信] Cmd → VM;start_log_recording
2025-07-11 06:17:13 [INFO] [転送] Cmd → VM : start_log_recording
2025-07-11 06:17:15 [INFO] [受信] Cmd → BM;reset
2025-07-11 06:17:15 [INFO] [転送] Cmd → BM : reset
2025-07-11 06:17:15 [INFO] [受信] Cmd → VM;stop_log_recording
2025-07-11 06:17:15 [INFO] [転送] Cmd → VM : stop_log_recording
2025-07-11 06:17:30 [INFO] [受信] Cmd → BM;ID:1,Cond:1
2025-07-11 06:17:30 [INFO] [転送] Cmd → BM : ID:1,Cond:1
2025-07-11 06:17:30 [INFO] [受信] Cmd → VM;ID:1,Cond:1
2025-07-11 06:17:30 [INFO] [転送] Cmd → VM : ID:1,Cond:1
2025-07-11 06:17:30 [INFO] [受信] Cmd → VM;start_log_recording
2025-07-11 06:17:30 [INFO] [転送] Cmd → VM : start_log_recording
2025-07-11 06:17:31 [INFO] [受信] Cmd → BM;reset
2025-07-11 06:17:31 [INFO] [転送] Cmd → BM : reset
2025-07-11 06:17:31 [INFO] [受信] Cmd → VM;stop_log_recording
2025-07-11 06:17:31 [INFO] [転送] Cmd → VM : stop_log_recording
2025-07-11 06:17:31 [INFO] [受信] Cmd → BM;reset
2025-07-11 06:17:31 [INFO] [転送] Cmd → BM : reset
2025-07-11 06:17:31 [INFO] [受信] Cmd → VM;stop_log_recording
2025-07-11 06:17:31 [INFO] [転送] Cmd → VM : stop_log_recording
2025-07-11 06:17:32 [INFO] [受信] Cmd → BM;reset
2025-07-11 06:17:32 [INFO] [転送] Cmd → BM : reset
2025-07-11 06:17:32 [INFO] [受信] Cmd → VM;stop_log_recording
2025-07-11 06:17:32 [INFO] [転送] Cmd → VM : stop_log_recording
2025-07-11 06:17:32 [INFO] [受信] Cmd → BM;reset
2025-07-11 06:17:32 [INFO] [転送] Cmd → BM : reset
2025-07-11 06:17:32 [INFO] [受信] Cmd → VM;stop_log_recording
2025-07-11 06:17:32 [INFO] [転送] Cmd → VM : stop_log_recording
2025-07-11 06:17:33 [INFO] [受信] Cmd → BM;reset
2025-07-11 06:17:33 [INFO] [転送] Cmd → BM : reset
2025-07-11 06:17:33 [INFO] [受信] Cmd → VM;stop_log_recording
2025-07-11 06:17:33 [INFO] [転送] Cmd → VM : stop_log_recording
2025-07-11 06:17:33 [INFO] [受信] Cmd → BM;reset
2025-07-11 06:17:33 [INFO] [転送] Cmd → BM : reset
2025-07-11 06:17:33 [INFO] [受信] Cmd → VM;stop_log_recording
2025-07-11 06:17:33 [INFO] [転送] Cmd → VM : stop_log_recording
2025-07-11 06:17:33 [INFO] [受信] Cmd → BM;reset
2025-07-11 06:17:33 [INFO] [転送] Cmd → BM : reset
2025-07-11 06:17:33 [INFO] [受信] Cmd → VM;stop_log_recording
2025-07-11 06:17:33 [INFO] [転送] Cmd → VM : stop_log_recording
2025-07-11 06:17:33 [INFO] [受信] Cmd → BM;reset
2025-07-11 06:17:33 [INFO] [転送] Cmd → BM : reset
2025-07-11 06:17:33 [INFO] [受信] Cmd → VM;stop_log_recording
2025-07-11 06:17:33 [INFO] [転送] Cmd → VM : stop_log_recording
2025-07-11 06:17:34 [INFO] [受信] Cmd → BM;ID:1,Cond:1
2025-07-11 06:17:34 [INFO] [転送] Cmd → BM : ID:1,Cond:1
2025-07-11 06:17:34 [INFO] [受信] Cmd → VM;ID:1,Cond:1
2025-07-11 06:17:34 [INFO] [転送] Cmd → VM : ID:1,Cond:1
2025-07-11 06:17:34 [INFO] [受信] Cmd → VM;start_log_recording
2025-07-11 06:17:34 [INFO] [転送] Cmd → VM : start_log_recording
2025-07-11 06:17:38 [ERROR] [エラー] 受信中に例外発生：[WinError 10054] 既存の接続はリモート ホストに強制的に切断されました。
2025-07-11 06:17:38 [INFO] [切断] 127.0.0.1:49187 (Cmd) の接続を終了
2025-07-11 06:17:42 [ERROR] [拒否] 名前 'VM' はすでに使用されています。他の名前で接続してください。
2025-07-11 06:17:42 [INFO] [切断] 127.0.0.1:65327 (VM) の接続を終了
2025-07-11 06:18:02 [ERROR] [エラー] 受信中に例外発生：[WinError 10054] 既存の接続はリモート ホストに強制的に切断されました。
