2025-07-11 06:25:39 [INFO] [起動] BlackBoardサーバが localhost:9000 で待機中...
2025-07-11 06:25:39 [INFO] [操作] ESCキーでサーバを終了できます
2025-07-11 06:25:41 [INFO] [接続] BM (127.0.0.1:49311) が接続しました
2025-07-11 06:25:42 [INFO] [接続] Cmd (127.0.0.1:49312) が接続しました
2025-07-11 06:25:44 [INFO] [接続] VM (127.0.0.1:49313) が接続しました
2025-07-11 06:25:45 [INFO] [受信] VM → BM;Depth:186.0
2025-07-11 06:25:45 [INFO] [転送] VM → BM : Depth:186.0
2025-07-11 06:25:45 [INFO] [受信] VM → BM;Depth:230.0
2025-07-11 06:25:45 [INFO] [転送] VM → BM : Depth:230.0
2025-07-11 06:25:45 [INFO] [受信] VM → BM;Depth:226.0
2025-07-11 06:25:45 [INFO] [転送] VM → BM : Depth:226.0
2025-07-11 06:25:45 [INFO] [受信] VM → BM;Depth:245.0
2025-07-11 06:25:45 [INFO] [転送] VM → BM : Depth:245.0
2025-07-11 06:25:46 [INFO] [受信] VM → BM;Depth:159.0
2025-07-11 06:25:46 [INFO] [転送] VM → BM : Depth:159.0
2025-07-11 06:25:46 [INFO] [受信] VM → BM;Depth:287.0
2025-07-11 06:25:46 [INFO] [転送] VM → BM : Depth:287.0
2025-07-11 06:25:46 [INFO] [受信] VM → BM;Depth:292.0
2025-07-11 06:25:46 [INFO] [転送] VM → BM : Depth:292.0
2025-07-11 06:25:46 [INFO] [受信] VM → BM;Depth:256.0
2025-07-11 06:25:46 [INFO] [転送] VM → BM : Depth:256.0
2025-07-11 06:25:46 [INFO] [受信] VM → BM;Depth:252.0
2025-07-11 06:25:46 [INFO] [転送] VM → BM : Depth:252.0
2025-07-11 06:25:46 [INFO] [受信] VM → BM;Depth:248.0
2025-07-11 06:25:46 [INFO] [転送] VM → BM : Depth:248.0
2025-07-11 06:25:46 [INFO] [受信] VM → BM;Depth:159.0
2025-07-11 06:25:46 [INFO] [転送] VM → BM : Depth:159.0
2025-07-11 06:25:46 [INFO] [受信] VM → BM;Depth:241.0
2025-07-11 06:25:46 [INFO] [転送] VM → BM : Depth:241.0
2025-07-11 06:25:46 [INFO] [受信] VM → BM;Depth:269.0
2025-07-11 06:25:46 [INFO] [転送] VM → BM : Depth:269.0
2025-07-11 06:25:46 [INFO] [受信] VM → BM;Depth:649.0
2025-07-11 06:25:46 [INFO] [転送] VM → BM : Depth:649.0
2025-07-11 06:25:46 [INFO] [受信] VM → BM;Depth:326.0
2025-07-11 06:25:46 [INFO] [転送] VM → BM : Depth:326.0
2025-07-11 06:25:46 [INFO] [受信] VM → BM;Depth:342.0
2025-07-11 06:25:46 [INFO] [転送] VM → BM : Depth:342.0
2025-07-11 06:25:46 [INFO] [受信] VM → BM;Depth:356.0
2025-07-11 06:25:46 [INFO] [転送] VM → BM : Depth:356.0
2025-07-11 06:25:46 [INFO] [受信] VM → BM;Depth:369.0
2025-07-11 06:25:46 [INFO] [転送] VM → BM : Depth:369.0
2025-07-11 06:25:47 [INFO] [受信] VM → BM;Depth:273.0
2025-07-11 06:25:47 [INFO] [転送] VM → BM : Depth:273.0
2025-07-11 06:25:47 [INFO] [受信] VM → BM;Depth:229.0
2025-07-11 06:25:47 [INFO] [転送] VM → BM : Depth:229.0
2025-07-11 06:25:47 [INFO] [受信] VM → BM;Depth:186.0
2025-07-11 06:25:47 [INFO] [転送] VM → BM : Depth:186.0
2025-07-11 06:25:47 [INFO] [受信] VM → BM;Depth:231.0
2025-07-11 06:25:47 [INFO] [転送] VM → BM : Depth:231.0
2025-07-11 06:25:47 [INFO] [受信] VM → BM;Depth:234.0
2025-07-11 06:25:47 [INFO] [受信] Cmd → BM;ID:1,Cond:1
2025-07-11 06:25:47 [INFO] [転送] VM → BM : Depth:234.0
2025-07-11 06:25:47 [INFO] [転送] Cmd → BM : ID:1,Cond:1
2025-07-11 06:25:47 [INFO] [受信] Cmd → VM;ID:1,Cond:1
2025-07-11 06:25:47 [INFO] [転送] Cmd → VM : ID:1,Cond:1
2025-07-11 06:25:47 [INFO] [受信] VM → BM;Depth:234.0
2025-07-11 06:25:47 [INFO] [受信] Cmd → VM;start_log_recording
2025-07-11 06:25:47 [INFO] [転送] VM → BM : Depth:234.0
2025-07-11 06:25:47 [INFO] [転送] Cmd → VM : start_log_recording
2025-07-11 06:25:47 [INFO] [受信] VM → BM;Depth:232.0
2025-07-11 06:25:47 [INFO] [転送] VM → BM : Depth:232.0
2025-07-11 06:25:47 [INFO] [受信] VM → BM;Depth:233.0
2025-07-11 06:25:47 [INFO] [転送] VM → BM : Depth:233.0
2025-07-11 06:25:47 [INFO] [受信] VM → BM;Depth:235.0
2025-07-11 06:25:47 [INFO] [転送] VM → BM : Depth:235.0
2025-07-11 06:25:47 [INFO] [受信] VM → BM;Depth:233.0
2025-07-11 06:25:47 [INFO] [転送] VM → BM : Depth:233.0
2025-07-11 06:25:47 [INFO] [受信] VM → BM;Depth:230.0
2025-07-11 06:25:47 [INFO] [転送] VM → BM : Depth:230.0
2025-07-11 06:25:47 [INFO] [受信] VM → BM;Depth:235.0
2025-07-11 06:25:47 [INFO] [転送] VM → BM : Depth:235.0
2025-07-11 06:25:47 [INFO] [受信] VM → BM;Depth:231.0
2025-07-11 06:25:47 [INFO] [転送] VM → BM : Depth:231.0
2025-07-11 06:25:47 [INFO] [受信] VM → BM;Depth:234.0
2025-07-11 06:25:47 [INFO] [転送] VM → BM : Depth:234.0
2025-07-11 06:25:47 [INFO] [受信] VM → BM;Depth:233.0
2025-07-11 06:25:47 [INFO] [転送] VM → BM : Depth:233.0
2025-07-11 06:25:47 [INFO] [受信] VM → BM;Depth:235.0
2025-07-11 06:25:47 [INFO] [転送] VM → BM : Depth:235.0
2025-07-11 06:25:47 [INFO] [受信] VM → BM;Depth:237.0
2025-07-11 06:25:47 [INFO] [転送] VM → BM : Depth:237.0
2025-07-11 06:25:47 [INFO] [受信] VM → BM;Depth:229.0
2025-07-11 06:25:47 [INFO] [転送] VM → BM : Depth:229.0
2025-07-11 06:25:47 [INFO] [受信] VM → BM;Depth:227.0
2025-07-11 06:25:47 [INFO] [転送] VM → BM : Depth:227.0
2025-07-11 06:25:47 [INFO] [受信] VM → BM;Depth:337.0
2025-07-11 06:25:48 [INFO] [転送] VM → BM : Depth:337.0
2025-07-11 06:25:48 [INFO] [受信] VM → BM;Depth:313.0
2025-07-11 06:25:48 [INFO] [転送] VM → BM : Depth:313.0
2025-07-11 06:27:00 [INFO] [切断] 127.0.0.1:49312 (Cmd) の接続を終了
2025-07-11 06:27:02 [ERROR] [エラー] 受信中に例外発生：[WinError 10054] 既存の接続はリモート ホストに強制的に切断されました。
2025-07-11 06:27:02 [INFO] [切断] 127.0.0.1:49311 (BM) の接続を終了
2025-07-11 06:27:02 [INFO] [切断] 127.0.0.1:49313 (VM) の接続を終了
