2025-07-11 06:18:12 [INFO] [起動] BlackBoardサーバが localhost:9000 で待機中...
2025-07-11 06:18:12 [INFO] [操作] ESCキーでサーバを終了できます
2025-07-11 06:18:15 [INFO] [接続] BM (127.0.0.1:49245) が接続しました
2025-07-11 06:18:15 [INFO] [接続] Cmd (127.0.0.1:49246) が接続しました
2025-07-11 06:18:17 [INFO] [接続] VM (127.0.0.1:49247) が接続しました
2025-07-11 06:18:22 [INFO] [受信] Cmd → BM;ID:1,Cond:1
2025-07-11 06:18:22 [INFO] [転送] Cmd → BM : ID:1,Cond:1
2025-07-11 06:18:22 [INFO] [受信] Cmd → VM;ID:1,Cond:1
2025-07-11 06:18:22 [INFO] [転送] Cmd → VM : ID:1,Cond:1
2025-07-11 06:18:22 [INFO] [受信] Cmd → VM;start_log_recording
2025-07-11 06:18:22 [INFO] [転送] Cmd → VM : start_log_recording
2025-07-11 06:18:27 [INFO] [受信] Cmd → BM;reset
2025-07-11 06:18:27 [INFO] [転送] Cmd → BM : reset
2025-07-11 06:18:27 [INFO] [受信] Cmd → VM;stop_log_recording
2025-07-11 06:18:27 [INFO] [転送] Cmd → VM : stop_log_recording
2025-07-11 06:18:33 [INFO] [受信] Cmd → BM;reset
2025-07-11 06:18:33 [INFO] [転送] Cmd → BM : reset
2025-07-11 06:18:33 [INFO] [受信] Cmd → VM;stop_log_recording
2025-07-11 06:18:33 [INFO] [転送] Cmd → VM : stop_log_recording
2025-07-11 06:19:18 [INFO] [受信] Cmd → BM;reset
2025-07-11 06:19:18 [INFO] [転送] Cmd → BM : reset
2025-07-11 06:19:18 [INFO] [受信] Cmd → VM;stop_log_recording
2025-07-11 06:19:18 [INFO] [転送] Cmd → VM : stop_log_recording
2025-07-11 06:19:19 [INFO] [受信] Cmd → BM;ID:1,Cond:1
2025-07-11 06:19:19 [INFO] [転送] Cmd → BM : ID:1,Cond:1
2025-07-11 06:19:19 [INFO] [受信] Cmd → VM;ID:1,Cond:1
2025-07-11 06:19:19 [INFO] [転送] Cmd → VM : ID:1,Cond:1
2025-07-11 06:19:19 [INFO] [受信] Cmd → VM;start_log_recording
2025-07-11 06:19:19 [INFO] [転送] Cmd → VM : start_log_recording
2025-07-11 06:19:22 [INFO] [受信] Cmd → BM;reset
2025-07-11 06:19:22 [INFO] [転送] Cmd → BM : reset
2025-07-11 06:19:22 [INFO] [受信] Cmd → VM;stop_log_recording
2025-07-11 06:19:22 [INFO] [転送] Cmd → VM : stop_log_recording
2025-07-11 06:19:25 [INFO] [受信] Cmd → BM;ID:1,Cond:1
2025-07-11 06:19:25 [INFO] [転送] Cmd → BM : ID:1,Cond:1
2025-07-11 06:19:25 [INFO] [受信] Cmd → VM;ID:1,Cond:1
2025-07-11 06:19:25 [INFO] [転送] Cmd → VM : ID:1,Cond:1
2025-07-11 06:19:25 [INFO] [受信] Cmd → VM;start_log_recording
2025-07-11 06:19:25 [INFO] [転送] Cmd → VM : start_log_recording
2025-07-11 06:19:25 [INFO] [受信] Cmd → BM;reset
2025-07-11 06:19:25 [INFO] [転送] Cmd → BM : reset
2025-07-11 06:19:25 [INFO] [受信] Cmd → VM;stop_log_recording
2025-07-11 06:19:25 [INFO] [転送] Cmd → VM : stop_log_recording
2025-07-11 06:19:35 [INFO] [受信] Cmd → BM;ID:1,Cond:1
2025-07-11 06:19:36 [INFO] [転送] Cmd → BM : ID:1,Cond:1
2025-07-11 06:19:36 [INFO] [受信] Cmd → VM;ID:1,Cond:1
2025-07-11 06:19:36 [INFO] [転送] Cmd → VM : ID:1,Cond:1
2025-07-11 06:19:36 [INFO] [受信] Cmd → VM;start_log_recording
2025-07-11 06:19:36 [INFO] [転送] Cmd → VM : start_log_recording
2025-07-11 06:19:36 [INFO] [受信] Cmd → BM;reset
2025-07-11 06:19:36 [INFO] [転送] Cmd → BM : reset
2025-07-11 06:19:36 [INFO] [受信] Cmd → VM;stop_log_recording
2025-07-11 06:19:36 [INFO] [転送] Cmd → VM : stop_log_recording
2025-07-11 06:19:48 [ERROR] [エラー] 受信中に例外発生：[WinError 10054] 既存の接続はリモート ホストに強制的に切断されました。
2025-07-11 06:19:48 [INFO] [切断] 127.0.0.1:49247 (VM) の接続を終了
