2025-07-10 23:17:45 [INFO] [起動] BlackBoardサーバが localhost:9000 で待機中...
2025-07-10 23:17:45 [INFO] [操作] ESCキーでサーバを終了できます
2025-07-10 23:17:47 [INFO] [接続] BM (127.0.0.1:51652) が接続しました
2025-07-10 23:17:48 [INFO] [接続] Cmd (127.0.0.1:51653) が接続しました
2025-07-10 23:17:51 [INFO] [接続] VM (127.0.0.1:51654) が接続しました
2025-07-10 23:17:54 [INFO] [受信] VM → BM;Depth:287.0
2025-07-10 23:17:54 [INFO] [転送] VM → BM : Depth:287.0
2025-07-10 23:17:54 [INFO] [受信] VM → BM;Depth:289.0
2025-07-10 23:17:54 [INFO] [転送] VM → BM : Depth:289.0
2025-07-10 23:17:54 [INFO] [受信] VM → BM;Depth:269.0
2025-07-10 23:17:54 [INFO] [転送] VM → BM : Depth:269.0
2025-07-10 23:17:54 [INFO] [受信] VM → BM;Depth:308.0
2025-07-10 23:17:54 [INFO] [転送] VM → BM : Depth:308.0
2025-07-10 23:17:54 [INFO] [受信] VM → BM;Depth:305.0
2025-07-10 23:17:54 [INFO] [転送] VM → BM : Depth:305.0
2025-07-10 23:17:54 [INFO] [受信] VM → BM;Depth:308.0
2025-07-10 23:17:54 [INFO] [転送] VM → BM : Depth:308.0
2025-07-10 23:17:54 [INFO] [受信] VM → BM;Depth:313.0
2025-07-10 23:17:54 [INFO] [転送] VM → BM : Depth:313.0
2025-07-10 23:17:54 [INFO] [受信] VM → BM;Depth:337.0
2025-07-10 23:17:54 [INFO] [転送] VM → BM : Depth:337.0
2025-07-10 23:17:54 [INFO] [受信] VM → BM;Depth:336.0
2025-07-10 23:17:54 [INFO] [転送] VM → BM : Depth:336.0
2025-07-10 23:17:54 [INFO] [受信] VM → BM;Depth:323.0
2025-07-10 23:17:54 [INFO] [転送] VM → BM : Depth:323.0
2025-07-10 23:17:54 [INFO] [受信] VM → BM;Depth:320.0
2025-07-10 23:17:54 [INFO] [転送] VM → BM : Depth:320.0
2025-07-10 23:17:54 [INFO] [受信] VM → BM;Depth:327.0
2025-07-10 23:17:54 [INFO] [転送] VM → BM : Depth:327.0
2025-07-10 23:17:54 [INFO] [受信] VM → BM;Depth:322.0
2025-07-10 23:17:54 [INFO] [転送] VM → BM : Depth:322.0
2025-07-10 23:17:54 [INFO] [受信] VM → BM;Depth:330.0
2025-07-10 23:17:54 [INFO] [転送] VM → BM : Depth:330.0
2025-07-10 23:17:54 [INFO] [受信] VM → BM;Depth:327.0
2025-07-10 23:17:54 [INFO] [転送] VM → BM : Depth:327.0
2025-07-10 23:17:54 [INFO] [受信] VM → BM;Depth:324.0
2025-07-10 23:17:54 [INFO] [転送] VM → BM : Depth:324.0
2025-07-10 23:17:54 [INFO] [受信] VM → BM;Depth:332.0
2025-07-10 23:17:54 [INFO] [転送] VM → BM : Depth:332.0
2025-07-10 23:17:54 [INFO] [受信] VM → BM;Depth:317.0
2025-07-10 23:17:54 [INFO] [転送] VM → BM : Depth:317.0
2025-07-10 23:17:54 [INFO] [受信] VM → BM;Depth:341.0
2025-07-10 23:17:54 [INFO] [転送] VM → BM : Depth:341.0
2025-07-10 23:17:54 [INFO] [受信] VM → BM;Depth:265.0
2025-07-10 23:17:54 [INFO] [転送] VM → BM : Depth:265.0
2025-07-10 23:17:54 [INFO] [受信] VM → BM;Depth:293.0
2025-07-10 23:17:54 [INFO] [転送] VM → BM : Depth:293.0
2025-07-10 23:18:15 [INFO] [受信] VM → BM;Depth:444.0
2025-07-10 23:18:15 [INFO] [転送] VM → BM : Depth:444.0
2025-07-10 23:18:15 [INFO] [受信] VM → BM;Depth:264.0
2025-07-10 23:18:15 [INFO] [転送] VM → BM : Depth:264.0
2025-07-10 23:18:15 [INFO] [受信] VM → BM;Depth:279.0
2025-07-10 23:18:15 [INFO] [転送] VM → BM : Depth:279.0
2025-07-10 23:18:22 [INFO] [受信] VM → BM;Depth:433.0
2025-07-10 23:18:22 [INFO] [転送] VM → BM : Depth:433.0
2025-07-10 23:18:28 [INFO] [受信] VM → BM;Depth:858.0
2025-07-10 23:18:28 [INFO] [転送] VM → BM : Depth:858.0
2025-07-10 23:18:28 [INFO] [受信] VM → BM;Depth:553.0
2025-07-10 23:18:28 [INFO] [転送] VM → BM : Depth:553.0
2025-07-10 23:18:29 [INFO] [受信] VM → BM;Depth:541.0
2025-07-10 23:18:29 [INFO] [転送] VM → BM : Depth:541.0
2025-07-10 23:19:26 [INFO] [受信] VM → BM;Depth:640.0
2025-07-10 23:19:26 [INFO] [転送] VM → BM : Depth:640.0
2025-07-10 23:19:26 [INFO] [受信] VM → BM;Depth:320.0
2025-07-10 23:19:26 [INFO] [転送] VM → BM : Depth:320.0
2025-07-10 23:19:32 [INFO] [受信] VM → BM;Depth:293.0
2025-07-10 23:19:32 [INFO] [転送] VM → BM : Depth:293.0
2025-07-10 23:19:32 [INFO] [受信] VM → BM;Depth:391.0
2025-07-10 23:19:32 [INFO] [転送] VM → BM : Depth:391.0
2025-07-10 23:19:32 [INFO] [受信] VM → BM;Depth:305.0
2025-07-10 23:19:32 [INFO] [転送] VM → BM : Depth:305.0
2025-07-10 23:19:32 [INFO] [受信] VM → BM;Depth:305.0
2025-07-10 23:19:32 [INFO] [転送] VM → BM : Depth:305.0
2025-07-10 23:19:32 [INFO] [受信] VM → BM;Depth:303.0
2025-07-10 23:19:32 [INFO] [転送] VM → BM : Depth:303.0
2025-07-10 23:19:32 [INFO] [受信] VM → BM;Depth:308.0
2025-07-10 23:19:32 [INFO] [転送] VM → BM : Depth:308.0
2025-07-10 23:19:32 [INFO] [受信] VM → BM;Depth:270.0
2025-07-10 23:19:32 [INFO] [転送] VM → BM : Depth:270.0
2025-07-10 23:19:32 [INFO] [受信] VM → BM;Depth:683.0
2025-07-10 23:19:32 [INFO] [転送] VM → BM : Depth:683.0
2025-07-10 23:19:58 [INFO] [受信] VM → BM;Depth:1372.0
2025-07-10 23:19:58 [INFO] [転送] VM → BM : Depth:1372.0
2025-07-10 23:20:01 [INFO] [受信] VM → BM;Depth:270.0
2025-07-10 23:20:01 [INFO] [転送] VM → BM : Depth:270.0
2025-07-10 23:21:17 [INFO] [受信] VM → BM;Depth:281.0
2025-07-10 23:21:18 [INFO] [転送] VM → BM : Depth:281.0
2025-07-10 23:21:18 [INFO] [受信] VM → BM;Depth:16820.0
2025-07-10 23:21:18 [INFO] [転送] VM → BM : Depth:16820.0
2025-07-10 23:21:40 [INFO] [受信] VM → BM;Depth:2796.0
2025-07-10 23:21:40 [INFO] [転送] VM → BM : Depth:2796.0
2025-07-10 23:21:41 [INFO] [受信] VM → BM;Depth:6816.0
2025-07-10 23:21:41 [INFO] [転送] VM → BM : Depth:6816.0
2025-07-10 23:21:51 [INFO] [受信] VM → BM;Depth:378.0
2025-07-10 23:21:51 [INFO] [転送] VM → BM : Depth:378.0
2025-07-10 23:21:51 [INFO] [受信] VM → BM;Depth:364.0
2025-07-10 23:21:51 [INFO] [転送] VM → BM : Depth:364.0
2025-07-10 23:22:03 [ERROR] [エラー] 受信中に例外発生：[WinError 10054] 既存の接続はリモート ホストに強制的に切断されました。
2025-07-10 23:22:03 [INFO] [切断] 127.0.0.1:51653 (Cmd) の接続を終了
2025-07-10 23:22:04 [ERROR] [エラー] 受信中に例外発生：[WinError 10054] 既存の接続はリモート ホストに強制的に切断されました。
2025-07-10 23:22:04 [INFO] [切断] 127.0.0.1:51652 (BM) の接続を終了
2025-07-10 23:22:09 [ERROR] [エラー] 受信中に例外発生：[WinError 10054] 既存の接続はリモート ホストに強制的に切断されました。
2025-07-10 23:22:09 [INFO] [切断] 127.0.0.1:51654 (VM) の接続を終了
