2025-07-11 06:23:07 [INFO] [起動] BlackBoardサーバが localhost:9000 で待機中...
2025-07-11 06:23:07 [INFO] [操作] ESCキーでサーバを終了できます
2025-07-11 06:23:09 [INFO] [接続] BM (127.0.0.1:49291) が接続しました
2025-07-11 06:23:10 [INFO] [接続] Cmd (127.0.0.1:49292) が接続しました
2025-07-11 06:23:11 [INFO] [接続] VM (127.0.0.1:49293) が接続しました
2025-07-11 06:23:17 [INFO] [受信] VM → BM;Depth:241.0
2025-07-11 06:23:17 [INFO] [転送] VM → BM : Depth:241.0
2025-07-11 06:23:17 [INFO] [受信] VM → BM;Depth:211.0
2025-07-11 06:23:17 [INFO] [転送] VM → BM : Depth:211.0
2025-07-11 06:23:17 [INFO] [受信] VM → BM;Depth:207.0
2025-07-11 06:23:17 [INFO] [転送] VM → BM : Depth:207.0
2025-07-11 06:23:17 [INFO] [受信] VM → BM;Depth:215.0
2025-07-11 06:23:17 [INFO] [転送] VM → BM : Depth:215.0
2025-07-11 06:23:17 [INFO] [受信] VM → BM;Depth:259.0
2025-07-11 06:23:17 [INFO] [転送] VM → BM : Depth:259.0
2025-07-11 06:23:17 [INFO] [受信] VM → BM;Depth:258.0
2025-07-11 06:23:18 [INFO] [転送] VM → BM : Depth:258.0
2025-07-11 06:23:18 [INFO] [受信] VM → BM;Depth:268.0
2025-07-11 06:23:18 [INFO] [転送] VM → BM : Depth:268.0
2025-07-11 06:23:18 [INFO] [受信] VM → BM;Depth:273.0
2025-07-11 06:23:18 [INFO] [転送] VM → BM : Depth:273.0
2025-07-11 06:23:18 [INFO] [受信] VM → BM;Depth:282.0
2025-07-11 06:23:18 [INFO] [転送] VM → BM : Depth:282.0
2025-07-11 06:23:18 [INFO] [受信] VM → BM;Depth:291.0
2025-07-11 06:23:18 [INFO] [転送] VM → BM : Depth:291.0
2025-07-11 06:23:18 [INFO] [受信] VM → BM;Depth:297.0
2025-07-11 06:23:18 [INFO] [転送] VM → BM : Depth:297.0
2025-07-11 06:23:18 [INFO] [受信] VM → BM;Depth:305.0
2025-07-11 06:23:18 [INFO] [転送] VM → BM : Depth:305.0
2025-07-11 06:23:18 [INFO] [受信] VM → BM;Depth:309.0
2025-07-11 06:23:18 [INFO] [転送] VM → BM : Depth:309.0
2025-07-11 06:23:18 [INFO] [受信] VM → BM;Depth:195.0
2025-07-11 06:23:18 [INFO] [転送] VM → BM : Depth:195.0
2025-07-11 06:23:18 [INFO] [受信] VM → BM;Depth:196.0
2025-07-11 06:23:18 [INFO] [転送] VM → BM : Depth:196.0
2025-07-11 06:23:18 [INFO] [受信] VM → BM;Depth:263.0
2025-07-11 06:23:18 [INFO] [転送] VM → BM : Depth:263.0
2025-07-11 06:23:18 [INFO] [受信] VM → BM;Depth:269.0
2025-07-11 06:23:18 [INFO] [転送] VM → BM : Depth:269.0
2025-07-11 06:23:18 [INFO] [受信] VM → BM;Depth:281.0
2025-07-11 06:23:18 [INFO] [転送] VM → BM : Depth:281.0
2025-07-11 06:23:18 [INFO] [受信] VM → BM;Depth:290.0
2025-07-11 06:23:18 [INFO] [転送] VM → BM : Depth:290.0
2025-07-11 06:23:18 [INFO] [受信] VM → BM;Depth:290.0
2025-07-11 06:23:18 [INFO] [転送] VM → BM : Depth:290.0
2025-07-11 06:23:18 [INFO] [受信] VM → BM;Depth:291.0
2025-07-11 06:23:18 [INFO] [転送] VM → BM : Depth:291.0
2025-07-11 06:23:18 [INFO] [受信] VM → BM;Depth:289.0
2025-07-11 06:23:18 [INFO] [転送] VM → BM : Depth:289.0
2025-07-11 06:23:18 [INFO] [受信] VM → BM;Depth:289.0
2025-07-11 06:23:18 [INFO] [転送] VM → BM : Depth:289.0
2025-07-11 06:23:18 [INFO] [受信] VM → BM;Depth:284.0
2025-07-11 06:23:19 [INFO] [転送] VM → BM : Depth:284.0
2025-07-11 06:23:19 [INFO] [受信] VM → BM;Depth:234.0
2025-07-11 06:23:19 [INFO] [転送] VM → BM : Depth:234.0
2025-07-11 06:23:19 [INFO] [受信] VM → BM;Depth:232.0
2025-07-11 06:23:19 [INFO] [転送] VM → BM : Depth:232.0
2025-07-11 06:23:19 [INFO] [受信] VM → BM;Depth:232.0
2025-07-11 06:23:19 [INFO] [転送] VM → BM : Depth:232.0
2025-07-11 06:23:19 [INFO] [受信] VM → BM;Depth:248.0
2025-07-11 06:23:19 [INFO] [転送] VM → BM : Depth:248.0
2025-07-11 06:23:19 [INFO] [受信] VM → BM;Depth:249.0
2025-07-11 06:23:19 [INFO] [転送] VM → BM : Depth:249.0
2025-07-11 06:23:19 [INFO] [受信] VM → BM;Depth:240.0
2025-07-11 06:23:19 [INFO] [受信] Cmd → BM;ID:1,Cond:1
2025-07-11 06:23:19 [INFO] [転送] VM → BM : Depth:240.0
2025-07-11 06:23:19 [INFO] [転送] Cmd → BM : ID:1,Cond:1
2025-07-11 06:23:19 [INFO] [受信] VM → BM;Depth:240.0
2025-07-11 06:23:19 [INFO] [受信] Cmd → VM;ID:1,Cond:1
2025-07-11 06:23:19 [INFO] [転送] VM → BM : Depth:240.0
2025-07-11 06:23:19 [INFO] [転送] Cmd → VM : ID:1,Cond:1
2025-07-11 06:23:19 [INFO] [受信] Cmd → VM;start_log_recording
2025-07-11 06:23:19 [INFO] [転送] Cmd → VM : start_log_recording
2025-07-11 06:23:20 [INFO] [受信] VM → BM;Depth:240.0
2025-07-11 06:23:20 [INFO] [転送] VM → BM : Depth:240.0
2025-07-11 06:23:20 [INFO] [受信] VM → BM;Depth:240.0
2025-07-11 06:23:20 [INFO] [転送] VM → BM : Depth:240.0
2025-07-11 06:23:20 [INFO] [受信] VM → BM;Depth:239.0
2025-07-11 06:23:20 [INFO] [転送] VM → BM : Depth:239.0
2025-07-11 06:23:20 [INFO] [受信] VM → BM;Depth:241.0
2025-07-11 06:23:20 [INFO] [転送] VM → BM : Depth:241.0
2025-07-11 06:23:20 [INFO] [受信] VM → BM;Depth:249.0
2025-07-11 06:23:20 [INFO] [転送] VM → BM : Depth:249.0
2025-07-11 06:23:20 [INFO] [受信] VM → BM;Depth:249.0
2025-07-11 06:23:20 [INFO] [転送] VM → BM : Depth:249.0
2025-07-11 06:23:20 [INFO] [受信] VM → BM;Depth:249.0
2025-07-11 06:23:20 [INFO] [転送] VM → BM : Depth:249.0
2025-07-11 06:23:20 [INFO] [受信] VM → BM;Depth:244.0
2025-07-11 06:23:20 [INFO] [転送] VM → BM : Depth:244.0
2025-07-11 06:23:20 [INFO] [受信] VM → BM;Depth:251.0
2025-07-11 06:23:20 [INFO] [転送] VM → BM : Depth:251.0
2025-07-11 06:23:20 [INFO] [受信] VM → BM;Depth:249.0
2025-07-11 06:23:20 [INFO] [転送] VM → BM : Depth:249.0
2025-07-11 06:23:20 [INFO] [受信] VM → BM;Depth:244.0
2025-07-11 06:23:20 [INFO] [転送] VM → BM : Depth:244.0
2025-07-11 06:23:20 [INFO] [受信] VM → BM;Depth:238.0
2025-07-11 06:23:20 [INFO] [転送] VM → BM : Depth:238.0
2025-07-11 06:23:20 [INFO] [受信] VM → BM;Depth:258.0
2025-07-11 06:23:20 [INFO] [転送] VM → BM : Depth:258.0
2025-07-11 06:25:14 [INFO] [受信] Cmd → BM;reset
2025-07-11 06:25:14 [INFO] [転送] Cmd → BM : reset
2025-07-11 06:25:14 [INFO] [受信] Cmd → VM;stop_log_recording
2025-07-11 06:25:14 [INFO] [転送] Cmd → VM : stop_log_recording
2025-07-11 06:25:15 [INFO] [受信] Cmd → BM;ID:1,Cond:1
2025-07-11 06:25:15 [INFO] [転送] Cmd → BM : ID:1,Cond:1
2025-07-11 06:25:15 [INFO] [受信] Cmd → VM;ID:1,Cond:1
2025-07-11 06:25:15 [INFO] [転送] Cmd → VM : ID:1,Cond:1
2025-07-11 06:25:15 [INFO] [受信] Cmd → VM;start_log_recording
2025-07-11 06:25:15 [INFO] [転送] Cmd → VM : start_log_recording
2025-07-11 06:25:16 [INFO] [受信] Cmd → BM;reset
2025-07-11 06:25:16 [INFO] [転送] Cmd → BM : reset
2025-07-11 06:25:16 [INFO] [受信] Cmd → VM;stop_log_recording
2025-07-11 06:25:16 [INFO] [転送] Cmd → VM : stop_log_recording
2025-07-11 06:25:17 [INFO] [受信] Cmd → BM;ID:1,Cond:1
2025-07-11 06:25:17 [INFO] [転送] Cmd → BM : ID:1,Cond:1
2025-07-11 06:25:18 [INFO] [受信] Cmd → VM;ID:1,Cond:1
2025-07-11 06:25:18 [INFO] [転送] Cmd → VM : ID:1,Cond:1
2025-07-11 06:25:18 [INFO] [受信] Cmd → VM;start_log_recording
2025-07-11 06:25:18 [INFO] [転送] Cmd → VM : start_log_recording
2025-07-11 06:25:22 [INFO] [受信] VM → BM;Depth:270.0
2025-07-11 06:25:22 [INFO] [転送] VM → BM : Depth:270.0
2025-07-11 06:25:22 [INFO] [受信] VM → BM;Depth:287.0
2025-07-11 06:25:22 [INFO] [転送] VM → BM : Depth:287.0
2025-07-11 06:25:22 [INFO] [受信] VM → BM;Depth:297.0
2025-07-11 06:25:22 [INFO] [転送] VM → BM : Depth:297.0
2025-07-11 06:25:22 [INFO] [受信] VM → BM;Depth:302.0
2025-07-11 06:25:22 [INFO] [転送] VM → BM : Depth:302.0
2025-07-11 06:25:23 [INFO] [受信] VM → BM;Depth:273.0
2025-07-11 06:25:23 [INFO] [転送] VM → BM : Depth:273.0
2025-07-11 06:25:23 [INFO] [受信] VM → BM;Depth:160.0
2025-07-11 06:25:23 [INFO] [転送] VM → BM : Depth:160.0
2025-07-11 06:25:23 [INFO] [受信] VM → BM;Depth:299.0
2025-07-11 06:25:23 [INFO] [転送] VM → BM : Depth:299.0
2025-07-11 06:25:23 [INFO] [受信] VM → BM;Depth:299.0
2025-07-11 06:25:23 [INFO] [転送] VM → BM : Depth:299.0
2025-07-11 06:25:23 [INFO] [受信] VM → BM;Depth:302.0
2025-07-11 06:25:23 [INFO] [転送] VM → BM : Depth:302.0
2025-07-11 06:25:23 [INFO] [受信] VM → BM;Depth:159.0
2025-07-11 06:25:23 [INFO] [転送] VM → BM : Depth:159.0
2025-07-11 06:25:23 [INFO] [受信] VM → BM;Depth:315.0
2025-07-11 06:25:23 [INFO] [転送] VM → BM : Depth:315.0
2025-07-11 06:25:23 [INFO] [受信] VM → BM;Depth:292.0
2025-07-11 06:25:23 [INFO] [転送] VM → BM : Depth:292.0
2025-07-11 06:25:23 [INFO] [受信] VM → BM;Depth:196.0
2025-07-11 06:25:23 [INFO] [転送] VM → BM : Depth:196.0
2025-07-11 06:25:23 [INFO] [受信] VM → BM;Depth:312.0
2025-07-11 06:25:23 [INFO] [転送] VM → BM : Depth:312.0
2025-07-11 06:25:23 [INFO] [受信] VM → BM;Depth:305.0
2025-07-11 06:25:23 [INFO] [転送] VM → BM : Depth:305.0
2025-07-11 06:25:23 [INFO] [受信] VM → BM;Depth:304.0
2025-07-11 06:25:23 [INFO] [転送] VM → BM : Depth:304.0
2025-07-11 06:25:23 [INFO] [受信] VM → BM;Depth:306.0
2025-07-11 06:25:23 [INFO] [転送] VM → BM : Depth:306.0
2025-07-11 06:25:23 [INFO] [受信] VM → BM;Depth:319.0
2025-07-11 06:25:23 [INFO] [転送] VM → BM : Depth:319.0
2025-07-11 06:25:23 [INFO] [受信] VM → BM;Depth:305.0
2025-07-11 06:25:23 [INFO] [転送] VM → BM : Depth:305.0
2025-07-11 06:25:23 [INFO] [受信] VM → BM;Depth:313.0
2025-07-11 06:25:24 [INFO] [転送] VM → BM : Depth:313.0
2025-07-11 06:25:24 [INFO] [受信] VM → BM;Depth:305.0
2025-07-11 06:25:24 [INFO] [転送] VM → BM : Depth:305.0
2025-07-11 06:25:24 [INFO] [受信] VM → BM;Depth:299.0
2025-07-11 06:25:24 [INFO] [転送] VM → BM : Depth:299.0
2025-07-11 06:25:24 [INFO] [受信] VM → BM;Depth:306.0
2025-07-11 06:25:24 [INFO] [転送] VM → BM : Depth:306.0
2025-07-11 06:25:24 [INFO] [受信] VM → BM;Depth:319.0
2025-07-11 06:25:24 [INFO] [転送] VM → BM : Depth:319.0
2025-07-11 06:25:24 [INFO] [受信] VM → BM;Depth:452.0
2025-07-11 06:25:24 [INFO] [転送] VM → BM : Depth:452.0
2025-07-11 06:25:24 [INFO] [受信] Cmd → BM;reset
2025-07-11 06:25:24 [INFO] [受信] VM → BM;Depth:319.0
2025-07-11 06:25:24 [INFO] [転送] Cmd → BM : reset
2025-07-11 06:25:24 [INFO] [転送] VM → BM : Depth:319.0
2025-07-11 06:25:24 [INFO] [受信] Cmd → VM;stop_log_recording
2025-07-11 06:25:24 [INFO] [転送] Cmd → VM : stop_log_recording
2025-07-11 06:25:24 [INFO] [受信] VM → BM;Depth:326.0
2025-07-11 06:25:24 [INFO] [転送] VM → BM : Depth:326.0
2025-07-11 06:25:24 [INFO] [受信] VM → BM;Depth:323.0
2025-07-11 06:25:24 [INFO] [転送] VM → BM : Depth:323.0
2025-07-11 06:25:24 [INFO] [受信] VM → BM;Depth:322.0
2025-07-11 06:25:24 [INFO] [転送] VM → BM : Depth:322.0
2025-07-11 06:25:24 [INFO] [受信] VM → BM;Depth:319.0
2025-07-11 06:25:24 [INFO] [転送] VM → BM : Depth:319.0
2025-07-11 06:25:24 [INFO] [受信] VM → BM;Depth:318.0
2025-07-11 06:25:24 [INFO] [転送] VM → BM : Depth:318.0
2025-07-11 06:25:24 [INFO] [受信] VM → BM;Depth:315.0
2025-07-11 06:25:24 [INFO] [転送] VM → BM : Depth:315.0
2025-07-11 06:25:24 [INFO] [受信] VM → BM;Depth:308.0
2025-07-11 06:25:24 [INFO] [転送] VM → BM : Depth:308.0
2025-07-11 06:25:24 [INFO] [受信] VM → BM;Depth:290.0
2025-07-11 06:25:24 [INFO] [転送] VM → BM : Depth:290.0
2025-07-11 06:25:24 [INFO] [受信] VM → BM;Depth:275.0
2025-07-11 06:25:25 [INFO] [転送] VM → BM : Depth:275.0
2025-07-11 06:25:25 [INFO] [受信] VM → BM;Depth:320.0
2025-07-11 06:25:25 [INFO] [転送] VM → BM : Depth:320.0
2025-07-11 06:25:25 [INFO] [受信] VM → BM;Depth:241.0
2025-07-11 06:25:25 [INFO] [転送] VM → BM : Depth:241.0
2025-07-11 06:25:25 [INFO] [受信] VM → BM;Depth:254.0
2025-07-11 06:25:25 [INFO] [転送] VM → BM : Depth:254.0
2025-07-11 06:25:25 [INFO] [受信] VM → BM;Depth:284.0
2025-07-11 06:25:25 [INFO] [転送] VM → BM : Depth:284.0
2025-07-11 06:25:25 [INFO] [受信] VM → BM;Depth:246.0
2025-07-11 06:25:25 [INFO] [転送] VM → BM : Depth:246.0
2025-07-11 06:25:25 [INFO] [受信] VM → BM;Depth:245.0
2025-07-11 06:25:25 [INFO] [転送] VM → BM : Depth:245.0
2025-07-11 06:25:25 [INFO] [受信] Cmd → BM;ID:1,Cond:1
2025-07-11 06:25:25 [INFO] [転送] Cmd → BM : ID:1,Cond:1
2025-07-11 06:25:25 [INFO] [受信] VM → BM;Depth:243.0
2025-07-11 06:25:25 [INFO] [受信] Cmd → VM;ID:1,Cond:1
2025-07-11 06:25:25 [INFO] [転送] VM → BM : Depth:243.0
2025-07-11 06:25:25 [INFO] [転送] Cmd → VM : ID:1,Cond:1
2025-07-11 06:25:25 [INFO] [受信] Cmd → VM;start_log_recording
2025-07-11 06:25:25 [INFO] [転送] Cmd → VM : start_log_recording
2025-07-11 06:25:25 [INFO] [受信] VM → BM;Depth:241.0
2025-07-11 06:25:25 [INFO] [転送] VM → BM : Depth:241.0
2025-07-11 06:25:25 [INFO] [受信] VM → BM;Depth:239.0
2025-07-11 06:25:25 [INFO] [転送] VM → BM : Depth:239.0
2025-07-11 06:25:25 [INFO] [受信] VM → BM;Depth:231.0
2025-07-11 06:25:25 [INFO] [転送] VM → BM : Depth:231.0
2025-07-11 06:25:25 [INFO] [受信] VM → BM;Depth:288.0
2025-07-11 06:25:25 [INFO] [転送] VM → BM : Depth:288.0
2025-07-11 06:25:25 [INFO] [受信] VM → BM;Depth:192.0
2025-07-11 06:25:25 [INFO] [転送] VM → BM : Depth:192.0
2025-07-11 06:25:25 [INFO] [受信] VM → BM;Depth:299.0
2025-07-11 06:25:25 [INFO] [転送] VM → BM : Depth:299.0
2025-07-11 06:25:25 [INFO] [受信] VM → BM;Depth:309.0
2025-07-11 06:25:25 [INFO] [転送] VM → BM : Depth:309.0
2025-07-11 06:25:25 [INFO] [受信] VM → BM;Depth:247.0
2025-07-11 06:25:26 [INFO] [転送] VM → BM : Depth:247.0
2025-07-11 06:25:26 [INFO] [受信] VM → BM;Depth:245.0
2025-07-11 06:25:26 [INFO] [転送] VM → BM : Depth:245.0
2025-07-11 06:25:26 [INFO] [受信] VM → BM;Depth:321.0
2025-07-11 06:25:26 [INFO] [転送] VM → BM : Depth:321.0
2025-07-11 06:25:26 [INFO] [受信] VM → BM;Depth:314.0
2025-07-11 06:25:26 [INFO] [転送] VM → BM : Depth:314.0
2025-07-11 06:25:26 [INFO] [受信] VM → BM;Depth:312.0
2025-07-11 06:25:26 [INFO] [転送] VM → BM : Depth:312.0
2025-07-11 06:25:26 [INFO] [受信] VM → BM;Depth:306.0
2025-07-11 06:25:26 [INFO] [転送] VM → BM : Depth:306.0
2025-07-11 06:25:26 [INFO] [受信] Cmd → BM;reset
2025-07-11 06:25:26 [INFO] [転送] Cmd → BM : reset
2025-07-11 06:25:26 [INFO] [受信] Cmd → VM;stop_log_recording
2025-07-11 06:25:26 [INFO] [受信] VM → BM;Depth:292.0
2025-07-11 06:25:26 [INFO] [転送] Cmd → VM : stop_log_recording
2025-07-11 06:25:26 [INFO] [転送] VM → BM : Depth:292.0
2025-07-11 06:25:26 [INFO] [受信] VM → BM;Depth:195.0
2025-07-11 06:25:26 [INFO] [転送] VM → BM : Depth:195.0
2025-07-11 06:25:26 [INFO] [受信] VM → BM;Depth:193.0
2025-07-11 06:25:26 [INFO] [転送] VM → BM : Depth:193.0
2025-07-11 06:25:26 [INFO] [受信] VM → BM;Depth:291.0
2025-07-11 06:25:26 [INFO] [転送] VM → BM : Depth:291.0
2025-07-11 06:25:26 [INFO] [受信] VM → BM;Depth:288.0
2025-07-11 06:25:26 [INFO] [転送] VM → BM : Depth:288.0
2025-07-11 06:25:26 [INFO] [受信] VM → BM;Depth:290.0
2025-07-11 06:25:26 [INFO] [受信] Cmd → BM;ID:1,Cond:1
2025-07-11 06:25:26 [INFO] [転送] VM → BM : Depth:290.0
2025-07-11 06:25:26 [INFO] [転送] Cmd → BM : ID:1,Cond:1
2025-07-11 06:25:26 [INFO] [受信] Cmd → VM;ID:1,Cond:1
2025-07-11 06:25:26 [INFO] [受信] VM → BM;Depth:292.0
2025-07-11 06:25:26 [INFO] [転送] Cmd → VM : ID:1,Cond:1
2025-07-11 06:25:26 [INFO] [転送] VM → BM : Depth:292.0
2025-07-11 06:25:26 [INFO] [受信] Cmd → VM;start_log_recording
2025-07-11 06:25:26 [INFO] [転送] Cmd → VM : start_log_recording
2025-07-11 06:25:26 [INFO] [受信] VM → BM;Depth:289.0
2025-07-11 06:25:26 [INFO] [転送] VM → BM : Depth:289.0
2025-07-11 06:25:26 [INFO] [受信] VM → BM;Depth:289.0
2025-07-11 06:25:26 [INFO] [転送] VM → BM : Depth:289.0
2025-07-11 06:25:27 [INFO] [受信] VM → BM;Depth:287.0
2025-07-11 06:25:27 [INFO] [転送] VM → BM : Depth:287.0
2025-07-11 06:25:27 [INFO] [受信] VM → BM;Depth:290.0
2025-07-11 06:25:27 [INFO] [転送] VM → BM : Depth:290.0
2025-07-11 06:25:27 [INFO] [受信] VM → BM;Depth:291.0
2025-07-11 06:25:27 [INFO] [転送] VM → BM : Depth:291.0
2025-07-11 06:25:27 [INFO] [受信] VM → BM;Depth:288.0
2025-07-11 06:25:27 [INFO] [転送] VM → BM : Depth:288.0
2025-07-11 06:25:27 [INFO] [受信] Cmd → BM;reset
2025-07-11 06:25:27 [INFO] [転送] Cmd → BM : reset
2025-07-11 06:25:27 [INFO] [受信] Cmd → VM;stop_log_recording
2025-07-11 06:25:27 [INFO] [受信] VM → BM;Depth:293.0
2025-07-11 06:25:27 [INFO] [転送] Cmd → VM : stop_log_recording
2025-07-11 06:25:27 [INFO] [転送] VM → BM : Depth:293.0
2025-07-11 06:25:27 [INFO] [受信] VM → BM;Depth:293.0
2025-07-11 06:25:27 [INFO] [転送] VM → BM : Depth:293.0
2025-07-11 06:25:27 [INFO] [受信] VM → BM;Depth:275.0
2025-07-11 06:25:27 [INFO] [転送] VM → BM : Depth:275.0
2025-07-11 06:25:27 [INFO] [受信] VM → BM;Depth:173.0
2025-07-11 06:25:27 [INFO] [転送] VM → BM : Depth:173.0
2025-07-11 06:25:27 [INFO] [受信] VM → BM;Depth:161.0
2025-07-11 06:25:27 [INFO] [転送] VM → BM : Depth:161.0
2025-07-11 06:25:27 [INFO] [受信] VM → BM;Depth:206.0
2025-07-11 06:25:27 [INFO] [転送] VM → BM : Depth:206.0
2025-07-11 06:25:30 [ERROR] [エラー] 受信中に例外発生：[WinError 10054] 既存の接続はリモート ホストに強制的に切断されました。
2025-07-11 06:25:30 [INFO] [切断] 127.0.0.1:49291 (BM) の接続を終了
2025-07-11 06:25:30 [ERROR] [エラー] 受信中に例外発生：[WinError 10054] 既存の接続はリモート ホストに強制的に切断されました。
2025-07-11 06:25:30 [INFO] [切断] 127.0.0.1:49293 (VM) の接続を終了
