2025-07-11 06:46:27 [INFO] [起動] BlackBoardサーバが localhost:9000 で待機中...
2025-07-11 06:46:27 [INFO] [操作] ESCキーでサーバを終了できます
2025-07-11 06:46:29 [INFO] [接続] BM (127.0.0.1:49746) が接続しました
2025-07-11 06:46:30 [INFO] [接続] Cmd (127.0.0.1:49747) が接続しました
2025-07-11 06:46:31 [INFO] [接続] VM (127.0.0.1:49748) が接続しました
2025-07-11 06:46:33 [INFO] [受信] VM → BM;Depth:203.0
2025-07-11 06:46:33 [INFO] [転送] VM → BM : Depth:203.0
2025-07-11 06:46:33 [INFO] [受信] VM → BM;Depth:201.0
2025-07-11 06:46:33 [INFO] [転送] VM → BM : Depth:201.0
2025-07-11 06:46:33 [INFO] [受信] VM → BM;Depth:216.0
2025-07-11 06:46:33 [INFO] [転送] VM → BM : Depth:216.0
2025-07-11 06:46:33 [INFO] [受信] VM → BM;Depth:225.0
2025-07-11 06:46:33 [INFO] [転送] VM → BM : Depth:225.0
2025-07-11 06:46:33 [INFO] [受信] VM → BM;Depth:240.0
2025-07-11 06:46:33 [INFO] [転送] VM → BM : Depth:240.0
2025-07-11 06:46:33 [INFO] [受信] VM → BM;Depth:253.0
2025-07-11 06:46:33 [INFO] [転送] VM → BM : Depth:253.0
2025-07-11 06:46:33 [INFO] [受信] VM → BM;Depth:249.0
2025-07-11 06:46:33 [INFO] [転送] VM → BM : Depth:249.0
2025-07-11 06:46:33 [INFO] [受信] VM → BM;Depth:252.0
2025-07-11 06:46:33 [INFO] [転送] VM → BM : Depth:252.0
2025-07-11 06:46:33 [INFO] [受信] VM → BM;Depth:254.0
2025-07-11 06:46:33 [INFO] [転送] VM → BM : Depth:254.0
2025-07-11 06:46:34 [INFO] [受信] VM → BM;Depth:256.0
2025-07-11 06:46:34 [INFO] [転送] VM → BM : Depth:256.0
2025-07-11 06:46:34 [INFO] [受信] VM → BM;Depth:265.0
2025-07-11 06:46:34 [INFO] [転送] VM → BM : Depth:265.0
2025-07-11 06:46:34 [INFO] [受信] VM → BM;Depth:267.0
2025-07-11 06:46:34 [INFO] [転送] VM → BM : Depth:267.0
2025-07-11 06:46:34 [INFO] [受信] VM → BM;Depth:272.0
2025-07-11 06:46:34 [INFO] [転送] VM → BM : Depth:272.0
2025-07-11 06:46:34 [INFO] [受信] VM → BM;Depth:274.0
2025-07-11 06:46:34 [INFO] [転送] VM → BM : Depth:274.0
2025-07-11 06:46:34 [INFO] [受信] VM → BM;Depth:278.0
2025-07-11 06:46:34 [INFO] [転送] VM → BM : Depth:278.0
2025-07-11 06:46:34 [INFO] [受信] VM → BM;Depth:239.0
2025-07-11 06:46:34 [INFO] [転送] VM → BM : Depth:239.0
2025-07-11 06:46:34 [INFO] [受信] VM → BM;Depth:284.0
2025-07-11 06:46:34 [INFO] [転送] VM → BM : Depth:284.0
2025-07-11 06:46:34 [INFO] [受信] VM → BM;Depth:250.0
2025-07-11 06:46:34 [INFO] [転送] VM → BM : Depth:250.0
2025-07-11 06:46:34 [INFO] [受信] VM → BM;Depth:255.0
2025-07-11 06:46:34 [INFO] [転送] VM → BM : Depth:255.0
2025-07-11 06:46:34 [INFO] [受信] VM → BM;Depth:284.0
2025-07-11 06:46:34 [INFO] [転送] VM → BM : Depth:284.0
2025-07-11 06:46:34 [INFO] [受信] VM → BM;Depth:258.0
2025-07-11 06:46:34 [INFO] [転送] VM → BM : Depth:258.0
2025-07-11 06:46:34 [INFO] [受信] VM → BM;Depth:240.0
2025-07-11 06:46:34 [INFO] [転送] VM → BM : Depth:240.0
2025-07-11 06:46:34 [INFO] [受信] VM → BM;Depth:273.0
2025-07-11 06:46:34 [INFO] [転送] VM → BM : Depth:273.0
2025-07-11 06:46:34 [INFO] [受信] VM → BM;Depth:271.0
2025-07-11 06:46:34 [INFO] [転送] VM → BM : Depth:271.0
2025-07-11 06:46:34 [INFO] [受信] VM → BM;Depth:269.0
2025-07-11 06:46:34 [INFO] [転送] VM → BM : Depth:269.0
2025-07-11 06:46:34 [INFO] [受信] VM → BM;Depth:268.0
2025-07-11 06:46:34 [INFO] [転送] VM → BM : Depth:268.0
2025-07-11 06:46:34 [INFO] [受信] VM → BM;Depth:267.0
2025-07-11 06:46:34 [INFO] [転送] VM → BM : Depth:267.0
2025-07-11 06:46:34 [INFO] [受信] VM → BM;Depth:266.0
2025-07-11 06:46:34 [INFO] [転送] VM → BM : Depth:266.0
2025-07-11 06:46:34 [INFO] [受信] VM → BM;Depth:266.0
2025-07-11 06:46:34 [INFO] [転送] VM → BM : Depth:266.0
2025-07-11 06:46:34 [INFO] [受信] VM → BM;Depth:266.0
2025-07-11 06:46:34 [INFO] [転送] VM → BM : Depth:266.0
2025-07-11 06:46:34 [INFO] [受信] VM → BM;Depth:265.0
2025-07-11 06:46:34 [INFO] [転送] VM → BM : Depth:265.0
2025-07-11 06:46:34 [INFO] [受信] VM → BM;Depth:265.0
2025-07-11 06:46:34 [INFO] [転送] VM → BM : Depth:265.0
2025-07-11 06:46:34 [INFO] [受信] VM → BM;Depth:264.0
2025-07-11 06:46:34 [INFO] [転送] VM → BM : Depth:264.0
2025-07-11 06:46:35 [INFO] [受信] VM → BM;Depth:264.0
2025-07-11 06:46:35 [INFO] [転送] VM → BM : Depth:264.0
2025-07-11 06:46:35 [INFO] [受信] VM → BM;Depth:264.0
2025-07-11 06:46:35 [INFO] [受信] Cmd → BM;ID:1,Cond:1
2025-07-11 06:46:35 [INFO] [転送] VM → BM : Depth:264.0
2025-07-11 06:46:35 [INFO] [転送] Cmd → BM : ID:1,Cond:1
2025-07-11 06:46:35 [INFO] [受信] VM → BM;Depth:265.0
2025-07-11 06:46:35 [INFO] [受信] Cmd → VM;ID:1,Cond:1
2025-07-11 06:46:35 [INFO] [転送] VM → BM : Depth:265.0
2025-07-11 06:46:35 [INFO] [転送] Cmd → VM : ID:1,Cond:1
2025-07-11 06:46:35 [INFO] [受信] VM → BM;Depth:265.0
2025-07-11 06:46:35 [INFO] [受信] Cmd → VM;start_log_recording
2025-07-11 06:46:35 [INFO] [転送] VM → BM : Depth:265.0
2025-07-11 06:46:35 [INFO] [転送] Cmd → VM : start_log_recording
2025-07-11 06:46:35 [INFO] [受信] VM → BM;Depth:265.0
2025-07-11 06:46:35 [INFO] [転送] VM → BM : Depth:265.0
2025-07-11 06:46:35 [INFO] [受信] VM → BM;Depth:264.0
2025-07-11 06:46:35 [INFO] [転送] VM → BM : Depth:264.0
2025-07-11 06:46:35 [INFO] [受信] VM → BM;Depth:262.0
2025-07-11 06:46:35 [INFO] [転送] VM → BM : Depth:262.0
2025-07-11 06:46:35 [INFO] [受信] VM → BM;Depth:263.0
2025-07-11 06:46:35 [INFO] [転送] VM → BM : Depth:263.0
2025-07-11 06:46:35 [INFO] [受信] VM → BM;Depth:263.0
2025-07-11 06:46:35 [INFO] [転送] VM → BM : Depth:263.0
2025-07-11 06:46:35 [INFO] [受信] VM → BM;Depth:262.0
2025-07-11 06:46:35 [INFO] [転送] VM → BM : Depth:262.0
2025-07-11 06:46:35 [INFO] [受信] VM → BM;Depth:262.0
2025-07-11 06:46:35 [INFO] [転送] VM → BM : Depth:262.0
2025-07-11 06:46:35 [INFO] [受信] VM → BM;Depth:262.0
2025-07-11 06:46:35 [INFO] [転送] VM → BM : Depth:262.0
2025-07-11 06:46:35 [INFO] [受信] VM → BM;Depth:262.0
2025-07-11 06:46:35 [INFO] [転送] VM → BM : Depth:262.0
2025-07-11 06:46:35 [INFO] [受信] VM → BM;Depth:261.0
2025-07-11 06:46:35 [INFO] [転送] VM → BM : Depth:261.0
2025-07-11 06:46:35 [INFO] [受信] VM → BM;Depth:261.0
2025-07-11 06:46:35 [INFO] [転送] VM → BM : Depth:261.0
2025-07-11 06:46:35 [INFO] [受信] VM → BM;Depth:261.0
2025-07-11 06:46:35 [INFO] [転送] VM → BM : Depth:261.0
2025-07-11 06:46:35 [INFO] [受信] VM → BM;Depth:261.0
2025-07-11 06:46:35 [INFO] [転送] VM → BM : Depth:261.0
2025-07-11 06:46:35 [INFO] [受信] VM → BM;Depth:261.0
2025-07-11 06:46:35 [INFO] [転送] VM → BM : Depth:261.0
2025-07-11 06:46:35 [INFO] [受信] VM → BM;Depth:264.0
2025-07-11 06:46:35 [INFO] [転送] VM → BM : Depth:264.0
2025-07-11 06:46:35 [INFO] [受信] VM → BM;Depth:261.0
2025-07-11 06:46:35 [INFO] [転送] VM → BM : Depth:261.0
2025-07-11 06:46:36 [INFO] [受信] VM → BM;Depth:235.0
2025-07-11 06:46:36 [INFO] [転送] VM → BM : Depth:235.0
2025-07-11 06:46:36 [INFO] [受信] VM → BM;Depth:233.0
2025-07-11 06:46:36 [INFO] [転送] VM → BM : Depth:233.0
2025-07-11 06:46:36 [INFO] [受信] VM → BM;Depth:241.0
2025-07-11 06:46:36 [INFO] [転送] VM → BM : Depth:241.0
2025-07-11 06:46:36 [INFO] [受信] VM → BM;Depth:243.0
2025-07-11 06:46:36 [INFO] [転送] VM → BM : Depth:243.0
2025-07-11 06:46:36 [INFO] [受信] VM → BM;Depth:246.0
2025-07-11 06:46:36 [INFO] [受信] Cmd → BM;reset
2025-07-11 06:46:36 [INFO] [転送] VM → BM : Depth:246.0
2025-07-11 06:46:36 [INFO] [転送] Cmd → BM : reset
2025-07-11 06:46:36 [INFO] [受信] Cmd → VM;stop_log_recording
2025-07-11 06:46:36 [INFO] [受信] VM → BM;Depth:248.0
2025-07-11 06:46:36 [INFO] [転送] Cmd → VM : stop_log_recording
2025-07-11 06:46:36 [INFO] [転送] VM → BM : Depth:248.0
2025-07-11 06:46:36 [INFO] [受信] VM → BM;Depth:201.0
2025-07-11 06:46:36 [INFO] [転送] VM → BM : Depth:201.0
2025-07-11 06:46:36 [INFO] [受信] VM → BM;Depth:212.0
2025-07-11 06:46:36 [INFO] [転送] VM → BM : Depth:212.0
2025-07-11 06:46:36 [INFO] [受信] VM → BM;Depth:213.0
2025-07-11 06:46:36 [INFO] [転送] VM → BM : Depth:213.0
2025-07-11 06:46:36 [INFO] [受信] VM → BM;Depth:213.0
2025-07-11 06:46:36 [INFO] [転送] VM → BM : Depth:213.0
2025-07-11 06:46:36 [INFO] [受信] VM → BM;Depth:225.0
2025-07-11 06:46:36 [INFO] [転送] VM → BM : Depth:225.0
2025-07-11 06:46:36 [INFO] [受信] VM → BM;Depth:225.0
2025-07-11 06:46:36 [INFO] [転送] VM → BM : Depth:225.0
2025-07-11 06:46:36 [INFO] [受信] VM → BM;Depth:284.0
2025-07-11 06:46:36 [INFO] [転送] VM → BM : Depth:284.0
2025-07-11 06:46:36 [INFO] [受信] VM → BM;Depth:199.0
2025-07-11 06:46:37 [INFO] [転送] VM → BM : Depth:199.0
2025-07-11 06:46:37 [INFO] [受信] VM → BM;Depth:245.0
2025-07-11 06:46:37 [INFO] [転送] VM → BM : Depth:245.0
2025-07-11 06:46:37 [INFO] [受信] VM → BM;Depth:243.0
2025-07-11 06:46:37 [INFO] [転送] VM → BM : Depth:243.0
2025-07-11 06:46:37 [INFO] [受信] VM → BM;Depth:220.0
2025-07-11 06:46:37 [INFO] [転送] VM → BM : Depth:220.0
2025-07-11 06:46:38 [INFO] [受信] VM → BM;Depth:195.0
2025-07-11 06:46:38 [INFO] [転送] VM → BM : Depth:195.0
2025-07-11 06:46:38 [INFO] [受信] VM → BM;Depth:202.0
2025-07-11 06:46:38 [INFO] [転送] VM → BM : Depth:202.0
2025-07-11 06:46:38 [INFO] [受信] VM → BM;Depth:202.0
2025-07-11 06:46:38 [INFO] [転送] VM → BM : Depth:202.0
2025-07-11 06:46:38 [INFO] [受信] VM → BM;Depth:206.0
2025-07-11 06:46:38 [INFO] [転送] VM → BM : Depth:206.0
2025-07-11 06:46:38 [INFO] [受信] VM → BM;Depth:212.0
2025-07-11 06:46:38 [INFO] [転送] VM → BM : Depth:212.0
2025-07-11 06:46:38 [INFO] [受信] VM → BM;Depth:213.0
2025-07-11 06:46:38 [INFO] [転送] VM → BM : Depth:213.0
2025-07-11 06:46:38 [INFO] [受信] VM → BM;Depth:214.0
2025-07-11 06:46:38 [INFO] [転送] VM → BM : Depth:214.0
2025-07-11 06:46:39 [INFO] [受信] VM → BM;Depth:216.0
2025-07-11 06:46:39 [INFO] [転送] VM → BM : Depth:216.0
2025-07-11 06:46:39 [INFO] [受信] Cmd → BM;ID:1,Cond:2
2025-07-11 06:46:39 [INFO] [受信] VM → BM;Depth:216.0
2025-07-11 06:46:39 [INFO] [転送] Cmd → BM : ID:1,Cond:2
2025-07-11 06:46:39 [INFO] [転送] VM → BM : Depth:216.0
2025-07-11 06:46:39 [INFO] [受信] Cmd → VM;ID:1,Cond:2
2025-07-11 06:46:39 [INFO] [受信] VM → BM;Depth:216.0
2025-07-11 06:46:39 [INFO] [転送] Cmd → VM : ID:1,Cond:2
2025-07-11 06:46:39 [INFO] [転送] VM → BM : Depth:216.0
2025-07-11 06:46:39 [INFO] [受信] Cmd → VM;start_log_recording
2025-07-11 06:46:39 [INFO] [転送] Cmd → VM : start_log_recording
2025-07-11 06:46:39 [INFO] [受信] VM → BM;Depth:216.0
2025-07-11 06:46:39 [INFO] [転送] VM → BM : Depth:216.0
2025-07-11 06:46:39 [INFO] [受信] VM → BM;Depth:216.0
2025-07-11 06:46:39 [INFO] [転送] VM → BM : Depth:216.0
2025-07-11 06:46:39 [INFO] [受信] VM → BM;Depth:216.0
2025-07-11 06:46:39 [INFO] [転送] VM → BM : Depth:216.0
2025-07-11 06:46:39 [INFO] [受信] VM → BM;Depth:216.0
2025-07-11 06:46:39 [INFO] [転送] VM → BM : Depth:216.0
2025-07-11 06:46:39 [INFO] [受信] VM → BM;Depth:216.0
2025-07-11 06:46:39 [INFO] [転送] VM → BM : Depth:216.0
2025-07-11 06:46:39 [INFO] [受信] VM → BM;Depth:216.0
2025-07-11 06:46:39 [INFO] [転送] VM → BM : Depth:216.0
2025-07-11 06:46:39 [INFO] [受信] VM → BM;Depth:217.0
2025-07-11 06:46:39 [INFO] [転送] VM → BM : Depth:217.0
2025-07-11 06:46:39 [INFO] [受信] VM → BM;Depth:211.0
2025-07-11 06:46:39 [INFO] [転送] VM → BM : Depth:211.0
2025-07-11 06:46:39 [INFO] [受信] VM → BM;Depth:217.0
2025-07-11 06:46:39 [INFO] [転送] VM → BM : Depth:217.0
2025-07-11 06:46:39 [INFO] [受信] VM → BM;Depth:217.0
2025-07-11 06:46:39 [INFO] [転送] VM → BM : Depth:217.0
2025-07-11 06:46:39 [INFO] [受信] VM → BM;Depth:218.0
2025-07-11 06:46:39 [INFO] [転送] VM → BM : Depth:218.0
2025-07-11 06:46:39 [INFO] [受信] VM → BM;Depth:218.0
2025-07-11 06:46:39 [INFO] [転送] VM → BM : Depth:218.0
2025-07-11 06:46:39 [INFO] [受信] VM → BM;Depth:218.0
2025-07-11 06:46:39 [INFO] [転送] VM → BM : Depth:218.0
2025-07-11 06:46:39 [INFO] [受信] VM → BM;Depth:218.0
2025-07-11 06:46:39 [INFO] [転送] VM → BM : Depth:218.0
2025-07-11 06:46:39 [INFO] [受信] VM → BM;Depth:219.0
2025-07-11 06:46:39 [INFO] [転送] VM → BM : Depth:219.0
2025-07-11 06:46:39 [INFO] [受信] VM → BM;Depth:215.0
2025-07-11 06:46:39 [INFO] [転送] VM → BM : Depth:215.0
2025-07-11 06:46:39 [INFO] [受信] VM → BM;Depth:219.0
2025-07-11 06:46:39 [INFO] [転送] VM → BM : Depth:219.0
2025-07-11 06:46:40 [INFO] [受信] VM → BM;Depth:218.0
2025-07-11 06:46:40 [INFO] [転送] VM → BM : Depth:218.0
2025-07-11 06:46:40 [INFO] [受信] Cmd → BM;reset
2025-07-11 06:46:40 [INFO] [受信] VM → BM;Depth:219.0
2025-07-11 06:46:40 [INFO] [転送] Cmd → BM : reset
2025-07-11 06:46:40 [INFO] [転送] VM → BM : Depth:219.0
2025-07-11 06:46:40 [INFO] [受信] Cmd → VM;stop_log_recording
2025-07-11 06:46:40 [INFO] [転送] Cmd → VM : stop_log_recording
2025-07-11 06:46:40 [INFO] [受信] VM → BM;Depth:219.0
2025-07-11 06:46:40 [INFO] [転送] VM → BM : Depth:219.0
2025-07-11 06:46:40 [INFO] [受信] VM → BM;Depth:217.0
2025-07-11 06:46:40 [INFO] [転送] VM → BM : Depth:217.0
2025-07-11 06:46:40 [INFO] [受信] VM → BM;Depth:219.0
2025-07-11 06:46:40 [INFO] [転送] VM → BM : Depth:219.0
2025-07-11 06:46:40 [INFO] [受信] VM → BM;Depth:219.0
2025-07-11 06:46:40 [INFO] [転送] VM → BM : Depth:219.0
2025-07-11 06:46:40 [INFO] [受信] VM → BM;Depth:219.0
2025-07-11 06:46:40 [INFO] [転送] VM → BM : Depth:219.0
2025-07-11 06:46:40 [INFO] [受信] VM → BM;Depth:219.0
2025-07-11 06:46:40 [INFO] [転送] VM → BM : Depth:219.0
2025-07-11 06:46:40 [INFO] [受信] VM → BM;Depth:219.0
2025-07-11 06:46:40 [INFO] [転送] VM → BM : Depth:219.0
2025-07-11 06:46:40 [INFO] [受信] VM → BM;Depth:219.0
2025-07-11 06:46:40 [INFO] [転送] VM → BM : Depth:219.0
2025-07-11 06:46:40 [INFO] [受信] VM → BM;Depth:218.0
2025-07-11 06:46:40 [INFO] [転送] VM → BM : Depth:218.0
2025-07-11 06:46:40 [INFO] [受信] VM → BM;Depth:219.0
2025-07-11 06:46:40 [INFO] [転送] VM → BM : Depth:219.0
2025-07-11 06:46:40 [INFO] [受信] VM → BM;Depth:214.0
2025-07-11 06:46:40 [INFO] [転送] VM → BM : Depth:214.0
2025-07-11 06:46:40 [INFO] [受信] VM → BM;Depth:226.0
2025-07-11 06:46:40 [INFO] [転送] VM → BM : Depth:226.0
2025-07-11 06:46:40 [INFO] [受信] VM → BM;Depth:204.0
2025-07-11 06:46:40 [INFO] [転送] VM → BM : Depth:204.0
2025-07-11 06:46:40 [INFO] [受信] VM → BM;Depth:213.0
2025-07-11 06:46:40 [INFO] [転送] VM → BM : Depth:213.0
2025-07-11 06:46:40 [INFO] [受信] VM → BM;Depth:215.0
2025-07-11 06:46:40 [INFO] [転送] VM → BM : Depth:215.0
2025-07-11 06:46:40 [INFO] [受信] VM → BM;Depth:229.0
2025-07-11 06:46:40 [INFO] [転送] VM → BM : Depth:229.0
2025-07-11 06:46:43 [INFO] [受信] VM → BM;Depth:182.0
2025-07-11 06:46:43 [INFO] [転送] VM → BM : Depth:182.0
2025-07-11 06:46:43 [INFO] [受信] VM → BM;Depth:182.0
2025-07-11 06:46:43 [INFO] [転送] VM → BM : Depth:182.0
2025-07-11 06:46:43 [INFO] [受信] VM → BM;Depth:227.0
2025-07-11 06:46:43 [INFO] [転送] VM → BM : Depth:227.0
2025-07-11 06:46:43 [INFO] [受信] VM → BM;Depth:191.0
2025-07-11 06:46:43 [INFO] [転送] VM → BM : Depth:191.0
2025-07-11 06:46:43 [INFO] [受信] VM → BM;Depth:202.0
2025-07-11 06:46:43 [INFO] [転送] VM → BM : Depth:202.0
2025-07-11 06:46:43 [INFO] [受信] VM → BM;Depth:190.0
2025-07-11 06:46:43 [INFO] [転送] VM → BM : Depth:190.0
2025-07-11 06:46:43 [INFO] [受信] VM → BM;Depth:193.0
2025-07-11 06:46:43 [INFO] [転送] VM → BM : Depth:193.0
2025-07-11 06:46:43 [INFO] [受信] VM → BM;Depth:197.0
2025-07-11 06:46:43 [INFO] [転送] VM → BM : Depth:197.0
2025-07-11 06:46:43 [INFO] [受信] VM → BM;Depth:197.0
2025-07-11 06:46:43 [INFO] [転送] VM → BM : Depth:197.0
2025-07-11 06:46:43 [INFO] [受信] VM → BM;Depth:197.0
2025-07-11 06:46:43 [INFO] [転送] VM → BM : Depth:197.0
2025-07-11 06:46:43 [INFO] [受信] VM → BM;Depth:198.0
2025-07-11 06:46:43 [INFO] [転送] VM → BM : Depth:198.0
2025-07-11 06:46:43 [INFO] [受信] VM → BM;Depth:211.0
2025-07-11 06:46:43 [INFO] [転送] VM → BM : Depth:211.0
2025-07-11 06:46:44 [INFO] [受信] VM → BM;Depth:194.0
2025-07-11 06:46:44 [INFO] [転送] VM → BM : Depth:194.0
2025-07-11 06:46:44 [INFO] [受信] VM → BM;Depth:195.0
2025-07-11 06:46:44 [INFO] [転送] VM → BM : Depth:195.0
2025-07-11 06:46:44 [INFO] [受信] VM → BM;Depth:195.0
2025-07-11 06:46:44 [INFO] [転送] VM → BM : Depth:195.0
2025-07-11 06:46:44 [INFO] [受信] VM → BM;Depth:197.0
2025-07-11 06:46:44 [INFO] [転送] VM → BM : Depth:197.0
2025-07-11 06:46:44 [INFO] [受信] VM → BM;Depth:198.0
2025-07-11 06:46:44 [INFO] [転送] VM → BM : Depth:198.0
2025-07-11 06:46:44 [INFO] [受信] VM → BM;Depth:198.0
2025-07-11 06:46:44 [INFO] [転送] VM → BM : Depth:198.0
2025-07-11 06:46:44 [INFO] [受信] VM → BM;Depth:199.0
2025-07-11 06:46:44 [INFO] [転送] VM → BM : Depth:199.0
2025-07-11 06:46:44 [INFO] [受信] VM → BM;Depth:200.0
2025-07-11 06:46:44 [INFO] [転送] VM → BM : Depth:200.0
2025-07-11 06:46:44 [INFO] [受信] VM → BM;Depth:199.0
2025-07-11 06:46:44 [INFO] [転送] VM → BM : Depth:199.0
2025-07-11 06:46:44 [INFO] [受信] VM → BM;Depth:199.0
2025-07-11 06:46:44 [INFO] [転送] VM → BM : Depth:199.0
2025-07-11 06:46:44 [INFO] [受信] VM → BM;Depth:200.0
2025-07-11 06:46:44 [INFO] [転送] VM → BM : Depth:200.0
2025-07-11 06:46:44 [INFO] [受信] VM → BM;Depth:215.0
2025-07-11 06:46:44 [INFO] [転送] VM → BM : Depth:215.0
2025-07-11 06:46:44 [INFO] [受信] VM → BM;Depth:203.0
2025-07-11 06:46:44 [INFO] [転送] VM → BM : Depth:203.0
2025-07-11 06:46:44 [INFO] [受信] VM → BM;Depth:203.0
2025-07-11 06:46:44 [INFO] [転送] VM → BM : Depth:203.0
2025-07-11 06:46:44 [INFO] [受信] VM → BM;Depth:215.0
2025-07-11 06:46:44 [INFO] [転送] VM → BM : Depth:215.0
2025-07-11 06:46:44 [INFO] [受信] VM → BM;Depth:215.0
2025-07-11 06:46:44 [INFO] [転送] VM → BM : Depth:215.0
2025-07-11 06:46:44 [INFO] [受信] VM → BM;Depth:214.0
2025-07-11 06:46:44 [INFO] [転送] VM → BM : Depth:214.0
2025-07-11 06:46:44 [INFO] [受信] VM → BM;Depth:214.0
2025-07-11 06:46:44 [INFO] [転送] VM → BM : Depth:214.0
2025-07-11 06:46:44 [INFO] [受信] VM → BM;Depth:215.0
2025-07-11 06:46:44 [INFO] [転送] VM → BM : Depth:215.0
2025-07-11 06:46:44 [INFO] [受信] VM → BM;Depth:201.0
2025-07-11 06:46:44 [INFO] [転送] VM → BM : Depth:201.0
2025-07-11 06:46:44 [INFO] [受信] VM → BM;Depth:202.0
2025-07-11 06:46:44 [INFO] [転送] VM → BM : Depth:202.0
2025-07-11 06:46:44 [INFO] [受信] VM → BM;Depth:214.0
2025-07-11 06:46:44 [INFO] [受信] Cmd → BM;ID:1,Cond:3
2025-07-11 06:46:45 [INFO] [転送] VM → BM : Depth:214.0
2025-07-11 06:46:45 [INFO] [転送] Cmd → BM : ID:1,Cond:3
2025-07-11 06:46:45 [INFO] [受信] Cmd → VM;ID:1,Cond:3
2025-07-11 06:46:45 [INFO] [受信] VM → BM;Depth:214.0
2025-07-11 06:46:45 [INFO] [転送] Cmd → VM : ID:1,Cond:3
2025-07-11 06:46:45 [INFO] [転送] VM → BM : Depth:214.0
2025-07-11 06:46:45 [INFO] [受信] Cmd → VM;start_log_recording
2025-07-11 06:46:45 [INFO] [転送] Cmd → VM : start_log_recording
2025-07-11 06:46:45 [INFO] [受信] VM → BM;Depth:214.0
2025-07-11 06:46:45 [INFO] [転送] VM → BM : Depth:214.0
2025-07-11 06:46:45 [INFO] [受信] VM → BM;Depth:215.0
2025-07-11 06:46:45 [INFO] [転送] VM → BM : Depth:215.0
2025-07-11 06:46:45 [INFO] [受信] VM → BM;Depth:214.0
2025-07-11 06:46:45 [INFO] [転送] VM → BM : Depth:214.0
2025-07-11 06:46:45 [INFO] [受信] VM → BM;Depth:215.0
2025-07-11 06:46:45 [INFO] [転送] VM → BM : Depth:215.0
2025-07-11 06:46:45 [INFO] [受信] VM → BM;Depth:215.0
2025-07-11 06:46:45 [INFO] [転送] VM → BM : Depth:215.0
2025-07-11 06:46:45 [INFO] [受信] VM → BM;Depth:215.0
2025-07-11 06:46:45 [INFO] [転送] VM → BM : Depth:215.0
2025-07-11 06:46:45 [INFO] [受信] VM → BM;Depth:214.0
2025-07-11 06:46:45 [INFO] [転送] VM → BM : Depth:214.0
2025-07-11 06:46:45 [INFO] [受信] VM → BM;Depth:215.0
2025-07-11 06:46:45 [INFO] [転送] VM → BM : Depth:215.0
2025-07-11 06:46:45 [INFO] [受信] VM → BM;Depth:215.0
2025-07-11 06:46:45 [INFO] [転送] VM → BM : Depth:215.0
2025-07-11 06:46:45 [INFO] [受信] VM → BM;Depth:215.0
2025-07-11 06:46:45 [INFO] [転送] VM → BM : Depth:215.0
2025-07-11 06:46:45 [INFO] [受信] VM → BM;Depth:210.0
2025-07-11 06:46:45 [INFO] [転送] VM → BM : Depth:210.0
2025-07-11 06:46:45 [INFO] [受信] VM → BM;Depth:207.0
2025-07-11 06:46:45 [INFO] [転送] VM → BM : Depth:207.0
2025-07-11 06:46:45 [INFO] [受信] VM → BM;Depth:204.0
2025-07-11 06:46:45 [INFO] [転送] VM → BM : Depth:204.0
2025-07-11 06:46:45 [INFO] [受信] VM → BM;Depth:211.0
2025-07-11 06:46:45 [INFO] [転送] VM → BM : Depth:211.0
2025-07-11 06:46:45 [INFO] [受信] VM → BM;Depth:215.0
2025-07-11 06:46:45 [INFO] [転送] VM → BM : Depth:215.0
2025-07-11 06:46:45 [INFO] [受信] VM → BM;Depth:253.0
2025-07-11 06:46:45 [INFO] [転送] VM → BM : Depth:253.0
2025-07-11 06:46:45 [INFO] [受信] VM → BM;Depth:262.0
2025-07-11 06:46:45 [INFO] [転送] VM → BM : Depth:262.0
2025-07-11 06:46:45 [INFO] [受信] VM → BM;Depth:234.0
2025-07-11 06:46:45 [INFO] [転送] VM → BM : Depth:234.0
2025-07-11 06:46:45 [INFO] [受信] VM → BM;Depth:244.0
2025-07-11 06:46:45 [INFO] [転送] VM → BM : Depth:244.0
2025-07-11 06:46:45 [INFO] [受信] VM → BM;Depth:267.0
2025-07-11 06:46:45 [INFO] [転送] VM → BM : Depth:267.0
2025-07-11 06:46:46 [INFO] [受信] VM → BM;Depth:271.0
2025-07-11 06:46:46 [INFO] [転送] VM → BM : Depth:271.0
2025-07-11 06:46:46 [INFO] [受信] VM → BM;Depth:269.0
2025-07-11 06:46:46 [INFO] [転送] VM → BM : Depth:269.0
2025-07-11 06:46:46 [INFO] [受信] VM → BM;Depth:266.0
2025-07-11 06:46:46 [INFO] [転送] VM → BM : Depth:266.0
2025-07-11 06:46:46 [INFO] [受信] VM → BM;Depth:269.0
2025-07-11 06:46:46 [INFO] [転送] VM → BM : Depth:269.0
2025-07-11 06:46:46 [INFO] [受信] VM → BM;Depth:271.0
2025-07-11 06:46:46 [INFO] [転送] VM → BM : Depth:271.0
2025-07-11 06:46:46 [INFO] [受信] VM → BM;Depth:268.0
2025-07-11 06:46:46 [INFO] [転送] VM → BM : Depth:268.0
2025-07-11 06:46:46 [INFO] [受信] VM → BM;Depth:271.0
2025-07-11 06:46:46 [INFO] [転送] VM → BM : Depth:271.0
2025-07-11 06:46:46 [INFO] [受信] VM → BM;Depth:270.0
2025-07-11 06:46:46 [INFO] [転送] VM → BM : Depth:270.0
2025-07-11 06:46:46 [INFO] [受信] VM → BM;Depth:314.0
2025-07-11 06:46:46 [INFO] [転送] VM → BM : Depth:314.0
2025-07-11 06:46:46 [INFO] [受信] VM → BM;Depth:268.0
2025-07-11 06:46:46 [INFO] [転送] VM → BM : Depth:268.0
2025-07-11 06:46:46 [INFO] [受信] VM → BM;Depth:241.0
2025-07-11 06:46:46 [INFO] [転送] VM → BM : Depth:241.0
2025-07-11 06:46:46 [INFO] [受信] VM → BM;Depth:261.0
2025-07-11 06:46:46 [INFO] [転送] VM → BM : Depth:261.0
2025-07-11 06:46:46 [INFO] [受信] VM → BM;Depth:257.0
2025-07-11 06:46:46 [INFO] [転送] VM → BM : Depth:257.0
2025-07-11 06:46:46 [INFO] [受信] VM → BM;Depth:211.0
2025-07-11 06:46:46 [INFO] [転送] VM → BM : Depth:211.0
2025-07-11 06:46:46 [INFO] [受信] VM → BM;Depth:205.0
2025-07-11 06:46:46 [INFO] [転送] VM → BM : Depth:205.0
2025-07-11 06:46:46 [INFO] [受信] VM → BM;Depth:231.0
2025-07-11 06:46:46 [INFO] [転送] VM → BM : Depth:231.0
2025-07-11 06:46:46 [INFO] [受信] VM → BM;Depth:233.0
2025-07-11 06:46:46 [INFO] [転送] VM → BM : Depth:233.0
2025-07-11 06:46:46 [INFO] [受信] VM → BM;Depth:232.0
2025-07-11 06:46:46 [INFO] [転送] VM → BM : Depth:232.0
2025-07-11 06:46:46 [INFO] [受信] VM → BM;Depth:315.0
2025-07-11 06:46:46 [INFO] [転送] VM → BM : Depth:315.0
2025-07-11 06:46:46 [INFO] [受信] VM → BM;Depth:292.0
2025-07-11 06:46:46 [INFO] [転送] VM → BM : Depth:292.0
2025-07-11 06:46:46 [INFO] [受信] VM → BM;Depth:247.0
2025-07-11 06:46:46 [INFO] [転送] VM → BM : Depth:247.0
2025-07-11 06:46:46 [INFO] [受信] VM → BM;Depth:252.0
2025-07-11 06:46:46 [INFO] [転送] VM → BM : Depth:252.0
2025-07-11 06:46:46 [INFO] [受信] VM → BM;Depth:257.0
2025-07-11 06:46:47 [INFO] [転送] VM → BM : Depth:257.0
2025-07-11 06:46:47 [INFO] [受信] VM → BM;Depth:259.0
2025-07-11 06:46:47 [INFO] [転送] VM → BM : Depth:259.0
2025-07-11 06:46:47 [INFO] [受信] VM → BM;Depth:261.0
2025-07-11 06:46:47 [INFO] [転送] VM → BM : Depth:261.0
2025-07-11 06:46:47 [INFO] [受信] VM → BM;Depth:262.0
2025-07-11 06:46:47 [INFO] [転送] VM → BM : Depth:262.0
2025-07-11 06:46:47 [INFO] [受信] VM → BM;Depth:262.0
2025-07-11 06:46:47 [INFO] [転送] VM → BM : Depth:262.0
2025-07-11 06:46:47 [INFO] [受信] VM → BM;Depth:209.0
2025-07-11 06:46:47 [INFO] [転送] VM → BM : Depth:209.0
2025-07-11 06:46:47 [INFO] [受信] VM → BM;Depth:176.0
2025-07-11 06:46:47 [INFO] [転送] VM → BM : Depth:176.0
2025-07-11 06:46:47 [INFO] [受信] VM → BM;Depth:210.0
2025-07-11 06:46:47 [INFO] [転送] VM → BM : Depth:210.0
2025-07-11 06:46:47 [INFO] [受信] VM → BM;Depth:210.0
2025-07-11 06:46:47 [INFO] [転送] VM → BM : Depth:210.0
2025-07-11 06:46:47 [INFO] [受信] VM → BM;Depth:260.0
2025-07-11 06:46:47 [INFO] [転送] VM → BM : Depth:260.0
2025-07-11 06:46:47 [INFO] [受信] VM → BM;Depth:175.0
2025-07-11 06:46:47 [INFO] [転送] VM → BM : Depth:175.0
2025-07-11 06:46:47 [INFO] [受信] VM → BM;Depth:212.0
2025-07-11 06:46:47 [INFO] [受信] Cmd → BM;reset
2025-07-11 06:46:47 [INFO] [転送] VM → BM : Depth:212.0
2025-07-11 06:46:47 [INFO] [転送] Cmd → BM : reset
2025-07-11 06:46:47 [INFO] [受信] VM → BM;Depth:261.0
2025-07-11 06:46:47 [INFO] [受信] Cmd → VM;stop_log_recording
2025-07-11 06:46:47 [INFO] [転送] VM → BM : Depth:261.0
2025-07-11 06:46:47 [INFO] [転送] Cmd → VM : stop_log_recording
2025-07-11 06:46:47 [INFO] [受信] VM → BM;Depth:212.0
2025-07-11 06:46:47 [INFO] [転送] VM → BM : Depth:212.0
2025-07-11 06:46:47 [INFO] [受信] VM → BM;Depth:212.0
2025-07-11 06:46:47 [INFO] [転送] VM → BM : Depth:212.0
2025-07-11 06:46:47 [INFO] [受信] VM → BM;Depth:262.0
2025-07-11 06:46:47 [INFO] [転送] VM → BM : Depth:262.0
2025-07-11 06:46:47 [INFO] [受信] VM → BM;Depth:177.0
2025-07-11 06:46:47 [INFO] [転送] VM → BM : Depth:177.0
2025-07-11 06:46:47 [INFO] [受信] VM → BM;Depth:165.0
2025-07-11 06:46:47 [INFO] [転送] VM → BM : Depth:165.0
2025-07-11 06:46:47 [INFO] [受信] VM → BM;Depth:210.0
2025-07-11 06:46:47 [INFO] [転送] VM → BM : Depth:210.0
2025-07-11 06:46:47 [INFO] [受信] VM → BM;Depth:177.0
2025-07-11 06:46:47 [INFO] [転送] VM → BM : Depth:177.0
2025-07-11 06:46:47 [INFO] [受信] VM → BM;Depth:165.0
2025-07-11 06:46:47 [INFO] [転送] VM → BM : Depth:165.0
2025-07-11 06:46:47 [INFO] [受信] VM → BM;Depth:165.0
2025-07-11 06:46:47 [INFO] [転送] VM → BM : Depth:165.0
2025-07-11 06:46:47 [INFO] [受信] VM → BM;Depth:165.0
2025-07-11 06:46:48 [INFO] [転送] VM → BM : Depth:165.0
2025-07-11 06:46:48 [INFO] [受信] VM → BM;Depth:165.0
2025-07-11 06:46:48 [INFO] [転送] VM → BM : Depth:165.0
2025-07-11 06:46:48 [INFO] [受信] VM → BM;Depth:165.0
2025-07-11 06:46:48 [INFO] [転送] VM → BM : Depth:165.0
2025-07-11 06:46:48 [INFO] [受信] VM → BM;Depth:165.0
2025-07-11 06:46:48 [INFO] [転送] VM → BM : Depth:165.0
2025-07-11 06:46:48 [INFO] [受信] VM → BM;Depth:167.0
2025-07-11 06:46:48 [INFO] [転送] VM → BM : Depth:167.0
2025-07-11 06:46:48 [INFO] [受信] VM → BM;Depth:165.0
2025-07-11 06:46:48 [INFO] [転送] VM → BM : Depth:165.0
2025-07-11 06:46:48 [INFO] [受信] VM → BM;Depth:164.0
2025-07-11 06:46:48 [INFO] [転送] VM → BM : Depth:164.0
2025-07-11 06:46:48 [INFO] [受信] VM → BM;Depth:164.0
2025-07-11 06:46:48 [INFO] [転送] VM → BM : Depth:164.0
2025-07-11 06:46:48 [INFO] [受信] VM → BM;Depth:164.0
2025-07-11 06:46:48 [INFO] [転送] VM → BM : Depth:164.0
2025-07-11 06:46:48 [INFO] [受信] VM → BM;Depth:164.0
2025-07-11 06:46:48 [INFO] [転送] VM → BM : Depth:164.0
2025-07-11 06:46:48 [INFO] [受信] VM → BM;Depth:209.0
2025-07-11 06:46:48 [INFO] [転送] VM → BM : Depth:209.0
2025-07-11 06:46:48 [INFO] [受信] VM → BM;Depth:266.0
2025-07-11 06:46:48 [INFO] [転送] VM → BM : Depth:266.0
2025-07-11 06:46:48 [INFO] [受信] VM → BM;Depth:209.0
2025-07-11 06:46:48 [INFO] [転送] VM → BM : Depth:209.0
2025-07-11 06:46:48 [INFO] [受信] VM → BM;Depth:209.0
2025-07-11 06:46:48 [INFO] [転送] VM → BM : Depth:209.0
2025-07-11 06:46:48 [INFO] [受信] VM → BM;Depth:265.0
2025-07-11 06:46:48 [INFO] [転送] VM → BM : Depth:265.0
2025-07-11 06:46:48 [INFO] [受信] VM → BM;Depth:265.0
2025-07-11 06:46:48 [INFO] [転送] VM → BM : Depth:265.0
2025-07-11 06:46:48 [INFO] [受信] VM → BM;Depth:208.0
2025-07-11 06:46:48 [INFO] [転送] VM → BM : Depth:208.0
2025-07-11 06:46:48 [INFO] [受信] VM → BM;Depth:209.0
2025-07-11 06:46:48 [INFO] [転送] VM → BM : Depth:209.0
2025-07-11 06:46:48 [INFO] [受信] VM → BM;Depth:164.0
2025-07-11 06:46:48 [INFO] [転送] VM → BM : Depth:164.0
2025-07-11 06:46:48 [INFO] [受信] VM → BM;Depth:209.0
2025-07-11 06:46:48 [INFO] [転送] VM → BM : Depth:209.0
2025-07-11 06:46:48 [INFO] [受信] VM → BM;Depth:210.0
2025-07-11 06:46:48 [INFO] [転送] VM → BM : Depth:210.0
2025-07-11 06:46:49 [INFO] [受信] VM → BM;Depth:209.0
2025-07-11 06:46:49 [INFO] [転送] VM → BM : Depth:209.0
2025-07-11 06:46:49 [INFO] [受信] VM → BM;Depth:208.0
2025-07-11 06:46:49 [INFO] [転送] VM → BM : Depth:208.0
2025-07-11 06:46:49 [INFO] [受信] VM → BM;Depth:209.0
2025-07-11 06:46:49 [INFO] [転送] VM → BM : Depth:209.0
2025-07-11 06:46:49 [INFO] [受信] VM → BM;Depth:210.0
2025-07-11 06:46:49 [INFO] [転送] VM → BM : Depth:210.0
2025-07-11 06:46:49 [INFO] [受信] VM → BM;Depth:209.0
2025-07-11 06:46:49 [INFO] [転送] VM → BM : Depth:209.0
2025-07-11 06:46:49 [INFO] [受信] VM → BM;Depth:209.0
2025-07-11 06:46:49 [INFO] [転送] VM → BM : Depth:209.0
2025-07-11 06:46:49 [INFO] [受信] VM → BM;Depth:270.0
2025-07-11 06:46:49 [INFO] [転送] VM → BM : Depth:270.0
2025-07-11 06:46:49 [INFO] [受信] VM → BM;Depth:268.0
2025-07-11 06:46:49 [INFO] [転送] VM → BM : Depth:268.0
2025-07-11 06:46:49 [INFO] [受信] VM → BM;Depth:261.0
2025-07-11 06:46:49 [INFO] [転送] VM → BM : Depth:261.0
2025-07-11 06:46:49 [INFO] [受信] VM → BM;Depth:236.0
2025-07-11 06:46:49 [INFO] [転送] VM → BM : Depth:236.0
2025-07-11 06:46:49 [INFO] [受信] VM → BM;Depth:226.0
2025-07-11 06:46:49 [INFO] [転送] VM → BM : Depth:226.0
2025-07-11 06:46:49 [INFO] [受信] VM → BM;Depth:218.0
2025-07-11 06:46:49 [INFO] [転送] VM → BM : Depth:218.0
2025-07-11 06:46:51 [INFO] [受信] VM → BM;Depth:229.0
2025-07-11 06:46:51 [INFO] [転送] VM → BM : Depth:229.0
2025-07-11 06:46:51 [INFO] [受信] VM → BM;Depth:230.0
2025-07-11 06:46:51 [INFO] [転送] VM → BM : Depth:230.0
2025-07-11 06:46:51 [INFO] [受信] VM → BM;Depth:232.0
2025-07-11 06:46:51 [INFO] [転送] VM → BM : Depth:232.0
2025-07-11 06:46:51 [INFO] [受信] VM → BM;Depth:239.0
2025-07-11 06:46:51 [INFO] [転送] VM → BM : Depth:239.0
2025-07-11 06:46:51 [INFO] [受信] VM → BM;Depth:239.0
2025-07-11 06:46:51 [INFO] [転送] VM → BM : Depth:239.0
2025-07-11 06:46:51 [INFO] [受信] VM → BM;Depth:234.0
2025-07-11 06:46:51 [INFO] [転送] VM → BM : Depth:234.0
2025-07-11 06:46:51 [INFO] [受信] VM → BM;Depth:231.0
2025-07-11 06:46:51 [INFO] [転送] VM → BM : Depth:231.0
2025-07-11 06:46:51 [INFO] [受信] VM → BM;Depth:230.0
2025-07-11 06:46:51 [INFO] [転送] VM → BM : Depth:230.0
2025-07-11 06:46:51 [INFO] [受信] VM → BM;Depth:230.0
2025-07-11 06:46:51 [INFO] [転送] VM → BM : Depth:230.0
2025-07-11 06:46:51 [INFO] [受信] VM → BM;Depth:230.0
2025-07-11 06:46:51 [INFO] [転送] VM → BM : Depth:230.0
2025-07-11 06:46:51 [INFO] [受信] VM → BM;Depth:231.0
2025-07-11 06:46:51 [INFO] [転送] VM → BM : Depth:231.0
2025-07-11 06:46:51 [INFO] [受信] VM → BM;Depth:230.0
2025-07-11 06:46:51 [INFO] [転送] VM → BM : Depth:230.0
2025-07-11 06:46:51 [INFO] [受信] VM → BM;Depth:232.0
2025-07-11 06:46:51 [INFO] [転送] VM → BM : Depth:232.0
2025-07-11 06:46:51 [INFO] [受信] VM → BM;Depth:232.0
2025-07-11 06:46:51 [INFO] [転送] VM → BM : Depth:232.0
2025-07-11 06:46:51 [INFO] [受信] VM → BM;Depth:228.0
2025-07-11 06:46:51 [INFO] [転送] VM → BM : Depth:228.0
2025-07-11 06:46:51 [INFO] [受信] VM → BM;Depth:230.0
2025-07-11 06:46:51 [INFO] [転送] VM → BM : Depth:230.0
2025-07-11 06:46:52 [INFO] [受信] Cmd → BM;ID:1,Cond:3
2025-07-11 06:46:52 [INFO] [受信] VM → BM;Depth:227.0
2025-07-11 06:46:52 [INFO] [転送] Cmd → BM : ID:1,Cond:3
2025-07-11 06:46:52 [INFO] [転送] VM → BM : Depth:227.0
2025-07-11 06:46:52 [INFO] [受信] Cmd → VM;ID:1,Cond:3
2025-07-11 06:46:52 [INFO] [受信] VM → BM;Depth:230.0
2025-07-11 06:46:52 [INFO] [転送] Cmd → VM : ID:1,Cond:3
2025-07-11 06:46:52 [INFO] [転送] VM → BM : Depth:230.0
2025-07-11 06:46:52 [INFO] [受信] Cmd → VM;start_log_recording
2025-07-11 06:46:52 [INFO] [転送] Cmd → VM : start_log_recording
2025-07-11 06:46:52 [INFO] [受信] VM → BM;Depth:230.0
2025-07-11 06:46:52 [INFO] [転送] VM → BM : Depth:230.0
2025-07-11 06:46:52 [INFO] [受信] VM → BM;Depth:228.0
2025-07-11 06:46:52 [INFO] [転送] VM → BM : Depth:228.0
2025-07-11 06:46:52 [INFO] [受信] VM → BM;Depth:230.0
2025-07-11 06:46:52 [INFO] [転送] VM → BM : Depth:230.0
2025-07-11 06:46:52 [INFO] [受信] VM → BM;Depth:230.0
2025-07-11 06:46:52 [INFO] [転送] VM → BM : Depth:230.0
2025-07-11 06:46:52 [INFO] [受信] VM → BM;Depth:226.0
2025-07-11 06:46:52 [INFO] [転送] VM → BM : Depth:226.0
2025-07-11 06:46:52 [INFO] [受信] VM → BM;Depth:229.0
2025-07-11 06:46:52 [INFO] [転送] VM → BM : Depth:229.0
2025-07-11 06:46:52 [INFO] [受信] VM → BM;Depth:229.0
2025-07-11 06:46:52 [INFO] [転送] VM → BM : Depth:229.0
2025-07-11 06:46:52 [INFO] [受信] Cmd → BM;reset
2025-07-11 06:46:52 [INFO] [転送] Cmd → BM : reset
2025-07-11 06:46:52 [INFO] [受信] Cmd → VM;stop_log_recording
2025-07-11 06:46:52 [INFO] [受信] VM → BM;Depth:226.0
2025-07-11 06:46:52 [INFO] [転送] Cmd → VM : stop_log_recording
2025-07-11 06:46:52 [INFO] [転送] VM → BM : Depth:226.0
2025-07-11 06:46:52 [INFO] [受信] VM → BM;Depth:228.0
2025-07-11 06:46:52 [INFO] [転送] VM → BM : Depth:228.0
2025-07-11 06:46:52 [INFO] [受信] VM → BM;Depth:226.0
2025-07-11 06:46:52 [INFO] [転送] VM → BM : Depth:226.0
2025-07-11 06:46:52 [INFO] [受信] VM → BM;Depth:229.0
2025-07-11 06:46:52 [INFO] [転送] VM → BM : Depth:229.0
2025-07-11 06:46:52 [INFO] [受信] VM → BM;Depth:226.0
2025-07-11 06:46:52 [INFO] [転送] VM → BM : Depth:226.0
2025-07-11 06:46:52 [INFO] [受信] VM → BM;Depth:231.0
2025-07-11 06:46:52 [INFO] [転送] VM → BM : Depth:231.0
2025-07-11 06:46:52 [INFO] [受信] VM → BM;Depth:225.0
2025-07-11 06:46:52 [INFO] [転送] VM → BM : Depth:225.0
2025-07-11 06:46:52 [INFO] [受信] VM → BM;Depth:227.0
2025-07-11 06:46:52 [INFO] [転送] VM → BM : Depth:227.0
2025-07-11 06:46:52 [INFO] [受信] VM → BM;Depth:226.0
2025-07-11 06:46:52 [INFO] [転送] VM → BM : Depth:226.0
2025-07-11 06:46:52 [INFO] [受信] VM → BM;Depth:229.0
2025-07-11 06:46:52 [INFO] [転送] VM → BM : Depth:229.0
2025-07-11 06:46:52 [INFO] [受信] VM → BM;Depth:224.0
2025-07-11 06:46:53 [INFO] [転送] VM → BM : Depth:224.0
2025-07-11 06:46:53 [INFO] [受信] VM → BM;Depth:228.0
2025-07-11 06:46:53 [INFO] [転送] VM → BM : Depth:228.0
2025-07-11 06:46:53 [INFO] [受信] VM → BM;Depth:225.0
2025-07-11 06:46:53 [INFO] [転送] VM → BM : Depth:225.0
2025-07-11 06:46:53 [INFO] [受信] VM → BM;Depth:230.0
2025-07-11 06:46:53 [INFO] [転送] VM → BM : Depth:230.0
2025-07-11 06:46:53 [INFO] [受信] VM → BM;Depth:225.0
2025-07-11 06:46:53 [INFO] [転送] VM → BM : Depth:225.0
2025-07-11 06:46:53 [INFO] [受信] VM → BM;Depth:229.0
2025-07-11 06:46:53 [INFO] [転送] VM → BM : Depth:229.0
2025-07-11 06:46:53 [INFO] [受信] VM → BM;Depth:225.0
2025-07-11 06:46:53 [INFO] [転送] VM → BM : Depth:225.0
2025-07-11 06:46:53 [INFO] [受信] VM → BM;Depth:230.0
2025-07-11 06:46:53 [INFO] [転送] VM → BM : Depth:230.0
2025-07-11 06:46:53 [INFO] [受信] VM → BM;Depth:226.0
2025-07-11 06:46:53 [INFO] [転送] VM → BM : Depth:226.0
2025-07-11 06:46:53 [INFO] [受信] VM → BM;Depth:229.0
2025-07-11 06:46:53 [INFO] [転送] VM → BM : Depth:229.0
2025-07-11 06:46:53 [INFO] [受信] VM → BM;Depth:224.0
2025-07-11 06:46:53 [INFO] [転送] VM → BM : Depth:224.0
2025-07-11 06:46:53 [INFO] [受信] VM → BM;Depth:229.0
2025-07-11 06:46:53 [INFO] [転送] VM → BM : Depth:229.0
2025-07-11 06:46:53 [INFO] [受信] VM → BM;Depth:228.0
2025-07-11 06:46:53 [INFO] [転送] VM → BM : Depth:228.0
2025-07-11 06:46:53 [INFO] [受信] VM → BM;Depth:229.0
2025-07-11 06:46:53 [INFO] [転送] VM → BM : Depth:229.0
2025-07-11 06:46:53 [INFO] [受信] VM → BM;Depth:229.0
2025-07-11 06:46:53 [INFO] [転送] VM → BM : Depth:229.0
2025-07-11 06:46:53 [INFO] [受信] VM → BM;Depth:228.0
2025-07-11 06:46:53 [INFO] [転送] VM → BM : Depth:228.0
2025-07-11 06:46:53 [INFO] [受信] VM → BM;Depth:228.0
2025-07-11 06:46:53 [INFO] [転送] VM → BM : Depth:228.0
2025-07-11 06:46:53 [INFO] [受信] VM → BM;Depth:228.0
2025-07-11 06:46:53 [INFO] [転送] VM → BM : Depth:228.0
2025-07-11 06:46:53 [INFO] [受信] VM → BM;Depth:228.0
2025-07-11 06:46:53 [INFO] [転送] VM → BM : Depth:228.0
2025-07-11 06:46:53 [INFO] [受信] VM → BM;Depth:227.0
2025-07-11 06:46:53 [INFO] [転送] VM → BM : Depth:227.0
2025-07-11 06:46:53 [INFO] [受信] VM → BM;Depth:229.0
2025-07-11 06:46:53 [INFO] [転送] VM → BM : Depth:229.0
2025-07-11 06:46:53 [INFO] [受信] VM → BM;Depth:226.0
2025-07-11 06:46:54 [INFO] [転送] VM → BM : Depth:226.0
2025-07-11 06:46:54 [INFO] [受信] VM → BM;Depth:229.0
2025-07-11 06:46:54 [INFO] [転送] VM → BM : Depth:229.0
2025-07-11 06:46:54 [INFO] [受信] VM → BM;Depth:229.0
2025-07-11 06:46:54 [INFO] [転送] VM → BM : Depth:229.0
2025-07-11 06:46:54 [INFO] [受信] VM → BM;Depth:229.0
2025-07-11 06:46:54 [INFO] [転送] VM → BM : Depth:229.0
2025-07-11 06:46:54 [INFO] [受信] VM → BM;Depth:228.0
2025-07-11 06:46:54 [INFO] [転送] VM → BM : Depth:228.0
2025-07-11 06:46:54 [INFO] [受信] VM → BM;Depth:229.0
2025-07-11 06:46:54 [INFO] [転送] VM → BM : Depth:229.0
2025-07-11 06:46:54 [INFO] [受信] VM → BM;Depth:228.0
2025-07-11 06:46:54 [INFO] [転送] VM → BM : Depth:228.0
2025-07-11 06:46:54 [INFO] [受信] VM → BM;Depth:229.0
2025-07-11 06:46:54 [INFO] [転送] VM → BM : Depth:229.0
2025-07-11 06:46:54 [INFO] [受信] VM → BM;Depth:228.0
2025-07-11 06:46:54 [INFO] [転送] VM → BM : Depth:228.0
2025-07-11 06:46:54 [INFO] [受信] VM → BM;Depth:229.0
2025-07-11 06:46:54 [INFO] [転送] VM → BM : Depth:229.0
2025-07-11 06:46:54 [INFO] [受信] VM → BM;Depth:230.0
2025-07-11 06:46:54 [INFO] [転送] VM → BM : Depth:230.0
2025-07-11 06:46:54 [INFO] [受信] VM → BM;Depth:228.0
2025-07-11 06:46:54 [INFO] [転送] VM → BM : Depth:228.0
2025-07-11 06:46:54 [INFO] [受信] VM → BM;Depth:229.0
2025-07-11 06:46:54 [INFO] [転送] VM → BM : Depth:229.0
2025-07-11 06:46:54 [INFO] [受信] VM → BM;Depth:228.0
2025-07-11 06:46:54 [INFO] [転送] VM → BM : Depth:228.0
2025-07-11 06:46:54 [INFO] [受信] VM → BM;Depth:229.0
2025-07-11 06:46:54 [INFO] [転送] VM → BM : Depth:229.0
2025-07-11 06:46:54 [INFO] [受信] VM → BM;Depth:230.0
2025-07-11 06:46:54 [INFO] [転送] VM → BM : Depth:230.0
2025-07-11 06:46:54 [INFO] [受信] VM → BM;Depth:230.0
2025-07-11 06:46:54 [INFO] [転送] VM → BM : Depth:230.0
2025-07-11 06:46:54 [INFO] [受信] VM → BM;Depth:230.0
2025-07-11 06:46:54 [INFO] [転送] VM → BM : Depth:230.0
2025-07-11 06:46:54 [INFO] [受信] VM → BM;Depth:229.0
2025-07-11 06:46:54 [INFO] [転送] VM → BM : Depth:229.0
2025-07-11 06:46:54 [INFO] [受信] VM → BM;Depth:229.0
2025-07-11 06:46:54 [INFO] [転送] VM → BM : Depth:229.0
2025-07-11 06:46:54 [INFO] [受信] VM → BM;Depth:230.0
2025-07-11 06:46:55 [INFO] [転送] VM → BM : Depth:230.0
2025-07-11 06:46:55 [INFO] [受信] VM → BM;Depth:230.0
2025-07-11 06:46:55 [INFO] [転送] VM → BM : Depth:230.0
2025-07-11 06:46:55 [INFO] [受信] VM → BM;Depth:230.0
2025-07-11 06:46:55 [INFO] [転送] VM → BM : Depth:230.0
2025-07-11 06:46:55 [INFO] [受信] VM → BM;Depth:230.0
2025-07-11 06:46:55 [INFO] [転送] VM → BM : Depth:230.0
2025-07-11 06:46:55 [INFO] [受信] VM → BM;Depth:229.0
2025-07-11 06:46:55 [INFO] [転送] VM → BM : Depth:229.0
2025-07-11 06:46:55 [INFO] [受信] VM → BM;Depth:230.0
2025-07-11 06:46:55 [INFO] [転送] VM → BM : Depth:230.0
2025-07-11 06:46:55 [INFO] [受信] VM → BM;Depth:230.0
2025-07-11 06:46:55 [INFO] [転送] VM → BM : Depth:230.0
2025-07-11 06:46:55 [INFO] [受信] VM → BM;Depth:229.0
2025-07-11 06:46:55 [INFO] [転送] VM → BM : Depth:229.0
2025-07-11 06:46:55 [INFO] [受信] VM → BM;Depth:230.0
2025-07-11 06:46:55 [INFO] [転送] VM → BM : Depth:230.0
2025-07-11 06:46:55 [INFO] [受信] VM → BM;Depth:229.0
2025-07-11 06:46:55 [INFO] [転送] VM → BM : Depth:229.0
2025-07-11 06:46:55 [INFO] [受信] VM → BM;Depth:229.0
2025-07-11 06:46:55 [INFO] [転送] VM → BM : Depth:229.0
2025-07-11 06:46:55 [INFO] [受信] VM → BM;Depth:229.0
2025-07-11 06:46:55 [INFO] [転送] VM → BM : Depth:229.0
2025-07-11 06:46:55 [INFO] [受信] VM → BM;Depth:229.0
2025-07-11 06:46:55 [INFO] [転送] VM → BM : Depth:229.0
2025-07-11 06:46:55 [INFO] [受信] VM → BM;Depth:229.0
2025-07-11 06:46:55 [INFO] [転送] VM → BM : Depth:229.0
2025-07-11 06:46:55 [INFO] [受信] VM → BM;Depth:228.0
2025-07-11 06:46:55 [INFO] [転送] VM → BM : Depth:228.0
2025-07-11 06:46:55 [INFO] [受信] VM → BM;Depth:229.0
2025-07-11 06:46:55 [INFO] [転送] VM → BM : Depth:229.0
2025-07-11 06:46:55 [INFO] [受信] VM → BM;Depth:229.0
2025-07-11 06:46:55 [INFO] [転送] VM → BM : Depth:229.0
2025-07-11 06:46:55 [INFO] [受信] VM → BM;Depth:230.0
2025-07-11 06:46:55 [INFO] [転送] VM → BM : Depth:230.0
2025-07-11 06:46:55 [INFO] [受信] VM → BM;Depth:230.0
2025-07-11 06:46:55 [INFO] [転送] VM → BM : Depth:230.0
2025-07-11 06:46:55 [INFO] [受信] VM → BM;Depth:229.0
2025-07-11 06:46:55 [INFO] [転送] VM → BM : Depth:229.0
2025-07-11 06:46:55 [INFO] [受信] VM → BM;Depth:229.0
2025-07-11 06:46:55 [INFO] [転送] VM → BM : Depth:229.0
2025-07-11 06:46:55 [INFO] [受信] VM → BM;Depth:229.0
2025-07-11 06:46:55 [INFO] [転送] VM → BM : Depth:229.0
2025-07-11 06:46:55 [INFO] [受信] VM → BM;Depth:229.0
2025-07-11 06:46:55 [INFO] [転送] VM → BM : Depth:229.0
2025-07-11 06:46:56 [INFO] [受信] VM → BM;Depth:229.0
2025-07-11 06:46:56 [INFO] [転送] VM → BM : Depth:229.0
2025-07-11 06:46:56 [INFO] [受信] VM → BM;Depth:229.0
2025-07-11 06:46:56 [INFO] [転送] VM → BM : Depth:229.0
2025-07-11 06:46:56 [INFO] [受信] VM → BM;Depth:228.0
2025-07-11 06:46:56 [INFO] [転送] VM → BM : Depth:228.0
2025-07-11 06:46:56 [INFO] [受信] VM → BM;Depth:229.0
2025-07-11 06:46:56 [INFO] [転送] VM → BM : Depth:229.0
2025-07-11 06:46:56 [INFO] [受信] VM → BM;Depth:230.0
2025-07-11 06:46:56 [INFO] [転送] VM → BM : Depth:230.0
2025-07-11 06:46:56 [INFO] [受信] VM → BM;Depth:229.0
2025-07-11 06:46:56 [INFO] [転送] VM → BM : Depth:229.0
2025-07-11 06:46:56 [INFO] [受信] VM → BM;Depth:229.0
2025-07-11 06:46:56 [INFO] [転送] VM → BM : Depth:229.0
2025-07-11 06:46:56 [INFO] [受信] VM → BM;Depth:228.0
2025-07-11 06:46:56 [INFO] [転送] VM → BM : Depth:228.0
2025-07-11 06:46:56 [INFO] [受信] VM → BM;Depth:229.0
2025-07-11 06:46:56 [INFO] [転送] VM → BM : Depth:229.0
2025-07-11 06:46:56 [INFO] [受信] VM → BM;Depth:228.0
2025-07-11 06:46:56 [INFO] [転送] VM → BM : Depth:228.0
2025-07-11 06:46:56 [INFO] [受信] VM → BM;Depth:229.0
2025-07-11 06:46:56 [INFO] [転送] VM → BM : Depth:229.0
2025-07-11 06:46:56 [INFO] [受信] VM → BM;Depth:228.0
2025-07-11 06:46:56 [INFO] [転送] VM → BM : Depth:228.0
2025-07-11 06:46:56 [INFO] [受信] VM → BM;Depth:227.0
2025-07-11 06:46:56 [INFO] [転送] VM → BM : Depth:227.0
2025-07-11 06:46:56 [INFO] [受信] VM → BM;Depth:228.0
2025-07-11 06:46:56 [INFO] [転送] VM → BM : Depth:228.0
2025-07-11 06:46:56 [INFO] [受信] VM → BM;Depth:227.0
2025-07-11 06:46:56 [INFO] [転送] VM → BM : Depth:227.0
2025-07-11 06:46:56 [INFO] [受信] VM → BM;Depth:227.0
2025-07-11 06:46:56 [INFO] [転送] VM → BM : Depth:227.0
2025-07-11 06:46:56 [INFO] [受信] VM → BM;Depth:227.0
2025-07-11 06:46:56 [INFO] [転送] VM → BM : Depth:227.0
2025-07-11 06:46:56 [INFO] [受信] VM → BM;Depth:226.0
2025-07-11 06:46:56 [INFO] [転送] VM → BM : Depth:226.0
2025-07-11 06:46:56 [INFO] [受信] VM → BM;Depth:227.0
2025-07-11 06:46:56 [INFO] [転送] VM → BM : Depth:227.0
2025-07-11 06:46:56 [INFO] [受信] VM → BM;Depth:228.0
2025-07-11 06:46:57 [INFO] [転送] VM → BM : Depth:228.0
2025-07-11 06:46:57 [INFO] [受信] VM → BM;Depth:227.0
2025-07-11 06:46:57 [INFO] [転送] VM → BM : Depth:227.0
2025-07-11 06:46:57 [INFO] [受信] VM → BM;Depth:227.0
2025-07-11 06:46:57 [INFO] [転送] VM → BM : Depth:227.0
2025-07-11 06:46:57 [INFO] [受信] VM → BM;Depth:223.0
2025-07-11 06:46:57 [INFO] [転送] VM → BM : Depth:223.0
2025-07-11 06:46:57 [INFO] [受信] VM → BM;Depth:227.0
2025-07-11 06:46:57 [INFO] [転送] VM → BM : Depth:227.0
2025-07-11 06:46:57 [INFO] [受信] VM → BM;Depth:227.0
2025-07-11 06:46:57 [INFO] [転送] VM → BM : Depth:227.0
2025-07-11 06:46:57 [INFO] [受信] VM → BM;Depth:228.0
2025-07-11 06:46:57 [INFO] [転送] VM → BM : Depth:228.0
2025-07-11 06:46:57 [INFO] [受信] VM → BM;Depth:227.0
2025-07-11 06:46:57 [INFO] [転送] VM → BM : Depth:227.0
2025-07-11 06:46:57 [INFO] [受信] VM → BM;Depth:227.0
2025-07-11 06:46:57 [INFO] [転送] VM → BM : Depth:227.0
2025-07-11 06:46:57 [INFO] [受信] VM → BM;Depth:226.0
2025-07-11 06:46:57 [INFO] [転送] VM → BM : Depth:226.0
2025-07-11 06:46:57 [INFO] [受信] VM → BM;Depth:226.0
2025-07-11 06:46:57 [INFO] [転送] VM → BM : Depth:226.0
2025-07-11 06:46:57 [INFO] [受信] Cmd → BM;ID:3,Cond:1
2025-07-11 06:46:57 [INFO] [受信] VM → BM;Depth:226.0
2025-07-11 06:46:57 [INFO] [転送] Cmd → BM : ID:3,Cond:1
2025-07-11 06:46:57 [INFO] [転送] VM → BM : Depth:226.0
2025-07-11 06:46:57 [INFO] [受信] Cmd → VM;ID:3,Cond:1
2025-07-11 06:46:57 [INFO] [転送] Cmd → VM : ID:3,Cond:1
2025-07-11 06:46:57 [INFO] [受信] Cmd → VM;start_log_recording
2025-07-11 06:46:57 [INFO] [転送] Cmd → VM : start_log_recording
2025-07-11 06:46:57 [INFO] [受信] VM → BM;Depth:213.0
2025-07-11 06:46:57 [INFO] [転送] VM → BM : Depth:213.0
2025-07-11 06:46:57 [INFO] [受信] VM → BM;Depth:185.0
2025-07-11 06:46:57 [INFO] [転送] VM → BM : Depth:185.0
2025-07-11 06:46:57 [INFO] [受信] VM → BM;Depth:188.0
2025-07-11 06:46:57 [INFO] [転送] VM → BM : Depth:188.0
2025-07-11 06:46:57 [INFO] [受信] VM → BM;Depth:205.0
2025-07-11 06:46:57 [INFO] [転送] VM → BM : Depth:205.0
2025-07-11 06:46:57 [INFO] [受信] VM → BM;Depth:215.0
2025-07-11 06:46:57 [INFO] [転送] VM → BM : Depth:215.0
2025-07-11 06:46:57 [INFO] [受信] VM → BM;Depth:208.0
2025-07-11 06:46:57 [INFO] [転送] VM → BM : Depth:208.0
2025-07-11 06:46:57 [INFO] [受信] VM → BM;Depth:199.0
2025-07-11 06:46:57 [INFO] [転送] VM → BM : Depth:199.0
2025-07-11 06:46:57 [INFO] [受信] VM → BM;Depth:217.0
2025-07-11 06:46:58 [INFO] [転送] VM → BM : Depth:217.0
2025-07-11 06:46:58 [INFO] [受信] VM → BM;Depth:210.0
2025-07-11 06:46:58 [INFO] [転送] VM → BM : Depth:210.0
2025-07-11 06:46:58 [INFO] [受信] VM → BM;Depth:209.0
2025-07-11 06:46:58 [INFO] [転送] VM → BM : Depth:209.0
2025-07-11 06:46:58 [INFO] [受信] VM → BM;Depth:201.0
2025-07-11 06:46:58 [INFO] [転送] VM → BM : Depth:201.0
2025-07-11 06:46:58 [INFO] [受信] VM → BM;Depth:202.0
2025-07-11 06:46:58 [INFO] [転送] VM → BM : Depth:202.0
2025-07-11 06:46:58 [INFO] [受信] VM → BM;Depth:188.0
2025-07-11 06:46:58 [INFO] [転送] VM → BM : Depth:188.0
2025-07-11 06:46:58 [INFO] [受信] VM → BM;Depth:187.0
2025-07-11 06:46:58 [INFO] [転送] VM → BM : Depth:187.0
2025-07-11 06:46:58 [INFO] [受信] VM → BM;Depth:187.0
2025-07-11 06:46:58 [INFO] [転送] VM → BM : Depth:187.0
2025-07-11 06:46:58 [INFO] [受信] VM → BM;Depth:208.0
2025-07-11 06:46:58 [INFO] [転送] VM → BM : Depth:208.0
2025-07-11 06:46:58 [INFO] [受信] VM → BM;Depth:205.0
2025-07-11 06:46:58 [INFO] [転送] VM → BM : Depth:205.0
2025-07-11 06:46:58 [INFO] [受信] VM → BM;Depth:179.0
2025-07-11 06:46:58 [INFO] [転送] VM → BM : Depth:179.0
2025-07-11 06:46:58 [INFO] [受信] VM → BM;Depth:288.0
2025-07-11 06:46:58 [INFO] [転送] VM → BM : Depth:288.0
2025-07-11 06:46:58 [INFO] [受信] VM → BM;Depth:238.0
2025-07-11 06:46:58 [INFO] [転送] VM → BM : Depth:238.0
2025-07-11 06:46:58 [INFO] [受信] VM → BM;Depth:237.0
2025-07-11 06:46:58 [INFO] [転送] VM → BM : Depth:237.0
2025-07-11 06:46:58 [INFO] [受信] VM → BM;Depth:203.0
2025-07-11 06:46:58 [INFO] [転送] VM → BM : Depth:203.0
2025-07-11 06:46:58 [INFO] [受信] VM → BM;Depth:204.0
2025-07-11 06:46:58 [INFO] [転送] VM → BM : Depth:204.0
2025-07-11 06:46:58 [INFO] [受信] VM → BM;Depth:216.0
2025-07-11 06:46:58 [INFO] [転送] VM → BM : Depth:216.0
2025-07-11 06:46:58 [INFO] [受信] VM → BM;Depth:222.0
2025-07-11 06:46:58 [INFO] [転送] VM → BM : Depth:222.0
2025-07-11 06:46:58 [INFO] [受信] VM → BM;Depth:233.0
2025-07-11 06:46:58 [INFO] [転送] VM → BM : Depth:233.0
2025-07-11 06:46:58 [INFO] [受信] VM → BM;Depth:230.0
2025-07-11 06:46:58 [INFO] [転送] VM → BM : Depth:230.0
2025-07-11 06:46:59 [INFO] [受信] VM → BM;Depth:232.0
2025-07-11 06:46:59 [INFO] [転送] VM → BM : Depth:232.0
2025-07-11 06:46:59 [INFO] [受信] VM → BM;Depth:236.0
2025-07-11 06:46:59 [INFO] [転送] VM → BM : Depth:236.0
2025-07-11 06:46:59 [INFO] [受信] VM → BM;Depth:235.0
2025-07-11 06:46:59 [INFO] [転送] VM → BM : Depth:235.0
2025-07-11 06:46:59 [INFO] [受信] VM → BM;Depth:235.0
2025-07-11 06:46:59 [INFO] [転送] VM → BM : Depth:235.0
2025-07-11 06:46:59 [INFO] [受信] VM → BM;Depth:235.0
2025-07-11 06:46:59 [INFO] [転送] VM → BM : Depth:235.0
2025-07-11 06:46:59 [INFO] [受信] VM → BM;Depth:235.0
2025-07-11 06:46:59 [INFO] [転送] VM → BM : Depth:235.0
2025-07-11 06:46:59 [INFO] [受信] Cmd → BM;reset
2025-07-11 06:46:59 [INFO] [転送] Cmd → BM : reset
2025-07-11 06:46:59 [INFO] [受信] VM → BM;Depth:236.0
2025-07-11 06:46:59 [INFO] [受信] Cmd → VM;stop_log_recording
2025-07-11 06:46:59 [INFO] [転送] VM → BM : Depth:236.0
2025-07-11 06:46:59 [INFO] [転送] Cmd → VM : stop_log_recording
2025-07-11 06:46:59 [INFO] [受信] VM → BM;Depth:237.0
2025-07-11 06:46:59 [INFO] [転送] VM → BM : Depth:237.0
2025-07-11 06:46:59 [INFO] [受信] VM → BM;Depth:236.0
2025-07-11 06:46:59 [INFO] [転送] VM → BM : Depth:236.0
2025-07-11 06:46:59 [INFO] [受信] VM → BM;Depth:236.0
2025-07-11 06:46:59 [INFO] [転送] VM → BM : Depth:236.0
2025-07-11 06:46:59 [INFO] [受信] VM → BM;Depth:236.0
2025-07-11 06:46:59 [INFO] [転送] VM → BM : Depth:236.0
2025-07-11 06:46:59 [INFO] [受信] VM → BM;Depth:237.0
2025-07-11 06:46:59 [INFO] [転送] VM → BM : Depth:237.0
2025-07-11 06:46:59 [INFO] [受信] VM → BM;Depth:236.0
2025-07-11 06:46:59 [INFO] [転送] VM → BM : Depth:236.0
2025-07-11 06:46:59 [INFO] [受信] VM → BM;Depth:237.0
2025-07-11 06:46:59 [INFO] [転送] VM → BM : Depth:237.0
2025-07-11 06:46:59 [INFO] [受信] VM → BM;Depth:238.0
2025-07-11 06:46:59 [INFO] [転送] VM → BM : Depth:238.0
2025-07-11 06:46:59 [INFO] [受信] VM → BM;Depth:238.0
2025-07-11 06:46:59 [INFO] [転送] VM → BM : Depth:238.0
2025-07-11 06:46:59 [INFO] [受信] VM → BM;Depth:235.0
2025-07-11 06:46:59 [INFO] [転送] VM → BM : Depth:235.0
2025-07-11 06:46:59 [INFO] [受信] VM → BM;Depth:218.0
2025-07-11 06:46:59 [INFO] [転送] VM → BM : Depth:218.0
2025-07-11 06:47:00 [INFO] [受信] VM → BM;Depth:229.0
2025-07-11 06:47:00 [INFO] [転送] VM → BM : Depth:229.0
2025-07-11 06:47:00 [INFO] [受信] VM → BM;Depth:188.0
2025-07-11 06:47:00 [INFO] [転送] VM → BM : Depth:188.0
2025-07-11 06:47:00 [INFO] [受信] VM → BM;Depth:199.0
2025-07-11 06:47:00 [INFO] [転送] VM → BM : Depth:199.0
2025-07-11 06:47:00 [INFO] [受信] VM → BM;Depth:198.0
2025-07-11 06:47:00 [INFO] [転送] VM → BM : Depth:198.0
2025-07-11 06:47:00 [INFO] [受信] VM → BM;Depth:173.0
2025-07-11 06:47:00 [INFO] [転送] VM → BM : Depth:173.0
2025-07-11 06:47:00 [INFO] [受信] VM → BM;Depth:173.0
2025-07-11 06:47:00 [INFO] [転送] VM → BM : Depth:173.0
2025-07-11 06:47:00 [INFO] [受信] VM → BM;Depth:175.0
2025-07-11 06:47:00 [INFO] [転送] VM → BM : Depth:175.0
2025-07-11 06:47:00 [INFO] [受信] VM → BM;Depth:211.0
2025-07-11 06:47:00 [INFO] [転送] VM → BM : Depth:211.0
2025-07-11 06:47:00 [INFO] [受信] VM → BM;Depth:208.0
2025-07-11 06:47:00 [INFO] [転送] VM → BM : Depth:208.0
2025-07-11 06:47:00 [INFO] [受信] VM → BM;Depth:212.0
2025-07-11 06:47:00 [INFO] [転送] VM → BM : Depth:212.0
2025-07-11 06:47:00 [INFO] [受信] VM → BM;Depth:228.0
2025-07-11 06:47:01 [INFO] [転送] VM → BM : Depth:228.0
2025-07-11 06:47:01 [INFO] [受信] VM → BM;Depth:197.0
2025-07-11 06:47:01 [INFO] [転送] VM → BM : Depth:197.0
2025-07-11 06:47:01 [INFO] [受信] VM → BM;Depth:219.0
2025-07-11 06:47:01 [INFO] [転送] VM → BM : Depth:219.0
2025-07-11 06:47:01 [INFO] [受信] VM → BM;Depth:226.0
2025-07-11 06:47:01 [INFO] [転送] VM → BM : Depth:226.0
2025-07-11 06:47:01 [INFO] [受信] VM → BM;Depth:245.0
2025-07-11 06:47:01 [INFO] [転送] VM → BM : Depth:245.0
2025-07-11 06:47:01 [INFO] [受信] VM → BM;Depth:239.0
2025-07-11 06:47:01 [INFO] [転送] VM → BM : Depth:239.0
2025-07-11 06:47:01 [INFO] [受信] VM → BM;Depth:236.0
2025-07-11 06:47:01 [INFO] [転送] VM → BM : Depth:236.0
2025-07-11 06:47:01 [INFO] [受信] VM → BM;Depth:235.0
2025-07-11 06:47:01 [INFO] [転送] VM → BM : Depth:235.0
2025-07-11 06:47:01 [INFO] [受信] VM → BM;Depth:232.0
2025-07-11 06:47:01 [INFO] [転送] VM → BM : Depth:232.0
2025-07-11 06:47:01 [INFO] [受信] VM → BM;Depth:234.0
2025-07-11 06:47:01 [INFO] [転送] VM → BM : Depth:234.0
2025-07-11 06:47:01 [INFO] [受信] VM → BM;Depth:234.0
2025-07-11 06:47:01 [INFO] [転送] VM → BM : Depth:234.0
2025-07-11 06:47:01 [INFO] [受信] VM → BM;Depth:235.0
2025-07-11 06:47:01 [INFO] [転送] VM → BM : Depth:235.0
2025-07-11 06:47:01 [INFO] [受信] VM → BM;Depth:236.0
2025-07-11 06:47:01 [INFO] [転送] VM → BM : Depth:236.0
2025-07-11 06:47:01 [INFO] [受信] VM → BM;Depth:238.0
2025-07-11 06:47:01 [INFO] [転送] VM → BM : Depth:238.0
2025-07-11 06:47:01 [INFO] [受信] VM → BM;Depth:233.0
2025-07-11 06:47:01 [INFO] [転送] VM → BM : Depth:233.0
2025-07-11 06:47:01 [INFO] [受信] VM → BM;Depth:238.0
2025-07-11 06:47:01 [INFO] [転送] VM → BM : Depth:238.0
2025-07-11 06:47:01 [INFO] [受信] VM → BM;Depth:238.0
2025-07-11 06:47:01 [INFO] [転送] VM → BM : Depth:238.0
2025-07-11 06:47:01 [INFO] [受信] VM → BM;Depth:237.0
2025-07-11 06:47:01 [INFO] [転送] VM → BM : Depth:237.0
2025-07-11 06:47:01 [INFO] [受信] VM → BM;Depth:238.0
2025-07-11 06:47:01 [INFO] [転送] VM → BM : Depth:238.0
2025-07-11 06:47:01 [INFO] [受信] VM → BM;Depth:237.0
2025-07-11 06:47:01 [INFO] [転送] VM → BM : Depth:237.0
2025-07-11 06:47:01 [INFO] [受信] Cmd → BM;ID:3,Cond:1
2025-07-11 06:47:01 [INFO] [転送] Cmd → BM : ID:3,Cond:1
2025-07-11 06:47:02 [INFO] [受信] VM → BM;Depth:236.0
2025-07-11 06:47:02 [INFO] [受信] Cmd → VM;ID:3,Cond:1
2025-07-11 06:47:02 [INFO] [転送] VM → BM : Depth:236.0
2025-07-11 06:47:02 [INFO] [転送] Cmd → VM : ID:3,Cond:1
2025-07-11 06:47:02 [INFO] [受信] Cmd → VM;start_log_recording
2025-07-11 06:47:02 [INFO] [受信] VM → BM;Depth:237.0
2025-07-11 06:47:02 [INFO] [転送] Cmd → VM : start_log_recording
2025-07-11 06:47:02 [INFO] [転送] VM → BM : Depth:237.0
2025-07-11 06:47:02 [INFO] [受信] VM → BM;Depth:237.0
2025-07-11 06:47:02 [INFO] [転送] VM → BM : Depth:237.0
2025-07-11 06:47:02 [INFO] [受信] VM → BM;Depth:237.0
2025-07-11 06:47:02 [INFO] [転送] VM → BM : Depth:237.0
2025-07-11 06:47:02 [INFO] [受信] VM → BM;Depth:237.0
2025-07-11 06:47:02 [INFO] [転送] VM → BM : Depth:237.0
2025-07-11 06:47:02 [INFO] [受信] VM → BM;Depth:239.0
2025-07-11 06:47:02 [INFO] [転送] VM → BM : Depth:239.0
2025-07-11 06:47:02 [INFO] [受信] VM → BM;Depth:237.0
2025-07-11 06:47:02 [INFO] [転送] VM → BM : Depth:237.0
2025-07-11 06:47:02 [INFO] [受信] VM → BM;Depth:232.0
2025-07-11 06:47:02 [INFO] [転送] VM → BM : Depth:232.0
2025-07-11 06:47:02 [INFO] [受信] VM → BM;Depth:234.0
2025-07-11 06:47:02 [INFO] [転送] VM → BM : Depth:234.0
2025-07-11 06:47:02 [INFO] [受信] VM → BM;Depth:237.0
2025-07-11 06:47:02 [INFO] [転送] VM → BM : Depth:237.0
2025-07-11 06:47:02 [INFO] [受信] Cmd → BM;reset
2025-07-11 06:47:02 [INFO] [受信] VM → BM;Depth:231.0
2025-07-11 06:47:02 [INFO] [転送] Cmd → BM : reset
2025-07-11 06:47:02 [INFO] [転送] VM → BM : Depth:231.0
2025-07-11 06:47:02 [INFO] [受信] Cmd → VM;stop_log_recording
2025-07-11 06:47:02 [INFO] [転送] Cmd → VM : stop_log_recording
2025-07-11 06:47:02 [INFO] [受信] VM → BM;Depth:215.0
2025-07-11 06:47:02 [INFO] [転送] VM → BM : Depth:215.0
2025-07-11 06:47:02 [INFO] [受信] VM → BM;Depth:215.0
2025-07-11 06:47:02 [INFO] [転送] VM → BM : Depth:215.0
2025-07-11 06:47:02 [INFO] [受信] VM → BM;Depth:214.0
2025-07-11 06:47:02 [INFO] [転送] VM → BM : Depth:214.0
2025-07-11 06:47:02 [INFO] [受信] VM → BM;Depth:212.0
2025-07-11 06:47:02 [INFO] [転送] VM → BM : Depth:212.0
2025-07-11 06:47:02 [INFO] [受信] VM → BM;Depth:205.0
2025-07-11 06:47:02 [INFO] [転送] VM → BM : Depth:205.0
2025-07-11 06:47:02 [INFO] [受信] VM → BM;Depth:203.0
2025-07-11 06:47:02 [INFO] [転送] VM → BM : Depth:203.0
2025-07-11 06:47:02 [INFO] [受信] VM → BM;Depth:201.0
2025-07-11 06:47:02 [INFO] [転送] VM → BM : Depth:201.0
2025-07-11 06:47:02 [INFO] [受信] VM → BM;Depth:200.0
2025-07-11 06:47:03 [INFO] [転送] VM → BM : Depth:200.0
2025-07-11 06:47:03 [INFO] [受信] VM → BM;Depth:200.0
2025-07-11 06:47:03 [INFO] [転送] VM → BM : Depth:200.0
2025-07-11 06:47:03 [INFO] [受信] VM → BM;Depth:201.0
2025-07-11 06:47:03 [INFO] [転送] VM → BM : Depth:201.0
2025-07-11 06:47:03 [INFO] [受信] VM → BM;Depth:201.0
2025-07-11 06:47:03 [INFO] [転送] VM → BM : Depth:201.0
2025-07-11 06:47:03 [INFO] [受信] VM → BM;Depth:200.0
2025-07-11 06:47:03 [INFO] [転送] VM → BM : Depth:200.0
2025-07-11 06:47:03 [INFO] [受信] VM → BM;Depth:199.0
2025-07-11 06:47:03 [INFO] [転送] VM → BM : Depth:199.0
2025-07-11 06:47:03 [INFO] [受信] VM → BM;Depth:199.0
2025-07-11 06:47:03 [INFO] [転送] VM → BM : Depth:199.0
2025-07-11 06:47:03 [INFO] [受信] VM → BM;Depth:199.0
2025-07-11 06:47:03 [INFO] [転送] VM → BM : Depth:199.0
2025-07-11 06:47:03 [INFO] [受信] VM → BM;Depth:201.0
2025-07-11 06:47:03 [INFO] [転送] VM → BM : Depth:201.0
2025-07-11 06:47:03 [INFO] [受信] VM → BM;Depth:198.0
2025-07-11 06:47:03 [INFO] [転送] VM → BM : Depth:198.0
2025-07-11 06:47:03 [INFO] [受信] VM → BM;Depth:224.0
2025-07-11 06:47:03 [INFO] [転送] VM → BM : Depth:224.0
2025-07-11 06:47:03 [INFO] [受信] VM → BM;Depth:221.0
2025-07-11 06:47:03 [INFO] [転送] VM → BM : Depth:221.0
2025-07-11 06:47:03 [INFO] [受信] VM → BM;Depth:218.0
2025-07-11 06:47:03 [INFO] [転送] VM → BM : Depth:218.0
2025-07-11 06:47:03 [INFO] [受信] VM → BM;Depth:212.0
2025-07-11 06:47:03 [INFO] [転送] VM → BM : Depth:212.0
2025-07-11 06:47:03 [INFO] [受信] VM → BM;Depth:209.0
2025-07-11 06:47:03 [INFO] [転送] VM → BM : Depth:209.0
2025-07-11 06:47:03 [INFO] [受信] VM → BM;Depth:205.0
2025-07-11 06:47:03 [INFO] [転送] VM → BM : Depth:205.0
2025-07-11 06:47:03 [INFO] [受信] VM → BM;Depth:177.0
2025-07-11 06:47:03 [INFO] [転送] VM → BM : Depth:177.0
2025-07-11 06:47:03 [INFO] [受信] VM → BM;Depth:198.0
2025-07-11 06:47:03 [INFO] [転送] VM → BM : Depth:198.0
2025-07-11 06:47:03 [INFO] [受信] VM → BM;Depth:183.0
2025-07-11 06:47:03 [INFO] [転送] VM → BM : Depth:183.0
2025-07-11 06:47:03 [INFO] [受信] VM → BM;Depth:179.0
2025-07-11 06:47:03 [INFO] [転送] VM → BM : Depth:179.0
2025-07-11 06:47:04 [INFO] [受信] VM → BM;Depth:174.0
2025-07-11 06:47:04 [INFO] [転送] VM → BM : Depth:174.0
2025-07-11 06:47:04 [INFO] [受信] VM → BM;Depth:161.0
2025-07-11 06:47:04 [INFO] [転送] VM → BM : Depth:161.0
2025-07-11 06:47:04 [INFO] [受信] VM → BM;Depth:174.0
2025-07-11 06:47:04 [INFO] [転送] VM → BM : Depth:174.0
2025-07-11 06:47:04 [INFO] [受信] VM → BM;Depth:164.0
2025-07-11 06:47:04 [INFO] [転送] VM → BM : Depth:164.0
2025-07-11 06:47:07 [ERROR] [エラー] 受信中に例外発生：[WinError 10054] 既存の接続はリモート ホストに強制的に切断されました。
2025-07-11 06:47:07 [INFO] [切断] 127.0.0.1:49748 (VM) の接続を終了
2025-07-11 06:47:08 [ERROR] [エラー] 受信中に例外発生：[WinError 10054] 既存の接続はリモート ホストに強制的に切断されました。
2025-07-11 06:47:08 [INFO] [切断] 127.0.0.1:49747 (Cmd) の接続を終了
2025-07-11 06:47:09 [ERROR] [エラー] 受信中に例外発生：[WinError 10054] 既存の接続はリモート ホストに強制的に切断されました。
2025-07-11 06:47:09 [INFO] [切断] 127.0.0.1:49746 (BM) の接続を終了
