2025-07-11 06:44:46 [INFO] [起動] BlackBoardサーバが localhost:9000 で待機中...
2025-07-11 06:44:46 [INFO] [操作] ESCキーでサーバを終了できます
2025-07-11 06:44:48 [INFO] [接続] BM (127.0.0.1:49736) が接続しました
2025-07-11 06:44:49 [INFO] [接続] Cmd (127.0.0.1:49737) が接続しました
2025-07-11 06:44:50 [INFO] [接続] VM (127.0.0.1:49738) が接続しました
2025-07-11 06:44:54 [INFO] [受信] VM → BM;Depth:158.0
2025-07-11 06:44:54 [INFO] [転送] VM → BM : Depth:158.0
2025-07-11 06:44:54 [INFO] [受信] VM → BM;Depth:192.0
2025-07-11 06:44:54 [INFO] [転送] VM → BM : Depth:192.0
2025-07-11 06:44:54 [INFO] [受信] VM → BM;Depth:161.0
2025-07-11 06:44:54 [INFO] [転送] VM → BM : Depth:161.0
2025-07-11 06:44:54 [INFO] [受信] VM → BM;Depth:184.0
2025-07-11 06:44:54 [INFO] [転送] VM → BM : Depth:184.0
2025-07-11 06:44:54 [INFO] [受信] VM → BM;Depth:198.0
2025-07-11 06:44:54 [INFO] [転送] VM → BM : Depth:198.0
2025-07-11 06:44:54 [INFO] [受信] VM → BM;Depth:221.0
2025-07-11 06:44:54 [INFO] [転送] VM → BM : Depth:221.0
2025-07-11 06:44:54 [INFO] [受信] VM → BM;Depth:229.0
2025-07-11 06:44:55 [INFO] [転送] VM → BM : Depth:229.0
2025-07-11 06:44:55 [INFO] [受信] VM → BM;Depth:250.0
2025-07-11 06:44:55 [INFO] [転送] VM → BM : Depth:250.0
2025-07-11 06:44:55 [INFO] [受信] VM → BM;Depth:263.0
2025-07-11 06:44:55 [INFO] [転送] VM → BM : Depth:263.0
2025-07-11 06:44:55 [INFO] [受信] VM → BM;Depth:289.0
2025-07-11 06:44:55 [INFO] [転送] VM → BM : Depth:289.0
2025-07-11 06:44:55 [INFO] [受信] VM → BM;Depth:286.0
2025-07-11 06:44:55 [INFO] [転送] VM → BM : Depth:286.0
2025-07-11 06:44:55 [INFO] [受信] VM → BM;Depth:290.0
2025-07-11 06:44:55 [INFO] [転送] VM → BM : Depth:290.0
2025-07-11 06:44:55 [INFO] [受信] VM → BM;Depth:306.0
2025-07-11 06:44:55 [INFO] [転送] VM → BM : Depth:306.0
2025-07-11 06:44:55 [INFO] [受信] VM → BM;Depth:304.0
2025-07-11 06:44:55 [INFO] [転送] VM → BM : Depth:304.0
2025-07-11 06:44:55 [INFO] [受信] VM → BM;Depth:320.0
2025-07-11 06:44:55 [INFO] [転送] VM → BM : Depth:320.0
2025-07-11 06:44:55 [INFO] [受信] VM → BM;Depth:325.0
2025-07-11 06:44:55 [INFO] [転送] VM → BM : Depth:325.0
2025-07-11 06:44:55 [INFO] [受信] VM → BM;Depth:326.0
2025-07-11 06:44:55 [INFO] [転送] VM → BM : Depth:326.0
2025-07-11 06:44:55 [INFO] [受信] VM → BM;Depth:326.0
2025-07-11 06:44:55 [INFO] [転送] VM → BM : Depth:326.0
2025-07-11 06:44:55 [INFO] [受信] VM → BM;Depth:325.0
2025-07-11 06:44:55 [INFO] [転送] VM → BM : Depth:325.0
2025-07-11 06:44:55 [INFO] [受信] VM → BM;Depth:325.0
2025-07-11 06:44:55 [INFO] [転送] VM → BM : Depth:325.0
2025-07-11 06:44:55 [INFO] [受信] VM → BM;Depth:325.0
2025-07-11 06:44:55 [INFO] [転送] VM → BM : Depth:325.0
2025-07-11 06:44:55 [INFO] [受信] VM → BM;Depth:320.0
2025-07-11 06:44:55 [INFO] [転送] VM → BM : Depth:320.0
2025-07-11 06:44:55 [INFO] [受信] VM → BM;Depth:312.0
2025-07-11 06:44:55 [INFO] [転送] VM → BM : Depth:312.0
2025-07-11 06:44:55 [INFO] [受信] VM → BM;Depth:299.0
2025-07-11 06:44:55 [INFO] [転送] VM → BM : Depth:299.0
2025-07-11 06:44:55 [INFO] [受信] VM → BM;Depth:296.0
2025-07-11 06:44:55 [INFO] [転送] VM → BM : Depth:296.0
2025-07-11 06:44:55 [INFO] [受信] Cmd → BM;ID:1,Cond:1
2025-07-11 06:44:55 [INFO] [受信] VM → BM;Depth:303.0
2025-07-11 06:44:55 [INFO] [転送] Cmd → BM : ID:1,Cond:1
2025-07-11 06:44:55 [INFO] [転送] VM → BM : Depth:303.0
2025-07-11 06:44:55 [INFO] [受信] Cmd → VM;ID:1,Cond:1
2025-07-11 06:44:55 [INFO] [転送] Cmd → VM : ID:1,Cond:1
2025-07-11 06:44:55 [INFO] [受信] Cmd → VM;start_log_recording
2025-07-11 06:44:55 [INFO] [転送] Cmd → VM : start_log_recording
2025-07-11 06:44:56 [INFO] [受信] VM → BM;Depth:289.0
2025-07-11 06:44:56 [INFO] [転送] VM → BM : Depth:289.0
2025-07-11 06:44:56 [INFO] [受信] VM → BM;Depth:280.0
2025-07-11 06:44:56 [INFO] [転送] VM → BM : Depth:280.0
2025-07-11 06:44:56 [INFO] [受信] VM → BM;Depth:242.0
2025-07-11 06:44:56 [INFO] [転送] VM → BM : Depth:242.0
2025-07-11 06:44:56 [INFO] [受信] VM → BM;Depth:239.0
2025-07-11 06:44:56 [INFO] [転送] VM → BM : Depth:239.0
2025-07-11 06:44:56 [INFO] [受信] VM → BM;Depth:237.0
2025-07-11 06:44:56 [INFO] [転送] VM → BM : Depth:237.0
2025-07-11 06:44:56 [INFO] [受信] VM → BM;Depth:242.0
2025-07-11 06:44:56 [INFO] [転送] VM → BM : Depth:242.0
2025-07-11 06:44:56 [INFO] [受信] VM → BM;Depth:267.0
2025-07-11 06:44:56 [INFO] [転送] VM → BM : Depth:267.0
2025-07-11 06:44:56 [INFO] [受信] VM → BM;Depth:271.0
2025-07-11 06:44:56 [INFO] [転送] VM → BM : Depth:271.0
2025-07-11 06:44:56 [INFO] [受信] VM → BM;Depth:274.0
2025-07-11 06:44:56 [INFO] [転送] VM → BM : Depth:274.0
2025-07-11 06:45:02 [INFO] [受信] VM → BM;Depth:387.0
2025-07-11 06:45:02 [INFO] [転送] VM → BM : Depth:387.0
2025-07-11 06:45:02 [INFO] [受信] VM → BM;Depth:246.0
2025-07-11 06:45:02 [INFO] [転送] VM → BM : Depth:246.0
2025-07-11 06:45:02 [INFO] [受信] VM → BM;Depth:242.0
2025-07-11 06:45:02 [INFO] [転送] VM → BM : Depth:242.0
2025-07-11 06:45:02 [INFO] [受信] VM → BM;Depth:236.0
2025-07-11 06:45:02 [INFO] [転送] VM → BM : Depth:236.0
2025-07-11 06:45:02 [INFO] [受信] VM → BM;Depth:236.0
2025-07-11 06:45:02 [INFO] [転送] VM → BM : Depth:236.0
2025-07-11 06:45:02 [INFO] [受信] VM → BM;Depth:238.0
2025-07-11 06:45:02 [INFO] [転送] VM → BM : Depth:238.0
2025-07-11 06:45:02 [INFO] [受信] VM → BM;Depth:240.0
2025-07-11 06:45:02 [INFO] [転送] VM → BM : Depth:240.0
2025-07-11 06:45:02 [INFO] [受信] VM → BM;Depth:241.0
2025-07-11 06:45:02 [INFO] [転送] VM → BM : Depth:241.0
2025-07-11 06:45:02 [INFO] [受信] VM → BM;Depth:242.0
2025-07-11 06:45:02 [INFO] [転送] VM → BM : Depth:242.0
2025-07-11 06:45:02 [INFO] [受信] Cmd → BM;reset
2025-07-11 06:45:02 [INFO] [受信] VM → BM;Depth:230.0
2025-07-11 06:45:02 [INFO] [転送] Cmd → BM : reset
2025-07-11 06:45:02 [INFO] [転送] VM → BM : Depth:230.0
2025-07-11 06:45:02 [INFO] [受信] Cmd → VM;stop_log_recording
2025-07-11 06:45:02 [INFO] [転送] Cmd → VM : stop_log_recording
2025-07-11 06:45:02 [INFO] [受信] VM → BM;Depth:246.0
2025-07-11 06:45:02 [INFO] [転送] VM → BM : Depth:246.0
2025-07-11 06:45:02 [INFO] [受信] VM → BM;Depth:249.0
2025-07-11 06:45:02 [INFO] [転送] VM → BM : Depth:249.0
2025-07-11 06:45:02 [INFO] [受信] VM → BM;Depth:255.0
2025-07-11 06:45:02 [INFO] [転送] VM → BM : Depth:255.0
2025-07-11 06:45:03 [INFO] [受信] VM → BM;Depth:264.0
2025-07-11 06:45:03 [INFO] [転送] VM → BM : Depth:264.0
2025-07-11 06:45:03 [INFO] [受信] VM → BM;Depth:271.0
2025-07-11 06:45:03 [INFO] [転送] VM → BM : Depth:271.0
2025-07-11 06:45:07 [INFO] [受信] Cmd → BM;ID:1,Cond:2
2025-07-11 06:45:07 [INFO] [受信] VM → BM;Depth:274.0
2025-07-11 06:45:07 [INFO] [転送] Cmd → BM : ID:1,Cond:2
2025-07-11 06:45:07 [INFO] [転送] VM → BM : Depth:274.0
2025-07-11 06:45:07 [INFO] [受信] Cmd → VM;ID:1,Cond:2
2025-07-11 06:45:07 [INFO] [転送] Cmd → VM : ID:1,Cond:2
2025-07-11 06:45:07 [INFO] [受信] VM → BM;Depth:277.0
2025-07-11 06:45:07 [INFO] [受信] Cmd → VM;start_log_recording
2025-07-11 06:45:07 [INFO] [転送] VM → BM : Depth:277.0
2025-07-11 06:45:07 [INFO] [転送] Cmd → VM : start_log_recording
2025-07-11 06:45:07 [INFO] [受信] VM → BM;Depth:285.0
2025-07-11 06:45:07 [INFO] [転送] VM → BM : Depth:285.0
2025-07-11 06:45:07 [INFO] [受信] VM → BM;Depth:289.0
2025-07-11 06:45:07 [INFO] [転送] VM → BM : Depth:289.0
2025-07-11 06:45:07 [INFO] [受信] VM → BM;Depth:292.0
2025-07-11 06:45:07 [INFO] [転送] VM → BM : Depth:292.0
2025-07-11 06:45:07 [INFO] [受信] VM → BM;Depth:292.0
2025-07-11 06:45:07 [INFO] [転送] VM → BM : Depth:292.0
2025-07-11 06:45:07 [INFO] [受信] VM → BM;Depth:290.0
2025-07-11 06:45:07 [INFO] [転送] VM → BM : Depth:290.0
2025-07-11 06:45:07 [INFO] [受信] VM → BM;Depth:290.0
2025-07-11 06:45:07 [INFO] [転送] VM → BM : Depth:290.0
2025-07-11 06:45:07 [INFO] [受信] VM → BM;Depth:289.0
2025-07-11 06:45:07 [INFO] [転送] VM → BM : Depth:289.0
2025-07-11 06:45:07 [INFO] [受信] VM → BM;Depth:289.0
2025-07-11 06:45:07 [INFO] [転送] VM → BM : Depth:289.0
2025-07-11 06:45:07 [INFO] [受信] VM → BM;Depth:289.0
2025-07-11 06:45:07 [INFO] [転送] VM → BM : Depth:289.0
2025-07-11 06:45:07 [INFO] [受信] VM → BM;Depth:288.0
2025-07-11 06:45:08 [INFO] [転送] VM → BM : Depth:288.0
2025-07-11 06:45:08 [INFO] [受信] VM → BM;Depth:288.0
2025-07-11 06:45:08 [INFO] [転送] VM → BM : Depth:288.0
2025-07-11 06:45:08 [INFO] [受信] VM → BM;Depth:290.0
2025-07-11 06:45:08 [INFO] [転送] VM → BM : Depth:290.0
2025-07-11 06:45:08 [INFO] [受信] VM → BM;Depth:293.0
2025-07-11 06:45:08 [INFO] [転送] VM → BM : Depth:293.0
2025-07-11 06:45:08 [INFO] [受信] VM → BM;Depth:288.0
2025-07-11 06:45:08 [INFO] [転送] VM → BM : Depth:288.0
2025-07-11 06:45:08 [INFO] [受信] VM → BM;Depth:284.0
2025-07-11 06:45:08 [INFO] [転送] VM → BM : Depth:284.0
2025-07-11 06:45:08 [INFO] [受信] VM → BM;Depth:284.0
2025-07-11 06:45:08 [INFO] [転送] VM → BM : Depth:284.0
2025-07-11 06:45:08 [INFO] [受信] VM → BM;Depth:280.0
2025-07-11 06:45:08 [INFO] [転送] VM → BM : Depth:280.0
2025-07-11 06:45:08 [INFO] [受信] VM → BM;Depth:274.0
2025-07-11 06:45:08 [INFO] [転送] VM → BM : Depth:274.0
2025-07-11 06:45:08 [INFO] [受信] VM → BM;Depth:270.0
2025-07-11 06:45:08 [INFO] [転送] VM → BM : Depth:270.0
2025-07-11 06:45:08 [INFO] [受信] VM → BM;Depth:260.0
2025-07-11 06:45:08 [INFO] [転送] VM → BM : Depth:260.0
2025-07-11 06:45:08 [INFO] [受信] VM → BM;Depth:257.0
2025-07-11 06:45:08 [INFO] [転送] VM → BM : Depth:257.0
2025-07-11 06:45:08 [INFO] [受信] VM → BM;Depth:253.0
2025-07-11 06:45:08 [INFO] [転送] VM → BM : Depth:253.0
2025-07-11 06:45:08 [INFO] [受信] VM → BM;Depth:245.0
2025-07-11 06:45:08 [INFO] [転送] VM → BM : Depth:245.0
2025-07-11 06:45:08 [INFO] [受信] VM → BM;Depth:242.0
2025-07-11 06:45:08 [INFO] [転送] VM → BM : Depth:242.0
2025-07-11 06:45:08 [INFO] [受信] VM → BM;Depth:242.0
2025-07-11 06:45:08 [INFO] [転送] VM → BM : Depth:242.0
2025-07-11 06:45:08 [INFO] [受信] VM → BM;Depth:242.0
2025-07-11 06:45:08 [INFO] [転送] VM → BM : Depth:242.0
2025-07-11 06:45:08 [INFO] [受信] VM → BM;Depth:244.0
2025-07-11 06:45:08 [INFO] [転送] VM → BM : Depth:244.0
2025-07-11 06:45:08 [INFO] [受信] VM → BM;Depth:246.0
2025-07-11 06:45:08 [INFO] [転送] VM → BM : Depth:246.0
2025-07-11 06:45:09 [INFO] [受信] VM → BM;Depth:253.0
2025-07-11 06:45:09 [INFO] [転送] VM → BM : Depth:253.0
2025-07-11 06:45:09 [INFO] [受信] VM → BM;Depth:256.0
2025-07-11 06:45:09 [INFO] [転送] VM → BM : Depth:256.0
2025-07-11 06:45:09 [INFO] [受信] VM → BM;Depth:254.0
2025-07-11 06:45:09 [INFO] [転送] VM → BM : Depth:254.0
2025-07-11 06:45:09 [INFO] [受信] VM → BM;Depth:251.0
2025-07-11 06:45:09 [INFO] [転送] VM → BM : Depth:251.0
2025-07-11 06:45:09 [INFO] [受信] VM → BM;Depth:246.0
2025-07-11 06:45:09 [INFO] [転送] VM → BM : Depth:246.0
2025-07-11 06:45:09 [INFO] [受信] VM → BM;Depth:247.0
2025-07-11 06:45:09 [INFO] [転送] VM → BM : Depth:247.0
2025-07-11 06:45:09 [INFO] [受信] VM → BM;Depth:273.0
2025-07-11 06:45:09 [INFO] [転送] VM → BM : Depth:273.0
2025-07-11 06:45:09 [INFO] [受信] VM → BM;Depth:289.0
2025-07-11 06:45:09 [INFO] [転送] VM → BM : Depth:289.0
2025-07-11 06:45:09 [INFO] [受信] VM → BM;Depth:273.0
2025-07-11 06:45:09 [INFO] [転送] VM → BM : Depth:273.0
2025-07-11 06:45:10 [INFO] [受信] Cmd → BM;reset
2025-07-11 06:45:10 [INFO] [転送] Cmd → BM : reset
2025-07-11 06:45:10 [INFO] [受信] Cmd → VM;stop_log_recording
2025-07-11 06:45:10 [INFO] [転送] Cmd → VM : stop_log_recording
2025-07-11 06:45:12 [ERROR] [エラー] 受信中に例外発生：[WinError 10054] 既存の接続はリモート ホストに強制的に切断されました。
2025-07-11 06:45:12 [INFO] [切断] 127.0.0.1:49738 (VM) の接続を終了
2025-07-11 06:45:19 [INFO] [接続] VM (127.0.0.1:49739) が接続しました
2025-07-11 06:45:22 [INFO] [受信] VM → BM;Depth:235.0
2025-07-11 06:45:22 [INFO] [転送] VM → BM : Depth:235.0
2025-07-11 06:45:22 [INFO] [受信] VM → BM;Depth:236.0
2025-07-11 06:45:22 [INFO] [転送] VM → BM : Depth:236.0
2025-07-11 06:45:22 [INFO] [受信] VM → BM;Depth:236.0
2025-07-11 06:45:22 [INFO] [転送] VM → BM : Depth:236.0
2025-07-11 06:45:22 [INFO] [受信] VM → BM;Depth:242.0
2025-07-11 06:45:22 [INFO] [転送] VM → BM : Depth:242.0
2025-07-11 06:45:22 [INFO] [受信] VM → BM;Depth:245.0
2025-07-11 06:45:22 [INFO] [転送] VM → BM : Depth:245.0
2025-07-11 06:45:22 [INFO] [受信] VM → BM;Depth:246.0
2025-07-11 06:45:22 [INFO] [転送] VM → BM : Depth:246.0
2025-07-11 06:45:22 [INFO] [受信] VM → BM;Depth:251.0
2025-07-11 06:45:22 [INFO] [転送] VM → BM : Depth:251.0
2025-07-11 06:45:22 [INFO] [受信] VM → BM;Depth:264.0
2025-07-11 06:45:22 [INFO] [転送] VM → BM : Depth:264.0
2025-07-11 06:45:22 [INFO] [受信] VM → BM;Depth:269.0
2025-07-11 06:45:22 [INFO] [転送] VM → BM : Depth:269.0
2025-07-11 06:45:22 [INFO] [受信] VM → BM;Depth:272.0
2025-07-11 06:45:22 [INFO] [転送] VM → BM : Depth:272.0
2025-07-11 06:45:22 [INFO] [受信] VM → BM;Depth:275.0
2025-07-11 06:45:22 [INFO] [転送] VM → BM : Depth:275.0
2025-07-11 06:45:22 [INFO] [受信] VM → BM;Depth:279.0
2025-07-11 06:45:22 [INFO] [転送] VM → BM : Depth:279.0
2025-07-11 06:45:22 [INFO] [受信] VM → BM;Depth:281.0
2025-07-11 06:45:22 [INFO] [転送] VM → BM : Depth:281.0
2025-07-11 06:45:22 [INFO] [受信] VM → BM;Depth:284.0
2025-07-11 06:45:22 [INFO] [転送] VM → BM : Depth:284.0
2025-07-11 06:45:22 [INFO] [受信] VM → BM;Depth:280.0
2025-07-11 06:45:22 [INFO] [転送] VM → BM : Depth:280.0
2025-07-11 06:45:22 [INFO] [受信] VM → BM;Depth:282.0
2025-07-11 06:45:22 [INFO] [転送] VM → BM : Depth:282.0
2025-07-11 06:45:22 [INFO] [受信] VM → BM;Depth:282.0
2025-07-11 06:45:22 [INFO] [転送] VM → BM : Depth:282.0
2025-07-11 06:45:22 [INFO] [受信] VM → BM;Depth:282.0
2025-07-11 06:45:22 [INFO] [転送] VM → BM : Depth:282.0
2025-07-11 06:45:22 [INFO] [受信] VM → BM;Depth:280.0
2025-07-11 06:45:22 [INFO] [転送] VM → BM : Depth:280.0
2025-07-11 06:45:22 [INFO] [受信] VM → BM;Depth:279.0
2025-07-11 06:45:23 [INFO] [転送] VM → BM : Depth:279.0
2025-07-11 06:45:23 [INFO] [受信] VM → BM;Depth:276.0
2025-07-11 06:45:23 [INFO] [転送] VM → BM : Depth:276.0
2025-07-11 06:45:23 [INFO] [受信] VM → BM;Depth:274.0
2025-07-11 06:45:23 [INFO] [転送] VM → BM : Depth:274.0
2025-07-11 06:45:23 [INFO] [受信] VM → BM;Depth:272.0
2025-07-11 06:45:23 [INFO] [転送] VM → BM : Depth:272.0
2025-07-11 06:45:23 [INFO] [受信] VM → BM;Depth:269.0
2025-07-11 06:45:23 [INFO] [転送] VM → BM : Depth:269.0
2025-07-11 06:45:23 [INFO] [受信] VM → BM;Depth:269.0
2025-07-11 06:45:23 [INFO] [転送] VM → BM : Depth:269.0
2025-07-11 06:45:23 [INFO] [受信] VM → BM;Depth:266.0
2025-07-11 06:45:23 [INFO] [転送] VM → BM : Depth:266.0
2025-07-11 06:45:23 [INFO] [受信] VM → BM;Depth:264.0
2025-07-11 06:45:23 [INFO] [転送] VM → BM : Depth:264.0
2025-07-11 06:45:23 [INFO] [受信] VM → BM;Depth:247.0
2025-07-11 06:45:23 [INFO] [転送] VM → BM : Depth:247.0
2025-07-11 06:45:23 [INFO] [受信] VM → BM;Depth:243.0
2025-07-11 06:45:23 [INFO] [転送] VM → BM : Depth:243.0
2025-07-11 06:45:23 [INFO] [受信] VM → BM;Depth:241.0
2025-07-11 06:45:23 [INFO] [転送] VM → BM : Depth:241.0
2025-07-11 06:45:23 [INFO] [受信] VM → BM;Depth:240.0
2025-07-11 06:45:23 [INFO] [転送] VM → BM : Depth:240.0
2025-07-11 06:45:23 [INFO] [受信] VM → BM;Depth:240.0
2025-07-11 06:45:23 [INFO] [転送] VM → BM : Depth:240.0
2025-07-11 06:45:23 [INFO] [受信] VM → BM;Depth:240.0
2025-07-11 06:45:23 [INFO] [転送] VM → BM : Depth:240.0
2025-07-11 06:45:23 [INFO] [受信] VM → BM;Depth:241.0
2025-07-11 06:45:23 [INFO] [転送] VM → BM : Depth:241.0
2025-07-11 06:45:23 [INFO] [受信] VM → BM;Depth:233.0
2025-07-11 06:45:23 [INFO] [転送] VM → BM : Depth:233.0
2025-07-11 06:45:23 [INFO] [受信] VM → BM;Depth:232.0
2025-07-11 06:45:23 [INFO] [転送] VM → BM : Depth:232.0
2025-07-11 06:45:23 [INFO] [受信] VM → BM;Depth:231.0
2025-07-11 06:45:23 [INFO] [転送] VM → BM : Depth:231.0
2025-07-11 06:45:23 [INFO] [受信] VM → BM;Depth:231.0
2025-07-11 06:45:23 [INFO] [転送] VM → BM : Depth:231.0
2025-07-11 06:45:23 [INFO] [受信] VM → BM;Depth:228.0
2025-07-11 06:45:23 [INFO] [転送] VM → BM : Depth:228.0
2025-07-11 06:45:23 [INFO] [受信] VM → BM;Depth:228.0
2025-07-11 06:45:23 [INFO] [転送] VM → BM : Depth:228.0
2025-07-11 06:45:23 [INFO] [受信] VM → BM;Depth:228.0
2025-07-11 06:45:23 [INFO] [転送] VM → BM : Depth:228.0
2025-07-11 06:45:23 [INFO] [受信] VM → BM;Depth:228.0
2025-07-11 06:45:23 [INFO] [転送] VM → BM : Depth:228.0
2025-07-11 06:45:23 [INFO] [受信] VM → BM;Depth:228.0
2025-07-11 06:45:23 [INFO] [転送] VM → BM : Depth:228.0
2025-07-11 06:45:23 [INFO] [受信] VM → BM;Depth:228.0
2025-07-11 06:45:24 [INFO] [転送] VM → BM : Depth:228.0
2025-07-11 06:45:24 [INFO] [受信] VM → BM;Depth:227.0
2025-07-11 06:45:24 [INFO] [転送] VM → BM : Depth:227.0
2025-07-11 06:45:24 [INFO] [受信] VM → BM;Depth:227.0
2025-07-11 06:45:24 [INFO] [転送] VM → BM : Depth:227.0
2025-07-11 06:45:24 [INFO] [受信] VM → BM;Depth:234.0
2025-07-11 06:45:24 [INFO] [転送] VM → BM : Depth:234.0
2025-07-11 06:45:24 [INFO] [受信] VM → BM;Depth:234.0
2025-07-11 06:45:24 [INFO] [転送] VM → BM : Depth:234.0
2025-07-11 06:45:24 [INFO] [受信] Cmd → BM;ID:1,Cond:2
2025-07-11 06:45:24 [INFO] [受信] VM → BM;Depth:227.0
2025-07-11 06:45:24 [INFO] [転送] Cmd → BM : ID:1,Cond:2
2025-07-11 06:45:24 [INFO] [転送] VM → BM : Depth:227.0
2025-07-11 06:45:24 [INFO] [受信] Cmd → VM;ID:1,Cond:2
2025-07-11 06:45:24 [INFO] [受信] VM → BM;Depth:234.0
2025-07-11 06:45:24 [INFO] [転送] Cmd → VM : ID:1,Cond:2
2025-07-11 06:45:24 [INFO] [転送] VM → BM : Depth:234.0
2025-07-11 06:45:24 [INFO] [受信] Cmd → VM;start_log_recording
2025-07-11 06:45:24 [INFO] [受信] VM → BM;Depth:234.0
2025-07-11 06:45:24 [INFO] [転送] Cmd → VM : start_log_recording
2025-07-11 06:45:24 [INFO] [転送] VM → BM : Depth:234.0
2025-07-11 06:45:24 [INFO] [受信] VM → BM;Depth:235.0
2025-07-11 06:45:24 [INFO] [転送] VM → BM : Depth:235.0
2025-07-11 06:45:24 [INFO] [受信] VM → BM;Depth:234.0
2025-07-11 06:45:24 [INFO] [転送] VM → BM : Depth:234.0
2025-07-11 06:45:24 [INFO] [受信] VM → BM;Depth:235.0
2025-07-11 06:45:24 [INFO] [転送] VM → BM : Depth:235.0
2025-07-11 06:45:24 [INFO] [受信] VM → BM;Depth:234.0
2025-07-11 06:45:24 [INFO] [転送] VM → BM : Depth:234.0
2025-07-11 06:45:24 [INFO] [受信] VM → BM;Depth:226.0
2025-07-11 06:45:24 [INFO] [転送] VM → BM : Depth:226.0
2025-07-11 06:45:24 [INFO] [受信] VM → BM;Depth:234.0
2025-07-11 06:45:24 [INFO] [転送] VM → BM : Depth:234.0
2025-07-11 06:45:24 [INFO] [受信] VM → BM;Depth:235.0
2025-07-11 06:45:24 [INFO] [転送] VM → BM : Depth:235.0
2025-07-11 06:45:24 [INFO] [受信] VM → BM;Depth:228.0
2025-07-11 06:45:24 [INFO] [転送] VM → BM : Depth:228.0
2025-07-11 06:45:24 [INFO] [受信] VM → BM;Depth:240.0
2025-07-11 06:45:24 [INFO] [転送] VM → BM : Depth:240.0
2025-07-11 06:45:24 [INFO] [受信] VM → BM;Depth:241.0
2025-07-11 06:45:24 [INFO] [転送] VM → BM : Depth:241.0
2025-07-11 06:45:25 [INFO] [受信] Cmd → BM;reset
2025-07-11 06:45:25 [INFO] [転送] Cmd → BM : reset
2025-07-11 06:45:25 [INFO] [受信] Cmd → VM;stop_log_recording
2025-07-11 06:45:25 [INFO] [転送] Cmd → VM : stop_log_recording
2025-07-11 06:45:30 [INFO] [受信] VM → BM;Depth:193.0
2025-07-11 06:45:30 [INFO] [転送] VM → BM : Depth:193.0
2025-07-11 06:45:30 [INFO] [受信] VM → BM;Depth:193.0
2025-07-11 06:45:30 [INFO] [転送] VM → BM : Depth:193.0
2025-07-11 06:45:30 [INFO] [受信] VM → BM;Depth:194.0
2025-07-11 06:45:30 [INFO] [転送] VM → BM : Depth:194.0
2025-07-11 06:45:30 [INFO] [受信] VM → BM;Depth:194.0
2025-07-11 06:45:30 [INFO] [転送] VM → BM : Depth:194.0
2025-07-11 06:45:30 [INFO] [受信] VM → BM;Depth:195.0
2025-07-11 06:45:30 [INFO] [転送] VM → BM : Depth:195.0
2025-07-11 06:45:30 [INFO] [受信] VM → BM;Depth:194.0
2025-07-11 06:45:30 [INFO] [転送] VM → BM : Depth:194.0
2025-07-11 06:45:30 [INFO] [受信] VM → BM;Depth:195.0
2025-07-11 06:45:30 [INFO] [転送] VM → BM : Depth:195.0
2025-07-11 06:45:30 [INFO] [受信] VM → BM;Depth:196.0
2025-07-11 06:45:30 [INFO] [転送] VM → BM : Depth:196.0
2025-07-11 06:45:30 [INFO] [受信] VM → BM;Depth:194.0
2025-07-11 06:45:30 [INFO] [転送] VM → BM : Depth:194.0
2025-07-11 06:45:30 [INFO] [受信] VM → BM;Depth:195.0
2025-07-11 06:45:30 [INFO] [転送] VM → BM : Depth:195.0
2025-07-11 06:45:30 [INFO] [受信] VM → BM;Depth:201.0
2025-07-11 06:45:30 [INFO] [転送] VM → BM : Depth:201.0
2025-07-11 06:45:30 [INFO] [受信] VM → BM;Depth:200.0
2025-07-11 06:45:30 [INFO] [転送] VM → BM : Depth:200.0
2025-07-11 06:45:30 [INFO] [受信] VM → BM;Depth:200.0
2025-07-11 06:45:31 [INFO] [転送] VM → BM : Depth:200.0
2025-07-11 06:45:31 [INFO] [受信] VM → BM;Depth:225.0
2025-07-11 06:45:31 [INFO] [転送] VM → BM : Depth:225.0
2025-07-11 06:45:31 [INFO] [受信] VM → BM;Depth:222.0
2025-07-11 06:45:31 [INFO] [転送] VM → BM : Depth:222.0
2025-07-11 06:45:31 [INFO] [受信] VM → BM;Depth:219.0
2025-07-11 06:45:31 [INFO] [転送] VM → BM : Depth:219.0
2025-07-11 06:45:31 [INFO] [受信] VM → BM;Depth:210.0
2025-07-11 06:45:31 [INFO] [転送] VM → BM : Depth:210.0
2025-07-11 06:45:32 [INFO] [受信] Cmd → BM;ID:1,Cond:3
2025-07-11 06:45:32 [INFO] [転送] Cmd → BM : ID:1,Cond:3
2025-07-11 06:45:32 [INFO] [受信] Cmd → VM;ID:1,Cond:3
2025-07-11 06:45:32 [INFO] [転送] Cmd → VM : ID:1,Cond:3
2025-07-11 06:45:32 [INFO] [受信] Cmd → VM;start_log_recording
2025-07-11 06:45:32 [INFO] [転送] Cmd → VM : start_log_recording
2025-07-11 06:45:32 [INFO] [受信] VM → BM;Depth:206.0
2025-07-11 06:45:32 [INFO] [転送] VM → BM : Depth:206.0
2025-07-11 06:45:32 [INFO] [受信] VM → BM;Depth:225.0
2025-07-11 06:45:32 [INFO] [転送] VM → BM : Depth:225.0
2025-07-11 06:45:32 [INFO] [受信] VM → BM;Depth:234.0
2025-07-11 06:45:32 [INFO] [転送] VM → BM : Depth:234.0
2025-07-11 06:45:32 [INFO] [受信] VM → BM;Depth:230.0
2025-07-11 06:45:32 [INFO] [転送] VM → BM : Depth:230.0
2025-07-11 06:45:32 [INFO] [受信] VM → BM;Depth:234.0
2025-07-11 06:45:32 [INFO] [転送] VM → BM : Depth:234.0
2025-07-11 06:45:32 [INFO] [受信] VM → BM;Depth:240.0
2025-07-11 06:45:32 [INFO] [転送] VM → BM : Depth:240.0
2025-07-11 06:45:32 [INFO] [受信] VM → BM;Depth:233.0
2025-07-11 06:45:32 [INFO] [転送] VM → BM : Depth:233.0
2025-07-11 06:45:32 [INFO] [受信] VM → BM;Depth:234.0
2025-07-11 06:45:32 [INFO] [転送] VM → BM : Depth:234.0
2025-07-11 06:45:32 [INFO] [受信] VM → BM;Depth:232.0
2025-07-11 06:45:32 [INFO] [転送] VM → BM : Depth:232.0
2025-07-11 06:45:33 [INFO] [受信] VM → BM;Depth:227.0
2025-07-11 06:45:33 [INFO] [転送] VM → BM : Depth:227.0
2025-07-11 06:45:33 [INFO] [受信] VM → BM;Depth:226.0
2025-07-11 06:45:33 [INFO] [転送] VM → BM : Depth:226.0
2025-07-11 06:45:33 [INFO] [受信] VM → BM;Depth:241.0
2025-07-11 06:45:33 [INFO] [転送] VM → BM : Depth:241.0
2025-07-11 06:45:33 [INFO] [受信] Cmd → BM;reset
2025-07-11 06:45:34 [INFO] [転送] Cmd → BM : reset
2025-07-11 06:45:34 [INFO] [受信] Cmd → VM;stop_log_recording
2025-07-11 06:45:34 [INFO] [転送] Cmd → VM : stop_log_recording
2025-07-11 06:45:35 [INFO] [受信] VM → BM;Depth:204.0
2025-07-11 06:45:35 [INFO] [転送] VM → BM : Depth:204.0
2025-07-11 06:45:35 [INFO] [受信] VM → BM;Depth:205.0
2025-07-11 06:45:35 [INFO] [転送] VM → BM : Depth:205.0
2025-07-11 06:45:35 [INFO] [受信] VM → BM;Depth:212.0
2025-07-11 06:45:35 [INFO] [転送] VM → BM : Depth:212.0
2025-07-11 06:45:35 [INFO] [受信] VM → BM;Depth:209.0
2025-07-11 06:45:35 [INFO] [転送] VM → BM : Depth:209.0
2025-07-11 06:45:35 [INFO] [受信] VM → BM;Depth:209.0
2025-07-11 06:45:35 [INFO] [転送] VM → BM : Depth:209.0
2025-07-11 06:45:35 [INFO] [受信] VM → BM;Depth:207.0
2025-07-11 06:45:35 [INFO] [転送] VM → BM : Depth:207.0
2025-07-11 06:45:35 [INFO] [受信] VM → BM;Depth:208.0
2025-07-11 06:45:35 [INFO] [転送] VM → BM : Depth:208.0
2025-07-11 06:45:35 [INFO] [受信] VM → BM;Depth:207.0
2025-07-11 06:45:35 [INFO] [転送] VM → BM : Depth:207.0
2025-07-11 06:45:35 [INFO] [受信] VM → BM;Depth:209.0
2025-07-11 06:45:35 [INFO] [転送] VM → BM : Depth:209.0
2025-07-11 06:45:35 [INFO] [受信] VM → BM;Depth:208.0
2025-07-11 06:45:35 [INFO] [転送] VM → BM : Depth:208.0
2025-07-11 06:45:35 [INFO] [受信] VM → BM;Depth:205.0
2025-07-11 06:45:35 [INFO] [転送] VM → BM : Depth:205.0
2025-07-11 06:45:35 [INFO] [受信] VM → BM;Depth:201.0
2025-07-11 06:45:35 [INFO] [転送] VM → BM : Depth:201.0
2025-07-11 06:45:35 [INFO] [受信] VM → BM;Depth:194.0
2025-07-11 06:45:35 [INFO] [転送] VM → BM : Depth:194.0
2025-07-11 06:45:35 [INFO] [受信] VM → BM;Depth:202.0
2025-07-11 06:45:35 [INFO] [転送] VM → BM : Depth:202.0
2025-07-11 06:45:39 [INFO] [受信] VM → BM;Depth:213.0
2025-07-11 06:45:39 [INFO] [転送] VM → BM : Depth:213.0
2025-07-11 06:45:39 [INFO] [受信] VM → BM;Depth:226.0
2025-07-11 06:45:39 [INFO] [転送] VM → BM : Depth:226.0
2025-07-11 06:45:39 [INFO] [受信] VM → BM;Depth:227.0
2025-07-11 06:45:39 [INFO] [転送] VM → BM : Depth:227.0
2025-07-11 06:45:39 [INFO] [受信] VM → BM;Depth:243.0
2025-07-11 06:45:39 [INFO] [転送] VM → BM : Depth:243.0
2025-07-11 06:45:39 [INFO] [受信] VM → BM;Depth:248.0
2025-07-11 06:45:39 [INFO] [転送] VM → BM : Depth:248.0
2025-07-11 06:45:40 [INFO] [受信] VM → BM;Depth:247.0
2025-07-11 06:45:40 [INFO] [転送] VM → BM : Depth:247.0
2025-07-11 06:45:40 [INFO] [受信] VM → BM;Depth:247.0
2025-07-11 06:45:40 [INFO] [転送] VM → BM : Depth:247.0
2025-07-11 06:45:40 [INFO] [受信] VM → BM;Depth:245.0
2025-07-11 06:45:40 [INFO] [転送] VM → BM : Depth:245.0
2025-07-11 06:45:40 [INFO] [受信] VM → BM;Depth:244.0
2025-07-11 06:45:40 [INFO] [転送] VM → BM : Depth:244.0
2025-07-11 06:45:40 [INFO] [受信] VM → BM;Depth:243.0
2025-07-11 06:45:40 [INFO] [転送] VM → BM : Depth:243.0
2025-07-11 06:45:40 [INFO] [受信] VM → BM;Depth:241.0
2025-07-11 06:45:40 [INFO] [転送] VM → BM : Depth:241.0
2025-07-11 06:45:40 [INFO] [受信] VM → BM;Depth:243.0
2025-07-11 06:45:40 [INFO] [転送] VM → BM : Depth:243.0
2025-07-11 06:45:40 [INFO] [受信] VM → BM;Depth:241.0
2025-07-11 06:45:40 [INFO] [転送] VM → BM : Depth:241.0
2025-07-11 06:45:40 [INFO] [受信] VM → BM;Depth:242.0
2025-07-11 06:45:40 [INFO] [受信] Cmd → BM;ID:2,Cond:1
2025-07-11 06:45:40 [INFO] [転送] VM → BM : Depth:242.0
2025-07-11 06:45:40 [INFO] [転送] Cmd → BM : ID:2,Cond:1
2025-07-11 06:45:40 [INFO] [受信] Cmd → VM;ID:2,Cond:1
2025-07-11 06:45:40 [INFO] [受信] VM → BM;Depth:241.0
2025-07-11 06:45:40 [INFO] [転送] Cmd → VM : ID:2,Cond:1
2025-07-11 06:45:40 [INFO] [転送] VM → BM : Depth:241.0
2025-07-11 06:45:40 [INFO] [受信] Cmd → VM;start_log_recording
2025-07-11 06:45:40 [INFO] [転送] Cmd → VM : start_log_recording
2025-07-11 06:45:40 [INFO] [受信] VM → BM;Depth:240.0
2025-07-11 06:45:40 [INFO] [転送] VM → BM : Depth:240.0
2025-07-11 06:45:40 [INFO] [受信] VM → BM;Depth:239.0
2025-07-11 06:45:40 [INFO] [転送] VM → BM : Depth:239.0
2025-07-11 06:45:40 [INFO] [受信] VM → BM;Depth:237.0
2025-07-11 06:45:40 [INFO] [転送] VM → BM : Depth:237.0
2025-07-11 06:45:40 [INFO] [受信] VM → BM;Depth:232.0
2025-07-11 06:45:40 [INFO] [転送] VM → BM : Depth:232.0
2025-07-11 06:45:40 [INFO] [受信] VM → BM;Depth:223.0
2025-07-11 06:45:40 [INFO] [転送] VM → BM : Depth:223.0
2025-07-11 06:45:40 [INFO] [受信] VM → BM;Depth:220.0
2025-07-11 06:45:40 [INFO] [転送] VM → BM : Depth:220.0
2025-07-11 06:45:40 [INFO] [受信] VM → BM;Depth:226.0
2025-07-11 06:45:40 [INFO] [転送] VM → BM : Depth:226.0
2025-07-11 06:45:40 [INFO] [受信] VM → BM;Depth:225.0
2025-07-11 06:45:40 [INFO] [転送] VM → BM : Depth:225.0
2025-07-11 06:45:41 [INFO] [受信] Cmd → BM;reset
2025-07-11 06:45:41 [INFO] [転送] Cmd → BM : reset
2025-07-11 06:45:41 [INFO] [受信] Cmd → VM;stop_log_recording
2025-07-11 06:45:41 [INFO] [転送] Cmd → VM : stop_log_recording
2025-07-11 06:45:44 [INFO] [受信] VM → BM;Depth:188.0
2025-07-11 06:45:44 [INFO] [転送] VM → BM : Depth:188.0
2025-07-11 06:45:44 [INFO] [受信] VM → BM;Depth:191.0
2025-07-11 06:45:44 [INFO] [転送] VM → BM : Depth:191.0
2025-07-11 06:45:44 [INFO] [受信] VM → BM;Depth:194.0
2025-07-11 06:45:44 [INFO] [転送] VM → BM : Depth:194.0
2025-07-11 06:45:44 [INFO] [受信] VM → BM;Depth:195.0
2025-07-11 06:45:44 [INFO] [転送] VM → BM : Depth:195.0
2025-07-11 06:45:44 [INFO] [受信] VM → BM;Depth:195.0
2025-07-11 06:45:44 [INFO] [転送] VM → BM : Depth:195.0
2025-07-11 06:45:44 [INFO] [受信] VM → BM;Depth:197.0
2025-07-11 06:45:44 [INFO] [転送] VM → BM : Depth:197.0
2025-07-11 06:45:45 [INFO] [受信] VM → BM;Depth:197.0
2025-07-11 06:45:45 [INFO] [転送] VM → BM : Depth:197.0
2025-07-11 06:45:45 [INFO] [受信] VM → BM;Depth:198.0
2025-07-11 06:45:45 [INFO] [転送] VM → BM : Depth:198.0
2025-07-11 06:45:45 [INFO] [受信] VM → BM;Depth:198.0
2025-07-11 06:45:45 [INFO] [転送] VM → BM : Depth:198.0
2025-07-11 06:45:45 [INFO] [受信] VM → BM;Depth:199.0
2025-07-11 06:45:45 [INFO] [転送] VM → BM : Depth:199.0
2025-07-11 06:45:45 [INFO] [受信] VM → BM;Depth:201.0
2025-07-11 06:45:45 [INFO] [転送] VM → BM : Depth:201.0
2025-07-11 06:45:45 [INFO] [受信] VM → BM;Depth:216.0
2025-07-11 06:45:45 [INFO] [転送] VM → BM : Depth:216.0
2025-07-11 06:45:45 [INFO] [受信] VM → BM;Depth:207.0
2025-07-11 06:45:45 [INFO] [転送] VM → BM : Depth:207.0
2025-07-11 06:45:45 [INFO] [受信] VM → BM;Depth:222.0
2025-07-11 06:45:45 [INFO] [転送] VM → BM : Depth:222.0
2025-07-11 06:45:45 [INFO] [受信] VM → BM;Depth:211.0
2025-07-11 06:45:45 [INFO] [転送] VM → BM : Depth:211.0
2025-07-11 06:45:45 [INFO] [受信] VM → BM;Depth:211.0
2025-07-11 06:45:45 [INFO] [転送] VM → BM : Depth:211.0
2025-07-11 06:45:45 [INFO] [受信] VM → BM;Depth:212.0
2025-07-11 06:45:45 [INFO] [転送] VM → BM : Depth:212.0
2025-07-11 06:45:45 [INFO] [受信] VM → BM;Depth:213.0
2025-07-11 06:45:45 [INFO] [転送] VM → BM : Depth:213.0
2025-07-11 06:45:45 [INFO] [受信] VM → BM;Depth:213.0
2025-07-11 06:45:45 [INFO] [転送] VM → BM : Depth:213.0
2025-07-11 06:45:45 [INFO] [受信] VM → BM;Depth:212.0
2025-07-11 06:45:45 [INFO] [転送] VM → BM : Depth:212.0
2025-07-11 06:45:45 [INFO] [受信] VM → BM;Depth:213.0
2025-07-11 06:45:45 [INFO] [転送] VM → BM : Depth:213.0
2025-07-11 06:45:45 [INFO] [受信] VM → BM;Depth:213.0
2025-07-11 06:45:45 [INFO] [受信] Cmd → BM;ID:2,Cond:2
2025-07-11 06:45:45 [INFO] [転送] VM → BM : Depth:213.0
2025-07-11 06:45:45 [INFO] [転送] Cmd → BM : ID:2,Cond:2
2025-07-11 06:45:45 [INFO] [受信] VM → BM;Depth:213.0
2025-07-11 06:45:45 [INFO] [受信] Cmd → VM;ID:2,Cond:2
2025-07-11 06:45:45 [INFO] [転送] VM → BM : Depth:213.0
2025-07-11 06:45:45 [INFO] [転送] Cmd → VM : ID:2,Cond:2
2025-07-11 06:45:45 [INFO] [受信] VM → BM;Depth:212.0
2025-07-11 06:45:45 [INFO] [受信] Cmd → VM;start_log_recording
2025-07-11 06:45:45 [INFO] [転送] VM → BM : Depth:212.0
2025-07-11 06:45:45 [INFO] [転送] Cmd → VM : start_log_recording
2025-07-11 06:45:45 [INFO] [受信] VM → BM;Depth:212.0
2025-07-11 06:45:45 [INFO] [転送] VM → BM : Depth:212.0
2025-07-11 06:45:45 [INFO] [受信] VM → BM;Depth:212.0
2025-07-11 06:45:45 [INFO] [転送] VM → BM : Depth:212.0
2025-07-11 06:45:45 [INFO] [受信] VM → BM;Depth:212.0
2025-07-11 06:45:46 [INFO] [転送] VM → BM : Depth:212.0
2025-07-11 06:45:46 [INFO] [受信] VM → BM;Depth:212.0
2025-07-11 06:45:46 [INFO] [転送] VM → BM : Depth:212.0
2025-07-11 06:45:46 [INFO] [受信] VM → BM;Depth:212.0
2025-07-11 06:45:46 [INFO] [転送] VM → BM : Depth:212.0
2025-07-11 06:45:46 [INFO] [受信] VM → BM;Depth:212.0
2025-07-11 06:45:46 [INFO] [転送] VM → BM : Depth:212.0
2025-07-11 06:45:46 [INFO] [受信] VM → BM;Depth:212.0
2025-07-11 06:45:46 [INFO] [転送] VM → BM : Depth:212.0
2025-07-11 06:45:46 [INFO] [受信] VM → BM;Depth:212.0
2025-07-11 06:45:46 [INFO] [転送] VM → BM : Depth:212.0
2025-07-11 06:45:46 [INFO] [受信] VM → BM;Depth:211.0
2025-07-11 06:45:46 [INFO] [転送] VM → BM : Depth:211.0
2025-07-11 06:45:46 [INFO] [受信] VM → BM;Depth:212.0
2025-07-11 06:45:46 [INFO] [転送] VM → BM : Depth:212.0
2025-07-11 06:45:46 [INFO] [受信] VM → BM;Depth:211.0
2025-07-11 06:45:46 [INFO] [転送] VM → BM : Depth:211.0
2025-07-11 06:45:46 [INFO] [受信] VM → BM;Depth:211.0
2025-07-11 06:45:46 [INFO] [転送] VM → BM : Depth:211.0
2025-07-11 06:45:46 [INFO] [受信] VM → BM;Depth:211.0
2025-07-11 06:45:46 [INFO] [転送] VM → BM : Depth:211.0
2025-07-11 06:45:46 [INFO] [受信] VM → BM;Depth:212.0
2025-07-11 06:45:46 [INFO] [転送] VM → BM : Depth:212.0
2025-07-11 06:45:46 [INFO] [受信] VM → BM;Depth:212.0
2025-07-11 06:45:46 [INFO] [転送] VM → BM : Depth:212.0
2025-07-11 06:45:46 [INFO] [受信] VM → BM;Depth:212.0
2025-07-11 06:45:46 [INFO] [転送] VM → BM : Depth:212.0
2025-07-11 06:45:46 [INFO] [受信] VM → BM;Depth:212.0
2025-07-11 06:45:46 [INFO] [転送] VM → BM : Depth:212.0
2025-07-11 06:45:46 [INFO] [受信] VM → BM;Depth:212.0
2025-07-11 06:45:46 [INFO] [転送] VM → BM : Depth:212.0
2025-07-11 06:45:46 [INFO] [受信] VM → BM;Depth:212.0
2025-07-11 06:45:46 [INFO] [転送] VM → BM : Depth:212.0
2025-07-11 06:45:46 [INFO] [受信] VM → BM;Depth:212.0
2025-07-11 06:45:46 [INFO] [転送] VM → BM : Depth:212.0
2025-07-11 06:45:46 [INFO] [受信] VM → BM;Depth:214.0
2025-07-11 06:45:46 [INFO] [転送] VM → BM : Depth:214.0
2025-07-11 06:45:46 [INFO] [受信] VM → BM;Depth:214.0
2025-07-11 06:45:46 [INFO] [転送] VM → BM : Depth:214.0
2025-07-11 06:45:46 [INFO] [受信] Cmd → BM;reset
2025-07-11 06:45:46 [INFO] [受信] VM → BM;Depth:215.0
2025-07-11 06:45:46 [INFO] [転送] Cmd → BM : reset
2025-07-11 06:45:46 [INFO] [転送] VM → BM : Depth:215.0
2025-07-11 06:45:46 [INFO] [受信] Cmd → VM;stop_log_recording
2025-07-11 06:45:47 [INFO] [転送] Cmd → VM : stop_log_recording
2025-07-11 06:45:47 [INFO] [受信] VM → BM;Depth:215.0
2025-07-11 06:45:47 [INFO] [転送] VM → BM : Depth:215.0
2025-07-11 06:45:47 [INFO] [受信] VM → BM;Depth:216.0
2025-07-11 06:45:47 [INFO] [転送] VM → BM : Depth:216.0
2025-07-11 06:45:47 [INFO] [受信] VM → BM;Depth:213.0
2025-07-11 06:45:47 [INFO] [転送] VM → BM : Depth:213.0
2025-07-11 06:45:47 [INFO] [受信] VM → BM;Depth:213.0
2025-07-11 06:45:47 [INFO] [転送] VM → BM : Depth:213.0
2025-07-11 06:45:47 [INFO] [受信] VM → BM;Depth:212.0
2025-07-11 06:45:47 [INFO] [転送] VM → BM : Depth:212.0
2025-07-11 06:45:47 [INFO] [受信] VM → BM;Depth:208.0
2025-07-11 06:45:47 [INFO] [転送] VM → BM : Depth:208.0
2025-07-11 06:45:47 [INFO] [受信] VM → BM;Depth:223.0
2025-07-11 06:45:47 [INFO] [転送] VM → BM : Depth:223.0
2025-07-11 06:45:47 [INFO] [受信] VM → BM;Depth:204.0
2025-07-11 06:45:47 [INFO] [転送] VM → BM : Depth:204.0
2025-07-11 06:45:57 [INFO] [受信] VM → BM;Depth:260.0
2025-07-11 06:45:57 [INFO] [転送] VM → BM : Depth:260.0
2025-07-11 06:45:57 [INFO] [受信] VM → BM;Depth:256.0
2025-07-11 06:45:57 [INFO] [転送] VM → BM : Depth:256.0
2025-07-11 06:45:57 [INFO] [受信] VM → BM;Depth:253.0
2025-07-11 06:45:57 [INFO] [転送] VM → BM : Depth:253.0
2025-07-11 06:45:57 [INFO] [受信] VM → BM;Depth:251.0
2025-07-11 06:45:57 [INFO] [転送] VM → BM : Depth:251.0
2025-07-11 06:45:57 [INFO] [受信] VM → BM;Depth:249.0
2025-07-11 06:45:57 [INFO] [転送] VM → BM : Depth:249.0
2025-07-11 06:45:57 [INFO] [受信] VM → BM;Depth:247.0
2025-07-11 06:45:57 [INFO] [転送] VM → BM : Depth:247.0
2025-07-11 06:45:57 [INFO] [受信] VM → BM;Depth:244.0
2025-07-11 06:45:57 [INFO] [転送] VM → BM : Depth:244.0
2025-07-11 06:45:57 [INFO] [受信] VM → BM;Depth:240.0
2025-07-11 06:45:57 [INFO] [転送] VM → BM : Depth:240.0
2025-07-11 06:45:57 [INFO] [受信] VM → BM;Depth:240.0
2025-07-11 06:45:57 [INFO] [転送] VM → BM : Depth:240.0
2025-07-11 06:45:58 [INFO] [受信] VM → BM;Depth:238.0
2025-07-11 06:45:58 [INFO] [転送] VM → BM : Depth:238.0
2025-07-11 06:45:58 [INFO] [受信] VM → BM;Depth:238.0
2025-07-11 06:45:58 [INFO] [転送] VM → BM : Depth:238.0
2025-07-11 06:45:58 [INFO] [受信] VM → BM;Depth:238.0
2025-07-11 06:45:58 [INFO] [転送] VM → BM : Depth:238.0
2025-07-11 06:45:58 [INFO] [受信] VM → BM;Depth:237.0
2025-07-11 06:45:58 [INFO] [転送] VM → BM : Depth:237.0
2025-07-11 06:45:58 [INFO] [受信] VM → BM;Depth:236.0
2025-07-11 06:45:58 [INFO] [転送] VM → BM : Depth:236.0
2025-07-11 06:45:58 [INFO] [受信] VM → BM;Depth:237.0
2025-07-11 06:45:58 [INFO] [転送] VM → BM : Depth:237.0
2025-07-11 06:45:58 [INFO] [受信] VM → BM;Depth:237.0
2025-07-11 06:45:58 [INFO] [転送] VM → BM : Depth:237.0
2025-07-11 06:45:58 [INFO] [受信] VM → BM;Depth:229.0
2025-07-11 06:45:58 [INFO] [転送] VM → BM : Depth:229.0
2025-07-11 06:45:58 [INFO] [受信] VM → BM;Depth:219.0
2025-07-11 06:45:58 [INFO] [転送] VM → BM : Depth:219.0
2025-07-11 06:45:58 [INFO] [受信] VM → BM;Depth:210.0
2025-07-11 06:45:58 [INFO] [転送] VM → BM : Depth:210.0
2025-07-11 06:45:58 [INFO] [受信] VM → BM;Depth:208.0
2025-07-11 06:45:58 [INFO] [転送] VM → BM : Depth:208.0
2025-07-11 06:45:58 [INFO] [受信] VM → BM;Depth:202.0
2025-07-11 06:45:58 [INFO] [転送] VM → BM : Depth:202.0
2025-07-11 06:45:58 [INFO] [受信] VM → BM;Depth:192.0
2025-07-11 06:45:58 [INFO] [転送] VM → BM : Depth:192.0
2025-07-11 06:45:58 [INFO] [受信] VM → BM;Depth:188.0
2025-07-11 06:45:58 [INFO] [転送] VM → BM : Depth:188.0
2025-07-11 06:45:58 [INFO] [受信] VM → BM;Depth:187.0
2025-07-11 06:45:58 [INFO] [転送] VM → BM : Depth:187.0
2025-07-11 06:45:58 [INFO] [受信] VM → BM;Depth:186.0
2025-07-11 06:45:58 [INFO] [転送] VM → BM : Depth:186.0
2025-07-11 06:45:58 [INFO] [受信] VM → BM;Depth:189.0
2025-07-11 06:45:58 [INFO] [転送] VM → BM : Depth:189.0
2025-07-11 06:45:58 [INFO] [受信] VM → BM;Depth:194.0
2025-07-11 06:45:58 [INFO] [転送] VM → BM : Depth:194.0
2025-07-11 06:45:58 [INFO] [受信] VM → BM;Depth:194.0
2025-07-11 06:45:58 [INFO] [転送] VM → BM : Depth:194.0
2025-07-11 06:45:59 [INFO] [受信] VM → BM;Depth:197.0
2025-07-11 06:45:59 [INFO] [転送] VM → BM : Depth:197.0
2025-07-11 06:45:59 [INFO] [受信] VM → BM;Depth:199.0
2025-07-11 06:45:59 [INFO] [転送] VM → BM : Depth:199.0
2025-07-11 06:45:59 [INFO] [受信] VM → BM;Depth:197.0
2025-07-11 06:45:59 [INFO] [転送] VM → BM : Depth:197.0
2025-07-11 06:45:59 [INFO] [受信] VM → BM;Depth:199.0
2025-07-11 06:45:59 [INFO] [転送] VM → BM : Depth:199.0
2025-07-11 06:45:59 [INFO] [受信] VM → BM;Depth:198.0
2025-07-11 06:45:59 [INFO] [転送] VM → BM : Depth:198.0
2025-07-11 06:45:59 [INFO] [受信] VM → BM;Depth:199.0
2025-07-11 06:45:59 [INFO] [転送] VM → BM : Depth:199.0
2025-07-11 06:45:59 [INFO] [受信] VM → BM;Depth:198.0
2025-07-11 06:45:59 [INFO] [転送] VM → BM : Depth:198.0
2025-07-11 06:45:59 [INFO] [受信] VM → BM;Depth:200.0
2025-07-11 06:45:59 [INFO] [転送] VM → BM : Depth:200.0
2025-07-11 06:45:59 [INFO] [受信] VM → BM;Depth:200.0
2025-07-11 06:45:59 [INFO] [転送] VM → BM : Depth:200.0
2025-07-11 06:45:59 [INFO] [受信] VM → BM;Depth:202.0
2025-07-11 06:45:59 [INFO] [転送] VM → BM : Depth:202.0
2025-07-11 06:45:59 [INFO] [受信] VM → BM;Depth:204.0
2025-07-11 06:45:59 [INFO] [転送] VM → BM : Depth:204.0
2025-07-11 06:45:59 [INFO] [受信] VM → BM;Depth:205.0
2025-07-11 06:45:59 [INFO] [転送] VM → BM : Depth:205.0
2025-07-11 06:45:59 [INFO] [受信] VM → BM;Depth:205.0
2025-07-11 06:45:59 [INFO] [転送] VM → BM : Depth:205.0
2025-07-11 06:45:59 [INFO] [受信] VM → BM;Depth:206.0
2025-07-11 06:45:59 [INFO] [転送] VM → BM : Depth:206.0
2025-07-11 06:45:59 [INFO] [受信] VM → BM;Depth:207.0
2025-07-11 06:45:59 [INFO] [転送] VM → BM : Depth:207.0
2025-07-11 06:45:59 [INFO] [受信] VM → BM;Depth:207.0
2025-07-11 06:45:59 [INFO] [転送] VM → BM : Depth:207.0
2025-07-11 06:45:59 [INFO] [受信] VM → BM;Depth:208.0
2025-07-11 06:45:59 [INFO] [転送] VM → BM : Depth:208.0
2025-07-11 06:45:59 [INFO] [受信] VM → BM;Depth:209.0
2025-07-11 06:45:59 [INFO] [転送] VM → BM : Depth:209.0
2025-07-11 06:45:59 [INFO] [受信] VM → BM;Depth:208.0
2025-07-11 06:45:59 [INFO] [転送] VM → BM : Depth:208.0
2025-07-11 06:46:00 [INFO] [受信] VM → BM;Depth:207.0
2025-07-11 06:46:00 [INFO] [転送] VM → BM : Depth:207.0
2025-07-11 06:46:00 [INFO] [受信] VM → BM;Depth:208.0
2025-07-11 06:46:00 [INFO] [転送] VM → BM : Depth:208.0
2025-07-11 06:46:00 [INFO] [受信] VM → BM;Depth:206.0
2025-07-11 06:46:00 [INFO] [転送] VM → BM : Depth:206.0
2025-07-11 06:46:00 [INFO] [受信] VM → BM;Depth:209.0
2025-07-11 06:46:00 [INFO] [転送] VM → BM : Depth:209.0
2025-07-11 06:46:00 [INFO] [受信] VM → BM;Depth:206.0
2025-07-11 06:46:00 [INFO] [転送] VM → BM : Depth:206.0
2025-07-11 06:46:00 [INFO] [受信] VM → BM;Depth:207.0
2025-07-11 06:46:00 [INFO] [転送] VM → BM : Depth:207.0
2025-07-11 06:46:00 [INFO] [受信] VM → BM;Depth:210.0
2025-07-11 06:46:00 [INFO] [転送] VM → BM : Depth:210.0
2025-07-11 06:46:00 [INFO] [受信] VM → BM;Depth:208.0
2025-07-11 06:46:00 [INFO] [転送] VM → BM : Depth:208.0
2025-07-11 06:46:00 [INFO] [受信] VM → BM;Depth:207.0
2025-07-11 06:46:00 [INFO] [転送] VM → BM : Depth:207.0
2025-07-11 06:46:00 [INFO] [受信] VM → BM;Depth:208.0
2025-07-11 06:46:00 [INFO] [転送] VM → BM : Depth:208.0
2025-07-11 06:46:00 [INFO] [受信] VM → BM;Depth:211.0
2025-07-11 06:46:00 [INFO] [転送] VM → BM : Depth:211.0
2025-07-11 06:46:00 [INFO] [受信] VM → BM;Depth:208.0
2025-07-11 06:46:00 [INFO] [転送] VM → BM : Depth:208.0
2025-07-11 06:46:00 [INFO] [受信] VM → BM;Depth:208.0
2025-07-11 06:46:00 [INFO] [転送] VM → BM : Depth:208.0
2025-07-11 06:46:00 [INFO] [受信] VM → BM;Depth:208.0
2025-07-11 06:46:00 [INFO] [転送] VM → BM : Depth:208.0
2025-07-11 06:46:00 [INFO] [受信] VM → BM;Depth:207.0
2025-07-11 06:46:00 [INFO] [転送] VM → BM : Depth:207.0
2025-07-11 06:46:00 [INFO] [受信] VM → BM;Depth:207.0
2025-07-11 06:46:00 [INFO] [転送] VM → BM : Depth:207.0
2025-07-11 06:46:00 [INFO] [受信] VM → BM;Depth:210.0
2025-07-11 06:46:00 [INFO] [転送] VM → BM : Depth:210.0
2025-07-11 06:46:00 [INFO] [受信] VM → BM;Depth:207.0
2025-07-11 06:46:00 [INFO] [転送] VM → BM : Depth:207.0
2025-07-11 06:46:00 [INFO] [受信] VM → BM;Depth:210.0
2025-07-11 06:46:00 [INFO] [転送] VM → BM : Depth:210.0
2025-07-11 06:46:01 [INFO] [受信] VM → BM;Depth:211.0
2025-07-11 06:46:01 [INFO] [転送] VM → BM : Depth:211.0
2025-07-11 06:46:01 [INFO] [受信] VM → BM;Depth:207.0
2025-07-11 06:46:01 [INFO] [転送] VM → BM : Depth:207.0
2025-07-11 06:46:01 [INFO] [受信] VM → BM;Depth:207.0
2025-07-11 06:46:01 [INFO] [転送] VM → BM : Depth:207.0
2025-07-11 06:46:01 [INFO] [受信] VM → BM;Depth:207.0
2025-07-11 06:46:01 [INFO] [転送] VM → BM : Depth:207.0
2025-07-11 06:46:01 [INFO] [受信] VM → BM;Depth:208.0
2025-07-11 06:46:01 [INFO] [転送] VM → BM : Depth:208.0
2025-07-11 06:46:01 [INFO] [受信] VM → BM;Depth:207.0
2025-07-11 06:46:01 [INFO] [転送] VM → BM : Depth:207.0
2025-07-11 06:46:01 [INFO] [受信] VM → BM;Depth:208.0
2025-07-11 06:46:01 [INFO] [転送] VM → BM : Depth:208.0
2025-07-11 06:46:01 [INFO] [受信] VM → BM;Depth:208.0
2025-07-11 06:46:01 [INFO] [転送] VM → BM : Depth:208.0
2025-07-11 06:46:01 [INFO] [受信] VM → BM;Depth:207.0
2025-07-11 06:46:01 [INFO] [転送] VM → BM : Depth:207.0
2025-07-11 06:46:01 [INFO] [受信] VM → BM;Depth:208.0
2025-07-11 06:46:01 [INFO] [転送] VM → BM : Depth:208.0
2025-07-11 06:46:01 [INFO] [受信] VM → BM;Depth:208.0
2025-07-11 06:46:01 [INFO] [転送] VM → BM : Depth:208.0
2025-07-11 06:46:01 [INFO] [受信] VM → BM;Depth:208.0
2025-07-11 06:46:01 [INFO] [転送] VM → BM : Depth:208.0
2025-07-11 06:46:01 [INFO] [受信] VM → BM;Depth:211.0
2025-07-11 06:46:01 [INFO] [転送] VM → BM : Depth:211.0
2025-07-11 06:46:01 [INFO] [受信] VM → BM;Depth:208.0
2025-07-11 06:46:01 [INFO] [転送] VM → BM : Depth:208.0
2025-07-11 06:46:01 [INFO] [受信] VM → BM;Depth:212.0
2025-07-11 06:46:01 [INFO] [転送] VM → BM : Depth:212.0
2025-07-11 06:46:01 [INFO] [受信] VM → BM;Depth:209.0
2025-07-11 06:46:01 [INFO] [転送] VM → BM : Depth:209.0
2025-07-11 06:46:01 [INFO] [受信] VM → BM;Depth:209.0
2025-07-11 06:46:01 [INFO] [転送] VM → BM : Depth:209.0
2025-07-11 06:46:01 [INFO] [受信] VM → BM;Depth:209.0
2025-07-11 06:46:01 [INFO] [転送] VM → BM : Depth:209.0
2025-07-11 06:46:01 [INFO] [受信] VM → BM;Depth:210.0
2025-07-11 06:46:01 [INFO] [転送] VM → BM : Depth:210.0
2025-07-11 06:46:02 [INFO] [受信] VM → BM;Depth:209.0
2025-07-11 06:46:02 [INFO] [転送] VM → BM : Depth:209.0
2025-07-11 06:46:02 [INFO] [受信] VM → BM;Depth:209.0
2025-07-11 06:46:02 [INFO] [転送] VM → BM : Depth:209.0
2025-07-11 06:46:02 [INFO] [受信] VM → BM;Depth:209.0
2025-07-11 06:46:02 [INFO] [転送] VM → BM : Depth:209.0
2025-07-11 06:46:02 [INFO] [受信] VM → BM;Depth:208.0
2025-07-11 06:46:02 [INFO] [転送] VM → BM : Depth:208.0
2025-07-11 06:46:02 [INFO] [受信] VM → BM;Depth:209.0
2025-07-11 06:46:02 [INFO] [転送] VM → BM : Depth:209.0
2025-07-11 06:46:02 [INFO] [受信] VM → BM;Depth:210.0
2025-07-11 06:46:02 [INFO] [転送] VM → BM : Depth:210.0
2025-07-11 06:46:02 [INFO] [受信] VM → BM;Depth:208.0
2025-07-11 06:46:02 [INFO] [転送] VM → BM : Depth:208.0
2025-07-11 06:46:02 [INFO] [受信] VM → BM;Depth:208.0
2025-07-11 06:46:02 [INFO] [転送] VM → BM : Depth:208.0
2025-07-11 06:46:02 [INFO] [受信] VM → BM;Depth:208.0
2025-07-11 06:46:02 [INFO] [転送] VM → BM : Depth:208.0
2025-07-11 06:46:02 [INFO] [受信] Cmd → BM;ID:2,Cond:3
2025-07-11 06:46:02 [INFO] [受信] VM → BM;Depth:208.0
2025-07-11 06:46:02 [INFO] [転送] Cmd → BM : ID:2,Cond:3
2025-07-11 06:46:02 [INFO] [転送] VM → BM : Depth:208.0
2025-07-11 06:46:02 [INFO] [受信] Cmd → VM;ID:2,Cond:3
2025-07-11 06:46:02 [INFO] [受信] VM → BM;Depth:209.0
2025-07-11 06:46:02 [INFO] [転送] Cmd → VM : ID:2,Cond:3
2025-07-11 06:46:02 [INFO] [転送] VM → BM : Depth:209.0
2025-07-11 06:46:02 [INFO] [受信] Cmd → VM;start_log_recording
2025-07-11 06:46:02 [INFO] [転送] Cmd → VM : start_log_recording
2025-07-11 06:46:02 [INFO] [受信] VM → BM;Depth:208.0
2025-07-11 06:46:02 [INFO] [転送] VM → BM : Depth:208.0
2025-07-11 06:46:02 [INFO] [受信] VM → BM;Depth:208.0
2025-07-11 06:46:02 [INFO] [転送] VM → BM : Depth:208.0
2025-07-11 06:46:02 [INFO] [受信] VM → BM;Depth:209.0
2025-07-11 06:46:02 [INFO] [転送] VM → BM : Depth:209.0
2025-07-11 06:46:02 [INFO] [受信] VM → BM;Depth:208.0
2025-07-11 06:46:02 [INFO] [転送] VM → BM : Depth:208.0
2025-07-11 06:46:02 [INFO] [受信] VM → BM;Depth:208.0
2025-07-11 06:46:02 [INFO] [転送] VM → BM : Depth:208.0
2025-07-11 06:46:02 [INFO] [受信] VM → BM;Depth:208.0
2025-07-11 06:46:02 [INFO] [転送] VM → BM : Depth:208.0
2025-07-11 06:46:02 [INFO] [受信] VM → BM;Depth:208.0
2025-07-11 06:46:02 [INFO] [転送] VM → BM : Depth:208.0
2025-07-11 06:46:02 [INFO] [受信] VM → BM;Depth:208.0
2025-07-11 06:46:02 [INFO] [転送] VM → BM : Depth:208.0
2025-07-11 06:46:02 [INFO] [受信] VM → BM;Depth:208.0
2025-07-11 06:46:02 [INFO] [転送] VM → BM : Depth:208.0
2025-07-11 06:46:02 [INFO] [受信] VM → BM;Depth:209.0
2025-07-11 06:46:02 [INFO] [転送] VM → BM : Depth:209.0
2025-07-11 06:46:02 [INFO] [受信] VM → BM;Depth:210.0
2025-07-11 06:46:03 [INFO] [転送] VM → BM : Depth:210.0
2025-07-11 06:46:03 [INFO] [受信] VM → BM;Depth:212.0
2025-07-11 06:46:03 [INFO] [転送] VM → BM : Depth:212.0
2025-07-11 06:46:03 [INFO] [受信] VM → BM;Depth:205.0
2025-07-11 06:46:03 [INFO] [転送] VM → BM : Depth:205.0
2025-07-11 06:46:03 [INFO] [受信] VM → BM;Depth:206.0
2025-07-11 06:46:03 [INFO] [転送] VM → BM : Depth:206.0
2025-07-11 06:46:03 [INFO] [受信] VM → BM;Depth:213.0
2025-07-11 06:46:03 [INFO] [転送] VM → BM : Depth:213.0
2025-07-11 06:46:03 [INFO] [受信] VM → BM;Depth:214.0
2025-07-11 06:46:03 [INFO] [転送] VM → BM : Depth:214.0
2025-07-11 06:46:03 [INFO] [受信] VM → BM;Depth:213.0
2025-07-11 06:46:03 [INFO] [転送] VM → BM : Depth:213.0
2025-07-11 06:46:03 [INFO] [受信] VM → BM;Depth:213.0
2025-07-11 06:46:03 [INFO] [転送] VM → BM : Depth:213.0
2025-07-11 06:46:03 [INFO] [受信] VM → BM;Depth:211.0
2025-07-11 06:46:03 [INFO] [転送] VM → BM : Depth:211.0
2025-07-11 06:46:03 [INFO] [受信] VM → BM;Depth:213.0
2025-07-11 06:46:03 [INFO] [転送] VM → BM : Depth:213.0
2025-07-11 06:46:03 [INFO] [受信] VM → BM;Depth:213.0
2025-07-11 06:46:03 [INFO] [転送] VM → BM : Depth:213.0
2025-07-11 06:46:03 [INFO] [受信] VM → BM;Depth:213.0
2025-07-11 06:46:03 [INFO] [転送] VM → BM : Depth:213.0
2025-07-11 06:46:03 [INFO] [受信] VM → BM;Depth:213.0
2025-07-11 06:46:03 [INFO] [転送] VM → BM : Depth:213.0
2025-07-11 06:46:03 [INFO] [受信] VM → BM;Depth:213.0
2025-07-11 06:46:03 [INFO] [転送] VM → BM : Depth:213.0
2025-07-11 06:46:03 [INFO] [受信] VM → BM;Depth:213.0
2025-07-11 06:46:03 [INFO] [転送] VM → BM : Depth:213.0
2025-07-11 06:46:03 [INFO] [受信] VM → BM;Depth:212.0
2025-07-11 06:46:03 [INFO] [転送] VM → BM : Depth:212.0
2025-07-11 06:46:03 [INFO] [受信] VM → BM;Depth:215.0
2025-07-11 06:46:03 [INFO] [転送] VM → BM : Depth:215.0
2025-07-11 06:46:03 [INFO] [受信] VM → BM;Depth:214.0
2025-07-11 06:46:03 [INFO] [転送] VM → BM : Depth:214.0
2025-07-11 06:46:03 [INFO] [受信] VM → BM;Depth:212.0
2025-07-11 06:46:04 [INFO] [転送] VM → BM : Depth:212.0
2025-07-11 06:46:04 [INFO] [受信] VM → BM;Depth:211.0
2025-07-11 06:46:04 [INFO] [転送] VM → BM : Depth:211.0
2025-07-11 06:46:04 [INFO] [受信] VM → BM;Depth:209.0
2025-07-11 06:46:04 [INFO] [転送] VM → BM : Depth:209.0
2025-07-11 06:46:04 [INFO] [受信] VM → BM;Depth:202.0
2025-07-11 06:46:04 [INFO] [転送] VM → BM : Depth:202.0
2025-07-11 06:46:04 [INFO] [受信] VM → BM;Depth:201.0
2025-07-11 06:46:04 [INFO] [受信] Cmd → BM;reset
2025-07-11 06:46:04 [INFO] [転送] VM → BM : Depth:201.0
2025-07-11 06:46:04 [INFO] [転送] Cmd → BM : reset
2025-07-11 06:46:04 [INFO] [受信] Cmd → VM;stop_log_recording
2025-07-11 06:46:04 [INFO] [受信] VM → BM;Depth:201.0
2025-07-11 06:46:04 [INFO] [転送] Cmd → VM : stop_log_recording
2025-07-11 06:46:04 [INFO] [転送] VM → BM : Depth:201.0
2025-07-11 06:46:04 [INFO] [受信] VM → BM;Depth:205.0
2025-07-11 06:46:04 [INFO] [転送] VM → BM : Depth:205.0
2025-07-11 06:46:04 [INFO] [受信] VM → BM;Depth:207.0
2025-07-11 06:46:04 [INFO] [転送] VM → BM : Depth:207.0
2025-07-11 06:46:04 [INFO] [受信] VM → BM;Depth:207.0
2025-07-11 06:46:04 [INFO] [転送] VM → BM : Depth:207.0
2025-07-11 06:46:04 [INFO] [受信] VM → BM;Depth:206.0
2025-07-11 06:46:04 [INFO] [転送] VM → BM : Depth:206.0
2025-07-11 06:46:04 [INFO] [受信] VM → BM;Depth:205.0
2025-07-11 06:46:04 [INFO] [転送] VM → BM : Depth:205.0
2025-07-11 06:46:04 [INFO] [受信] VM → BM;Depth:203.0
2025-07-11 06:46:04 [INFO] [転送] VM → BM : Depth:203.0
2025-07-11 06:46:04 [INFO] [受信] VM → BM;Depth:198.0
2025-07-11 06:46:04 [INFO] [転送] VM → BM : Depth:198.0
2025-07-11 06:46:04 [INFO] [受信] VM → BM;Depth:196.0
2025-07-11 06:46:04 [INFO] [転送] VM → BM : Depth:196.0
2025-07-11 06:46:04 [INFO] [受信] VM → BM;Depth:192.0
2025-07-11 06:46:04 [INFO] [転送] VM → BM : Depth:192.0
2025-07-11 06:46:04 [INFO] [受信] VM → BM;Depth:186.0
2025-07-11 06:46:04 [INFO] [転送] VM → BM : Depth:186.0
2025-07-11 06:46:04 [INFO] [受信] VM → BM;Depth:184.0
2025-07-11 06:46:04 [INFO] [転送] VM → BM : Depth:184.0
2025-07-11 06:46:04 [INFO] [受信] VM → BM;Depth:206.0
2025-07-11 06:46:04 [INFO] [転送] VM → BM : Depth:206.0
2025-07-11 06:46:09 [ERROR] [エラー] 受信中に例外発生：[WinError 10054] 既存の接続はリモート ホストに強制的に切断されました。
2025-07-11 06:46:09 [INFO] [切断] 127.0.0.1:49739 (VM) の接続を終了
2025-07-11 06:46:09 [ERROR] [エラー] 受信中に例外発生：[WinError 10054] 既存の接続はリモート ホストに強制的に切断されました。
2025-07-11 06:46:09 [INFO] [切断] 127.0.0.1:49737 (Cmd) の接続を終了
2025-07-11 06:46:10 [ERROR] [エラー] 受信中に例外発生：[WinError 10054] 既存の接続はリモート ホストに強制的に切断されました。
2025-07-11 06:46:10 [INFO] [切断] 127.0.0.1:49736 (BM) の接続を終了
