2025-07-11 06:37:56 [INFO] [起動] BlackBoardサーバが localhost:9000 で待機中...
2025-07-11 06:37:56 [INFO] [操作] ESCキーでサーバを終了できます
2025-07-11 06:38:00 [INFO] [接続] BM (127.0.0.1:49676) が接続しました
2025-07-11 06:38:01 [INFO] [接続] Cmd (127.0.0.1:49678) が接続しました
2025-07-11 06:38:02 [INFO] [接続] VM (127.0.0.1:49679) が接続しました
2025-07-11 06:38:05 [INFO] [受信] VM → BM;Depth:219.0
2025-07-11 06:38:05 [INFO] [転送] VM → BM : Depth:219.0
2025-07-11 06:38:05 [INFO] [受信] VM → BM;Depth:156.0
2025-07-11 06:38:05 [INFO] [転送] VM → BM : Depth:156.0
2025-07-11 06:38:05 [INFO] [受信] VM → BM;Depth:189.0
2025-07-11 06:38:05 [INFO] [転送] VM → BM : Depth:189.0
2025-07-11 06:38:05 [INFO] [受信] VM → BM;Depth:201.0
2025-07-11 06:38:05 [INFO] [転送] VM → BM : Depth:201.0
2025-07-11 06:38:05 [INFO] [受信] VM → BM;Depth:276.0
2025-07-11 06:38:05 [INFO] [転送] VM → BM : Depth:276.0
2025-07-11 06:38:05 [INFO] [受信] VM → BM;Depth:241.0
2025-07-11 06:38:05 [INFO] [転送] VM → BM : Depth:241.0
2025-07-11 06:38:05 [INFO] [受信] VM → BM;Depth:265.0
2025-07-11 06:38:05 [INFO] [転送] VM → BM : Depth:265.0
2025-07-11 06:38:05 [INFO] [受信] VM → BM;Depth:267.0
2025-07-11 06:38:05 [INFO] [転送] VM → BM : Depth:267.0
2025-07-11 06:38:05 [INFO] [受信] VM → BM;Depth:176.0
2025-07-11 06:38:05 [INFO] [転送] VM → BM : Depth:176.0
2025-07-11 06:38:05 [INFO] [受信] VM → BM;Depth:281.0
2025-07-11 06:38:05 [INFO] [転送] VM → BM : Depth:281.0
2025-07-11 06:38:05 [INFO] [受信] VM → BM;Depth:283.0
2025-07-11 06:38:05 [INFO] [転送] VM → BM : Depth:283.0
2025-07-11 06:38:05 [INFO] [受信] VM → BM;Depth:291.0
2025-07-11 06:38:05 [INFO] [転送] VM → BM : Depth:291.0
2025-07-11 06:38:06 [INFO] [受信] VM → BM;Depth:298.0
2025-07-11 06:38:06 [INFO] [転送] VM → BM : Depth:298.0
2025-07-11 06:38:06 [INFO] [受信] VM → BM;Depth:214.0
2025-07-11 06:38:06 [INFO] [転送] VM → BM : Depth:214.0
2025-07-11 06:38:06 [INFO] [受信] VM → BM;Depth:222.0
2025-07-11 06:38:06 [INFO] [転送] VM → BM : Depth:222.0
2025-07-11 06:38:06 [INFO] [受信] VM → BM;Depth:186.0
2025-07-11 06:38:06 [INFO] [転送] VM → BM : Depth:186.0
2025-07-11 06:38:06 [INFO] [受信] VM → BM;Depth:298.0
2025-07-11 06:38:06 [INFO] [転送] VM → BM : Depth:298.0
2025-07-11 06:38:06 [INFO] [受信] VM → BM;Depth:290.0
2025-07-11 06:38:06 [INFO] [転送] VM → BM : Depth:290.0
2025-07-11 06:38:06 [INFO] [受信] VM → BM;Depth:260.0
2025-07-11 06:38:06 [INFO] [転送] VM → BM : Depth:260.0
2025-07-11 06:38:06 [INFO] [受信] VM → BM;Depth:251.0
2025-07-11 06:38:06 [INFO] [転送] VM → BM : Depth:251.0
2025-07-11 06:38:07 [INFO] [受信] Cmd → BM;ID:1,Cond:1
2025-07-11 06:38:07 [INFO] [転送] Cmd → BM : ID:1,Cond:1
2025-07-11 06:38:07 [INFO] [受信] Cmd → VM;ID:1,Cond:1
2025-07-11 06:38:07 [INFO] [転送] Cmd → VM : ID:1,Cond:1
2025-07-11 06:38:07 [INFO] [受信] Cmd → VM;start_log_recording
2025-07-11 06:38:07 [INFO] [転送] Cmd → VM : start_log_recording
2025-07-11 06:38:07 [INFO] [受信] VM → BM;Depth:246.0
2025-07-11 06:38:07 [INFO] [転送] VM → BM : Depth:246.0
2025-07-11 06:38:07 [INFO] [受信] VM → BM;Depth:253.0
2025-07-11 06:38:07 [INFO] [転送] VM → BM : Depth:253.0
2025-07-11 06:38:07 [INFO] [受信] VM → BM;Depth:245.0
2025-07-11 06:38:07 [INFO] [転送] VM → BM : Depth:245.0
2025-07-11 06:38:07 [INFO] [受信] VM → BM;Depth:262.0
2025-07-11 06:38:07 [INFO] [転送] VM → BM : Depth:262.0
2025-07-11 06:38:07 [INFO] [受信] VM → BM;Depth:261.0
2025-07-11 06:38:07 [INFO] [転送] VM → BM : Depth:261.0
2025-07-11 06:38:08 [INFO] [受信] VM → BM;Depth:261.0
2025-07-11 06:38:08 [INFO] [転送] VM → BM : Depth:261.0
2025-07-11 06:38:08 [INFO] [受信] VM → BM;Depth:260.0
2025-07-11 06:38:08 [INFO] [転送] VM → BM : Depth:260.0
2025-07-11 06:38:08 [INFO] [受信] VM → BM;Depth:291.0
2025-07-11 06:38:08 [INFO] [転送] VM → BM : Depth:291.0
2025-07-11 06:38:08 [INFO] [受信] VM → BM;Depth:300.0
2025-07-11 06:38:08 [INFO] [転送] VM → BM : Depth:300.0
2025-07-11 06:38:08 [INFO] [受信] VM → BM;Depth:245.0
2025-07-11 06:38:08 [INFO] [転送] VM → BM : Depth:245.0
2025-07-11 06:38:44 [INFO] [切断] 127.0.0.1:49678 (Cmd) の接続を終了
2025-07-11 06:38:45 [ERROR] [エラー] 受信中に例外発生：[WinError 10054] 既存の接続はリモート ホストに強制的に切断されました。
2025-07-11 06:38:45 [INFO] [切断] 127.0.0.1:49679 (VM) の接続を終了
