2025-07-11 06:38:52 [INFO] [起動] BlackBoardサーバが localhost:9000 で待機中...
2025-07-11 06:38:52 [INFO] [操作] ESCキーでサーバを終了できます
2025-07-11 06:38:54 [INFO] [接続] BM (127.0.0.1:49683) が接続しました
2025-07-11 06:38:55 [INFO] [接続] Cmd (127.0.0.1:49684) が接続しました
2025-07-11 06:38:57 [INFO] [接続] VM (127.0.0.1:49685) が接続しました
2025-07-11 06:38:58 [INFO] [受信] VM → BM;Depth:243.0
2025-07-11 06:38:58 [INFO] [転送] VM → BM : Depth:243.0
2025-07-11 06:38:58 [INFO] [受信] VM → BM;Depth:206.0
2025-07-11 06:38:58 [INFO] [転送] VM → BM : Depth:206.0
2025-07-11 06:38:58 [INFO] [受信] VM → BM;Depth:216.0
2025-07-11 06:38:58 [INFO] [転送] VM → BM : Depth:216.0
2025-07-11 06:38:58 [INFO] [受信] VM → BM;Depth:204.0
2025-07-11 06:38:58 [INFO] [転送] VM → BM : Depth:204.0
2025-07-11 06:38:58 [INFO] [受信] VM → BM;Depth:232.0
2025-07-11 06:38:58 [INFO] [転送] VM → BM : Depth:232.0
2025-07-11 06:38:58 [INFO] [受信] VM → BM;Depth:233.0
2025-07-11 06:38:58 [INFO] [転送] VM → BM : Depth:233.0
2025-07-11 06:38:58 [INFO] [受信] VM → BM;Depth:222.0
2025-07-11 06:38:58 [INFO] [転送] VM → BM : Depth:222.0
2025-07-11 06:38:58 [INFO] [受信] VM → BM;Depth:257.0
2025-07-11 06:38:58 [INFO] [転送] VM → BM : Depth:257.0
2025-07-11 06:38:58 [INFO] [受信] VM → BM;Depth:255.0
2025-07-11 06:38:58 [INFO] [転送] VM → BM : Depth:255.0
2025-07-11 06:38:58 [INFO] [受信] VM → BM;Depth:263.0
2025-07-11 06:38:58 [INFO] [転送] VM → BM : Depth:263.0
2025-07-11 06:38:58 [INFO] [受信] VM → BM;Depth:263.0
2025-07-11 06:38:58 [INFO] [転送] VM → BM : Depth:263.0
2025-07-11 06:38:58 [INFO] [受信] VM → BM;Depth:260.0
2025-07-11 06:38:58 [INFO] [転送] VM → BM : Depth:260.0
2025-07-11 06:38:59 [INFO] [受信] VM → BM;Depth:226.0
2025-07-11 06:38:59 [INFO] [転送] VM → BM : Depth:226.0
2025-07-11 06:38:59 [INFO] [受信] VM → BM;Depth:384.0
2025-07-11 06:38:59 [INFO] [転送] VM → BM : Depth:384.0
2025-07-11 06:38:59 [INFO] [受信] VM → BM;Depth:229.0
2025-07-11 06:38:59 [INFO] [転送] VM → BM : Depth:229.0
2025-07-11 06:38:59 [INFO] [受信] Cmd → BM;ID:1,Cond:1
2025-07-11 06:38:59 [INFO] [転送] Cmd → BM : ID:1,Cond:1
2025-07-11 06:38:59 [INFO] [受信] Cmd → VM;ID:1,Cond:1
2025-07-11 06:38:59 [INFO] [転送] Cmd → VM : ID:1,Cond:1
2025-07-11 06:38:59 [INFO] [受信] Cmd → VM;start_log_recording
2025-07-11 06:38:59 [INFO] [転送] Cmd → VM : start_log_recording
2025-07-11 06:39:02 [INFO] [受信] VM → BM;Depth:271.0
2025-07-11 06:39:02 [INFO] [転送] VM → BM : Depth:271.0
2025-07-11 06:39:02 [INFO] [受信] VM → BM;Depth:271.0
2025-07-11 06:39:02 [INFO] [転送] VM → BM : Depth:271.0
2025-07-11 06:39:02 [INFO] [受信] VM → BM;Depth:269.0
2025-07-11 06:39:02 [INFO] [転送] VM → BM : Depth:269.0
2025-07-11 06:39:02 [INFO] [受信] VM → BM;Depth:267.0
2025-07-11 06:39:02 [INFO] [転送] VM → BM : Depth:267.0
2025-07-11 06:39:02 [INFO] [受信] VM → BM;Depth:266.0
2025-07-11 06:39:02 [INFO] [転送] VM → BM : Depth:266.0
2025-07-11 06:39:02 [INFO] [受信] VM → BM;Depth:266.0
2025-07-11 06:39:02 [INFO] [転送] VM → BM : Depth:266.0
2025-07-11 06:39:02 [INFO] [受信] VM → BM;Depth:266.0
2025-07-11 06:39:02 [INFO] [転送] VM → BM : Depth:266.0
2025-07-11 06:39:02 [INFO] [受信] VM → BM;Depth:264.0
2025-07-11 06:39:02 [INFO] [転送] VM → BM : Depth:264.0
2025-07-11 06:39:03 [INFO] [受信] VM → BM;Depth:260.0
2025-07-11 06:39:03 [INFO] [転送] VM → BM : Depth:260.0
2025-07-11 06:39:03 [INFO] [受信] VM → BM;Depth:255.0
2025-07-11 06:39:03 [INFO] [転送] VM → BM : Depth:255.0
2025-07-11 06:39:03 [INFO] [受信] VM → BM;Depth:261.0
2025-07-11 06:39:03 [INFO] [転送] VM → BM : Depth:261.0
2025-07-11 06:39:03 [INFO] [受信] VM → BM;Depth:255.0
2025-07-11 06:39:03 [INFO] [転送] VM → BM : Depth:255.0
2025-07-11 06:39:03 [INFO] [受信] VM → BM;Depth:276.0
2025-07-11 06:39:03 [INFO] [転送] VM → BM : Depth:276.0
2025-07-11 06:39:03 [INFO] [受信] VM → BM;Depth:220.0
2025-07-11 06:39:03 [INFO] [転送] VM → BM : Depth:220.0
2025-07-11 06:39:03 [INFO] [受信] VM → BM;Depth:224.0
2025-07-11 06:39:03 [INFO] [転送] VM → BM : Depth:224.0
2025-07-11 06:39:03 [INFO] [受信] VM → BM;Depth:225.0
2025-07-11 06:39:03 [INFO] [転送] VM → BM : Depth:225.0
2025-07-11 06:39:03 [INFO] [受信] VM → BM;Depth:225.0
2025-07-11 06:39:04 [INFO] [転送] VM → BM : Depth:225.0
2025-07-11 06:39:04 [INFO] [受信] VM → BM;Depth:228.0
2025-07-11 06:39:04 [INFO] [転送] VM → BM : Depth:228.0
2025-07-11 06:39:04 [INFO] [受信] VM → BM;Depth:228.0
2025-07-11 06:39:04 [INFO] [転送] VM → BM : Depth:228.0
2025-07-11 06:39:04 [INFO] [受信] VM → BM;Depth:271.0
2025-07-11 06:39:04 [INFO] [転送] VM → BM : Depth:271.0
2025-07-11 06:39:04 [INFO] [受信] VM → BM;Depth:264.0
2025-07-11 06:39:04 [INFO] [転送] VM → BM : Depth:264.0
2025-07-11 06:39:04 [INFO] [受信] VM → BM;Depth:255.0
2025-07-11 06:39:04 [INFO] [転送] VM → BM : Depth:255.0
2025-07-11 06:39:04 [INFO] [受信] VM → BM;Depth:255.0
2025-07-11 06:39:04 [INFO] [転送] VM → BM : Depth:255.0
2025-07-11 06:39:04 [INFO] [受信] VM → BM;Depth:255.0
2025-07-11 06:39:04 [INFO] [転送] VM → BM : Depth:255.0
2025-07-11 06:39:04 [INFO] [受信] VM → BM;Depth:271.0
2025-07-11 06:39:04 [INFO] [転送] VM → BM : Depth:271.0
2025-07-11 06:39:04 [INFO] [受信] VM → BM;Depth:175.0
2025-07-11 06:39:05 [INFO] [転送] VM → BM : Depth:175.0
2025-07-11 06:39:05 [INFO] [受信] VM → BM;Depth:170.0
2025-07-11 06:39:05 [INFO] [転送] VM → BM : Depth:170.0
2025-07-11 06:39:05 [INFO] [受信] VM → BM;Depth:271.0
2025-07-11 06:39:05 [INFO] [転送] VM → BM : Depth:271.0
2025-07-11 06:39:05 [INFO] [受信] VM → BM;Depth:228.0
2025-07-11 06:39:05 [INFO] [転送] VM → BM : Depth:228.0
2025-07-11 06:39:05 [INFO] [受信] VM → BM;Depth:257.0
2025-07-11 06:39:05 [INFO] [転送] VM → BM : Depth:257.0
2025-07-11 06:39:05 [INFO] [受信] VM → BM;Depth:229.0
2025-07-11 06:39:05 [INFO] [転送] VM → BM : Depth:229.0
2025-07-11 06:39:05 [INFO] [受信] VM → BM;Depth:229.0
2025-07-11 06:39:05 [INFO] [転送] VM → BM : Depth:229.0
2025-07-11 06:39:05 [INFO] [受信] VM → BM;Depth:260.0
2025-07-11 06:39:05 [INFO] [転送] VM → BM : Depth:260.0
2025-07-11 06:39:05 [INFO] [受信] VM → BM;Depth:230.0
2025-07-11 06:39:05 [INFO] [転送] VM → BM : Depth:230.0
2025-07-11 06:39:05 [INFO] [受信] VM → BM;Depth:181.0
2025-07-11 06:39:05 [INFO] [転送] VM → BM : Depth:181.0
2025-07-11 06:39:05 [INFO] [受信] VM → BM;Depth:253.0
2025-07-11 06:39:05 [INFO] [転送] VM → BM : Depth:253.0
2025-07-11 06:39:05 [INFO] [受信] VM → BM;Depth:254.0
2025-07-11 06:39:05 [INFO] [転送] VM → BM : Depth:254.0
2025-07-11 06:39:05 [INFO] [受信] VM → BM;Depth:175.0
2025-07-11 06:39:05 [INFO] [転送] VM → BM : Depth:175.0
2025-07-11 06:39:05 [INFO] [受信] VM → BM;Depth:259.0
2025-07-11 06:39:05 [INFO] [転送] VM → BM : Depth:259.0
2025-07-11 06:39:05 [INFO] [受信] VM → BM;Depth:228.0
2025-07-11 06:39:05 [INFO] [転送] VM → BM : Depth:228.0
2025-07-11 06:39:05 [INFO] [受信] VM → BM;Depth:182.0
2025-07-11 06:39:05 [INFO] [転送] VM → BM : Depth:182.0
2025-07-11 06:39:05 [INFO] [受信] VM → BM;Depth:254.0
2025-07-11 06:39:05 [INFO] [転送] VM → BM : Depth:254.0
2025-07-11 06:39:05 [INFO] [受信] VM → BM;Depth:262.0
2025-07-11 06:39:05 [INFO] [転送] VM → BM : Depth:262.0
2025-07-11 06:39:06 [INFO] [受信] VM → BM;Depth:264.0
2025-07-11 06:39:06 [INFO] [転送] VM → BM : Depth:264.0
2025-07-11 06:39:06 [INFO] [受信] VM → BM;Depth:260.0
2025-07-11 06:39:06 [INFO] [転送] VM → BM : Depth:260.0
2025-07-11 06:39:06 [INFO] [受信] VM → BM;Depth:264.0
2025-07-11 06:39:06 [INFO] [転送] VM → BM : Depth:264.0
2025-07-11 06:39:06 [INFO] [受信] VM → BM;Depth:265.0
2025-07-11 06:39:06 [INFO] [転送] VM → BM : Depth:265.0
2025-07-11 06:39:06 [INFO] [受信] VM → BM;Depth:265.0
2025-07-11 06:39:06 [INFO] [転送] VM → BM : Depth:265.0
2025-07-11 06:39:06 [INFO] [受信] VM → BM;Depth:267.0
2025-07-11 06:39:06 [INFO] [転送] VM → BM : Depth:267.0
2025-07-11 06:39:06 [INFO] [受信] VM → BM;Depth:269.0
2025-07-11 06:39:06 [INFO] [転送] VM → BM : Depth:269.0
2025-07-11 06:39:06 [INFO] [受信] VM → BM;Depth:268.0
2025-07-11 06:39:06 [INFO] [転送] VM → BM : Depth:268.0
2025-07-11 06:39:06 [INFO] [受信] VM → BM;Depth:269.0
2025-07-11 06:39:06 [INFO] [転送] VM → BM : Depth:269.0
2025-07-11 06:39:06 [INFO] [受信] VM → BM;Depth:269.0
2025-07-11 06:39:06 [INFO] [転送] VM → BM : Depth:269.0
2025-07-11 06:39:06 [INFO] [受信] VM → BM;Depth:269.0
2025-07-11 06:39:06 [INFO] [転送] VM → BM : Depth:269.0
2025-07-11 06:39:06 [INFO] [受信] VM → BM;Depth:268.0
2025-07-11 06:39:06 [INFO] [転送] VM → BM : Depth:268.0
2025-07-11 06:39:06 [INFO] [受信] VM → BM;Depth:268.0
2025-07-11 06:39:06 [INFO] [転送] VM → BM : Depth:268.0
2025-07-11 06:39:06 [INFO] [受信] VM → BM;Depth:266.0
2025-07-11 06:39:06 [INFO] [転送] VM → BM : Depth:266.0
2025-07-11 06:39:06 [INFO] [受信] VM → BM;Depth:265.0
2025-07-11 06:39:06 [INFO] [転送] VM → BM : Depth:265.0
2025-07-11 06:39:06 [INFO] [受信] VM → BM;Depth:256.0
2025-07-11 06:39:06 [INFO] [転送] VM → BM : Depth:256.0
2025-07-11 06:39:06 [INFO] [受信] VM → BM;Depth:244.0
2025-07-11 06:39:06 [INFO] [転送] VM → BM : Depth:244.0
2025-07-11 06:39:06 [INFO] [受信] VM → BM;Depth:238.0
2025-07-11 06:39:06 [INFO] [転送] VM → BM : Depth:238.0
2025-07-11 06:39:06 [INFO] [受信] VM → BM;Depth:240.0
2025-07-11 06:39:07 [INFO] [転送] VM → BM : Depth:240.0
2025-07-11 06:39:07 [INFO] [受信] VM → BM;Depth:232.0
2025-07-11 06:39:07 [INFO] [転送] VM → BM : Depth:232.0
2025-07-11 06:39:07 [INFO] [受信] VM → BM;Depth:201.0
2025-07-11 06:39:07 [INFO] [転送] VM → BM : Depth:201.0
2025-07-11 06:39:07 [INFO] [受信] VM → BM;Depth:215.0
2025-07-11 06:39:07 [INFO] [転送] VM → BM : Depth:215.0
2025-07-11 06:39:07 [INFO] [受信] VM → BM;Depth:214.0
2025-07-11 06:39:07 [INFO] [転送] VM → BM : Depth:214.0
2025-07-11 06:39:07 [INFO] [受信] VM → BM;Depth:202.0
2025-07-11 06:39:07 [INFO] [転送] VM → BM : Depth:202.0
2025-07-11 06:39:07 [INFO] [受信] VM → BM;Depth:202.0
2025-07-11 06:39:07 [INFO] [転送] VM → BM : Depth:202.0
2025-07-11 06:39:07 [INFO] [受信] VM → BM;Depth:202.0
2025-07-11 06:39:07 [INFO] [転送] VM → BM : Depth:202.0
2025-07-11 06:39:07 [INFO] [受信] VM → BM;Depth:222.0
2025-07-11 06:39:07 [INFO] [転送] VM → BM : Depth:222.0
2025-07-11 06:39:07 [INFO] [受信] VM → BM;Depth:242.0
2025-07-11 06:39:07 [INFO] [転送] VM → BM : Depth:242.0
2025-07-11 06:39:07 [INFO] [受信] VM → BM;Depth:219.0
2025-07-11 06:39:07 [INFO] [転送] VM → BM : Depth:219.0
2025-07-11 06:39:07 [INFO] [受信] VM → BM;Depth:218.0
2025-07-11 06:39:07 [INFO] [転送] VM → BM : Depth:218.0
2025-07-11 06:39:07 [INFO] [受信] VM → BM;Depth:221.0
2025-07-11 06:39:07 [INFO] [転送] VM → BM : Depth:221.0
2025-07-11 06:39:07 [INFO] [受信] VM → BM;Depth:239.0
2025-07-11 06:39:07 [INFO] [転送] VM → BM : Depth:239.0
2025-07-11 06:39:07 [INFO] [受信] VM → BM;Depth:224.0
2025-07-11 06:39:07 [INFO] [転送] VM → BM : Depth:224.0
2025-07-11 06:39:07 [INFO] [受信] VM → BM;Depth:245.0
2025-07-11 06:39:07 [INFO] [転送] VM → BM : Depth:245.0
2025-07-11 06:39:07 [INFO] [受信] VM → BM;Depth:225.0
2025-07-11 06:39:07 [INFO] [転送] VM → BM : Depth:225.0
2025-07-11 06:39:07 [INFO] [受信] VM → BM;Depth:212.0
2025-07-11 06:39:07 [INFO] [転送] VM → BM : Depth:212.0
2025-07-11 06:39:07 [INFO] [受信] VM → BM;Depth:243.0
2025-07-11 06:39:07 [INFO] [転送] VM → BM : Depth:243.0
2025-07-11 06:39:08 [INFO] [受信] VM → BM;Depth:256.0
2025-07-11 06:39:08 [INFO] [転送] VM → BM : Depth:256.0
2025-07-11 06:39:08 [INFO] [受信] VM → BM;Depth:260.0
2025-07-11 06:39:08 [INFO] [転送] VM → BM : Depth:260.0
2025-07-11 06:39:08 [INFO] [受信] VM → BM;Depth:259.0
2025-07-11 06:39:08 [INFO] [転送] VM → BM : Depth:259.0
2025-07-11 06:39:08 [INFO] [受信] VM → BM;Depth:255.0
2025-07-11 06:39:08 [INFO] [転送] VM → BM : Depth:255.0
2025-07-11 06:39:08 [INFO] [受信] VM → BM;Depth:257.0
2025-07-11 06:39:08 [INFO] [受信] Cmd → BM;reset
2025-07-11 06:39:08 [INFO] [転送] VM → BM : Depth:257.0
2025-07-11 06:39:08 [INFO] [転送] Cmd → BM : reset
2025-07-11 06:39:08 [INFO] [受信] Cmd → VM;stop_log_recording
2025-07-11 06:39:08 [INFO] [受信] VM → BM;Depth:256.0
2025-07-11 06:39:08 [INFO] [転送] Cmd → VM : stop_log_recording
2025-07-11 06:39:08 [INFO] [転送] VM → BM : Depth:256.0
2025-07-11 06:39:08 [INFO] [受信] VM → BM;Depth:255.0
2025-07-11 06:39:08 [INFO] [転送] VM → BM : Depth:255.0
2025-07-11 06:39:08 [INFO] [受信] VM → BM;Depth:256.0
2025-07-11 06:39:08 [INFO] [転送] VM → BM : Depth:256.0
2025-07-11 06:39:08 [INFO] [受信] VM → BM;Depth:258.0
2025-07-11 06:39:08 [INFO] [転送] VM → BM : Depth:258.0
2025-07-11 06:39:08 [INFO] [受信] VM → BM;Depth:258.0
2025-07-11 06:39:08 [INFO] [転送] VM → BM : Depth:258.0
2025-07-11 06:39:08 [INFO] [受信] VM → BM;Depth:258.0
2025-07-11 06:39:08 [INFO] [転送] VM → BM : Depth:258.0
2025-07-11 06:39:08 [INFO] [受信] VM → BM;Depth:258.0
2025-07-11 06:39:08 [INFO] [転送] VM → BM : Depth:258.0
2025-07-11 06:39:08 [INFO] [受信] VM → BM;Depth:258.0
2025-07-11 06:39:08 [INFO] [転送] VM → BM : Depth:258.0
2025-07-11 06:39:08 [INFO] [受信] VM → BM;Depth:258.0
2025-07-11 06:39:08 [INFO] [転送] VM → BM : Depth:258.0
2025-07-11 06:39:08 [INFO] [受信] VM → BM;Depth:259.0
2025-07-11 06:39:08 [INFO] [転送] VM → BM : Depth:259.0
2025-07-11 06:39:08 [INFO] [受信] VM → BM;Depth:257.0
2025-07-11 06:39:08 [INFO] [転送] VM → BM : Depth:257.0
2025-07-11 06:39:08 [INFO] [受信] VM → BM;Depth:258.0
2025-07-11 06:39:08 [INFO] [転送] VM → BM : Depth:258.0
2025-07-11 06:39:08 [INFO] [受信] VM → BM;Depth:259.0
2025-07-11 06:39:08 [INFO] [転送] VM → BM : Depth:259.0
2025-07-11 06:39:08 [INFO] [受信] VM → BM;Depth:258.0
2025-07-11 06:39:09 [INFO] [転送] VM → BM : Depth:258.0
2025-07-11 06:39:09 [INFO] [受信] VM → BM;Depth:239.0
2025-07-11 06:39:09 [INFO] [転送] VM → BM : Depth:239.0
2025-07-11 06:39:09 [INFO] [受信] VM → BM;Depth:242.0
2025-07-11 06:39:09 [INFO] [転送] VM → BM : Depth:242.0
2025-07-11 06:39:09 [INFO] [受信] VM → BM;Depth:216.0
2025-07-11 06:39:09 [INFO] [転送] VM → BM : Depth:216.0
2025-07-11 06:39:09 [INFO] [受信] VM → BM;Depth:279.0
2025-07-11 06:39:09 [INFO] [転送] VM → BM : Depth:279.0
2025-07-11 06:39:09 [INFO] [受信] VM → BM;Depth:193.0
2025-07-11 06:39:09 [INFO] [転送] VM → BM : Depth:193.0
2025-07-11 06:39:09 [INFO] [受信] VM → BM;Depth:200.0
2025-07-11 06:39:09 [INFO] [転送] VM → BM : Depth:200.0
2025-07-11 06:39:09 [INFO] [受信] VM → BM;Depth:203.0
2025-07-11 06:39:09 [INFO] [転送] VM → BM : Depth:203.0
2025-07-11 06:39:09 [INFO] [受信] VM → BM;Depth:241.0
2025-07-11 06:39:09 [INFO] [転送] VM → BM : Depth:241.0
2025-07-11 06:39:23 [INFO] [受信] VM → BM;Depth:207.0
2025-07-11 06:39:23 [INFO] [転送] VM → BM : Depth:207.0
2025-07-11 06:39:23 [INFO] [受信] VM → BM;Depth:225.0
2025-07-11 06:39:23 [INFO] [転送] VM → BM : Depth:225.0
2025-07-11 06:39:23 [INFO] [受信] VM → BM;Depth:238.0
2025-07-11 06:39:23 [INFO] [転送] VM → BM : Depth:238.0
2025-07-11 06:39:24 [INFO] [受信] VM → BM;Depth:247.0
2025-07-11 06:39:24 [INFO] [転送] VM → BM : Depth:247.0
2025-07-11 06:39:24 [INFO] [受信] VM → BM;Depth:250.0
2025-07-11 06:39:24 [INFO] [転送] VM → BM : Depth:250.0
2025-07-11 06:39:24 [INFO] [受信] VM → BM;Depth:244.0
2025-07-11 06:39:24 [INFO] [転送] VM → BM : Depth:244.0
2025-07-11 06:39:24 [INFO] [受信] VM → BM;Depth:239.0
2025-07-11 06:39:24 [INFO] [転送] VM → BM : Depth:239.0
2025-07-11 06:39:24 [INFO] [受信] VM → BM;Depth:238.0
2025-07-11 06:39:24 [INFO] [転送] VM → BM : Depth:238.0
2025-07-11 06:39:24 [INFO] [受信] VM → BM;Depth:238.0
2025-07-11 06:39:24 [INFO] [転送] VM → BM : Depth:238.0
2025-07-11 06:39:24 [INFO] [受信] VM → BM;Depth:239.0
2025-07-11 06:39:24 [INFO] [転送] VM → BM : Depth:239.0
2025-07-11 06:39:24 [INFO] [受信] VM → BM;Depth:244.0
2025-07-11 06:39:24 [INFO] [転送] VM → BM : Depth:244.0
2025-07-11 06:39:24 [INFO] [受信] VM → BM;Depth:246.0
2025-07-11 06:39:24 [INFO] [転送] VM → BM : Depth:246.0
2025-07-11 06:39:24 [INFO] [受信] VM → BM;Depth:250.0
2025-07-11 06:39:24 [INFO] [転送] VM → BM : Depth:250.0
2025-07-11 06:39:24 [INFO] [受信] VM → BM;Depth:252.0
2025-07-11 06:39:24 [INFO] [転送] VM → BM : Depth:252.0
2025-07-11 06:39:24 [INFO] [受信] VM → BM;Depth:253.0
2025-07-11 06:39:24 [INFO] [転送] VM → BM : Depth:253.0
2025-07-11 06:39:24 [INFO] [受信] VM → BM;Depth:253.0
2025-07-11 06:39:24 [INFO] [転送] VM → BM : Depth:253.0
2025-07-11 06:39:24 [INFO] [受信] VM → BM;Depth:252.0
2025-07-11 06:39:24 [INFO] [転送] VM → BM : Depth:252.0
2025-07-11 06:39:24 [INFO] [受信] VM → BM;Depth:251.0
2025-07-11 06:39:24 [INFO] [転送] VM → BM : Depth:251.0
2025-07-11 06:39:24 [INFO] [受信] VM → BM;Depth:247.0
2025-07-11 06:39:24 [INFO] [転送] VM → BM : Depth:247.0
2025-07-11 06:39:24 [INFO] [受信] VM → BM;Depth:242.0
2025-07-11 06:39:24 [INFO] [転送] VM → BM : Depth:242.0
2025-07-11 06:39:24 [INFO] [受信] VM → BM;Depth:239.0
2025-07-11 06:39:24 [INFO] [転送] VM → BM : Depth:239.0
2025-07-11 06:39:24 [INFO] [受信] VM → BM;Depth:236.0
2025-07-11 06:39:24 [INFO] [転送] VM → BM : Depth:236.0
2025-07-11 06:39:25 [INFO] [受信] VM → BM;Depth:237.0
2025-07-11 06:39:25 [INFO] [転送] VM → BM : Depth:237.0
2025-07-11 06:39:25 [INFO] [受信] VM → BM;Depth:225.0
2025-07-11 06:39:25 [INFO] [転送] VM → BM : Depth:225.0
2025-07-11 06:39:25 [INFO] [受信] VM → BM;Depth:225.0
2025-07-11 06:39:25 [INFO] [転送] VM → BM : Depth:225.0
2025-07-11 06:39:25 [INFO] [受信] VM → BM;Depth:219.0
2025-07-11 06:39:25 [INFO] [転送] VM → BM : Depth:219.0
2025-07-11 06:39:25 [INFO] [受信] VM → BM;Depth:217.0
2025-07-11 06:39:25 [INFO] [転送] VM → BM : Depth:217.0
2025-07-11 06:39:25 [INFO] [受信] VM → BM;Depth:265.0
2025-07-11 06:39:25 [INFO] [転送] VM → BM : Depth:265.0
2025-07-11 06:39:25 [INFO] [受信] VM → BM;Depth:267.0
2025-07-11 06:39:25 [INFO] [転送] VM → BM : Depth:267.0
2025-07-11 06:39:25 [INFO] [受信] VM → BM;Depth:269.0
2025-07-11 06:39:25 [INFO] [転送] VM → BM : Depth:269.0
2025-07-11 06:39:25 [INFO] [受信] VM → BM;Depth:269.0
2025-07-11 06:39:25 [INFO] [転送] VM → BM : Depth:269.0
2025-07-11 06:39:25 [INFO] [受信] VM → BM;Depth:270.0
2025-07-11 06:39:25 [INFO] [転送] VM → BM : Depth:270.0
2025-07-11 06:39:25 [INFO] [受信] VM → BM;Depth:270.0
2025-07-11 06:39:25 [INFO] [転送] VM → BM : Depth:270.0
2025-07-11 06:39:25 [INFO] [受信] VM → BM;Depth:271.0
2025-07-11 06:39:25 [INFO] [転送] VM → BM : Depth:271.0
2025-07-11 06:39:25 [INFO] [受信] VM → BM;Depth:270.0
2025-07-11 06:39:25 [INFO] [転送] VM → BM : Depth:270.0
2025-07-11 06:39:25 [INFO] [受信] VM → BM;Depth:270.0
2025-07-11 06:39:25 [INFO] [転送] VM → BM : Depth:270.0
2025-07-11 06:39:25 [INFO] [受信] VM → BM;Depth:270.0
2025-07-11 06:39:25 [INFO] [転送] VM → BM : Depth:270.0
2025-07-11 06:39:25 [INFO] [受信] Cmd → BM;ID:1,Cond:1
2025-07-11 06:39:25 [INFO] [受信] VM → BM;Depth:271.0
2025-07-11 06:39:25 [INFO] [転送] Cmd → BM : ID:1,Cond:1
2025-07-11 06:39:25 [INFO] [転送] VM → BM : Depth:271.0
2025-07-11 06:39:25 [INFO] [受信] Cmd → VM;ID:1,Cond:1
2025-07-11 06:39:25 [INFO] [受信] VM → BM;Depth:271.0
2025-07-11 06:39:25 [INFO] [転送] Cmd → VM : ID:1,Cond:1
2025-07-11 06:39:25 [INFO] [転送] VM → BM : Depth:271.0
2025-07-11 06:39:25 [INFO] [受信] Cmd → VM;start_log_recording
2025-07-11 06:39:25 [INFO] [転送] Cmd → VM : start_log_recording
2025-07-11 06:39:25 [INFO] [受信] VM → BM;Depth:272.0
2025-07-11 06:39:25 [INFO] [転送] VM → BM : Depth:272.0
2025-07-11 06:39:25 [INFO] [受信] VM → BM;Depth:272.0
2025-07-11 06:39:25 [INFO] [転送] VM → BM : Depth:272.0
2025-07-11 06:39:25 [INFO] [受信] VM → BM;Depth:273.0
2025-07-11 06:39:25 [INFO] [転送] VM → BM : Depth:273.0
2025-07-11 06:39:26 [INFO] [受信] VM → BM;Depth:274.0
2025-07-11 06:39:26 [INFO] [転送] VM → BM : Depth:274.0
2025-07-11 06:39:26 [INFO] [受信] VM → BM;Depth:223.0
2025-07-11 06:39:26 [INFO] [転送] VM → BM : Depth:223.0
2025-07-11 06:39:26 [INFO] [受信] VM → BM;Depth:245.0
2025-07-11 06:39:26 [INFO] [転送] VM → BM : Depth:245.0
2025-07-11 06:39:26 [INFO] [受信] VM → BM;Depth:267.0
2025-07-11 06:39:26 [INFO] [転送] VM → BM : Depth:267.0
2025-07-11 06:39:26 [INFO] [受信] VM → BM;Depth:284.0
2025-07-11 06:39:26 [INFO] [転送] VM → BM : Depth:284.0
2025-07-11 06:39:26 [INFO] [受信] VM → BM;Depth:313.0
2025-07-11 06:39:26 [INFO] [転送] VM → BM : Depth:313.0
2025-07-11 06:39:26 [INFO] [受信] VM → BM;Depth:320.0
2025-07-11 06:39:26 [INFO] [転送] VM → BM : Depth:320.0
2025-07-11 06:39:26 [INFO] [受信] VM → BM;Depth:322.0
2025-07-11 06:39:26 [INFO] [転送] VM → BM : Depth:322.0
2025-07-11 06:39:26 [INFO] [受信] VM → BM;Depth:390.0
2025-07-11 06:39:26 [INFO] [転送] VM → BM : Depth:390.0
2025-07-11 06:39:26 [INFO] [受信] VM → BM;Depth:409.0
2025-07-11 06:39:26 [INFO] [転送] VM → BM : Depth:409.0
2025-07-11 06:39:26 [INFO] [受信] VM → BM;Depth:411.0
2025-07-11 06:39:26 [INFO] [転送] VM → BM : Depth:411.0
2025-07-11 06:39:26 [INFO] [受信] VM → BM;Depth:420.0
2025-07-11 06:39:26 [INFO] [転送] VM → BM : Depth:420.0
2025-07-11 06:39:26 [INFO] [受信] VM → BM;Depth:425.0
2025-07-11 06:39:26 [INFO] [転送] VM → BM : Depth:425.0
2025-07-11 06:39:26 [INFO] [受信] VM → BM;Depth:428.0
2025-07-11 06:39:26 [INFO] [転送] VM → BM : Depth:428.0
2025-07-11 06:39:26 [INFO] [受信] VM → BM;Depth:434.0
2025-07-11 06:39:26 [INFO] [転送] VM → BM : Depth:434.0
2025-07-11 06:39:26 [INFO] [受信] VM → BM;Depth:436.0
2025-07-11 06:39:26 [INFO] [転送] VM → BM : Depth:436.0
2025-07-11 06:39:26 [INFO] [受信] VM → BM;Depth:434.0
2025-07-11 06:39:26 [INFO] [転送] VM → BM : Depth:434.0
2025-07-11 06:39:26 [INFO] [受信] VM → BM;Depth:435.0
2025-07-11 06:39:26 [INFO] [転送] VM → BM : Depth:435.0
2025-07-11 06:39:27 [INFO] [受信] VM → BM;Depth:430.0
2025-07-11 06:39:27 [INFO] [転送] VM → BM : Depth:430.0
2025-07-11 06:39:27 [INFO] [受信] VM → BM;Depth:430.0
2025-07-11 06:39:27 [INFO] [転送] VM → BM : Depth:430.0
2025-07-11 06:39:27 [INFO] [受信] VM → BM;Depth:424.0
2025-07-11 06:39:27 [INFO] [転送] VM → BM : Depth:424.0
2025-07-11 06:39:27 [INFO] [受信] VM → BM;Depth:417.0
2025-07-11 06:39:27 [INFO] [転送] VM → BM : Depth:417.0
2025-07-11 06:39:27 [INFO] [受信] VM → BM;Depth:410.0
2025-07-11 06:39:27 [INFO] [転送] VM → BM : Depth:410.0
2025-07-11 06:39:27 [INFO] [受信] VM → BM;Depth:409.0
2025-07-11 06:39:27 [INFO] [受信] Cmd → BM;reset
2025-07-11 06:39:27 [INFO] [転送] VM → BM : Depth:409.0
2025-07-11 06:39:27 [INFO] [転送] Cmd → BM : reset
2025-07-11 06:39:27 [INFO] [受信] Cmd → VM;stop_log_recording
2025-07-11 06:39:27 [INFO] [受信] VM → BM;Depth:404.0
2025-07-11 06:39:27 [INFO] [転送] Cmd → VM : stop_log_recording
2025-07-11 06:39:27 [INFO] [転送] VM → BM : Depth:404.0
2025-07-11 06:39:27 [INFO] [受信] VM → BM;Depth:399.0
2025-07-11 06:39:27 [INFO] [転送] VM → BM : Depth:399.0
2025-07-11 06:39:27 [INFO] [受信] VM → BM;Depth:302.0
2025-07-11 06:39:27 [INFO] [転送] VM → BM : Depth:302.0
2025-07-11 06:39:27 [INFO] [受信] VM → BM;Depth:302.0
2025-07-11 06:39:27 [INFO] [転送] VM → BM : Depth:302.0
2025-07-11 06:39:27 [INFO] [受信] VM → BM;Depth:301.0
2025-07-11 06:39:27 [INFO] [転送] VM → BM : Depth:301.0
2025-07-11 06:39:27 [INFO] [受信] VM → BM;Depth:301.0
2025-07-11 06:39:27 [INFO] [転送] VM → BM : Depth:301.0
2025-07-11 06:39:27 [INFO] [受信] VM → BM;Depth:301.0
2025-07-11 06:39:27 [INFO] [転送] VM → BM : Depth:301.0
2025-07-11 06:39:27 [INFO] [受信] VM → BM;Depth:300.0
2025-07-11 06:39:27 [INFO] [転送] VM → BM : Depth:300.0
2025-07-11 06:39:27 [INFO] [受信] VM → BM;Depth:300.0
2025-07-11 06:39:27 [INFO] [転送] VM → BM : Depth:300.0
2025-07-11 06:39:27 [INFO] [受信] VM → BM;Depth:300.0
2025-07-11 06:39:27 [INFO] [転送] VM → BM : Depth:300.0
2025-07-11 06:39:27 [INFO] [受信] VM → BM;Depth:299.0
2025-07-11 06:39:27 [INFO] [転送] VM → BM : Depth:299.0
2025-07-11 06:39:27 [INFO] [受信] VM → BM;Depth:299.0
2025-07-11 06:39:27 [INFO] [転送] VM → BM : Depth:299.0
2025-07-11 06:39:27 [INFO] [受信] VM → BM;Depth:299.0
2025-07-11 06:39:27 [INFO] [転送] VM → BM : Depth:299.0
2025-07-11 06:39:28 [INFO] [受信] VM → BM;Depth:298.0
2025-07-11 06:39:28 [INFO] [転送] VM → BM : Depth:298.0
2025-07-11 06:39:28 [INFO] [受信] VM → BM;Depth:299.0
2025-07-11 06:39:28 [INFO] [転送] VM → BM : Depth:299.0
2025-07-11 06:39:28 [INFO] [受信] VM → BM;Depth:298.0
2025-07-11 06:39:28 [INFO] [転送] VM → BM : Depth:298.0
2025-07-11 06:39:28 [INFO] [受信] VM → BM;Depth:298.0
2025-07-11 06:39:28 [INFO] [転送] VM → BM : Depth:298.0
2025-07-11 06:39:28 [INFO] [受信] Cmd → BM;ID:1,Cond:1
2025-07-11 06:39:28 [INFO] [転送] Cmd → BM : ID:1,Cond:1
2025-07-11 06:39:28 [INFO] [受信] VM → BM;Depth:298.0
2025-07-11 06:39:28 [INFO] [受信] Cmd → VM;ID:1,Cond:1
2025-07-11 06:39:28 [INFO] [転送] VM → BM : Depth:298.0
2025-07-11 06:39:28 [INFO] [転送] Cmd → VM : ID:1,Cond:1
2025-07-11 06:39:28 [INFO] [受信] Cmd → VM;start_log_recording
2025-07-11 06:39:28 [INFO] [転送] Cmd → VM : start_log_recording
2025-07-11 06:39:28 [INFO] [受信] VM → BM;Depth:299.0
2025-07-11 06:39:28 [INFO] [転送] VM → BM : Depth:299.0
2025-07-11 06:39:28 [INFO] [受信] VM → BM;Depth:298.0
2025-07-11 06:39:28 [INFO] [転送] VM → BM : Depth:298.0
2025-07-11 06:39:28 [INFO] [受信] VM → BM;Depth:298.0
2025-07-11 06:39:28 [INFO] [転送] VM → BM : Depth:298.0
2025-07-11 06:39:28 [INFO] [受信] VM → BM;Depth:298.0
2025-07-11 06:39:28 [INFO] [転送] VM → BM : Depth:298.0
2025-07-11 06:39:28 [INFO] [受信] VM → BM;Depth:297.0
2025-07-11 06:39:28 [INFO] [転送] VM → BM : Depth:297.0
2025-07-11 06:39:28 [INFO] [受信] VM → BM;Depth:298.0
2025-07-11 06:39:28 [INFO] [転送] VM → BM : Depth:298.0
2025-07-11 06:39:28 [INFO] [受信] VM → BM;Depth:299.0
2025-07-11 06:39:28 [INFO] [受信] Cmd → BM;reset
2025-07-11 06:39:28 [INFO] [転送] VM → BM : Depth:299.0
2025-07-11 06:39:28 [INFO] [転送] Cmd → BM : reset
2025-07-11 06:39:28 [INFO] [受信] Cmd → VM;stop_log_recording
2025-07-11 06:39:28 [INFO] [受信] VM → BM;Depth:298.0
2025-07-11 06:39:28 [INFO] [転送] Cmd → VM : stop_log_recording
2025-07-11 06:39:28 [INFO] [転送] VM → BM : Depth:298.0
2025-07-11 06:39:28 [INFO] [受信] VM → BM;Depth:298.0
2025-07-11 06:39:28 [INFO] [転送] VM → BM : Depth:298.0
2025-07-11 06:39:28 [INFO] [受信] VM → BM;Depth:295.0
2025-07-11 06:39:28 [INFO] [転送] VM → BM : Depth:295.0
2025-07-11 06:39:28 [INFO] [受信] VM → BM;Depth:295.0
2025-07-11 06:39:28 [INFO] [転送] VM → BM : Depth:295.0
2025-07-11 06:39:28 [INFO] [受信] VM → BM;Depth:400.0
2025-07-11 06:39:28 [INFO] [転送] VM → BM : Depth:400.0
2025-07-11 06:39:28 [INFO] [受信] VM → BM;Depth:398.0
2025-07-11 06:39:29 [INFO] [転送] VM → BM : Depth:398.0
2025-07-11 06:39:29 [INFO] [受信] VM → BM;Depth:402.0
2025-07-11 06:39:29 [INFO] [転送] VM → BM : Depth:402.0
2025-07-11 06:39:29 [INFO] [受信] VM → BM;Depth:409.0
2025-07-11 06:39:29 [INFO] [転送] VM → BM : Depth:409.0
2025-07-11 06:39:29 [INFO] [受信] VM → BM;Depth:408.0
2025-07-11 06:39:29 [INFO] [転送] VM → BM : Depth:408.0
2025-07-11 06:39:29 [INFO] [受信] Cmd → BM;reset
2025-07-11 06:39:29 [INFO] [転送] Cmd → BM : reset
2025-07-11 06:39:29 [INFO] [受信] Cmd → VM;stop_log_recording
2025-07-11 06:39:29 [INFO] [転送] Cmd → VM : stop_log_recording
2025-07-11 06:39:32 [INFO] [受信] Cmd → BM;ID:1,Cond:1
2025-07-11 06:39:32 [INFO] [転送] Cmd → BM : ID:1,Cond:1
2025-07-11 06:39:32 [INFO] [受信] Cmd → VM;ID:1,Cond:1
2025-07-11 06:39:32 [INFO] [転送] Cmd → VM : ID:1,Cond:1
2025-07-11 06:39:32 [INFO] [受信] Cmd → VM;start_log_recording
2025-07-11 06:39:32 [INFO] [転送] Cmd → VM : start_log_recording
2025-07-11 06:39:32 [INFO] [受信] Cmd → BM;reset
2025-07-11 06:39:32 [INFO] [転送] Cmd → BM : reset
2025-07-11 06:39:32 [INFO] [受信] Cmd → VM;stop_log_recording
2025-07-11 06:39:32 [INFO] [転送] Cmd → VM : stop_log_recording
2025-07-11 06:41:16 [INFO] [切断] 127.0.0.1:49684 (Cmd) の接続を終了
2025-07-11 06:41:17 [ERROR] [エラー] 受信中に例外発生：[WinError 10054] 既存の接続はリモート ホストに強制的に切断されました。
2025-07-11 06:41:17 [INFO] [切断] 127.0.0.1:49683 (BM) の接続を終了
