2025-07-11 02:41:20 [INFO] [起動] BlackBoardサーバが localhost:9000 で待機中...
2025-07-11 02:41:20 [INFO] [操作] ESCキーでサーバを終了できます
2025-07-11 02:41:22 [INFO] [接続] BM (127.0.0.1:64726) が接続しました
2025-07-11 02:41:23 [INFO] [接続] Cmd (127.0.0.1:64727) が接続しました
2025-07-11 02:41:24 [INFO] [接続] VM (127.0.0.1:64728) が接続しました
2025-07-11 02:41:32 [INFO] [受信] VM → BM;Depth:197.0
2025-07-11 02:41:32 [INFO] [転送] VM → BM : Depth:197.0
2025-07-11 02:41:32 [INFO] [受信] VM → BM;Depth:197.0
2025-07-11 02:41:32 [INFO] [転送] VM → BM : Depth:197.0
2025-07-11 02:41:32 [INFO] [受信] VM → BM;Depth:197.0
2025-07-11 02:41:32 [INFO] [転送] VM → BM : Depth:197.0
2025-07-11 02:41:32 [INFO] [受信] VM → BM;Depth:185.0
2025-07-11 02:41:32 [INFO] [転送] VM → BM : Depth:185.0
2025-07-11 02:41:32 [INFO] [受信] VM → BM;Depth:179.0
2025-07-11 02:41:32 [INFO] [転送] VM → BM : Depth:179.0
2025-07-11 02:41:32 [INFO] [受信] VM → BM;Depth:174.0
2025-07-11 02:41:32 [INFO] [転送] VM → BM : Depth:174.0
2025-07-11 02:41:32 [INFO] [受信] VM → BM;Depth:160.0
2025-07-11 02:41:32 [INFO] [転送] VM → BM : Depth:160.0
2025-07-11 02:41:32 [INFO] [受信] VM → BM;Depth:154.0
2025-07-11 02:41:32 [INFO] [転送] VM → BM : Depth:154.0
2025-07-11 02:41:32 [INFO] [受信] VM → BM;Depth:179.0
2025-07-11 02:41:32 [INFO] [転送] VM → BM : Depth:179.0
2025-07-11 02:41:32 [INFO] [受信] VM → BM;Depth:173.0
2025-07-11 02:41:32 [INFO] [転送] VM → BM : Depth:173.0
2025-07-11 02:41:32 [INFO] [受信] VM → BM;Depth:169.0
2025-07-11 02:41:32 [INFO] [転送] VM → BM : Depth:169.0
2025-07-11 02:41:35 [INFO] [受信] VM → BM;Depth:234.0
2025-07-11 02:41:35 [INFO] [転送] VM → BM : Depth:234.0
2025-07-11 02:41:35 [INFO] [受信] VM → BM;Depth:251.0
2025-07-11 02:41:35 [INFO] [転送] VM → BM : Depth:251.0
2025-07-11 02:41:35 [INFO] [受信] VM → BM;Depth:248.0
2025-07-11 02:41:35 [INFO] [転送] VM → BM : Depth:248.0
2025-07-11 02:41:35 [INFO] [受信] VM → BM;Depth:255.0
2025-07-11 02:41:35 [INFO] [転送] VM → BM : Depth:255.0
2025-07-11 02:41:35 [INFO] [受信] VM → BM;Depth:253.0
2025-07-11 02:41:35 [INFO] [転送] VM → BM : Depth:253.0
2025-07-11 02:41:35 [INFO] [受信] VM → BM;Depth:255.0
2025-07-11 02:41:35 [INFO] [転送] VM → BM : Depth:255.0
2025-07-11 02:41:35 [INFO] [受信] VM → BM;Depth:254.0
2025-07-11 02:41:35 [INFO] [転送] VM → BM : Depth:254.0
2025-07-11 02:41:35 [INFO] [受信] VM → BM;Depth:211.0
2025-07-11 02:41:35 [INFO] [転送] VM → BM : Depth:211.0
2025-07-11 02:41:36 [INFO] [受信] VM → BM;Depth:263.0
2025-07-11 02:41:36 [INFO] [転送] VM → BM : Depth:263.0
2025-07-11 02:41:36 [INFO] [受信] VM → BM;Depth:292.0
2025-07-11 02:41:36 [INFO] [転送] VM → BM : Depth:292.0
2025-07-11 02:41:36 [INFO] [受信] VM → BM;Depth:291.0
2025-07-11 02:41:36 [INFO] [転送] VM → BM : Depth:291.0
2025-07-11 02:41:36 [INFO] [受信] VM → BM;Depth:289.0
2025-07-11 02:41:36 [INFO] [転送] VM → BM : Depth:289.0
2025-07-11 02:41:36 [INFO] [受信] VM → BM;Depth:289.0
2025-07-11 02:41:36 [INFO] [転送] VM → BM : Depth:289.0
2025-07-11 02:41:36 [INFO] [受信] VM → BM;Depth:288.0
2025-07-11 02:41:36 [INFO] [転送] VM → BM : Depth:288.0
2025-07-11 02:41:36 [INFO] [受信] VM → BM;Depth:284.0
2025-07-11 02:41:36 [INFO] [転送] VM → BM : Depth:284.0
2025-07-11 02:41:36 [INFO] [受信] VM → BM;Depth:251.0
2025-07-11 02:41:36 [INFO] [転送] VM → BM : Depth:251.0
2025-07-11 02:41:36 [INFO] [受信] VM → BM;Depth:243.0
2025-07-11 02:41:36 [INFO] [転送] VM → BM : Depth:243.0
2025-07-11 02:41:36 [INFO] [受信] VM → BM;Depth:238.0
2025-07-11 02:41:36 [INFO] [転送] VM → BM : Depth:238.0
2025-07-11 02:41:36 [INFO] [受信] VM → BM;Depth:238.0
2025-07-11 02:41:36 [INFO] [転送] VM → BM : Depth:238.0
2025-07-11 02:41:36 [INFO] [受信] VM → BM;Depth:242.0
2025-07-11 02:41:36 [INFO] [転送] VM → BM : Depth:242.0
2025-07-11 02:41:36 [INFO] [受信] VM → BM;Depth:239.0
2025-07-11 02:41:36 [INFO] [転送] VM → BM : Depth:239.0
2025-07-11 02:41:36 [INFO] [受信] VM → BM;Depth:241.0
2025-07-11 02:41:36 [INFO] [転送] VM → BM : Depth:241.0
2025-07-11 02:41:36 [INFO] [受信] VM → BM;Depth:242.0
2025-07-11 02:41:36 [INFO] [転送] VM → BM : Depth:242.0
2025-07-11 02:41:36 [INFO] [受信] VM → BM;Depth:247.0
2025-07-11 02:41:36 [INFO] [転送] VM → BM : Depth:247.0
2025-07-11 02:41:36 [INFO] [受信] VM → BM;Depth:249.0
2025-07-11 02:41:36 [INFO] [転送] VM → BM : Depth:249.0
2025-07-11 02:41:36 [INFO] [受信] VM → BM;Depth:252.0
2025-07-11 02:41:36 [INFO] [転送] VM → BM : Depth:252.0
2025-07-11 02:41:36 [INFO] [受信] VM → BM;Depth:252.0
2025-07-11 02:41:36 [INFO] [転送] VM → BM : Depth:252.0
2025-07-11 02:41:37 [INFO] [受信] VM → BM;Depth:252.0
2025-07-11 02:41:37 [INFO] [転送] VM → BM : Depth:252.0
2025-07-11 02:41:37 [INFO] [受信] VM → BM;Depth:252.0
2025-07-11 02:41:37 [INFO] [転送] VM → BM : Depth:252.0
2025-07-11 02:41:37 [INFO] [受信] VM → BM;Depth:253.0
2025-07-11 02:41:37 [INFO] [転送] VM → BM : Depth:253.0
2025-07-11 02:41:37 [INFO] [受信] VM → BM;Depth:254.0
2025-07-11 02:41:37 [INFO] [転送] VM → BM : Depth:254.0
2025-07-11 02:41:37 [INFO] [受信] VM → BM;Depth:255.0
2025-07-11 02:41:37 [INFO] [転送] VM → BM : Depth:255.0
2025-07-11 02:41:37 [INFO] [受信] VM → BM;Depth:255.0
2025-07-11 02:41:37 [INFO] [転送] VM → BM : Depth:255.0
2025-07-11 02:41:37 [INFO] [受信] VM → BM;Depth:255.0
2025-07-11 02:41:37 [INFO] [転送] VM → BM : Depth:255.0
2025-07-11 02:41:37 [INFO] [受信] VM → BM;Depth:162.0
2025-07-11 02:41:37 [INFO] [転送] VM → BM : Depth:162.0
2025-07-11 02:41:37 [INFO] [受信] VM → BM;Depth:260.0
2025-07-11 02:41:37 [INFO] [転送] VM → BM : Depth:260.0
2025-07-11 02:41:37 [INFO] [受信] VM → BM;Depth:262.0
2025-07-11 02:41:37 [INFO] [転送] VM → BM : Depth:262.0
2025-07-11 02:41:37 [INFO] [受信] VM → BM;Depth:264.0
2025-07-11 02:41:37 [INFO] [転送] VM → BM : Depth:264.0
2025-07-11 02:41:37 [INFO] [受信] VM → BM;Depth:265.0
2025-07-11 02:41:37 [INFO] [転送] VM → BM : Depth:265.0
2025-07-11 02:41:37 [INFO] [受信] VM → BM;Depth:271.0
2025-07-11 02:41:37 [INFO] [転送] VM → BM : Depth:271.0
2025-07-11 02:41:37 [INFO] [受信] VM → BM;Depth:274.0
2025-07-11 02:41:37 [INFO] [転送] VM → BM : Depth:274.0
2025-07-11 02:41:37 [INFO] [受信] VM → BM;Depth:278.0
2025-07-11 02:41:37 [INFO] [転送] VM → BM : Depth:278.0
2025-07-11 02:41:37 [INFO] [受信] VM → BM;Depth:283.0
2025-07-11 02:41:37 [INFO] [転送] VM → BM : Depth:283.0
2025-07-11 02:41:37 [INFO] [受信] VM → BM;Depth:287.0
2025-07-11 02:41:37 [INFO] [転送] VM → BM : Depth:287.0
2025-07-11 02:41:37 [INFO] [受信] VM → BM;Depth:290.0
2025-07-11 02:41:37 [INFO] [転送] VM → BM : Depth:290.0
2025-07-11 02:41:37 [INFO] [受信] VM → BM;Depth:292.0
2025-07-11 02:41:37 [INFO] [転送] VM → BM : Depth:292.0
2025-07-11 02:41:37 [INFO] [受信] VM → BM;Depth:295.0
2025-07-11 02:41:37 [INFO] [転送] VM → BM : Depth:295.0
2025-07-11 02:41:37 [INFO] [受信] VM → BM;Depth:297.0
2025-07-11 02:41:37 [INFO] [転送] VM → BM : Depth:297.0
2025-07-11 02:41:37 [INFO] [受信] VM → BM;Depth:303.0
2025-07-11 02:41:37 [INFO] [転送] VM → BM : Depth:303.0
2025-07-11 02:41:37 [INFO] [受信] VM → BM;Depth:305.0
2025-07-11 02:41:37 [INFO] [転送] VM → BM : Depth:305.0
2025-07-11 02:41:37 [INFO] [受信] VM → BM;Depth:309.0
2025-07-11 02:41:37 [INFO] [転送] VM → BM : Depth:309.0
2025-07-11 02:41:37 [INFO] [受信] VM → BM;Depth:312.0
2025-07-11 02:41:37 [INFO] [転送] VM → BM : Depth:312.0
2025-07-11 02:41:38 [INFO] [受信] VM → BM;Depth:315.0
2025-07-11 02:41:38 [INFO] [転送] VM → BM : Depth:315.0
2025-07-11 02:41:38 [INFO] [受信] VM → BM;Depth:320.0
2025-07-11 02:41:38 [INFO] [転送] VM → BM : Depth:320.0
2025-07-11 02:41:38 [INFO] [受信] VM → BM;Depth:323.0
2025-07-11 02:41:38 [INFO] [転送] VM → BM : Depth:323.0
2025-07-11 02:41:38 [INFO] [受信] VM → BM;Depth:328.0
2025-07-11 02:41:38 [INFO] [転送] VM → BM : Depth:328.0
2025-07-11 02:41:38 [INFO] [受信] VM → BM;Depth:332.0
2025-07-11 02:41:38 [INFO] [転送] VM → BM : Depth:332.0
2025-07-11 02:41:38 [INFO] [受信] VM → BM;Depth:337.0
2025-07-11 02:41:38 [INFO] [転送] VM → BM : Depth:337.0
2025-07-11 02:41:38 [INFO] [受信] VM → BM;Depth:339.0
2025-07-11 02:41:38 [INFO] [転送] VM → BM : Depth:339.0
2025-07-11 02:41:38 [INFO] [受信] VM → BM;Depth:345.0
2025-07-11 02:41:38 [INFO] [転送] VM → BM : Depth:345.0
2025-07-11 02:41:38 [INFO] [受信] VM → BM;Depth:348.0
2025-07-11 02:41:38 [INFO] [転送] VM → BM : Depth:348.0
2025-07-11 02:41:38 [INFO] [受信] VM → BM;Depth:350.0
2025-07-11 02:41:38 [INFO] [転送] VM → BM : Depth:350.0
2025-07-11 02:41:38 [INFO] [受信] VM → BM;Depth:351.0
2025-07-11 02:41:38 [INFO] [転送] VM → BM : Depth:351.0
2025-07-11 02:41:38 [INFO] [受信] VM → BM;Depth:351.0
2025-07-11 02:41:38 [INFO] [転送] VM → BM : Depth:351.0
2025-07-11 02:41:38 [INFO] [受信] VM → BM;Depth:351.0
2025-07-11 02:41:38 [INFO] [転送] VM → BM : Depth:351.0
2025-07-11 02:41:38 [INFO] [受信] VM → BM;Depth:351.0
2025-07-11 02:41:38 [INFO] [転送] VM → BM : Depth:351.0
2025-07-11 02:41:38 [INFO] [受信] VM → BM;Depth:351.0
2025-07-11 02:41:38 [INFO] [転送] VM → BM : Depth:351.0
2025-07-11 02:41:38 [INFO] [受信] VM → BM;Depth:352.0
2025-07-11 02:41:38 [INFO] [転送] VM → BM : Depth:352.0
2025-07-11 02:41:38 [INFO] [受信] VM → BM;Depth:352.0
2025-07-11 02:41:38 [INFO] [転送] VM → BM : Depth:352.0
2025-07-11 02:41:38 [INFO] [受信] VM → BM;Depth:351.0
2025-07-11 02:41:38 [INFO] [転送] VM → BM : Depth:351.0
2025-07-11 02:41:38 [INFO] [受信] VM → BM;Depth:352.0
2025-07-11 02:41:38 [INFO] [転送] VM → BM : Depth:352.0
2025-07-11 02:41:38 [INFO] [受信] VM → BM;Depth:352.0
2025-07-11 02:41:38 [INFO] [転送] VM → BM : Depth:352.0
2025-07-11 02:41:38 [INFO] [受信] VM → BM;Depth:353.0
2025-07-11 02:41:39 [INFO] [転送] VM → BM : Depth:353.0
2025-07-11 02:41:39 [INFO] [受信] VM → BM;Depth:352.0
2025-07-11 02:41:39 [INFO] [転送] VM → BM : Depth:352.0
2025-07-11 02:41:39 [INFO] [受信] VM → BM;Depth:351.0
2025-07-11 02:41:39 [INFO] [転送] VM → BM : Depth:351.0
2025-07-11 02:41:39 [INFO] [受信] VM → BM;Depth:343.0
2025-07-11 02:41:39 [INFO] [転送] VM → BM : Depth:343.0
2025-07-11 02:41:39 [INFO] [受信] VM → BM;Depth:342.0
2025-07-11 02:41:39 [INFO] [転送] VM → BM : Depth:342.0
2025-07-11 02:41:39 [INFO] [受信] VM → BM;Depth:328.0
2025-07-11 02:41:39 [INFO] [転送] VM → BM : Depth:328.0
2025-07-11 02:41:39 [INFO] [受信] VM → BM;Depth:302.0
2025-07-11 02:41:39 [INFO] [転送] VM → BM : Depth:302.0
2025-07-11 02:41:39 [INFO] [受信] VM → BM;Depth:289.0
2025-07-11 02:41:39 [INFO] [転送] VM → BM : Depth:289.0
2025-07-11 02:41:39 [INFO] [受信] VM → BM;Depth:277.0
2025-07-11 02:41:39 [INFO] [転送] VM → BM : Depth:277.0
2025-07-11 02:41:39 [INFO] [受信] VM → BM;Depth:265.0
2025-07-11 02:41:39 [INFO] [転送] VM → BM : Depth:265.0
2025-07-11 02:41:39 [INFO] [受信] VM → BM;Depth:266.0
2025-07-11 02:41:39 [INFO] [転送] VM → BM : Depth:266.0
2025-07-11 02:41:39 [INFO] [受信] VM → BM;Depth:347.0
2025-07-11 02:41:39 [INFO] [転送] VM → BM : Depth:347.0
2025-07-11 02:41:39 [INFO] [受信] VM → BM;Depth:266.0
2025-07-11 02:41:39 [INFO] [転送] VM → BM : Depth:266.0
2025-07-11 02:41:39 [INFO] [受信] VM → BM;Depth:358.0
2025-07-11 02:41:39 [INFO] [転送] VM → BM : Depth:358.0
2025-07-11 02:41:39 [INFO] [受信] VM → BM;Depth:305.0
2025-07-11 02:41:39 [INFO] [転送] VM → BM : Depth:305.0
2025-07-11 02:41:39 [INFO] [受信] VM → BM;Depth:308.0
2025-07-11 02:41:39 [INFO] [転送] VM → BM : Depth:308.0
2025-07-11 02:41:39 [INFO] [受信] VM → BM;Depth:283.0
2025-07-11 02:41:39 [INFO] [転送] VM → BM : Depth:283.0
2025-07-11 02:41:39 [INFO] [受信] VM → BM;Depth:285.0
2025-07-11 02:41:39 [INFO] [転送] VM → BM : Depth:285.0
2025-07-11 02:41:39 [INFO] [受信] VM → BM;Depth:287.0
2025-07-11 02:41:39 [INFO] [転送] VM → BM : Depth:287.0
2025-07-11 02:41:39 [INFO] [受信] VM → BM;Depth:287.0
2025-07-11 02:41:39 [INFO] [転送] VM → BM : Depth:287.0
2025-07-11 02:41:39 [INFO] [受信] VM → BM;Depth:286.0
2025-07-11 02:41:39 [INFO] [転送] VM → BM : Depth:286.0
2025-07-11 02:41:39 [INFO] [受信] VM → BM;Depth:285.0
2025-07-11 02:41:39 [INFO] [転送] VM → BM : Depth:285.0
2025-07-11 02:41:39 [INFO] [受信] VM → BM;Depth:285.0
2025-07-11 02:41:39 [INFO] [転送] VM → BM : Depth:285.0
2025-07-11 02:41:40 [INFO] [受信] VM → BM;Depth:286.0
2025-07-11 02:41:40 [INFO] [転送] VM → BM : Depth:286.0
2025-07-11 02:41:40 [INFO] [受信] VM → BM;Depth:285.0
2025-07-11 02:41:40 [INFO] [転送] VM → BM : Depth:285.0
2025-07-11 02:41:40 [INFO] [受信] VM → BM;Depth:273.0
2025-07-11 02:41:40 [INFO] [転送] VM → BM : Depth:273.0
2025-07-11 02:41:40 [INFO] [受信] VM → BM;Depth:318.0
2025-07-11 02:41:40 [INFO] [転送] VM → BM : Depth:318.0
2025-07-11 02:41:40 [INFO] [受信] VM → BM;Depth:320.0
2025-07-11 02:41:40 [INFO] [転送] VM → BM : Depth:320.0
2025-07-11 02:41:40 [INFO] [受信] VM → BM;Depth:291.0
2025-07-11 02:41:40 [INFO] [転送] VM → BM : Depth:291.0
2025-07-11 02:41:40 [INFO] [受信] VM → BM;Depth:299.0
2025-07-11 02:41:40 [INFO] [転送] VM → BM : Depth:299.0
2025-07-11 02:41:40 [INFO] [受信] VM → BM;Depth:301.0
2025-07-11 02:41:40 [INFO] [転送] VM → BM : Depth:301.0
2025-07-11 02:41:40 [INFO] [受信] VM → BM;Depth:306.0
2025-07-11 02:41:40 [INFO] [転送] VM → BM : Depth:306.0
2025-07-11 02:41:40 [INFO] [受信] VM → BM;Depth:314.0
2025-07-11 02:41:40 [INFO] [転送] VM → BM : Depth:314.0
2025-07-11 02:41:40 [INFO] [受信] VM → BM;Depth:314.0
2025-07-11 02:41:40 [INFO] [転送] VM → BM : Depth:314.0
2025-07-11 02:41:40 [INFO] [受信] VM → BM;Depth:315.0
2025-07-11 02:41:40 [INFO] [転送] VM → BM : Depth:315.0
2025-07-11 02:41:40 [INFO] [受信] VM → BM;Depth:322.0
2025-07-11 02:41:40 [INFO] [転送] VM → BM : Depth:322.0
2025-07-11 02:41:40 [INFO] [受信] VM → BM;Depth:322.0
2025-07-11 02:41:40 [INFO] [転送] VM → BM : Depth:322.0
2025-07-11 02:41:40 [INFO] [受信] VM → BM;Depth:323.0
2025-07-11 02:41:40 [INFO] [転送] VM → BM : Depth:323.0
2025-07-11 02:41:40 [INFO] [受信] VM → BM;Depth:322.0
2025-07-11 02:41:40 [INFO] [転送] VM → BM : Depth:322.0
2025-07-11 02:41:40 [INFO] [受信] VM → BM;Depth:321.0
2025-07-11 02:41:40 [INFO] [転送] VM → BM : Depth:321.0
2025-07-11 02:41:40 [INFO] [受信] VM → BM;Depth:319.0
2025-07-11 02:41:40 [INFO] [転送] VM → BM : Depth:319.0
2025-07-11 02:41:40 [INFO] [受信] VM → BM;Depth:318.0
2025-07-11 02:41:40 [INFO] [転送] VM → BM : Depth:318.0
2025-07-11 02:41:40 [INFO] [受信] VM → BM;Depth:320.0
2025-07-11 02:41:40 [INFO] [転送] VM → BM : Depth:320.0
2025-07-11 02:41:40 [INFO] [受信] VM → BM;Depth:320.0
2025-07-11 02:41:40 [INFO] [転送] VM → BM : Depth:320.0
2025-07-11 02:41:40 [INFO] [受信] VM → BM;Depth:316.0
2025-07-11 02:41:40 [INFO] [転送] VM → BM : Depth:316.0
2025-07-11 02:41:40 [INFO] [受信] VM → BM;Depth:314.0
2025-07-11 02:41:40 [INFO] [転送] VM → BM : Depth:314.0
2025-07-11 02:41:40 [INFO] [受信] VM → BM;Depth:311.0
2025-07-11 02:41:40 [INFO] [転送] VM → BM : Depth:311.0
2025-07-11 02:41:40 [INFO] [受信] VM → BM;Depth:296.0
2025-07-11 02:41:40 [INFO] [転送] VM → BM : Depth:296.0
2025-07-11 02:41:41 [INFO] [受信] VM → BM;Depth:297.0
2025-07-11 02:41:41 [INFO] [転送] VM → BM : Depth:297.0
2025-07-11 02:41:41 [INFO] [受信] VM → BM;Depth:319.0
2025-07-11 02:41:41 [INFO] [転送] VM → BM : Depth:319.0
2025-07-11 02:41:41 [INFO] [受信] VM → BM;Depth:348.0
2025-07-11 02:41:41 [INFO] [転送] VM → BM : Depth:348.0
2025-07-11 02:41:41 [INFO] [受信] VM → BM;Depth:328.0
2025-07-11 02:41:41 [INFO] [転送] VM → BM : Depth:328.0
2025-07-11 02:41:41 [INFO] [受信] VM → BM;Depth:350.0
2025-07-11 02:41:41 [INFO] [転送] VM → BM : Depth:350.0
2025-07-11 02:41:41 [INFO] [受信] VM → BM;Depth:336.0
2025-07-11 02:41:41 [INFO] [転送] VM → BM : Depth:336.0
2025-07-11 02:41:41 [INFO] [受信] VM → BM;Depth:335.0
2025-07-11 02:41:41 [INFO] [転送] VM → BM : Depth:335.0
2025-07-11 02:41:41 [INFO] [受信] VM → BM;Depth:337.0
2025-07-11 02:41:41 [INFO] [転送] VM → BM : Depth:337.0
2025-07-11 02:41:41 [INFO] [受信] VM → BM;Depth:338.0
2025-07-11 02:41:41 [INFO] [転送] VM → BM : Depth:338.0
2025-07-11 02:41:41 [INFO] [受信] VM → BM;Depth:340.0
2025-07-11 02:41:41 [INFO] [転送] VM → BM : Depth:340.0
2025-07-11 02:41:41 [INFO] [受信] VM → BM;Depth:342.0
2025-07-11 02:41:41 [INFO] [転送] VM → BM : Depth:342.0
2025-07-11 02:41:41 [INFO] [受信] VM → BM;Depth:343.0
2025-07-11 02:41:41 [INFO] [転送] VM → BM : Depth:343.0
2025-07-11 02:41:41 [INFO] [受信] VM → BM;Depth:343.0
2025-07-11 02:41:41 [INFO] [転送] VM → BM : Depth:343.0
2025-07-11 02:41:41 [INFO] [受信] VM → BM;Depth:350.0
2025-07-11 02:41:41 [INFO] [転送] VM → BM : Depth:350.0
2025-07-11 02:41:41 [INFO] [受信] VM → BM;Depth:312.0
2025-07-11 02:41:41 [INFO] [転送] VM → BM : Depth:312.0
2025-07-11 02:41:41 [INFO] [受信] VM → BM;Depth:313.0
2025-07-11 02:41:41 [INFO] [転送] VM → BM : Depth:313.0
2025-07-11 02:41:41 [INFO] [受信] VM → BM;Depth:315.0
2025-07-11 02:41:41 [INFO] [転送] VM → BM : Depth:315.0
2025-07-11 02:41:41 [INFO] [受信] VM → BM;Depth:315.0
2025-07-11 02:41:41 [INFO] [転送] VM → BM : Depth:315.0
2025-07-11 02:41:41 [INFO] [受信] VM → BM;Depth:298.0
2025-07-11 02:41:41 [INFO] [転送] VM → BM : Depth:298.0
2025-07-11 02:41:41 [INFO] [受信] VM → BM;Depth:363.0
2025-07-11 02:41:41 [INFO] [転送] VM → BM : Depth:363.0
2025-07-11 02:41:41 [INFO] [受信] VM → BM;Depth:312.0
2025-07-11 02:41:41 [INFO] [転送] VM → BM : Depth:312.0
2025-07-11 02:41:41 [INFO] [受信] VM → BM;Depth:323.0
2025-07-11 02:41:41 [INFO] [転送] VM → BM : Depth:323.0
2025-07-11 02:41:41 [INFO] [受信] VM → BM;Depth:328.0
2025-07-11 02:41:41 [INFO] [転送] VM → BM : Depth:328.0
2025-07-11 02:41:41 [INFO] [受信] VM → BM;Depth:328.0
2025-07-11 02:41:41 [INFO] [転送] VM → BM : Depth:328.0
2025-07-11 02:41:41 [INFO] [受信] VM → BM;Depth:339.0
2025-07-11 02:41:42 [INFO] [転送] VM → BM : Depth:339.0
2025-07-11 02:41:42 [INFO] [受信] VM → BM;Depth:339.0
2025-07-11 02:41:42 [INFO] [転送] VM → BM : Depth:339.0
2025-07-11 02:41:42 [INFO] [受信] VM → BM;Depth:335.0
2025-07-11 02:41:42 [INFO] [転送] VM → BM : Depth:335.0
2025-07-11 02:41:42 [INFO] [受信] VM → BM;Depth:334.0
2025-07-11 02:41:42 [INFO] [転送] VM → BM : Depth:334.0
2025-07-11 02:41:42 [INFO] [受信] VM → BM;Depth:333.0
2025-07-11 02:41:42 [INFO] [転送] VM → BM : Depth:333.0
2025-07-11 02:41:42 [INFO] [受信] VM → BM;Depth:331.0
2025-07-11 02:41:42 [INFO] [転送] VM → BM : Depth:331.0
2025-07-11 02:41:42 [INFO] [受信] VM → BM;Depth:330.0
2025-07-11 02:41:42 [INFO] [転送] VM → BM : Depth:330.0
2025-07-11 02:41:42 [INFO] [受信] VM → BM;Depth:329.0
2025-07-11 02:41:42 [INFO] [転送] VM → BM : Depth:329.0
2025-07-11 02:41:42 [INFO] [受信] VM → BM;Depth:329.0
2025-07-11 02:41:42 [INFO] [転送] VM → BM : Depth:329.0
2025-07-11 02:41:42 [INFO] [受信] VM → BM;Depth:330.0
2025-07-11 02:41:42 [INFO] [転送] VM → BM : Depth:330.0
2025-07-11 02:41:42 [INFO] [受信] VM → BM;Depth:329.0
2025-07-11 02:41:42 [INFO] [転送] VM → BM : Depth:329.0
2025-07-11 02:41:42 [INFO] [受信] VM → BM;Depth:328.0
2025-07-11 02:41:42 [INFO] [転送] VM → BM : Depth:328.0
2025-07-11 02:41:42 [INFO] [受信] VM → BM;Depth:328.0
2025-07-11 02:41:42 [INFO] [転送] VM → BM : Depth:328.0
2025-07-11 02:41:42 [INFO] [受信] VM → BM;Depth:329.0
2025-07-11 02:41:42 [INFO] [転送] VM → BM : Depth:329.0
2025-07-11 02:41:42 [INFO] [受信] VM → BM;Depth:329.0
2025-07-11 02:41:42 [INFO] [転送] VM → BM : Depth:329.0
2025-07-11 02:41:42 [INFO] [受信] VM → BM;Depth:330.0
2025-07-11 02:41:42 [INFO] [転送] VM → BM : Depth:330.0
2025-07-11 02:41:42 [INFO] [受信] VM → BM;Depth:330.0
2025-07-11 02:41:42 [INFO] [転送] VM → BM : Depth:330.0
2025-07-11 02:41:42 [INFO] [受信] VM → BM;Depth:330.0
2025-07-11 02:41:42 [INFO] [転送] VM → BM : Depth:330.0
2025-07-11 02:41:42 [INFO] [受信] VM → BM;Depth:330.0
2025-07-11 02:41:42 [INFO] [転送] VM → BM : Depth:330.0
2025-07-11 02:41:42 [INFO] [受信] VM → BM;Depth:329.0
2025-07-11 02:41:42 [INFO] [転送] VM → BM : Depth:329.0
2025-07-11 02:41:42 [INFO] [受信] VM → BM;Depth:323.0
2025-07-11 02:41:42 [INFO] [転送] VM → BM : Depth:323.0
2025-07-11 02:41:42 [INFO] [受信] VM → BM;Depth:323.0
2025-07-11 02:41:42 [INFO] [転送] VM → BM : Depth:323.0
2025-07-11 02:41:42 [INFO] [受信] VM → BM;Depth:323.0
2025-07-11 02:41:42 [INFO] [転送] VM → BM : Depth:323.0
2025-07-11 02:41:42 [INFO] [受信] VM → BM;Depth:320.0
2025-07-11 02:41:42 [INFO] [転送] VM → BM : Depth:320.0
2025-07-11 02:41:42 [INFO] [受信] VM → BM;Depth:313.0
2025-07-11 02:41:43 [INFO] [転送] VM → BM : Depth:313.0
2025-07-11 02:41:43 [INFO] [受信] VM → BM;Depth:318.0
2025-07-11 02:41:43 [INFO] [転送] VM → BM : Depth:318.0
2025-07-11 02:41:43 [INFO] [受信] VM → BM;Depth:361.0
2025-07-11 02:41:43 [INFO] [転送] VM → BM : Depth:361.0
2025-07-11 02:41:43 [INFO] [受信] VM → BM;Depth:318.0
2025-07-11 02:41:43 [INFO] [転送] VM → BM : Depth:318.0
2025-07-11 02:41:43 [INFO] [受信] VM → BM;Depth:364.0
2025-07-11 02:41:43 [INFO] [転送] VM → BM : Depth:364.0
2025-07-11 02:41:43 [INFO] [受信] VM → BM;Depth:371.0
2025-07-11 02:41:43 [INFO] [転送] VM → BM : Depth:371.0
2025-07-11 02:41:43 [INFO] [受信] VM → BM;Depth:371.0
2025-07-11 02:41:43 [INFO] [転送] VM → BM : Depth:371.0
2025-07-11 02:41:43 [INFO] [受信] VM → BM;Depth:370.0
2025-07-11 02:41:43 [INFO] [転送] VM → BM : Depth:370.0
2025-07-11 02:41:43 [INFO] [受信] VM → BM;Depth:369.0
2025-07-11 02:41:43 [INFO] [転送] VM → BM : Depth:369.0
2025-07-11 02:41:43 [INFO] [受信] VM → BM;Depth:368.0
2025-07-11 02:41:43 [INFO] [転送] VM → BM : Depth:368.0
2025-07-11 02:41:43 [INFO] [受信] VM → BM;Depth:367.0
2025-07-11 02:41:43 [INFO] [転送] VM → BM : Depth:367.0
2025-07-11 02:41:43 [INFO] [受信] VM → BM;Depth:365.0
2025-07-11 02:41:43 [INFO] [転送] VM → BM : Depth:365.0
2025-07-11 02:41:43 [INFO] [受信] VM → BM;Depth:322.0
2025-07-11 02:41:43 [INFO] [転送] VM → BM : Depth:322.0
2025-07-11 02:41:43 [INFO] [受信] VM → BM;Depth:360.0
2025-07-11 02:41:43 [INFO] [転送] VM → BM : Depth:360.0
2025-07-11 02:41:43 [INFO] [受信] VM → BM;Depth:359.0
2025-07-11 02:41:43 [INFO] [転送] VM → BM : Depth:359.0
2025-07-11 02:41:43 [INFO] [受信] VM → BM;Depth:329.0
2025-07-11 02:41:43 [INFO] [転送] VM → BM : Depth:329.0
2025-07-11 02:41:43 [INFO] [受信] VM → BM;Depth:327.0
2025-07-11 02:41:43 [INFO] [転送] VM → BM : Depth:327.0
2025-07-11 02:41:43 [INFO] [受信] VM → BM;Depth:294.0
2025-07-11 02:41:43 [INFO] [転送] VM → BM : Depth:294.0
2025-07-11 02:41:43 [INFO] [受信] VM → BM;Depth:290.0
2025-07-11 02:41:43 [INFO] [転送] VM → BM : Depth:290.0
2025-07-11 02:41:43 [INFO] [受信] VM → BM;Depth:288.0
2025-07-11 02:41:43 [INFO] [転送] VM → BM : Depth:288.0
2025-07-11 02:41:43 [INFO] [受信] VM → BM;Depth:289.0
2025-07-11 02:41:43 [INFO] [転送] VM → BM : Depth:289.0
2025-07-11 02:41:43 [INFO] [受信] VM → BM;Depth:290.0
2025-07-11 02:41:43 [INFO] [転送] VM → BM : Depth:290.0
2025-07-11 02:41:43 [INFO] [受信] VM → BM;Depth:291.0
2025-07-11 02:41:43 [INFO] [転送] VM → BM : Depth:291.0
2025-07-11 02:41:43 [INFO] [受信] VM → BM;Depth:291.0
2025-07-11 02:41:43 [INFO] [転送] VM → BM : Depth:291.0
2025-07-11 02:41:43 [INFO] [受信] VM → BM;Depth:292.0
2025-07-11 02:41:43 [INFO] [転送] VM → BM : Depth:292.0
2025-07-11 02:41:44 [INFO] [受信] VM → BM;Depth:293.0
2025-07-11 02:41:44 [INFO] [転送] VM → BM : Depth:293.0
2025-07-11 02:41:44 [INFO] [受信] VM → BM;Depth:333.0
2025-07-11 02:41:44 [INFO] [転送] VM → BM : Depth:333.0
2025-07-11 02:41:44 [INFO] [受信] VM → BM;Depth:336.0
2025-07-11 02:41:44 [INFO] [転送] VM → BM : Depth:336.0
2025-07-11 02:41:44 [INFO] [受信] VM → BM;Depth:330.0
2025-07-11 02:41:44 [INFO] [転送] VM → BM : Depth:330.0
2025-07-11 02:41:44 [INFO] [受信] VM → BM;Depth:300.0
2025-07-11 02:41:44 [INFO] [転送] VM → BM : Depth:300.0
2025-07-11 02:41:44 [INFO] [受信] VM → BM;Depth:375.0
2025-07-11 02:41:44 [INFO] [転送] VM → BM : Depth:375.0
2025-07-11 02:41:44 [INFO] [受信] VM → BM;Depth:390.0
2025-07-11 02:41:44 [INFO] [転送] VM → BM : Depth:390.0
2025-07-11 02:41:44 [INFO] [受信] VM → BM;Depth:391.0
2025-07-11 02:41:44 [INFO] [転送] VM → BM : Depth:391.0
2025-07-11 02:41:44 [INFO] [受信] VM → BM;Depth:392.0
2025-07-11 02:41:44 [INFO] [転送] VM → BM : Depth:392.0
2025-07-11 02:41:44 [INFO] [受信] VM → BM;Depth:395.0
2025-07-11 02:41:44 [INFO] [転送] VM → BM : Depth:395.0
2025-07-11 02:41:44 [INFO] [受信] VM → BM;Depth:279.0
2025-07-11 02:41:44 [INFO] [転送] VM → BM : Depth:279.0
2025-07-11 02:41:44 [INFO] [受信] VM → BM;Depth:286.0
2025-07-11 02:41:44 [INFO] [転送] VM → BM : Depth:286.0
2025-07-11 02:41:44 [INFO] [受信] VM → BM;Depth:285.0
2025-07-11 02:41:44 [INFO] [転送] VM → BM : Depth:285.0
2025-07-11 02:41:44 [INFO] [受信] VM → BM;Depth:294.0
2025-07-11 02:41:44 [INFO] [転送] VM → BM : Depth:294.0
2025-07-11 02:41:44 [INFO] [受信] VM → BM;Depth:293.0
2025-07-11 02:41:44 [INFO] [転送] VM → BM : Depth:293.0
2025-07-11 02:41:44 [INFO] [受信] VM → BM;Depth:292.0
2025-07-11 02:41:44 [INFO] [転送] VM → BM : Depth:292.0
2025-07-11 02:41:44 [INFO] [受信] VM → BM;Depth:291.0
2025-07-11 02:41:44 [INFO] [転送] VM → BM : Depth:291.0
2025-07-11 02:41:44 [INFO] [受信] VM → BM;Depth:289.0
2025-07-11 02:41:44 [INFO] [転送] VM → BM : Depth:289.0
2025-07-11 02:41:44 [INFO] [受信] VM → BM;Depth:278.0
2025-07-11 02:41:44 [INFO] [転送] VM → BM : Depth:278.0
2025-07-11 02:41:44 [INFO] [受信] VM → BM;Depth:277.0
2025-07-11 02:41:44 [INFO] [転送] VM → BM : Depth:277.0
2025-07-11 02:41:44 [INFO] [受信] VM → BM;Depth:274.0
2025-07-11 02:41:44 [INFO] [転送] VM → BM : Depth:274.0
2025-07-11 02:41:44 [INFO] [受信] VM → BM;Depth:272.0
2025-07-11 02:41:45 [INFO] [転送] VM → BM : Depth:272.0
2025-07-11 02:41:45 [INFO] [受信] VM → BM;Depth:269.0
2025-07-11 02:41:45 [INFO] [転送] VM → BM : Depth:269.0
2025-07-11 02:41:45 [INFO] [受信] VM → BM;Depth:268.0
2025-07-11 02:41:45 [INFO] [転送] VM → BM : Depth:268.0
2025-07-11 02:41:45 [INFO] [受信] VM → BM;Depth:267.0
2025-07-11 02:41:45 [INFO] [転送] VM → BM : Depth:267.0
2025-07-11 02:41:45 [INFO] [受信] VM → BM;Depth:266.0
2025-07-11 02:41:45 [INFO] [転送] VM → BM : Depth:266.0
2025-07-11 02:41:45 [INFO] [受信] VM → BM;Depth:265.0
2025-07-11 02:41:45 [INFO] [転送] VM → BM : Depth:265.0
2025-07-11 02:41:45 [INFO] [受信] VM → BM;Depth:265.0
2025-07-11 02:41:45 [INFO] [転送] VM → BM : Depth:265.0
2025-07-11 02:41:45 [INFO] [受信] VM → BM;Depth:264.0
2025-07-11 02:41:45 [INFO] [転送] VM → BM : Depth:264.0
2025-07-11 02:41:45 [INFO] [受信] VM → BM;Depth:265.0
2025-07-11 02:41:45 [INFO] [転送] VM → BM : Depth:265.0
2025-07-11 02:41:45 [INFO] [受信] VM → BM;Depth:268.0
2025-07-11 02:41:45 [INFO] [転送] VM → BM : Depth:268.0
2025-07-11 02:41:45 [INFO] [受信] VM → BM;Depth:267.0
2025-07-11 02:41:45 [INFO] [転送] VM → BM : Depth:267.0
2025-07-11 02:41:45 [INFO] [受信] VM → BM;Depth:265.0
2025-07-11 02:41:45 [INFO] [転送] VM → BM : Depth:265.0
2025-07-11 02:41:45 [INFO] [受信] VM → BM;Depth:264.0
2025-07-11 02:41:45 [INFO] [転送] VM → BM : Depth:264.0
2025-07-11 02:41:45 [INFO] [受信] VM → BM;Depth:264.0
2025-07-11 02:41:45 [INFO] [転送] VM → BM : Depth:264.0
2025-07-11 02:41:45 [INFO] [受信] VM → BM;Depth:260.0
2025-07-11 02:41:45 [INFO] [転送] VM → BM : Depth:260.0
2025-07-11 02:41:45 [INFO] [受信] VM → BM;Depth:260.0
2025-07-11 02:41:45 [INFO] [転送] VM → BM : Depth:260.0
2025-07-11 02:41:45 [INFO] [受信] VM → BM;Depth:259.0
2025-07-11 02:41:45 [INFO] [転送] VM → BM : Depth:259.0
2025-07-11 02:41:45 [INFO] [受信] VM → BM;Depth:258.0
2025-07-11 02:41:45 [INFO] [転送] VM → BM : Depth:258.0
2025-07-11 02:41:45 [INFO] [受信] VM → BM;Depth:256.0
2025-07-11 02:41:45 [INFO] [転送] VM → BM : Depth:256.0
2025-07-11 02:41:45 [INFO] [受信] VM → BM;Depth:254.0
2025-07-11 02:41:45 [INFO] [転送] VM → BM : Depth:254.0
2025-07-11 02:41:45 [INFO] [受信] VM → BM;Depth:249.0
2025-07-11 02:41:45 [INFO] [転送] VM → BM : Depth:249.0
2025-07-11 02:41:45 [INFO] [受信] VM → BM;Depth:243.0
2025-07-11 02:41:45 [INFO] [転送] VM → BM : Depth:243.0
2025-07-11 02:41:45 [INFO] [受信] VM → BM;Depth:234.0
2025-07-11 02:41:45 [INFO] [転送] VM → BM : Depth:234.0
2025-07-11 02:41:45 [INFO] [受信] VM → BM;Depth:193.0
2025-07-11 02:41:45 [INFO] [転送] VM → BM : Depth:193.0
2025-07-11 02:41:45 [INFO] [受信] VM → BM;Depth:177.0
2025-07-11 02:41:46 [INFO] [転送] VM → BM : Depth:177.0
2025-07-11 02:41:46 [INFO] [受信] VM → BM;Depth:403.0
2025-07-11 02:41:46 [INFO] [転送] VM → BM : Depth:403.0
2025-07-11 02:41:46 [INFO] [受信] VM → BM;Depth:401.0
2025-07-11 02:41:46 [INFO] [転送] VM → BM : Depth:401.0
2025-07-11 02:41:46 [INFO] [受信] VM → BM;Depth:401.0
2025-07-11 02:41:46 [INFO] [転送] VM → BM : Depth:401.0
2025-07-11 02:41:46 [INFO] [受信] VM → BM;Depth:401.0
2025-07-11 02:41:46 [INFO] [転送] VM → BM : Depth:401.0
2025-07-11 02:41:46 [INFO] [受信] VM → BM;Depth:399.0
2025-07-11 02:41:46 [INFO] [転送] VM → BM : Depth:399.0
2025-07-11 02:41:46 [INFO] [受信] VM → BM;Depth:399.0
2025-07-11 02:41:46 [INFO] [転送] VM → BM : Depth:399.0
2025-07-11 02:41:46 [INFO] [受信] VM → BM;Depth:399.0
2025-07-11 02:41:46 [INFO] [転送] VM → BM : Depth:399.0
2025-07-11 02:41:46 [INFO] [受信] VM → BM;Depth:398.0
2025-07-11 02:41:46 [INFO] [転送] VM → BM : Depth:398.0
2025-07-11 02:41:46 [INFO] [受信] VM → BM;Depth:397.0
2025-07-11 02:41:46 [INFO] [転送] VM → BM : Depth:397.0
2025-07-11 02:41:46 [INFO] [受信] VM → BM;Depth:397.0
2025-07-11 02:41:46 [INFO] [転送] VM → BM : Depth:397.0
2025-07-11 02:41:46 [INFO] [受信] VM → BM;Depth:361.0
2025-07-11 02:41:46 [INFO] [転送] VM → BM : Depth:361.0
2025-07-11 02:41:46 [INFO] [受信] VM → BM;Depth:359.0
2025-07-11 02:41:46 [INFO] [転送] VM → BM : Depth:359.0
2025-07-11 02:41:46 [INFO] [受信] VM → BM;Depth:359.0
2025-07-11 02:41:46 [INFO] [転送] VM → BM : Depth:359.0
2025-07-11 02:41:46 [INFO] [受信] VM → BM;Depth:396.0
2025-07-11 02:41:46 [INFO] [転送] VM → BM : Depth:396.0
2025-07-11 02:41:46 [INFO] [受信] VM → BM;Depth:361.0
2025-07-11 02:41:46 [INFO] [転送] VM → BM : Depth:361.0
2025-07-11 02:41:46 [INFO] [受信] VM → BM;Depth:360.0
2025-07-11 02:41:46 [INFO] [転送] VM → BM : Depth:360.0
2025-07-11 02:41:46 [INFO] [受信] VM → BM;Depth:360.0
2025-07-11 02:41:46 [INFO] [転送] VM → BM : Depth:360.0
2025-07-11 02:41:46 [INFO] [受信] VM → BM;Depth:358.0
2025-07-11 02:41:46 [INFO] [転送] VM → BM : Depth:358.0
2025-07-11 02:41:46 [INFO] [受信] VM → BM;Depth:357.0
2025-07-11 02:41:46 [INFO] [転送] VM → BM : Depth:357.0
2025-07-11 02:41:46 [INFO] [受信] VM → BM;Depth:359.0
2025-07-11 02:41:46 [INFO] [転送] VM → BM : Depth:359.0
2025-07-11 02:41:46 [INFO] [受信] VM → BM;Depth:358.0
2025-07-11 02:41:46 [INFO] [転送] VM → BM : Depth:358.0
2025-07-11 02:41:46 [INFO] [受信] VM → BM;Depth:359.0
2025-07-11 02:41:46 [INFO] [転送] VM → BM : Depth:359.0
2025-07-11 02:41:47 [INFO] [受信] VM → BM;Depth:398.0
2025-07-11 02:41:47 [INFO] [転送] VM → BM : Depth:398.0
2025-07-11 02:41:47 [INFO] [受信] VM → BM;Depth:397.0
2025-07-11 02:41:47 [INFO] [転送] VM → BM : Depth:397.0
2025-07-11 02:41:47 [INFO] [受信] VM → BM;Depth:357.0
2025-07-11 02:41:47 [INFO] [転送] VM → BM : Depth:357.0
2025-07-11 02:41:47 [INFO] [受信] VM → BM;Depth:357.0
2025-07-11 02:41:47 [INFO] [転送] VM → BM : Depth:357.0
2025-07-11 02:41:47 [INFO] [受信] VM → BM;Depth:358.0
2025-07-11 02:41:47 [INFO] [転送] VM → BM : Depth:358.0
2025-07-11 02:41:47 [INFO] [受信] VM → BM;Depth:358.0
2025-07-11 02:41:47 [INFO] [転送] VM → BM : Depth:358.0
2025-07-11 02:41:47 [INFO] [受信] VM → BM;Depth:359.0
2025-07-11 02:41:47 [INFO] [転送] VM → BM : Depth:359.0
2025-07-11 02:41:47 [INFO] [受信] VM → BM;Depth:359.0
2025-07-11 02:41:47 [INFO] [転送] VM → BM : Depth:359.0
2025-07-11 02:41:47 [INFO] [受信] VM → BM;Depth:361.0
2025-07-11 02:41:47 [INFO] [転送] VM → BM : Depth:361.0
2025-07-11 02:41:47 [INFO] [受信] VM → BM;Depth:359.0
2025-07-11 02:41:47 [INFO] [転送] VM → BM : Depth:359.0
2025-07-11 02:41:47 [INFO] [受信] VM → BM;Depth:360.0
2025-07-11 02:41:47 [INFO] [転送] VM → BM : Depth:360.0
2025-07-11 02:41:47 [INFO] [受信] VM → BM;Depth:362.0
2025-07-11 02:41:47 [INFO] [転送] VM → BM : Depth:362.0
2025-07-11 02:41:47 [INFO] [受信] VM → BM;Depth:359.0
2025-07-11 02:41:47 [INFO] [転送] VM → BM : Depth:359.0
2025-07-11 02:41:47 [INFO] [受信] VM → BM;Depth:361.0
2025-07-11 02:41:47 [INFO] [転送] VM → BM : Depth:361.0
2025-07-11 02:41:47 [INFO] [受信] VM → BM;Depth:359.0
2025-07-11 02:41:47 [INFO] [転送] VM → BM : Depth:359.0
2025-07-11 02:41:47 [INFO] [受信] VM → BM;Depth:359.0
2025-07-11 02:41:47 [INFO] [転送] VM → BM : Depth:359.0
2025-07-11 02:41:47 [INFO] [受信] VM → BM;Depth:356.0
2025-07-11 02:41:47 [INFO] [転送] VM → BM : Depth:356.0
2025-07-11 02:41:47 [INFO] [受信] VM → BM;Depth:353.0
2025-07-11 02:41:47 [INFO] [転送] VM → BM : Depth:353.0
2025-07-11 02:41:47 [INFO] [受信] VM → BM;Depth:350.0
2025-07-11 02:41:47 [INFO] [転送] VM → BM : Depth:350.0
2025-07-11 02:41:47 [INFO] [受信] VM → BM;Depth:392.0
2025-07-11 02:41:47 [INFO] [転送] VM → BM : Depth:392.0
2025-07-11 02:41:47 [INFO] [受信] VM → BM;Depth:340.0
2025-07-11 02:41:47 [INFO] [転送] VM → BM : Depth:340.0
2025-07-11 02:41:47 [INFO] [受信] VM → BM;Depth:379.0
2025-07-11 02:41:47 [INFO] [転送] VM → BM : Depth:379.0
2025-07-11 02:41:47 [INFO] [受信] VM → BM;Depth:305.0
2025-07-11 02:41:48 [INFO] [転送] VM → BM : Depth:305.0
2025-07-11 02:41:48 [INFO] [受信] VM → BM;Depth:293.0
2025-07-11 02:41:48 [INFO] [転送] VM → BM : Depth:293.0
2025-07-11 02:41:48 [INFO] [受信] VM → BM;Depth:279.0
2025-07-11 02:41:48 [INFO] [転送] VM → BM : Depth:279.0
2025-07-11 02:41:48 [INFO] [受信] VM → BM;Depth:250.0
2025-07-11 02:41:48 [INFO] [転送] VM → BM : Depth:250.0
2025-07-11 02:41:48 [INFO] [受信] VM → BM;Depth:236.0
2025-07-11 02:41:48 [INFO] [転送] VM → BM : Depth:236.0
2025-07-11 02:41:48 [INFO] [受信] VM → BM;Depth:218.0
2025-07-11 02:41:48 [INFO] [転送] VM → BM : Depth:218.0
2025-07-11 02:41:48 [INFO] [受信] VM → BM;Depth:204.0
2025-07-11 02:41:48 [INFO] [転送] VM → BM : Depth:204.0
2025-07-11 02:41:48 [INFO] [受信] VM → BM;Depth:181.0
2025-07-11 02:41:48 [INFO] [転送] VM → BM : Depth:181.0
2025-07-11 02:41:54 [INFO] [受信] VM → BM;Depth:269.0
2025-07-11 02:41:54 [INFO] [転送] VM → BM : Depth:269.0
2025-07-11 02:41:54 [INFO] [受信] VM → BM;Depth:282.0
2025-07-11 02:41:54 [INFO] [転送] VM → BM : Depth:282.0
2025-07-11 02:41:54 [INFO] [受信] VM → BM;Depth:284.0
2025-07-11 02:41:54 [INFO] [転送] VM → BM : Depth:284.0
2025-07-11 02:41:54 [INFO] [受信] VM → BM;Depth:292.0
2025-07-11 02:41:54 [INFO] [転送] VM → BM : Depth:292.0
2025-07-11 02:41:54 [INFO] [受信] VM → BM;Depth:325.0
2025-07-11 02:41:54 [INFO] [転送] VM → BM : Depth:325.0
2025-07-11 02:41:54 [INFO] [受信] VM → BM;Depth:319.0
2025-07-11 02:41:54 [INFO] [転送] VM → BM : Depth:319.0
2025-07-11 02:41:54 [INFO] [受信] VM → BM;Depth:334.0
2025-07-11 02:41:54 [INFO] [転送] VM → BM : Depth:334.0
2025-07-11 02:41:54 [INFO] [受信] VM → BM;Depth:349.0
2025-07-11 02:41:54 [INFO] [転送] VM → BM : Depth:349.0
2025-07-11 02:41:54 [INFO] [受信] VM → BM;Depth:381.0
2025-07-11 02:41:54 [INFO] [転送] VM → BM : Depth:381.0
2025-07-11 02:41:54 [INFO] [受信] VM → BM;Depth:364.0
2025-07-11 02:41:54 [INFO] [転送] VM → BM : Depth:364.0
2025-07-11 02:41:54 [INFO] [受信] VM → BM;Depth:387.0
2025-07-11 02:41:54 [INFO] [転送] VM → BM : Depth:387.0
2025-07-11 02:41:55 [INFO] [受信] VM → BM;Depth:388.0
2025-07-11 02:41:55 [INFO] [転送] VM → BM : Depth:388.0
2025-07-11 02:41:55 [INFO] [受信] VM → BM;Depth:390.0
2025-07-11 02:41:55 [INFO] [転送] VM → BM : Depth:390.0
2025-07-11 02:41:55 [INFO] [受信] VM → BM;Depth:373.0
2025-07-11 02:41:55 [INFO] [転送] VM → BM : Depth:373.0
2025-07-11 02:41:55 [INFO] [受信] VM → BM;Depth:374.0
2025-07-11 02:41:55 [INFO] [転送] VM → BM : Depth:374.0
2025-07-11 02:41:55 [INFO] [受信] VM → BM;Depth:373.0
2025-07-11 02:41:55 [INFO] [転送] VM → BM : Depth:373.0
2025-07-11 02:41:55 [INFO] [受信] VM → BM;Depth:371.0
2025-07-11 02:41:55 [INFO] [転送] VM → BM : Depth:371.0
2025-07-11 02:41:55 [INFO] [受信] VM → BM;Depth:370.0
2025-07-11 02:41:55 [INFO] [転送] VM → BM : Depth:370.0
2025-07-11 02:41:55 [INFO] [受信] VM → BM;Depth:370.0
2025-07-11 02:41:55 [INFO] [転送] VM → BM : Depth:370.0
2025-07-11 02:41:55 [INFO] [受信] VM → BM;Depth:370.0
2025-07-11 02:41:55 [INFO] [転送] VM → BM : Depth:370.0
2025-07-11 02:41:55 [INFO] [受信] VM → BM;Depth:372.0
2025-07-11 02:41:55 [INFO] [転送] VM → BM : Depth:372.0
2025-07-11 02:41:55 [INFO] [受信] VM → BM;Depth:371.0
2025-07-11 02:41:55 [INFO] [転送] VM → BM : Depth:371.0
2025-07-11 02:41:55 [INFO] [受信] VM → BM;Depth:368.0
2025-07-11 02:41:55 [INFO] [転送] VM → BM : Depth:368.0
2025-07-11 02:41:55 [INFO] [受信] VM → BM;Depth:364.0
2025-07-11 02:41:55 [INFO] [転送] VM → BM : Depth:364.0
2025-07-11 02:41:55 [INFO] [受信] VM → BM;Depth:358.0
2025-07-11 02:41:55 [INFO] [転送] VM → BM : Depth:358.0
2025-07-11 02:41:55 [INFO] [受信] VM → BM;Depth:227.0
2025-07-11 02:41:55 [INFO] [転送] VM → BM : Depth:227.0
2025-07-11 02:41:55 [INFO] [受信] VM → BM;Depth:230.0
2025-07-11 02:41:55 [INFO] [転送] VM → BM : Depth:230.0
2025-07-11 02:41:55 [INFO] [受信] VM → BM;Depth:236.0
2025-07-11 02:41:55 [INFO] [転送] VM → BM : Depth:236.0
2025-07-11 02:41:55 [INFO] [受信] VM → BM;Depth:227.0
2025-07-11 02:41:55 [INFO] [転送] VM → BM : Depth:227.0
2025-07-11 02:41:55 [INFO] [受信] VM → BM;Depth:233.0
2025-07-11 02:41:55 [INFO] [転送] VM → BM : Depth:233.0
2025-07-11 02:41:55 [INFO] [受信] VM → BM;Depth:224.0
2025-07-11 02:41:55 [INFO] [転送] VM → BM : Depth:224.0
2025-07-11 02:41:56 [INFO] [受信] VM → BM;Depth:219.0
2025-07-11 02:41:56 [INFO] [転送] VM → BM : Depth:219.0
2025-07-11 02:41:56 [INFO] [受信] VM → BM;Depth:218.0
2025-07-11 02:41:56 [INFO] [転送] VM → BM : Depth:218.0
2025-07-11 02:41:56 [INFO] [受信] VM → BM;Depth:219.0
2025-07-11 02:41:56 [INFO] [転送] VM → BM : Depth:219.0
2025-07-11 02:41:56 [INFO] [受信] VM → BM;Depth:218.0
2025-07-11 02:41:56 [INFO] [転送] VM → BM : Depth:218.0
2025-07-11 02:41:56 [INFO] [受信] VM → BM;Depth:226.0
2025-07-11 02:41:56 [INFO] [転送] VM → BM : Depth:226.0
2025-07-11 02:41:56 [INFO] [受信] VM → BM;Depth:218.0
2025-07-11 02:41:56 [INFO] [転送] VM → BM : Depth:218.0
2025-07-11 02:41:56 [INFO] [受信] VM → BM;Depth:217.0
2025-07-11 02:41:56 [INFO] [転送] VM → BM : Depth:217.0
2025-07-11 02:41:56 [INFO] [受信] VM → BM;Depth:216.0
2025-07-11 02:41:56 [INFO] [転送] VM → BM : Depth:216.0
2025-07-11 02:41:56 [INFO] [受信] VM → BM;Depth:215.0
2025-07-11 02:41:56 [INFO] [転送] VM → BM : Depth:215.0
2025-07-11 02:41:56 [INFO] [受信] VM → BM;Depth:215.0
2025-07-11 02:41:56 [INFO] [転送] VM → BM : Depth:215.0
2025-07-11 02:41:56 [INFO] [受信] VM → BM;Depth:215.0
2025-07-11 02:41:56 [INFO] [転送] VM → BM : Depth:215.0
2025-07-11 02:41:56 [INFO] [受信] VM → BM;Depth:211.0
2025-07-11 02:41:56 [INFO] [転送] VM → BM : Depth:211.0
2025-07-11 02:41:56 [INFO] [受信] VM → BM;Depth:211.0
2025-07-11 02:41:56 [INFO] [転送] VM → BM : Depth:211.0
2025-07-11 02:41:56 [INFO] [受信] VM → BM;Depth:211.0
2025-07-11 02:41:56 [INFO] [転送] VM → BM : Depth:211.0
2025-07-11 02:41:56 [INFO] [受信] VM → BM;Depth:155.0
2025-07-11 02:41:56 [INFO] [転送] VM → BM : Depth:155.0
2025-07-11 02:41:56 [INFO] [受信] VM → BM;Depth:174.0
2025-07-11 02:41:56 [INFO] [転送] VM → BM : Depth:174.0
2025-07-11 02:41:56 [INFO] [受信] VM → BM;Depth:219.0
2025-07-11 02:41:56 [INFO] [転送] VM → BM : Depth:219.0
2025-07-11 02:41:56 [INFO] [受信] VM → BM;Depth:229.0
2025-07-11 02:41:56 [INFO] [転送] VM → BM : Depth:229.0
2025-07-11 02:41:56 [INFO] [受信] VM → BM;Depth:241.0
2025-07-11 02:41:56 [INFO] [転送] VM → BM : Depth:241.0
2025-07-11 02:41:56 [INFO] [受信] VM → BM;Depth:229.0
2025-07-11 02:41:56 [INFO] [転送] VM → BM : Depth:229.0
2025-07-11 02:41:56 [INFO] [受信] VM → BM;Depth:229.0
2025-07-11 02:41:56 [INFO] [転送] VM → BM : Depth:229.0
2025-07-11 02:41:57 [INFO] [受信] VM → BM;Depth:231.0
2025-07-11 02:41:57 [INFO] [転送] VM → BM : Depth:231.0
2025-07-11 02:41:57 [INFO] [受信] VM → BM;Depth:234.0
2025-07-11 02:41:57 [INFO] [転送] VM → BM : Depth:234.0
2025-07-11 02:41:57 [INFO] [受信] VM → BM;Depth:235.0
2025-07-11 02:41:57 [INFO] [転送] VM → BM : Depth:235.0
2025-07-11 02:41:57 [INFO] [受信] VM → BM;Depth:236.0
2025-07-11 02:41:57 [INFO] [転送] VM → BM : Depth:236.0
2025-07-11 02:41:57 [INFO] [受信] VM → BM;Depth:160.0
2025-07-11 02:41:57 [INFO] [転送] VM → BM : Depth:160.0
2025-07-11 02:41:57 [INFO] [受信] VM → BM;Depth:237.0
2025-07-11 02:41:57 [INFO] [転送] VM → BM : Depth:237.0
2025-07-11 02:41:57 [INFO] [受信] VM → BM;Depth:237.0
2025-07-11 02:41:57 [INFO] [転送] VM → BM : Depth:237.0
2025-07-11 02:41:57 [INFO] [受信] VM → BM;Depth:238.0
2025-07-11 02:41:57 [INFO] [転送] VM → BM : Depth:238.0
2025-07-11 02:41:57 [INFO] [受信] VM → BM;Depth:238.0
2025-07-11 02:41:57 [INFO] [転送] VM → BM : Depth:238.0
2025-07-11 02:41:57 [INFO] [受信] VM → BM;Depth:156.0
2025-07-11 02:41:57 [INFO] [転送] VM → BM : Depth:156.0
2025-07-11 02:41:57 [INFO] [受信] VM → BM;Depth:236.0
2025-07-11 02:41:57 [INFO] [転送] VM → BM : Depth:236.0
2025-07-11 02:41:57 [INFO] [受信] VM → BM;Depth:237.0
2025-07-11 02:41:57 [INFO] [転送] VM → BM : Depth:237.0
2025-07-11 02:41:57 [INFO] [受信] VM → BM;Depth:236.0
2025-07-11 02:41:57 [INFO] [転送] VM → BM : Depth:236.0
2025-07-11 02:41:57 [INFO] [受信] VM → BM;Depth:236.0
2025-07-11 02:41:57 [INFO] [転送] VM → BM : Depth:236.0
2025-07-11 02:41:57 [INFO] [受信] VM → BM;Depth:236.0
2025-07-11 02:41:57 [INFO] [転送] VM → BM : Depth:236.0
2025-07-11 02:41:57 [INFO] [受信] VM → BM;Depth:235.0
2025-07-11 02:41:57 [INFO] [転送] VM → BM : Depth:235.0
2025-07-11 02:41:57 [INFO] [受信] VM → BM;Depth:235.0
2025-07-11 02:41:57 [INFO] [転送] VM → BM : Depth:235.0
2025-07-11 02:41:57 [INFO] [受信] VM → BM;Depth:235.0
2025-07-11 02:41:57 [INFO] [転送] VM → BM : Depth:235.0
2025-07-11 02:41:57 [INFO] [受信] VM → BM;Depth:235.0
2025-07-11 02:41:57 [INFO] [転送] VM → BM : Depth:235.0
2025-07-11 02:41:57 [INFO] [受信] VM → BM;Depth:236.0
2025-07-11 02:41:57 [INFO] [転送] VM → BM : Depth:236.0
2025-07-11 02:41:57 [INFO] [受信] VM → BM;Depth:236.0
2025-07-11 02:41:57 [INFO] [転送] VM → BM : Depth:236.0
2025-07-11 02:41:57 [INFO] [受信] VM → BM;Depth:235.0
2025-07-11 02:41:57 [INFO] [転送] VM → BM : Depth:235.0
2025-07-11 02:41:57 [INFO] [受信] VM → BM;Depth:236.0
2025-07-11 02:41:57 [INFO] [転送] VM → BM : Depth:236.0
2025-07-11 02:41:57 [INFO] [受信] VM → BM;Depth:242.0
2025-07-11 02:41:57 [INFO] [転送] VM → BM : Depth:242.0
2025-07-11 02:41:58 [INFO] [受信] VM → BM;Depth:173.0
2025-07-11 02:41:58 [INFO] [転送] VM → BM : Depth:173.0
2025-07-11 02:41:58 [INFO] [受信] VM → BM;Depth:245.0
2025-07-11 02:41:58 [INFO] [転送] VM → BM : Depth:245.0
2025-07-11 02:41:58 [INFO] [受信] VM → BM;Depth:244.0
2025-07-11 02:41:58 [INFO] [転送] VM → BM : Depth:244.0
2025-07-11 02:41:58 [INFO] [受信] VM → BM;Depth:246.0
2025-07-11 02:41:58 [INFO] [転送] VM → BM : Depth:246.0
2025-07-11 02:41:58 [INFO] [受信] VM → BM;Depth:252.0
2025-07-11 02:41:58 [INFO] [転送] VM → BM : Depth:252.0
2025-07-11 02:41:58 [INFO] [受信] VM → BM;Depth:250.0
2025-07-11 02:41:58 [INFO] [転送] VM → BM : Depth:250.0
2025-07-11 02:41:58 [INFO] [受信] VM → BM;Depth:240.0
2025-07-11 02:41:58 [INFO] [転送] VM → BM : Depth:240.0
2025-07-11 02:41:58 [INFO] [受信] VM → BM;Depth:233.0
2025-07-11 02:41:58 [INFO] [転送] VM → BM : Depth:233.0
2025-07-11 02:41:58 [INFO] [受信] VM → BM;Depth:219.0
2025-07-11 02:41:58 [INFO] [転送] VM → BM : Depth:219.0
2025-07-11 02:41:58 [INFO] [受信] VM → BM;Depth:208.0
2025-07-11 02:41:58 [INFO] [転送] VM → BM : Depth:208.0
2025-07-11 02:41:58 [INFO] [受信] VM → BM;Depth:184.0
2025-07-11 02:41:58 [INFO] [転送] VM → BM : Depth:184.0
2025-07-11 02:41:58 [INFO] [受信] VM → BM;Depth:166.0
2025-07-11 02:41:58 [INFO] [転送] VM → BM : Depth:166.0
2025-07-11 02:41:58 [INFO] [受信] VM → BM;Depth:214.0
2025-07-11 02:41:58 [INFO] [転送] VM → BM : Depth:214.0
2025-07-11 02:41:58 [INFO] [受信] VM → BM;Depth:370.0
2025-07-11 02:41:58 [INFO] [転送] VM → BM : Depth:370.0
2025-07-11 02:41:58 [INFO] [受信] VM → BM;Depth:2114.0
2025-07-11 02:41:58 [INFO] [転送] VM → BM : Depth:2114.0
2025-07-11 02:41:58 [INFO] [受信] VM → BM;Depth:2085.0
2025-07-11 02:41:58 [INFO] [転送] VM → BM : Depth:2085.0
2025-07-11 02:41:58 [INFO] [受信] VM → BM;Depth:1774.0
2025-07-11 02:41:58 [INFO] [転送] VM → BM : Depth:1774.0
2025-07-11 02:41:58 [INFO] [受信] VM → BM;Depth:1821.0
2025-07-11 02:41:58 [INFO] [転送] VM → BM : Depth:1821.0
2025-07-11 02:41:58 [INFO] [受信] VM → BM;Depth:1853.0
2025-07-11 02:41:58 [INFO] [転送] VM → BM : Depth:1853.0
2025-07-11 02:41:58 [INFO] [受信] VM → BM;Depth:331.0
2025-07-11 02:41:58 [INFO] [転送] VM → BM : Depth:331.0
2025-07-11 02:41:58 [INFO] [受信] VM → BM;Depth:330.0
2025-07-11 02:41:58 [INFO] [転送] VM → BM : Depth:330.0
2025-07-11 02:41:58 [INFO] [受信] VM → BM;Depth:328.0
2025-07-11 02:41:58 [INFO] [転送] VM → BM : Depth:328.0
2025-07-11 02:41:58 [INFO] [受信] VM → BM;Depth:326.0
2025-07-11 02:41:58 [INFO] [転送] VM → BM : Depth:326.0
2025-07-11 02:41:59 [INFO] [受信] VM → BM;Depth:320.0
2025-07-11 02:41:59 [INFO] [転送] VM → BM : Depth:320.0
2025-07-11 02:41:59 [INFO] [受信] VM → BM;Depth:316.0
2025-07-11 02:41:59 [INFO] [転送] VM → BM : Depth:316.0
2025-07-11 02:41:59 [INFO] [受信] VM → BM;Depth:308.0
2025-07-11 02:41:59 [INFO] [転送] VM → BM : Depth:308.0
2025-07-11 02:41:59 [INFO] [受信] VM → BM;Depth:291.0
2025-07-11 02:41:59 [INFO] [転送] VM → BM : Depth:291.0
2025-07-11 02:41:59 [INFO] [受信] VM → BM;Depth:277.0
2025-07-11 02:41:59 [INFO] [転送] VM → BM : Depth:277.0
2025-07-11 02:41:59 [INFO] [受信] VM → BM;Depth:274.0
2025-07-11 02:41:59 [INFO] [転送] VM → BM : Depth:274.0
2025-07-11 02:41:59 [INFO] [受信] VM → BM;Depth:255.0
2025-07-11 02:41:59 [INFO] [転送] VM → BM : Depth:255.0
2025-07-11 02:42:03 [INFO] [切断] 127.0.0.1:64727 (Cmd) の接続を終了
2025-07-11 02:42:08 [ERROR] [エラー] 受信中に例外発生：[WinError 10054] 既存の接続はリモート ホストに強制的に切断されました。
2025-07-11 02:42:08 [INFO] [切断] 127.0.0.1:64728 (VM) の接続を終了
2025-07-11 02:42:09 [ERROR] [エラー] 受信中に例外発生：[WinError 10054] 既存の接続はリモート ホストに強制的に切断されました。
2025-07-11 02:42:09 [INFO] [切断] 127.0.0.1:64726 (BM) の接続を終了
