2025-07-11 02:43:30 [INFO] [起動] BlackBoardサーバが localhost:9000 で待機中...
2025-07-11 02:43:30 [INFO] [操作] ESCキーでサーバを終了できます
2025-07-11 02:43:32 [INFO] [接続] BM (127.0.0.1:64762) が接続しました
2025-07-11 02:43:33 [INFO] [接続] Cmd (127.0.0.1:64763) が接続しました
2025-07-11 02:43:34 [INFO] [接続] VM (127.0.0.1:64764) が接続しました
2025-07-11 02:51:20 [INFO] [受信] VM → BM;Depth:194.0
2025-07-11 02:51:20 [INFO] [転送] VM → BM : Depth:194.0
2025-07-11 02:51:20 [INFO] [受信] VM → BM;Depth:162.0
2025-07-11 02:51:20 [INFO] [転送] VM → BM : Depth:162.0
2025-07-11 02:51:20 [INFO] [受信] VM → BM;Depth:206.0
2025-07-11 02:51:20 [INFO] [転送] VM → BM : Depth:206.0
2025-07-11 02:51:20 [INFO] [受信] VM → BM;Depth:213.0
2025-07-11 02:51:20 [INFO] [転送] VM → BM : Depth:213.0
2025-07-11 02:51:21 [INFO] [受信] VM → BM;Depth:224.0
2025-07-11 02:51:21 [INFO] [転送] VM → BM : Depth:224.0
2025-07-11 02:51:21 [INFO] [受信] VM → BM;Depth:218.0
2025-07-11 02:51:21 [INFO] [転送] VM → BM : Depth:218.0
2025-07-11 02:51:21 [INFO] [受信] VM → BM;Depth:227.0
2025-07-11 02:51:21 [INFO] [転送] VM → BM : Depth:227.0
2025-07-11 02:51:21 [INFO] [受信] VM → BM;Depth:231.0
2025-07-11 02:51:21 [INFO] [転送] VM → BM : Depth:231.0
2025-07-11 02:51:21 [INFO] [受信] VM → BM;Depth:255.0
2025-07-11 02:51:21 [INFO] [転送] VM → BM : Depth:255.0
2025-07-11 02:51:21 [INFO] [受信] VM → BM;Depth:238.0
2025-07-11 02:51:21 [INFO] [転送] VM → BM : Depth:238.0
2025-07-11 02:51:21 [INFO] [受信] VM → BM;Depth:156.0
2025-07-11 02:51:21 [INFO] [転送] VM → BM : Depth:156.0
2025-07-11 02:51:21 [INFO] [受信] VM → BM;Depth:247.0
2025-07-11 02:51:21 [INFO] [転送] VM → BM : Depth:247.0
2025-07-11 02:51:21 [INFO] [受信] VM → BM;Depth:174.0
2025-07-11 02:51:21 [INFO] [転送] VM → BM : Depth:174.0
2025-07-11 02:51:21 [INFO] [受信] VM → BM;Depth:174.0
2025-07-11 02:51:21 [INFO] [転送] VM → BM : Depth:174.0
2025-07-11 02:51:21 [INFO] [受信] VM → BM;Depth:225.0
2025-07-11 02:51:21 [INFO] [転送] VM → BM : Depth:225.0
2025-07-11 02:51:21 [INFO] [受信] VM → BM;Depth:160.0
2025-07-11 02:51:21 [INFO] [転送] VM → BM : Depth:160.0
2025-07-11 02:51:21 [INFO] [受信] VM → BM;Depth:235.0
2025-07-11 02:51:21 [INFO] [転送] VM → BM : Depth:235.0
2025-07-11 02:51:21 [INFO] [受信] VM → BM;Depth:239.0
2025-07-11 02:51:21 [INFO] [転送] VM → BM : Depth:239.0
2025-07-11 02:51:22 [INFO] [受信] VM → BM;Depth:246.0
2025-07-11 02:51:22 [INFO] [転送] VM → BM : Depth:246.0
2025-07-11 02:51:22 [INFO] [受信] VM → BM;Depth:242.0
2025-07-11 02:51:22 [INFO] [転送] VM → BM : Depth:242.0
2025-07-11 02:51:22 [INFO] [受信] VM → BM;Depth:228.0
2025-07-11 02:51:22 [INFO] [転送] VM → BM : Depth:228.0
2025-07-11 02:51:22 [INFO] [受信] VM → BM;Depth:234.0
2025-07-11 02:51:22 [INFO] [転送] VM → BM : Depth:234.0
2025-07-11 02:51:22 [INFO] [受信] VM → BM;Depth:238.0
2025-07-11 02:51:22 [INFO] [転送] VM → BM : Depth:238.0
2025-07-11 02:51:22 [INFO] [受信] VM → BM;Depth:243.0
2025-07-11 02:51:22 [INFO] [転送] VM → BM : Depth:243.0
2025-07-11 02:51:22 [INFO] [受信] VM → BM;Depth:247.0
2025-07-11 02:51:22 [INFO] [転送] VM → BM : Depth:247.0
2025-07-11 02:51:22 [INFO] [受信] VM → BM;Depth:246.0
2025-07-11 02:51:22 [INFO] [転送] VM → BM : Depth:246.0
2025-07-11 02:51:22 [INFO] [受信] VM → BM;Depth:239.0
2025-07-11 02:51:22 [INFO] [転送] VM → BM : Depth:239.0
2025-07-11 02:51:22 [INFO] [受信] VM → BM;Depth:239.0
2025-07-11 02:51:22 [INFO] [転送] VM → BM : Depth:239.0
2025-07-11 02:51:22 [INFO] [受信] VM → BM;Depth:225.0
2025-07-11 02:51:22 [INFO] [転送] VM → BM : Depth:225.0
2025-07-11 02:51:22 [INFO] [受信] VM → BM;Depth:200.0
2025-07-11 02:51:22 [INFO] [転送] VM → BM : Depth:200.0
2025-07-11 02:51:24 [INFO] [受信] VM → BM;Depth:217.0
2025-07-11 02:51:24 [INFO] [転送] VM → BM : Depth:217.0
2025-07-11 02:51:24 [INFO] [受信] VM → BM;Depth:167.0
2025-07-11 02:51:24 [INFO] [転送] VM → BM : Depth:167.0
2025-07-11 02:51:24 [INFO] [受信] VM → BM;Depth:206.0
2025-07-11 02:51:24 [INFO] [転送] VM → BM : Depth:206.0
2025-07-11 02:51:24 [INFO] [受信] VM → BM;Depth:196.0
2025-07-11 02:51:24 [INFO] [転送] VM → BM : Depth:196.0
2025-07-11 02:51:24 [INFO] [受信] VM → BM;Depth:255.0
2025-07-11 02:51:24 [INFO] [転送] VM → BM : Depth:255.0
2025-07-11 02:51:24 [INFO] [受信] VM → BM;Depth:215.0
2025-07-11 02:51:24 [INFO] [転送] VM → BM : Depth:215.0
2025-07-11 02:51:24 [INFO] [受信] VM → BM;Depth:227.0
2025-07-11 02:51:24 [INFO] [転送] VM → BM : Depth:227.0
2025-07-11 02:51:24 [INFO] [受信] VM → BM;Depth:222.0
2025-07-11 02:51:24 [INFO] [転送] VM → BM : Depth:222.0
2025-07-11 02:51:24 [INFO] [受信] VM → BM;Depth:220.0
2025-07-11 02:51:24 [INFO] [転送] VM → BM : Depth:220.0
2025-07-11 02:51:24 [INFO] [受信] VM → BM;Depth:275.0
2025-07-11 02:51:24 [INFO] [転送] VM → BM : Depth:275.0
2025-07-11 02:51:24 [INFO] [受信] VM → BM;Depth:229.0
2025-07-11 02:51:24 [INFO] [転送] VM → BM : Depth:229.0
2025-07-11 02:51:24 [INFO] [受信] VM → BM;Depth:242.0
2025-07-11 02:51:24 [INFO] [転送] VM → BM : Depth:242.0
2025-07-11 02:51:24 [INFO] [受信] VM → BM;Depth:249.0
2025-07-11 02:51:24 [INFO] [転送] VM → BM : Depth:249.0
2025-07-11 02:51:24 [INFO] [受信] VM → BM;Depth:219.0
2025-07-11 02:51:24 [INFO] [転送] VM → BM : Depth:219.0
2025-07-11 02:51:24 [INFO] [受信] VM → BM;Depth:232.0
2025-07-11 02:51:24 [INFO] [転送] VM → BM : Depth:232.0
2025-07-11 02:51:25 [INFO] [受信] VM → BM;Depth:230.0
2025-07-11 02:51:25 [INFO] [転送] VM → BM : Depth:230.0
2025-07-11 02:51:25 [INFO] [受信] VM → BM;Depth:231.0
2025-07-11 02:51:25 [INFO] [転送] VM → BM : Depth:231.0
2025-07-11 02:51:25 [INFO] [受信] VM → BM;Depth:232.0
2025-07-11 02:51:25 [INFO] [転送] VM → BM : Depth:232.0
2025-07-11 02:51:25 [INFO] [受信] VM → BM;Depth:234.0
2025-07-11 02:51:25 [INFO] [転送] VM → BM : Depth:234.0
2025-07-11 02:51:25 [INFO] [受信] VM → BM;Depth:233.0
2025-07-11 02:51:25 [INFO] [転送] VM → BM : Depth:233.0
2025-07-11 02:51:25 [INFO] [受信] VM → BM;Depth:231.0
2025-07-11 02:51:25 [INFO] [転送] VM → BM : Depth:231.0
2025-07-11 02:51:25 [INFO] [受信] VM → BM;Depth:228.0
2025-07-11 02:51:25 [INFO] [転送] VM → BM : Depth:228.0
2025-07-11 02:51:25 [INFO] [受信] VM → BM;Depth:225.0
2025-07-11 02:51:25 [INFO] [転送] VM → BM : Depth:225.0
2025-07-11 02:51:25 [INFO] [受信] VM → BM;Depth:223.0
2025-07-11 02:51:25 [INFO] [転送] VM → BM : Depth:223.0
2025-07-11 02:51:25 [INFO] [受信] VM → BM;Depth:220.0
2025-07-11 02:51:25 [INFO] [転送] VM → BM : Depth:220.0
2025-07-11 02:51:25 [INFO] [受信] VM → BM;Depth:217.0
2025-07-11 02:51:25 [INFO] [転送] VM → BM : Depth:217.0
2025-07-11 02:51:25 [INFO] [受信] VM → BM;Depth:215.0
2025-07-11 02:51:25 [INFO] [転送] VM → BM : Depth:215.0
2025-07-11 02:51:25 [INFO] [受信] VM → BM;Depth:213.0
2025-07-11 02:51:25 [INFO] [転送] VM → BM : Depth:213.0
2025-07-11 02:51:25 [INFO] [受信] VM → BM;Depth:211.0
2025-07-11 02:51:25 [INFO] [転送] VM → BM : Depth:211.0
2025-07-11 02:51:25 [INFO] [受信] VM → BM;Depth:210.0
2025-07-11 02:51:25 [INFO] [転送] VM → BM : Depth:210.0
2025-07-11 02:51:25 [INFO] [受信] VM → BM;Depth:187.0
2025-07-11 02:51:25 [INFO] [転送] VM → BM : Depth:187.0
2025-07-11 02:51:26 [INFO] [受信] VM → BM;Depth:175.0
2025-07-11 02:51:26 [INFO] [転送] VM → BM : Depth:175.0
2025-07-11 02:51:26 [INFO] [受信] VM → BM;Depth:155.0
2025-07-11 02:51:26 [INFO] [転送] VM → BM : Depth:155.0
2025-07-11 02:51:39 [ERROR] [エラー] 受信中に例外発生：[WinError 10054] 既存の接続はリモート ホストに強制的に切断されました。
2025-07-11 02:51:39 [INFO] [切断] 127.0.0.1:64762 (BM) の接続を終了
