2025-07-11 02:51:50 [INFO] [起動] BlackBoardサーバが localhost:9000 で待機中...
2025-07-11 02:51:50 [INFO] [操作] ESCキーでサーバを終了できます
2025-07-11 02:51:52 [INFO] [接続] BM (127.0.0.1:64802) が接続しました
2025-07-11 02:51:53 [INFO] [接続] Cmd (127.0.0.1:64803) が接続しました
2025-07-11 02:51:54 [INFO] [接続] VM (127.0.0.1:64804) が接続しました
2025-07-11 02:51:56 [INFO] [受信] VM → BM;Depth:183.0
2025-07-11 02:51:56 [INFO] [転送] VM → BM : Depth:183.0
2025-07-11 02:51:56 [INFO] [受信] VM → BM;Depth:207.0
2025-07-11 02:51:56 [INFO] [転送] VM → BM : Depth:207.0
2025-07-11 02:51:56 [INFO] [受信] VM → BM;Depth:162.0
2025-07-11 02:51:56 [INFO] [転送] VM → BM : Depth:162.0
2025-07-11 02:51:56 [INFO] [受信] VM → BM;Depth:183.0
2025-07-11 02:51:56 [INFO] [転送] VM → BM : Depth:183.0
2025-07-11 02:51:56 [INFO] [受信] VM → BM;Depth:201.0
2025-07-11 02:51:56 [INFO] [転送] VM → BM : Depth:201.0
2025-07-11 02:51:56 [INFO] [受信] VM → BM;Depth:227.0
2025-07-11 02:51:56 [INFO] [転送] VM → BM : Depth:227.0
2025-07-11 02:51:56 [INFO] [受信] VM → BM;Depth:247.0
2025-07-11 02:51:56 [INFO] [転送] VM → BM : Depth:247.0
2025-07-11 02:51:56 [INFO] [受信] VM → BM;Depth:258.0
2025-07-11 02:51:56 [INFO] [転送] VM → BM : Depth:258.0
2025-07-11 02:51:56 [INFO] [受信] VM → BM;Depth:277.0
2025-07-11 02:51:56 [INFO] [転送] VM → BM : Depth:277.0
2025-07-11 02:51:57 [INFO] [受信] VM → BM;Depth:265.0
2025-07-11 02:51:57 [INFO] [転送] VM → BM : Depth:265.0
2025-07-11 02:51:57 [INFO] [受信] VM → BM;Depth:265.0
2025-07-11 02:51:57 [INFO] [転送] VM → BM : Depth:265.0
2025-07-11 02:51:57 [INFO] [受信] VM → BM;Depth:272.0
2025-07-11 02:51:57 [INFO] [転送] VM → BM : Depth:272.0
2025-07-11 02:51:57 [INFO] [受信] VM → BM;Depth:295.0
2025-07-11 02:51:57 [INFO] [転送] VM → BM : Depth:295.0
2025-07-11 02:51:57 [INFO] [受信] VM → BM;Depth:295.0
2025-07-11 02:51:57 [INFO] [転送] VM → BM : Depth:295.0
2025-07-11 02:51:57 [INFO] [受信] VM → BM;Depth:295.0
2025-07-11 02:51:57 [INFO] [転送] VM → BM : Depth:295.0
2025-07-11 02:51:57 [INFO] [受信] VM → BM;Depth:294.0
2025-07-11 02:51:57 [INFO] [転送] VM → BM : Depth:294.0
2025-07-11 02:51:57 [INFO] [受信] VM → BM;Depth:292.0
2025-07-11 02:51:57 [INFO] [転送] VM → BM : Depth:292.0
2025-07-11 02:51:57 [INFO] [受信] VM → BM;Depth:290.0
2025-07-11 02:51:57 [INFO] [転送] VM → BM : Depth:290.0
2025-07-11 02:51:57 [INFO] [受信] VM → BM;Depth:289.0
2025-07-11 02:51:57 [INFO] [転送] VM → BM : Depth:289.0
2025-07-11 02:51:57 [INFO] [受信] VM → BM;Depth:287.0
2025-07-11 02:51:57 [INFO] [転送] VM → BM : Depth:287.0
2025-07-11 02:51:57 [INFO] [受信] VM → BM;Depth:287.0
2025-07-11 02:51:57 [INFO] [転送] VM → BM : Depth:287.0
2025-07-11 02:51:57 [INFO] [受信] VM → BM;Depth:289.0
2025-07-11 02:51:57 [INFO] [転送] VM → BM : Depth:289.0
2025-07-11 02:51:57 [INFO] [受信] VM → BM;Depth:294.0
2025-07-11 02:51:57 [INFO] [転送] VM → BM : Depth:294.0
2025-07-11 02:51:57 [INFO] [受信] VM → BM;Depth:296.0
2025-07-11 02:51:57 [INFO] [転送] VM → BM : Depth:296.0
2025-07-11 02:51:57 [INFO] [受信] VM → BM;Depth:273.0
2025-07-11 02:51:57 [INFO] [転送] VM → BM : Depth:273.0
2025-07-11 02:51:57 [INFO] [受信] VM → BM;Depth:273.0
2025-07-11 02:51:57 [INFO] [転送] VM → BM : Depth:273.0
2025-07-11 02:51:57 [INFO] [受信] VM → BM;Depth:277.0
2025-07-11 02:51:57 [INFO] [転送] VM → BM : Depth:277.0
2025-07-11 02:51:57 [INFO] [受信] VM → BM;Depth:280.0
2025-07-11 02:51:57 [INFO] [転送] VM → BM : Depth:280.0
2025-07-11 02:51:57 [INFO] [受信] VM → BM;Depth:280.0
2025-07-11 02:51:57 [INFO] [転送] VM → BM : Depth:280.0
2025-07-11 02:51:57 [INFO] [受信] VM → BM;Depth:285.0
2025-07-11 02:51:57 [INFO] [転送] VM → BM : Depth:285.0
2025-07-11 02:51:57 [INFO] [受信] VM → BM;Depth:285.0
2025-07-11 02:51:57 [INFO] [転送] VM → BM : Depth:285.0
2025-07-11 02:51:57 [INFO] [受信] VM → BM;Depth:304.0
2025-07-11 02:51:57 [INFO] [転送] VM → BM : Depth:304.0
2025-07-11 02:51:57 [INFO] [受信] VM → BM;Depth:298.0
2025-07-11 02:51:57 [INFO] [転送] VM → BM : Depth:298.0
2025-07-11 02:51:57 [INFO] [受信] VM → BM;Depth:304.0
2025-07-11 02:51:57 [INFO] [転送] VM → BM : Depth:304.0
2025-07-11 02:51:57 [INFO] [受信] VM → BM;Depth:303.0
2025-07-11 02:51:57 [INFO] [転送] VM → BM : Depth:303.0
2025-07-11 02:51:57 [INFO] [受信] VM → BM;Depth:303.0
2025-07-11 02:51:57 [INFO] [転送] VM → BM : Depth:303.0
2025-07-11 02:51:57 [INFO] [受信] VM → BM;Depth:304.0
2025-07-11 02:51:57 [INFO] [転送] VM → BM : Depth:304.0
2025-07-11 02:51:57 [INFO] [受信] VM → BM;Depth:307.0
2025-07-11 02:51:57 [INFO] [転送] VM → BM : Depth:307.0
2025-07-11 02:51:58 [INFO] [受信] VM → BM;Depth:287.0
2025-07-11 02:51:58 [INFO] [転送] VM → BM : Depth:287.0
2025-07-11 02:51:58 [INFO] [受信] VM → BM;Depth:305.0
2025-07-11 02:51:58 [INFO] [転送] VM → BM : Depth:305.0
2025-07-11 02:51:58 [INFO] [受信] VM → BM;Depth:305.0
2025-07-11 02:51:58 [INFO] [転送] VM → BM : Depth:305.0
2025-07-11 02:51:58 [INFO] [受信] VM → BM;Depth:304.0
2025-07-11 02:51:58 [INFO] [転送] VM → BM : Depth:304.0
2025-07-11 02:51:58 [INFO] [受信] VM → BM;Depth:303.0
2025-07-11 02:51:58 [INFO] [転送] VM → BM : Depth:303.0
2025-07-11 02:51:58 [INFO] [受信] VM → BM;Depth:304.0
2025-07-11 02:51:58 [INFO] [転送] VM → BM : Depth:304.0
2025-07-11 02:51:58 [INFO] [受信] VM → BM;Depth:303.0
2025-07-11 02:51:58 [INFO] [転送] VM → BM : Depth:303.0
2025-07-11 02:51:58 [INFO] [受信] VM → BM;Depth:303.0
2025-07-11 02:51:58 [INFO] [転送] VM → BM : Depth:303.0
2025-07-11 02:51:58 [INFO] [受信] VM → BM;Depth:303.0
2025-07-11 02:51:58 [INFO] [転送] VM → BM : Depth:303.0
2025-07-11 02:51:58 [INFO] [受信] VM → BM;Depth:303.0
2025-07-11 02:51:58 [INFO] [転送] VM → BM : Depth:303.0
2025-07-11 02:51:58 [INFO] [受信] VM → BM;Depth:302.0
2025-07-11 02:51:58 [INFO] [転送] VM → BM : Depth:302.0
2025-07-11 02:51:58 [INFO] [受信] VM → BM;Depth:300.0
2025-07-11 02:51:58 [INFO] [転送] VM → BM : Depth:300.0
2025-07-11 02:51:58 [INFO] [受信] VM → BM;Depth:300.0
2025-07-11 02:51:58 [INFO] [転送] VM → BM : Depth:300.0
2025-07-11 02:51:58 [INFO] [受信] VM → BM;Depth:300.0
2025-07-11 02:51:58 [INFO] [転送] VM → BM : Depth:300.0
2025-07-11 02:51:58 [INFO] [受信] VM → BM;Depth:301.0
2025-07-11 02:51:58 [INFO] [転送] VM → BM : Depth:301.0
2025-07-11 02:51:58 [INFO] [受信] VM → BM;Depth:300.0
2025-07-11 02:51:58 [INFO] [転送] VM → BM : Depth:300.0
2025-07-11 02:51:58 [INFO] [受信] VM → BM;Depth:300.0
2025-07-11 02:51:58 [INFO] [転送] VM → BM : Depth:300.0
2025-07-11 02:51:58 [INFO] [受信] VM → BM;Depth:300.0
2025-07-11 02:51:58 [INFO] [転送] VM → BM : Depth:300.0
2025-07-11 02:51:58 [INFO] [受信] VM → BM;Depth:299.0
2025-07-11 02:51:58 [INFO] [転送] VM → BM : Depth:299.0
2025-07-11 02:51:58 [INFO] [受信] VM → BM;Depth:298.0
2025-07-11 02:51:58 [INFO] [転送] VM → BM : Depth:298.0
2025-07-11 02:51:58 [INFO] [受信] VM → BM;Depth:295.0
2025-07-11 02:51:58 [INFO] [転送] VM → BM : Depth:295.0
2025-07-11 02:51:58 [INFO] [受信] VM → BM;Depth:295.0
2025-07-11 02:51:58 [INFO] [転送] VM → BM : Depth:295.0
2025-07-11 02:51:58 [INFO] [受信] VM → BM;Depth:295.0
2025-07-11 02:51:58 [INFO] [転送] VM → BM : Depth:295.0
2025-07-11 02:51:58 [INFO] [受信] VM → BM;Depth:259.0
2025-07-11 02:51:58 [INFO] [転送] VM → BM : Depth:259.0
2025-07-11 02:51:58 [INFO] [受信] VM → BM;Depth:258.0
2025-07-11 02:51:58 [INFO] [転送] VM → BM : Depth:258.0
2025-07-11 02:51:58 [INFO] [受信] VM → BM;Depth:258.0
2025-07-11 02:51:58 [INFO] [転送] VM → BM : Depth:258.0
2025-07-11 02:51:58 [INFO] [受信] VM → BM;Depth:259.0
2025-07-11 02:51:58 [INFO] [転送] VM → BM : Depth:259.0
2025-07-11 02:51:58 [INFO] [受信] VM → BM;Depth:299.0
2025-07-11 02:51:58 [INFO] [転送] VM → BM : Depth:299.0
2025-07-11 02:51:59 [INFO] [受信] VM → BM;Depth:292.0
2025-07-11 02:51:59 [INFO] [転送] VM → BM : Depth:292.0
2025-07-11 02:51:59 [INFO] [受信] VM → BM;Depth:275.0
2025-07-11 02:51:59 [INFO] [転送] VM → BM : Depth:275.0
2025-07-11 02:51:59 [INFO] [受信] VM → BM;Depth:264.0
2025-07-11 02:51:59 [INFO] [転送] VM → BM : Depth:264.0
2025-07-11 02:51:59 [INFO] [受信] VM → BM;Depth:280.0
2025-07-11 02:51:59 [INFO] [転送] VM → BM : Depth:280.0
2025-07-11 02:51:59 [INFO] [受信] VM → BM;Depth:274.0
2025-07-11 02:51:59 [INFO] [転送] VM → BM : Depth:274.0
2025-07-11 02:51:59 [INFO] [受信] VM → BM;Depth:271.0
2025-07-11 02:51:59 [INFO] [転送] VM → BM : Depth:271.0
2025-07-11 02:51:59 [INFO] [受信] VM → BM;Depth:266.0
2025-07-11 02:51:59 [INFO] [転送] VM → BM : Depth:266.0
2025-07-11 02:51:59 [INFO] [受信] VM → BM;Depth:256.0
2025-07-11 02:51:59 [INFO] [転送] VM → BM : Depth:256.0
2025-07-11 02:51:59 [INFO] [受信] VM → BM;Depth:257.0
2025-07-11 02:51:59 [INFO] [転送] VM → BM : Depth:257.0
2025-07-11 02:51:59 [INFO] [受信] VM → BM;Depth:265.0
2025-07-11 02:51:59 [INFO] [転送] VM → BM : Depth:265.0
2025-07-11 02:51:59 [INFO] [受信] VM → BM;Depth:254.0
2025-07-11 02:51:59 [INFO] [転送] VM → BM : Depth:254.0
2025-07-11 02:51:59 [INFO] [受信] VM → BM;Depth:2189.0
2025-07-11 02:51:59 [INFO] [転送] VM → BM : Depth:2189.0
2025-07-11 02:51:59 [INFO] [受信] VM → BM;Depth:2106.0
2025-07-11 02:51:59 [INFO] [転送] VM → BM : Depth:2106.0
2025-07-11 02:51:59 [INFO] [受信] VM → BM;Depth:2037.0
2025-07-11 02:51:59 [INFO] [転送] VM → BM : Depth:2037.0
2025-07-11 02:51:59 [INFO] [受信] VM → BM;Depth:252.0
2025-07-11 02:51:59 [INFO] [転送] VM → BM : Depth:252.0
2025-07-11 02:51:59 [INFO] [受信] VM → BM;Depth:254.0
2025-07-11 02:51:59 [INFO] [転送] VM → BM : Depth:254.0
2025-07-11 02:51:59 [INFO] [受信] VM → BM;Depth:254.0
2025-07-11 02:51:59 [INFO] [転送] VM → BM : Depth:254.0
2025-07-11 02:51:59 [INFO] [受信] VM → BM;Depth:1870.0
2025-07-11 02:51:59 [INFO] [転送] VM → BM : Depth:1870.0
2025-07-11 02:51:59 [INFO] [受信] VM → BM;Depth:255.0
2025-07-11 02:51:59 [INFO] [転送] VM → BM : Depth:255.0
2025-07-11 02:51:59 [INFO] [受信] VM → BM;Depth:1923.0
2025-07-11 02:51:59 [INFO] [転送] VM → BM : Depth:1923.0
2025-07-11 02:51:59 [INFO] [受信] VM → BM;Depth:1929.0
2025-07-11 02:51:59 [INFO] [転送] VM → BM : Depth:1929.0
2025-07-11 02:51:59 [INFO] [受信] VM → BM;Depth:1935.0
2025-07-11 02:51:59 [INFO] [転送] VM → BM : Depth:1935.0
2025-07-11 02:52:00 [INFO] [受信] VM → BM;Depth:1953.0
2025-07-11 02:52:00 [INFO] [転送] VM → BM : Depth:1953.0
2025-07-11 02:52:00 [INFO] [受信] VM → BM;Depth:1929.0
2025-07-11 02:52:00 [INFO] [転送] VM → BM : Depth:1929.0
2025-07-11 02:52:00 [INFO] [受信] VM → BM;Depth:1953.0
2025-07-11 02:52:00 [INFO] [転送] VM → BM : Depth:1953.0
2025-07-11 02:52:00 [INFO] [受信] VM → BM;Depth:156.0
2025-07-11 02:52:00 [INFO] [転送] VM → BM : Depth:156.0
2025-07-11 02:52:00 [INFO] [受信] VM → BM;Depth:1947.0
2025-07-11 02:52:00 [INFO] [転送] VM → BM : Depth:1947.0
2025-07-11 02:52:00 [INFO] [受信] VM → BM;Depth:155.0
2025-07-11 02:52:00 [INFO] [転送] VM → BM : Depth:155.0
2025-07-11 02:52:00 [INFO] [受信] VM → BM;Depth:155.0
2025-07-11 02:52:00 [INFO] [転送] VM → BM : Depth:155.0
2025-07-11 02:52:00 [INFO] [受信] VM → BM;Depth:1978.0
2025-07-11 02:52:00 [INFO] [転送] VM → BM : Depth:1978.0
2025-07-11 02:52:00 [INFO] [受信] VM → BM;Depth:175.0
2025-07-11 02:52:00 [INFO] [転送] VM → BM : Depth:175.0
2025-07-11 02:52:00 [INFO] [受信] VM → BM;Depth:155.0
2025-07-11 02:52:00 [INFO] [転送] VM → BM : Depth:155.0
2025-07-11 02:52:00 [INFO] [受信] VM → BM;Depth:1947.0
2025-07-11 02:52:00 [INFO] [転送] VM → BM : Depth:1947.0
2025-07-11 02:52:00 [INFO] [受信] VM → BM;Depth:250.0
2025-07-11 02:52:00 [INFO] [転送] VM → BM : Depth:250.0
2025-07-11 02:52:00 [INFO] [受信] VM → BM;Depth:251.0
2025-07-11 02:52:00 [INFO] [転送] VM → BM : Depth:251.0
2025-07-11 02:52:00 [INFO] [受信] VM → BM;Depth:155.0
2025-07-11 02:52:00 [INFO] [転送] VM → BM : Depth:155.0
2025-07-11 02:52:00 [INFO] [受信] VM → BM;Depth:212.0
2025-07-11 02:52:00 [INFO] [転送] VM → BM : Depth:212.0
2025-07-11 02:52:00 [INFO] [受信] VM → BM;Depth:219.0
2025-07-11 02:52:00 [INFO] [転送] VM → BM : Depth:219.0
2025-07-11 02:52:00 [INFO] [受信] VM → BM;Depth:223.0
2025-07-11 02:52:00 [INFO] [転送] VM → BM : Depth:223.0
2025-07-11 02:52:00 [INFO] [受信] VM → BM;Depth:228.0
2025-07-11 02:52:00 [INFO] [転送] VM → BM : Depth:228.0
2025-07-11 02:52:00 [INFO] [受信] VM → BM;Depth:233.0
2025-07-11 02:52:00 [INFO] [転送] VM → BM : Depth:233.0
2025-07-11 02:52:00 [INFO] [受信] VM → BM;Depth:240.0
2025-07-11 02:52:00 [INFO] [転送] VM → BM : Depth:240.0
2025-07-11 02:52:01 [INFO] [受信] VM → BM;Depth:242.0
2025-07-11 02:52:01 [INFO] [転送] VM → BM : Depth:242.0
2025-07-11 02:52:01 [INFO] [受信] VM → BM;Depth:240.0
2025-07-11 02:52:01 [INFO] [転送] VM → BM : Depth:240.0
2025-07-11 02:52:01 [INFO] [受信] VM → BM;Depth:239.0
2025-07-11 02:52:01 [INFO] [転送] VM → BM : Depth:239.0
2025-07-11 02:52:01 [INFO] [受信] VM → BM;Depth:238.0
2025-07-11 02:52:01 [INFO] [転送] VM → BM : Depth:238.0
2025-07-11 02:52:01 [INFO] [受信] VM → BM;Depth:235.0
2025-07-11 02:52:01 [INFO] [転送] VM → BM : Depth:235.0
2025-07-11 02:52:01 [INFO] [受信] VM → BM;Depth:237.0
2025-07-11 02:52:01 [INFO] [転送] VM → BM : Depth:237.0
2025-07-11 02:52:01 [INFO] [受信] VM → BM;Depth:238.0
2025-07-11 02:52:01 [INFO] [転送] VM → BM : Depth:238.0
2025-07-11 02:52:01 [INFO] [受信] VM → BM;Depth:243.0
2025-07-11 02:52:01 [INFO] [転送] VM → BM : Depth:243.0
2025-07-11 02:52:01 [INFO] [受信] VM → BM;Depth:243.0
2025-07-11 02:52:01 [INFO] [転送] VM → BM : Depth:243.0
2025-07-11 02:52:01 [INFO] [受信] VM → BM;Depth:251.0
2025-07-11 02:52:01 [INFO] [転送] VM → BM : Depth:251.0
2025-07-11 02:52:01 [INFO] [受信] VM → BM;Depth:256.0
2025-07-11 02:52:01 [INFO] [転送] VM → BM : Depth:256.0
2025-07-11 02:52:01 [INFO] [受信] VM → BM;Depth:261.0
2025-07-11 02:52:01 [INFO] [転送] VM → BM : Depth:261.0
2025-07-11 02:52:01 [INFO] [受信] VM → BM;Depth:260.0
2025-07-11 02:52:01 [INFO] [転送] VM → BM : Depth:260.0
2025-07-11 02:52:01 [INFO] [受信] VM → BM;Depth:261.0
2025-07-11 02:52:01 [INFO] [転送] VM → BM : Depth:261.0
2025-07-11 02:52:01 [INFO] [受信] VM → BM;Depth:258.0
2025-07-11 02:52:01 [INFO] [転送] VM → BM : Depth:258.0
2025-07-11 02:52:01 [INFO] [受信] VM → BM;Depth:258.0
2025-07-11 02:52:01 [INFO] [転送] VM → BM : Depth:258.0
2025-07-11 02:52:01 [INFO] [受信] VM → BM;Depth:259.0
2025-07-11 02:52:01 [INFO] [転送] VM → BM : Depth:259.0
2025-07-11 02:52:01 [INFO] [受信] VM → BM;Depth:258.0
2025-07-11 02:52:01 [INFO] [転送] VM → BM : Depth:258.0
2025-07-11 02:52:01 [INFO] [受信] VM → BM;Depth:258.0
2025-07-11 02:52:01 [INFO] [転送] VM → BM : Depth:258.0
2025-07-11 02:52:01 [INFO] [受信] VM → BM;Depth:256.0
2025-07-11 02:52:01 [INFO] [転送] VM → BM : Depth:256.0
2025-07-11 02:52:01 [INFO] [受信] VM → BM;Depth:257.0
2025-07-11 02:52:01 [INFO] [転送] VM → BM : Depth:257.0
2025-07-11 02:52:02 [INFO] [受信] VM → BM;Depth:257.0
2025-07-11 02:52:02 [INFO] [転送] VM → BM : Depth:257.0
2025-07-11 02:52:02 [INFO] [受信] VM → BM;Depth:258.0
2025-07-11 02:52:02 [INFO] [転送] VM → BM : Depth:258.0
2025-07-11 02:52:02 [INFO] [受信] VM → BM;Depth:257.0
2025-07-11 02:52:02 [INFO] [転送] VM → BM : Depth:257.0
2025-07-11 02:52:02 [INFO] [受信] VM → BM;Depth:256.0
2025-07-11 02:52:02 [INFO] [転送] VM → BM : Depth:256.0
2025-07-11 02:52:02 [INFO] [受信] VM → BM;Depth:255.0
2025-07-11 02:52:02 [INFO] [転送] VM → BM : Depth:255.0
2025-07-11 02:52:02 [INFO] [受信] VM → BM;Depth:255.0
2025-07-11 02:52:02 [INFO] [転送] VM → BM : Depth:255.0
2025-07-11 02:52:02 [INFO] [受信] VM → BM;Depth:254.0
2025-07-11 02:52:02 [INFO] [転送] VM → BM : Depth:254.0
2025-07-11 02:52:02 [INFO] [受信] VM → BM;Depth:253.0
2025-07-11 02:52:02 [INFO] [転送] VM → BM : Depth:253.0
2025-07-11 02:52:02 [INFO] [受信] VM → BM;Depth:252.0
2025-07-11 02:52:02 [INFO] [転送] VM → BM : Depth:252.0
2025-07-11 02:52:02 [INFO] [受信] VM → BM;Depth:255.0
2025-07-11 02:52:02 [INFO] [転送] VM → BM : Depth:255.0
2025-07-11 02:52:02 [INFO] [受信] VM → BM;Depth:253.0
2025-07-11 02:52:02 [INFO] [転送] VM → BM : Depth:253.0
2025-07-11 02:52:02 [INFO] [受信] VM → BM;Depth:253.0
2025-07-11 02:52:02 [INFO] [転送] VM → BM : Depth:253.0
2025-07-11 02:52:02 [INFO] [受信] VM → BM;Depth:160.0
2025-07-11 02:52:02 [INFO] [転送] VM → BM : Depth:160.0
2025-07-11 02:52:02 [INFO] [受信] VM → BM;Depth:253.0
2025-07-11 02:52:02 [INFO] [転送] VM → BM : Depth:253.0
2025-07-11 02:52:02 [INFO] [受信] VM → BM;Depth:160.0
2025-07-11 02:52:02 [INFO] [転送] VM → BM : Depth:160.0
2025-07-11 02:52:02 [INFO] [受信] VM → BM;Depth:253.0
2025-07-11 02:52:02 [INFO] [転送] VM → BM : Depth:253.0
2025-07-11 02:52:02 [INFO] [受信] VM → BM;Depth:160.0
2025-07-11 02:52:02 [INFO] [転送] VM → BM : Depth:160.0
2025-07-11 02:52:02 [INFO] [受信] VM → BM;Depth:254.0
2025-07-11 02:52:02 [INFO] [転送] VM → BM : Depth:254.0
2025-07-11 02:52:02 [INFO] [受信] VM → BM;Depth:254.0
2025-07-11 02:52:02 [INFO] [転送] VM → BM : Depth:254.0
2025-07-11 02:52:02 [INFO] [受信] VM → BM;Depth:253.0
2025-07-11 02:52:02 [INFO] [転送] VM → BM : Depth:253.0
2025-07-11 02:52:02 [INFO] [受信] VM → BM;Depth:252.0
2025-07-11 02:52:02 [INFO] [転送] VM → BM : Depth:252.0
2025-07-11 02:52:02 [INFO] [受信] VM → BM;Depth:252.0
2025-07-11 02:52:02 [INFO] [転送] VM → BM : Depth:252.0
2025-07-11 02:52:02 [INFO] [受信] VM → BM;Depth:251.0
2025-07-11 02:52:02 [INFO] [転送] VM → BM : Depth:251.0
2025-07-11 02:52:02 [INFO] [受信] VM → BM;Depth:247.0
2025-07-11 02:52:02 [INFO] [転送] VM → BM : Depth:247.0
2025-07-11 02:52:03 [INFO] [受信] VM → BM;Depth:246.0
2025-07-11 02:52:03 [INFO] [転送] VM → BM : Depth:246.0
2025-07-11 02:52:03 [INFO] [受信] VM → BM;Depth:244.0
2025-07-11 02:52:03 [INFO] [転送] VM → BM : Depth:244.0
2025-07-11 02:52:03 [INFO] [受信] VM → BM;Depth:161.0
2025-07-11 02:52:03 [INFO] [転送] VM → BM : Depth:161.0
2025-07-11 02:52:03 [INFO] [受信] VM → BM;Depth:233.0
2025-07-11 02:52:03 [INFO] [転送] VM → BM : Depth:233.0
2025-07-11 02:52:03 [INFO] [受信] VM → BM;Depth:230.0
2025-07-11 02:52:03 [INFO] [転送] VM → BM : Depth:230.0
2025-07-11 02:52:03 [INFO] [受信] VM → BM;Depth:226.0
2025-07-11 02:52:03 [INFO] [転送] VM → BM : Depth:226.0
2025-07-11 02:52:03 [INFO] [受信] VM → BM;Depth:218.0
2025-07-11 02:52:03 [INFO] [転送] VM → BM : Depth:218.0
2025-07-11 02:52:03 [INFO] [受信] VM → BM;Depth:217.0
2025-07-11 02:52:03 [INFO] [転送] VM → BM : Depth:217.0
2025-07-11 02:52:03 [INFO] [受信] VM → BM;Depth:220.0
2025-07-11 02:52:03 [INFO] [転送] VM → BM : Depth:220.0
2025-07-11 02:52:03 [INFO] [受信] VM → BM;Depth:224.0
2025-07-11 02:52:03 [INFO] [転送] VM → BM : Depth:224.0
2025-07-11 02:52:03 [INFO] [受信] VM → BM;Depth:225.0
2025-07-11 02:52:03 [INFO] [転送] VM → BM : Depth:225.0
2025-07-11 02:52:03 [INFO] [受信] VM → BM;Depth:228.0
2025-07-11 02:52:03 [INFO] [転送] VM → BM : Depth:228.0
2025-07-11 02:52:03 [INFO] [受信] VM → BM;Depth:231.0
2025-07-11 02:52:03 [INFO] [転送] VM → BM : Depth:231.0
2025-07-11 02:52:03 [INFO] [受信] VM → BM;Depth:230.0
2025-07-11 02:52:03 [INFO] [転送] VM → BM : Depth:230.0
2025-07-11 02:52:03 [INFO] [受信] VM → BM;Depth:264.0
2025-07-11 02:52:03 [INFO] [転送] VM → BM : Depth:264.0
2025-07-11 02:52:03 [INFO] [受信] VM → BM;Depth:263.0
2025-07-11 02:52:03 [INFO] [転送] VM → BM : Depth:263.0
2025-07-11 02:52:03 [INFO] [受信] VM → BM;Depth:223.0
2025-07-11 02:52:03 [INFO] [転送] VM → BM : Depth:223.0
2025-07-11 02:52:03 [INFO] [受信] VM → BM;Depth:213.0
2025-07-11 02:52:03 [INFO] [転送] VM → BM : Depth:213.0
2025-07-11 02:52:03 [INFO] [受信] VM → BM;Depth:210.0
2025-07-11 02:52:03 [INFO] [転送] VM → BM : Depth:210.0
2025-07-11 02:52:03 [INFO] [受信] VM → BM;Depth:204.0
2025-07-11 02:52:03 [INFO] [転送] VM → BM : Depth:204.0
2025-07-11 02:52:03 [INFO] [受信] VM → BM;Depth:229.0
2025-07-11 02:52:03 [INFO] [転送] VM → BM : Depth:229.0
2025-07-11 02:52:03 [INFO] [受信] VM → BM;Depth:223.0
2025-07-11 02:52:03 [INFO] [転送] VM → BM : Depth:223.0
2025-07-11 02:52:03 [INFO] [受信] VM → BM;Depth:222.0
2025-07-11 02:52:04 [INFO] [転送] VM → BM : Depth:222.0
2025-07-11 02:52:04 [INFO] [受信] VM → BM;Depth:219.0
2025-07-11 02:52:04 [INFO] [転送] VM → BM : Depth:219.0
2025-07-11 02:52:04 [INFO] [受信] VM → BM;Depth:194.0
2025-07-11 02:52:04 [INFO] [転送] VM → BM : Depth:194.0
2025-07-11 02:52:04 [INFO] [受信] VM → BM;Depth:192.0
2025-07-11 02:52:04 [INFO] [転送] VM → BM : Depth:192.0
2025-07-11 02:52:04 [INFO] [受信] VM → BM;Depth:192.0
2025-07-11 02:52:04 [INFO] [転送] VM → BM : Depth:192.0
2025-07-11 02:52:04 [INFO] [受信] VM → BM;Depth:194.0
2025-07-11 02:52:04 [INFO] [転送] VM → BM : Depth:194.0
2025-07-11 02:52:04 [INFO] [受信] VM → BM;Depth:194.0
2025-07-11 02:52:04 [INFO] [転送] VM → BM : Depth:194.0
2025-07-11 02:52:04 [INFO] [受信] VM → BM;Depth:198.0
2025-07-11 02:52:04 [INFO] [転送] VM → BM : Depth:198.0
2025-07-11 02:52:04 [INFO] [受信] VM → BM;Depth:240.0
2025-07-11 02:52:04 [INFO] [転送] VM → BM : Depth:240.0
2025-07-11 02:52:04 [INFO] [受信] VM → BM;Depth:250.0
2025-07-11 02:52:04 [INFO] [転送] VM → BM : Depth:250.0
2025-07-11 02:52:04 [INFO] [受信] VM → BM;Depth:247.0
2025-07-11 02:52:04 [INFO] [転送] VM → BM : Depth:247.0
2025-07-11 02:52:04 [INFO] [受信] VM → BM;Depth:248.0
2025-07-11 02:52:04 [INFO] [転送] VM → BM : Depth:248.0
2025-07-11 02:52:04 [INFO] [受信] VM → BM;Depth:256.0
2025-07-11 02:52:04 [INFO] [転送] VM → BM : Depth:256.0
2025-07-11 02:52:04 [INFO] [受信] VM → BM;Depth:237.0
2025-07-11 02:52:04 [INFO] [転送] VM → BM : Depth:237.0
2025-07-11 02:52:04 [INFO] [受信] VM → BM;Depth:234.0
2025-07-11 02:52:04 [INFO] [転送] VM → BM : Depth:234.0
2025-07-11 02:52:04 [INFO] [受信] VM → BM;Depth:232.0
2025-07-11 02:52:04 [INFO] [転送] VM → BM : Depth:232.0
2025-07-11 02:52:04 [INFO] [受信] VM → BM;Depth:228.0
2025-07-11 02:52:04 [INFO] [転送] VM → BM : Depth:228.0
2025-07-11 02:52:04 [INFO] [受信] VM → BM;Depth:227.0
2025-07-11 02:52:04 [INFO] [転送] VM → BM : Depth:227.0
2025-07-11 02:52:04 [INFO] [受信] VM → BM;Depth:226.0
2025-07-11 02:52:04 [INFO] [転送] VM → BM : Depth:226.0
2025-07-11 02:52:04 [INFO] [受信] VM → BM;Depth:225.0
2025-07-11 02:52:04 [INFO] [転送] VM → BM : Depth:225.0
2025-07-11 02:52:04 [INFO] [受信] VM → BM;Depth:226.0
2025-07-11 02:52:04 [INFO] [転送] VM → BM : Depth:226.0
2025-07-11 02:52:04 [INFO] [受信] VM → BM;Depth:226.0
2025-07-11 02:52:04 [INFO] [転送] VM → BM : Depth:226.0
2025-07-11 02:52:05 [INFO] [受信] VM → BM;Depth:224.0
2025-07-11 02:52:05 [INFO] [転送] VM → BM : Depth:224.0
2025-07-11 02:52:05 [INFO] [受信] VM → BM;Depth:226.0
2025-07-11 02:52:05 [INFO] [転送] VM → BM : Depth:226.0
2025-07-11 02:52:05 [INFO] [受信] VM → BM;Depth:224.0
2025-07-11 02:52:05 [INFO] [転送] VM → BM : Depth:224.0
2025-07-11 02:52:05 [INFO] [受信] VM → BM;Depth:224.0
2025-07-11 02:52:05 [INFO] [転送] VM → BM : Depth:224.0
2025-07-11 02:52:05 [INFO] [受信] VM → BM;Depth:223.0
2025-07-11 02:52:05 [INFO] [転送] VM → BM : Depth:223.0
2025-07-11 02:52:05 [INFO] [受信] VM → BM;Depth:221.0
2025-07-11 02:52:05 [INFO] [転送] VM → BM : Depth:221.0
2025-07-11 02:52:05 [INFO] [受信] VM → BM;Depth:221.0
2025-07-11 02:52:05 [INFO] [転送] VM → BM : Depth:221.0
2025-07-11 02:52:05 [INFO] [受信] VM → BM;Depth:221.0
2025-07-11 02:52:05 [INFO] [転送] VM → BM : Depth:221.0
2025-07-11 02:52:05 [INFO] [受信] VM → BM;Depth:221.0
2025-07-11 02:52:05 [INFO] [転送] VM → BM : Depth:221.0
2025-07-11 02:52:05 [INFO] [受信] VM → BM;Depth:221.0
2025-07-11 02:52:05 [INFO] [転送] VM → BM : Depth:221.0
2025-07-11 02:52:05 [INFO] [受信] VM → BM;Depth:221.0
2025-07-11 02:52:05 [INFO] [転送] VM → BM : Depth:221.0
2025-07-11 02:52:05 [INFO] [受信] VM → BM;Depth:211.0
2025-07-11 02:52:05 [INFO] [転送] VM → BM : Depth:211.0
2025-07-11 02:52:05 [INFO] [受信] VM → BM;Depth:204.0
2025-07-11 02:52:05 [INFO] [転送] VM → BM : Depth:204.0
2025-07-11 02:52:05 [INFO] [受信] VM → BM;Depth:198.0
2025-07-11 02:52:05 [INFO] [転送] VM → BM : Depth:198.0
2025-07-11 02:52:05 [INFO] [受信] VM → BM;Depth:262.0
2025-07-11 02:52:05 [INFO] [転送] VM → BM : Depth:262.0
2025-07-11 02:52:05 [INFO] [受信] VM → BM;Depth:220.0
2025-07-11 02:52:05 [INFO] [転送] VM → BM : Depth:220.0
2025-07-11 02:52:05 [INFO] [受信] VM → BM;Depth:222.0
2025-07-11 02:52:05 [INFO] [転送] VM → BM : Depth:222.0
2025-07-11 02:52:05 [INFO] [受信] VM → BM;Depth:229.0
2025-07-11 02:52:05 [INFO] [転送] VM → BM : Depth:229.0
2025-07-11 02:52:05 [INFO] [受信] VM → BM;Depth:230.0
2025-07-11 02:52:05 [INFO] [転送] VM → BM : Depth:230.0
2025-07-11 02:52:05 [INFO] [受信] VM → BM;Depth:231.0
2025-07-11 02:52:05 [INFO] [転送] VM → BM : Depth:231.0
2025-07-11 02:52:05 [INFO] [受信] VM → BM;Depth:233.0
2025-07-11 02:52:05 [INFO] [転送] VM → BM : Depth:233.0
2025-07-11 02:52:05 [INFO] [受信] VM → BM;Depth:234.0
2025-07-11 02:52:05 [INFO] [転送] VM → BM : Depth:234.0
2025-07-11 02:52:05 [INFO] [受信] VM → BM;Depth:234.0
2025-07-11 02:52:06 [INFO] [転送] VM → BM : Depth:234.0
2025-07-11 02:52:06 [INFO] [受信] VM → BM;Depth:234.0
2025-07-11 02:52:06 [INFO] [転送] VM → BM : Depth:234.0
2025-07-11 02:52:06 [INFO] [受信] VM → BM;Depth:234.0
2025-07-11 02:52:06 [INFO] [転送] VM → BM : Depth:234.0
2025-07-11 02:52:06 [INFO] [受信] VM → BM;Depth:233.0
2025-07-11 02:52:06 [INFO] [転送] VM → BM : Depth:233.0
2025-07-11 02:52:06 [INFO] [受信] VM → BM;Depth:233.0
2025-07-11 02:52:06 [INFO] [転送] VM → BM : Depth:233.0
2025-07-11 02:52:06 [INFO] [受信] VM → BM;Depth:232.0
2025-07-11 02:52:06 [INFO] [転送] VM → BM : Depth:232.0
2025-07-11 02:52:06 [INFO] [受信] VM → BM;Depth:232.0
2025-07-11 02:52:06 [INFO] [転送] VM → BM : Depth:232.0
2025-07-11 02:52:06 [INFO] [受信] VM → BM;Depth:232.0
2025-07-11 02:52:06 [INFO] [転送] VM → BM : Depth:232.0
2025-07-11 02:52:06 [INFO] [受信] VM → BM;Depth:232.0
2025-07-11 02:52:06 [INFO] [転送] VM → BM : Depth:232.0
2025-07-11 02:52:06 [INFO] [受信] VM → BM;Depth:232.0
2025-07-11 02:52:06 [INFO] [転送] VM → BM : Depth:232.0
2025-07-11 02:52:06 [INFO] [受信] VM → BM;Depth:231.0
2025-07-11 02:52:06 [INFO] [転送] VM → BM : Depth:231.0
2025-07-11 02:52:06 [INFO] [受信] VM → BM;Depth:231.0
2025-07-11 02:52:06 [INFO] [転送] VM → BM : Depth:231.0
2025-07-11 02:52:06 [INFO] [受信] VM → BM;Depth:231.0
2025-07-11 02:52:06 [INFO] [転送] VM → BM : Depth:231.0
2025-07-11 02:52:06 [INFO] [受信] VM → BM;Depth:231.0
2025-07-11 02:52:06 [INFO] [転送] VM → BM : Depth:231.0
2025-07-11 02:52:06 [INFO] [受信] VM → BM;Depth:231.0
2025-07-11 02:52:06 [INFO] [転送] VM → BM : Depth:231.0
2025-07-11 02:52:06 [INFO] [受信] VM → BM;Depth:231.0
2025-07-11 02:52:06 [INFO] [転送] VM → BM : Depth:231.0
2025-07-11 02:52:06 [INFO] [受信] VM → BM;Depth:231.0
2025-07-11 02:52:06 [INFO] [転送] VM → BM : Depth:231.0
2025-07-11 02:52:06 [INFO] [受信] VM → BM;Depth:231.0
2025-07-11 02:52:06 [INFO] [転送] VM → BM : Depth:231.0
2025-07-11 02:52:06 [INFO] [受信] VM → BM;Depth:227.0
2025-07-11 02:52:06 [INFO] [転送] VM → BM : Depth:227.0
2025-07-11 02:52:06 [INFO] [受信] VM → BM;Depth:224.0
2025-07-11 02:52:06 [INFO] [転送] VM → BM : Depth:224.0
2025-07-11 02:52:06 [INFO] [受信] VM → BM;Depth:220.0
2025-07-11 02:52:06 [INFO] [転送] VM → BM : Depth:220.0
2025-07-11 02:52:06 [INFO] [受信] VM → BM;Depth:218.0
2025-07-11 02:52:06 [INFO] [転送] VM → BM : Depth:218.0
2025-07-11 02:52:06 [INFO] [受信] VM → BM;Depth:219.0
2025-07-11 02:52:06 [INFO] [転送] VM → BM : Depth:219.0
2025-07-11 02:52:06 [INFO] [受信] VM → BM;Depth:241.0
2025-07-11 02:52:06 [INFO] [転送] VM → BM : Depth:241.0
2025-07-11 02:52:06 [INFO] [受信] VM → BM;Depth:217.0
2025-07-11 02:52:06 [INFO] [転送] VM → BM : Depth:217.0
2025-07-11 02:52:07 [INFO] [受信] VM → BM;Depth:231.0
2025-07-11 02:52:07 [INFO] [転送] VM → BM : Depth:231.0
2025-07-11 02:52:07 [INFO] [受信] VM → BM;Depth:255.0
2025-07-11 02:52:07 [INFO] [転送] VM → BM : Depth:255.0
2025-07-11 02:52:07 [INFO] [受信] VM → BM;Depth:274.0
2025-07-11 02:52:07 [INFO] [転送] VM → BM : Depth:274.0
2025-07-11 02:52:07 [INFO] [受信] VM → BM;Depth:272.0
2025-07-11 02:52:07 [INFO] [転送] VM → BM : Depth:272.0
2025-07-11 02:52:07 [INFO] [受信] VM → BM;Depth:228.0
2025-07-11 02:52:07 [INFO] [転送] VM → BM : Depth:228.0
2025-07-11 02:52:07 [INFO] [受信] VM → BM;Depth:256.0
2025-07-11 02:52:07 [INFO] [転送] VM → BM : Depth:256.0
2025-07-11 02:52:07 [INFO] [受信] VM → BM;Depth:225.0
2025-07-11 02:52:07 [INFO] [転送] VM → BM : Depth:225.0
2025-07-11 02:52:07 [INFO] [受信] VM → BM;Depth:220.0
2025-07-11 02:52:07 [INFO] [転送] VM → BM : Depth:220.0
2025-07-11 02:52:07 [INFO] [受信] VM → BM;Depth:217.0
2025-07-11 02:52:07 [INFO] [転送] VM → BM : Depth:217.0
2025-07-11 02:52:07 [INFO] [受信] VM → BM;Depth:218.0
2025-07-11 02:52:07 [INFO] [転送] VM → BM : Depth:218.0
2025-07-11 02:52:07 [INFO] [受信] VM → BM;Depth:209.0
2025-07-11 02:52:07 [INFO] [転送] VM → BM : Depth:209.0
2025-07-11 02:52:07 [INFO] [受信] VM → BM;Depth:211.0
2025-07-11 02:52:07 [INFO] [転送] VM → BM : Depth:211.0
2025-07-11 02:52:07 [INFO] [受信] VM → BM;Depth:211.0
2025-07-11 02:52:07 [INFO] [転送] VM → BM : Depth:211.0
2025-07-11 02:52:07 [INFO] [受信] VM → BM;Depth:207.0
2025-07-11 02:52:07 [INFO] [転送] VM → BM : Depth:207.0
2025-07-11 02:52:07 [INFO] [受信] VM → BM;Depth:260.0
2025-07-11 02:52:07 [INFO] [転送] VM → BM : Depth:260.0
2025-07-11 02:52:07 [INFO] [受信] VM → BM;Depth:203.0
2025-07-11 02:52:07 [INFO] [転送] VM → BM : Depth:203.0
2025-07-11 02:52:07 [INFO] [受信] VM → BM;Depth:201.0
2025-07-11 02:52:07 [INFO] [転送] VM → BM : Depth:201.0
2025-07-11 02:52:07 [INFO] [受信] VM → BM;Depth:201.0
2025-07-11 02:52:07 [INFO] [転送] VM → BM : Depth:201.0
2025-07-11 02:52:07 [INFO] [受信] VM → BM;Depth:201.0
2025-07-11 02:52:07 [INFO] [転送] VM → BM : Depth:201.0
2025-07-11 02:52:07 [INFO] [受信] VM → BM;Depth:201.0
2025-07-11 02:52:07 [INFO] [転送] VM → BM : Depth:201.0
2025-07-11 02:52:08 [INFO] [受信] VM → BM;Depth:200.0
2025-07-11 02:52:08 [INFO] [転送] VM → BM : Depth:200.0
2025-07-11 02:52:08 [INFO] [受信] VM → BM;Depth:201.0
2025-07-11 02:52:08 [INFO] [転送] VM → BM : Depth:201.0
2025-07-11 02:52:08 [INFO] [受信] VM → BM;Depth:201.0
2025-07-11 02:52:08 [INFO] [転送] VM → BM : Depth:201.0
2025-07-11 02:52:08 [INFO] [受信] VM → BM;Depth:260.0
2025-07-11 02:52:08 [INFO] [転送] VM → BM : Depth:260.0
2025-07-11 02:52:08 [INFO] [受信] VM → BM;Depth:259.0
2025-07-11 02:52:08 [INFO] [転送] VM → BM : Depth:259.0
2025-07-11 02:52:08 [INFO] [受信] VM → BM;Depth:200.0
2025-07-11 02:52:08 [INFO] [転送] VM → BM : Depth:200.0
2025-07-11 02:52:08 [INFO] [受信] VM → BM;Depth:199.0
2025-07-11 02:52:08 [INFO] [転送] VM → BM : Depth:199.0
2025-07-11 02:52:08 [INFO] [受信] VM → BM;Depth:198.0
2025-07-11 02:52:08 [INFO] [転送] VM → BM : Depth:198.0
2025-07-11 02:52:08 [INFO] [受信] VM → BM;Depth:196.0
2025-07-11 02:52:08 [INFO] [転送] VM → BM : Depth:196.0
2025-07-11 02:52:08 [INFO] [受信] VM → BM;Depth:197.0
2025-07-11 02:52:08 [INFO] [転送] VM → BM : Depth:197.0
2025-07-11 02:52:08 [INFO] [受信] VM → BM;Depth:195.0
2025-07-11 02:52:08 [INFO] [転送] VM → BM : Depth:195.0
2025-07-11 02:52:08 [INFO] [受信] VM → BM;Depth:196.0
2025-07-11 02:52:08 [INFO] [転送] VM → BM : Depth:196.0
2025-07-11 02:52:08 [INFO] [受信] VM → BM;Depth:243.0
2025-07-11 02:52:08 [INFO] [転送] VM → BM : Depth:243.0
2025-07-11 02:52:08 [INFO] [受信] VM → BM;Depth:225.0
2025-07-11 02:52:08 [INFO] [転送] VM → BM : Depth:225.0
2025-07-11 02:52:08 [INFO] [受信] VM → BM;Depth:268.0
2025-07-11 02:52:08 [INFO] [転送] VM → BM : Depth:268.0
2025-07-11 02:52:08 [INFO] [受信] VM → BM;Depth:2672.0
2025-07-11 02:52:08 [INFO] [転送] VM → BM : Depth:2672.0
2025-07-11 02:52:08 [INFO] [受信] VM → BM;Depth:2660.0
2025-07-11 02:52:08 [INFO] [転送] VM → BM : Depth:2660.0
2025-07-11 02:52:08 [INFO] [受信] VM → BM;Depth:234.0
2025-07-11 02:52:08 [INFO] [転送] VM → BM : Depth:234.0
2025-07-11 02:52:08 [INFO] [受信] VM → BM;Depth:221.0
2025-07-11 02:52:08 [INFO] [転送] VM → BM : Depth:221.0
2025-07-11 02:52:08 [INFO] [受信] VM → BM;Depth:219.0
2025-07-11 02:52:08 [INFO] [転送] VM → BM : Depth:219.0
2025-07-11 02:52:08 [INFO] [受信] VM → BM;Depth:211.0
2025-07-11 02:52:08 [INFO] [転送] VM → BM : Depth:211.0
2025-07-11 02:52:08 [INFO] [受信] VM → BM;Depth:213.0
2025-07-11 02:52:08 [INFO] [転送] VM → BM : Depth:213.0
2025-07-11 02:52:08 [INFO] [受信] VM → BM;Depth:213.0
2025-07-11 02:52:08 [INFO] [転送] VM → BM : Depth:213.0
2025-07-11 02:52:08 [INFO] [受信] VM → BM;Depth:213.0
2025-07-11 02:52:09 [INFO] [転送] VM → BM : Depth:213.0
2025-07-11 02:52:09 [INFO] [受信] VM → BM;Depth:212.0
2025-07-11 02:52:09 [INFO] [転送] VM → BM : Depth:212.0
2025-07-11 02:52:09 [INFO] [受信] VM → BM;Depth:212.0
2025-07-11 02:52:09 [INFO] [転送] VM → BM : Depth:212.0
2025-07-11 02:52:09 [INFO] [受信] VM → BM;Depth:212.0
2025-07-11 02:52:09 [INFO] [転送] VM → BM : Depth:212.0
2025-07-11 02:52:09 [INFO] [受信] VM → BM;Depth:211.0
2025-07-11 02:52:09 [INFO] [転送] VM → BM : Depth:211.0
2025-07-11 02:52:09 [INFO] [受信] VM → BM;Depth:211.0
2025-07-11 02:52:09 [INFO] [転送] VM → BM : Depth:211.0
2025-07-11 02:52:09 [INFO] [受信] VM → BM;Depth:211.0
2025-07-11 02:52:09 [INFO] [転送] VM → BM : Depth:211.0
2025-07-11 02:52:09 [INFO] [受信] VM → BM;Depth:212.0
2025-07-11 02:52:09 [INFO] [転送] VM → BM : Depth:212.0
2025-07-11 02:52:09 [INFO] [受信] VM → BM;Depth:208.0
2025-07-11 02:52:09 [INFO] [転送] VM → BM : Depth:208.0
2025-07-11 02:52:09 [INFO] [受信] VM → BM;Depth:211.0
2025-07-11 02:52:09 [INFO] [転送] VM → BM : Depth:211.0
2025-07-11 02:52:09 [INFO] [受信] VM → BM;Depth:217.0
2025-07-11 02:52:09 [INFO] [転送] VM → BM : Depth:217.0
2025-07-11 02:52:09 [INFO] [受信] VM → BM;Depth:215.0
2025-07-11 02:52:09 [INFO] [転送] VM → BM : Depth:215.0
2025-07-11 02:52:09 [INFO] [受信] VM → BM;Depth:227.0
2025-07-11 02:52:09 [INFO] [転送] VM → BM : Depth:227.0
2025-07-11 02:52:09 [INFO] [受信] VM → BM;Depth:238.0
2025-07-11 02:52:09 [INFO] [転送] VM → BM : Depth:238.0
2025-07-11 02:52:09 [INFO] [受信] VM → BM;Depth:258.0
2025-07-11 02:52:09 [INFO] [転送] VM → BM : Depth:258.0
2025-07-11 02:52:09 [INFO] [受信] VM → BM;Depth:261.0
2025-07-11 02:52:09 [INFO] [転送] VM → BM : Depth:261.0
2025-07-11 02:52:09 [INFO] [受信] VM → BM;Depth:260.0
2025-07-11 02:52:09 [INFO] [転送] VM → BM : Depth:260.0
2025-07-11 02:52:09 [INFO] [受信] VM → BM;Depth:261.0
2025-07-11 02:52:09 [INFO] [転送] VM → BM : Depth:261.0
2025-07-11 02:52:09 [INFO] [受信] VM → BM;Depth:263.0
2025-07-11 02:52:09 [INFO] [転送] VM → BM : Depth:263.0
2025-07-11 02:52:09 [INFO] [受信] VM → BM;Depth:261.0
2025-07-11 02:52:09 [INFO] [転送] VM → BM : Depth:261.0
2025-07-11 02:52:09 [INFO] [受信] VM → BM;Depth:263.0
2025-07-11 02:52:09 [INFO] [転送] VM → BM : Depth:263.0
2025-07-11 02:52:09 [INFO] [受信] VM → BM;Depth:264.0
2025-07-11 02:52:09 [INFO] [転送] VM → BM : Depth:264.0
2025-07-11 02:52:09 [INFO] [受信] VM → BM;Depth:262.0
2025-07-11 02:52:09 [INFO] [転送] VM → BM : Depth:262.0
2025-07-11 02:52:09 [INFO] [受信] VM → BM;Depth:262.0
2025-07-11 02:52:09 [INFO] [転送] VM → BM : Depth:262.0
2025-07-11 02:52:09 [INFO] [受信] VM → BM;Depth:155.0
2025-07-11 02:52:09 [INFO] [転送] VM → BM : Depth:155.0
2025-07-11 02:52:10 [INFO] [受信] VM → BM;Depth:265.0
2025-07-11 02:52:10 [INFO] [転送] VM → BM : Depth:265.0
2025-07-11 02:52:10 [INFO] [受信] VM → BM;Depth:271.0
2025-07-11 02:52:10 [INFO] [転送] VM → BM : Depth:271.0
2025-07-11 02:52:10 [INFO] [受信] VM → BM;Depth:273.0
2025-07-11 02:52:10 [INFO] [転送] VM → BM : Depth:273.0
2025-07-11 02:52:10 [INFO] [受信] VM → BM;Depth:272.0
2025-07-11 02:52:10 [INFO] [転送] VM → BM : Depth:272.0
2025-07-11 02:52:10 [INFO] [受信] VM → BM;Depth:269.0
2025-07-11 02:52:10 [INFO] [転送] VM → BM : Depth:269.0
2025-07-11 02:52:10 [INFO] [受信] VM → BM;Depth:262.0
2025-07-11 02:52:10 [INFO] [転送] VM → BM : Depth:262.0
2025-07-11 02:52:10 [INFO] [受信] VM → BM;Depth:254.0
2025-07-11 02:52:10 [INFO] [転送] VM → BM : Depth:254.0
2025-07-11 02:52:10 [INFO] [受信] VM → BM;Depth:240.0
2025-07-11 02:52:10 [INFO] [転送] VM → BM : Depth:240.0
2025-07-11 02:52:10 [INFO] [受信] VM → BM;Depth:225.0
2025-07-11 02:52:10 [INFO] [転送] VM → BM : Depth:225.0
2025-07-11 02:52:10 [INFO] [受信] VM → BM;Depth:218.0
2025-07-11 02:52:10 [INFO] [転送] VM → BM : Depth:218.0
2025-07-11 02:52:10 [INFO] [受信] VM → BM;Depth:202.0
2025-07-11 02:52:10 [INFO] [転送] VM → BM : Depth:202.0
2025-07-11 02:52:10 [INFO] [受信] VM → BM;Depth:194.0
2025-07-11 02:52:10 [INFO] [転送] VM → BM : Depth:194.0
2025-07-11 02:52:10 [INFO] [受信] VM → BM;Depth:183.0
2025-07-11 02:52:10 [INFO] [転送] VM → BM : Depth:183.0
2025-07-11 02:52:10 [INFO] [受信] VM → BM;Depth:155.0
2025-07-11 02:52:10 [INFO] [転送] VM → BM : Depth:155.0
2025-07-11 02:52:20 [ERROR] [エラー] 受信中に例外発生：[WinError 10054] 既存の接続はリモート ホストに強制的に切断されました。
2025-07-11 02:52:20 [INFO] [切断] 127.0.0.1:64803 (Cmd) の接続を終了
2025-07-11 02:52:31 [ERROR] [エラー] 受信中に例外発生：[WinError 10054] 既存の接続はリモート ホストに強制的に切断されました。
2025-07-11 02:52:31 [INFO] [切断] 127.0.0.1:64804 (VM) の接続を終了
2025-07-11 02:52:33 [ERROR] [エラー] 受信中に例外発生：[WinError 10054] 既存の接続はリモート ホストに強制的に切断されました。
2025-07-11 02:52:33 [INFO] [切断] 127.0.0.1:64802 (BM) の接続を終了
