2025-07-11 02:53:58 [INFO] [起動] BlackBoardサーバが localhost:9000 で待機中...
2025-07-11 02:53:58 [INFO] [操作] ESCキーでサーバを終了できます
2025-07-11 02:54:01 [INFO] [接続] BM (127.0.0.1:64816) が接続しました
2025-07-11 02:54:02 [INFO] [接続] Cmd (127.0.0.1:64817) が接続しました
2025-07-11 02:54:03 [INFO] [接続] VM (127.0.0.1:64818) が接続しました
2025-07-11 02:54:13 [INFO] [受信] VM → BM;Depth:156.0
2025-07-11 02:54:13 [INFO] [転送] VM → BM : Depth:156.0
2025-07-11 02:56:39 [INFO] [受信] VM → BM;Depth:737.0
2025-07-11 02:56:39 [INFO] [転送] VM → BM : Depth:737.0
2025-07-11 02:56:39 [INFO] [受信] VM → BM;Depth:191.0
2025-07-11 02:56:39 [INFO] [転送] VM → BM : Depth:191.0
2025-07-11 02:56:44 [INFO] [受信] VM → BM;Depth:236.0
2025-07-11 02:56:44 [INFO] [転送] VM → BM : Depth:236.0
2025-07-11 02:56:44 [INFO] [受信] VM → BM;Depth:234.0
2025-07-11 02:56:44 [INFO] [転送] VM → BM : Depth:234.0
2025-07-11 02:56:44 [INFO] [受信] VM → BM;Depth:233.0
2025-07-11 02:56:44 [INFO] [転送] VM → BM : Depth:233.0
2025-07-11 02:59:24 [INFO] [受信] VM → BM;Depth:216.0
2025-07-11 02:59:24 [INFO] [転送] VM → BM : Depth:216.0
2025-07-11 02:59:24 [INFO] [受信] VM → BM;Depth:174.0
2025-07-11 02:59:24 [INFO] [転送] VM → BM : Depth:174.0
2025-07-11 02:59:24 [INFO] [受信] VM → BM;Depth:185.0
2025-07-11 02:59:24 [INFO] [転送] VM → BM : Depth:185.0
2025-07-11 02:59:24 [INFO] [受信] VM → BM;Depth:169.0
2025-07-11 02:59:24 [INFO] [転送] VM → BM : Depth:169.0
2025-07-11 02:59:31 [INFO] [受信] VM → BM;Depth:546.0
2025-07-11 02:59:31 [INFO] [転送] VM → BM : Depth:546.0
2025-07-11 02:59:31 [INFO] [受信] VM → BM;Depth:606.0
2025-07-11 02:59:31 [INFO] [転送] VM → BM : Depth:606.0
2025-07-11 02:59:32 [INFO] [受信] VM → BM;Depth:176.0
2025-07-11 02:59:32 [INFO] [転送] VM → BM : Depth:176.0
2025-07-11 02:59:32 [INFO] [受信] VM → BM;Depth:624.0
2025-07-11 02:59:32 [INFO] [転送] VM → BM : Depth:624.0
2025-07-11 02:59:32 [INFO] [受信] VM → BM;Depth:625.0
2025-07-11 02:59:32 [INFO] [転送] VM → BM : Depth:625.0
2025-07-11 02:59:32 [INFO] [受信] VM → BM;Depth:619.0
2025-07-11 02:59:32 [INFO] [転送] VM → BM : Depth:619.0
2025-07-11 02:59:32 [INFO] [受信] VM → BM;Depth:618.0
2025-07-11 02:59:32 [INFO] [転送] VM → BM : Depth:618.0
2025-07-11 02:59:32 [INFO] [受信] VM → BM;Depth:622.0
2025-07-11 02:59:32 [INFO] [転送] VM → BM : Depth:622.0
2025-07-11 02:59:32 [INFO] [受信] VM → BM;Depth:632.0
2025-07-11 02:59:32 [INFO] [転送] VM → BM : Depth:632.0
2025-07-11 02:59:32 [INFO] [受信] VM → BM;Depth:634.0
2025-07-11 02:59:32 [INFO] [転送] VM → BM : Depth:634.0
2025-07-11 02:59:32 [INFO] [受信] VM → BM;Depth:638.0
2025-07-11 02:59:32 [INFO] [転送] VM → BM : Depth:638.0
2025-07-11 02:59:32 [INFO] [受信] VM → BM;Depth:650.0
2025-07-11 02:59:32 [INFO] [転送] VM → BM : Depth:650.0
2025-07-11 02:59:32 [INFO] [受信] VM → BM;Depth:659.0
2025-07-11 02:59:32 [INFO] [転送] VM → BM : Depth:659.0
2025-07-11 02:59:32 [INFO] [受信] VM → BM;Depth:657.0
2025-07-11 02:59:32 [INFO] [転送] VM → BM : Depth:657.0
2025-07-11 02:59:33 [INFO] [受信] VM → BM;Depth:652.0
2025-07-11 02:59:33 [INFO] [転送] VM → BM : Depth:652.0
2025-07-11 02:59:33 [INFO] [受信] VM → BM;Depth:650.0
2025-07-11 02:59:33 [INFO] [転送] VM → BM : Depth:650.0
2025-07-11 02:59:33 [INFO] [受信] VM → BM;Depth:650.0
2025-07-11 02:59:33 [INFO] [転送] VM → BM : Depth:650.0
2025-07-11 02:59:33 [INFO] [受信] VM → BM;Depth:650.0
2025-07-11 02:59:33 [INFO] [転送] VM → BM : Depth:650.0
2025-07-11 02:59:33 [INFO] [受信] VM → BM;Depth:651.0
2025-07-11 02:59:33 [INFO] [転送] VM → BM : Depth:651.0
2025-07-11 02:59:33 [INFO] [受信] VM → BM;Depth:649.0
2025-07-11 02:59:33 [INFO] [転送] VM → BM : Depth:649.0
2025-07-11 02:59:33 [INFO] [受信] VM → BM;Depth:648.0
2025-07-11 02:59:33 [INFO] [転送] VM → BM : Depth:648.0
2025-07-11 02:59:33 [INFO] [受信] VM → BM;Depth:651.0
2025-07-11 02:59:33 [INFO] [転送] VM → BM : Depth:651.0
2025-07-11 02:59:33 [INFO] [受信] VM → BM;Depth:650.0
2025-07-11 02:59:33 [INFO] [転送] VM → BM : Depth:650.0
2025-07-11 02:59:33 [INFO] [受信] VM → BM;Depth:648.0
2025-07-11 02:59:33 [INFO] [転送] VM → BM : Depth:648.0
2025-07-11 02:59:33 [INFO] [受信] VM → BM;Depth:648.0
2025-07-11 02:59:33 [INFO] [転送] VM → BM : Depth:648.0
2025-07-11 02:59:33 [INFO] [受信] VM → BM;Depth:652.0
2025-07-11 02:59:33 [INFO] [転送] VM → BM : Depth:652.0
2025-07-11 02:59:33 [INFO] [受信] VM → BM;Depth:652.0
2025-07-11 02:59:33 [INFO] [転送] VM → BM : Depth:652.0
2025-07-11 02:59:34 [INFO] [受信] VM → BM;Depth:637.0
2025-07-11 02:59:34 [INFO] [転送] VM → BM : Depth:637.0
2025-07-11 02:59:34 [INFO] [受信] VM → BM;Depth:630.0
2025-07-11 02:59:34 [INFO] [転送] VM → BM : Depth:630.0
2025-07-11 02:59:34 [INFO] [受信] VM → BM;Depth:574.0
2025-07-11 02:59:34 [INFO] [転送] VM → BM : Depth:574.0
2025-07-11 02:59:34 [INFO] [受信] VM → BM;Depth:628.0
2025-07-11 02:59:34 [INFO] [転送] VM → BM : Depth:628.0
2025-07-11 02:59:34 [INFO] [受信] VM → BM;Depth:629.0
2025-07-11 02:59:34 [INFO] [転送] VM → BM : Depth:629.0
2025-07-11 02:59:34 [INFO] [受信] VM → BM;Depth:634.0
2025-07-11 02:59:34 [INFO] [転送] VM → BM : Depth:634.0
2025-07-11 02:59:34 [INFO] [受信] VM → BM;Depth:632.0
2025-07-11 02:59:34 [INFO] [転送] VM → BM : Depth:632.0
2025-07-11 02:59:34 [INFO] [受信] VM → BM;Depth:631.0
2025-07-11 02:59:34 [INFO] [転送] VM → BM : Depth:631.0
2025-07-11 02:59:34 [INFO] [受信] VM → BM;Depth:570.0
2025-07-11 02:59:34 [INFO] [転送] VM → BM : Depth:570.0
2025-07-11 02:59:34 [INFO] [受信] VM → BM;Depth:633.0
2025-07-11 02:59:34 [INFO] [転送] VM → BM : Depth:633.0
2025-07-11 02:59:34 [INFO] [受信] VM → BM;Depth:614.0
2025-07-11 02:59:34 [INFO] [転送] VM → BM : Depth:614.0
2025-07-11 02:59:34 [INFO] [受信] VM → BM;Depth:644.0
2025-07-11 02:59:34 [INFO] [転送] VM → BM : Depth:644.0
2025-07-11 02:59:34 [INFO] [受信] VM → BM;Depth:637.0
2025-07-11 02:59:34 [INFO] [転送] VM → BM : Depth:637.0
2025-07-11 02:59:35 [INFO] [受信] VM → BM;Depth:632.0
2025-07-11 02:59:35 [INFO] [転送] VM → BM : Depth:632.0
2025-07-11 02:59:35 [INFO] [受信] VM → BM;Depth:632.0
2025-07-11 02:59:35 [INFO] [転送] VM → BM : Depth:632.0
2025-07-11 02:59:35 [INFO] [受信] VM → BM;Depth:632.0
2025-07-11 02:59:35 [INFO] [転送] VM → BM : Depth:632.0
2025-07-11 02:59:35 [INFO] [受信] VM → BM;Depth:632.0
2025-07-11 02:59:35 [INFO] [転送] VM → BM : Depth:632.0
2025-07-11 02:59:35 [INFO] [受信] VM → BM;Depth:632.0
2025-07-11 02:59:35 [INFO] [転送] VM → BM : Depth:632.0
2025-07-11 02:59:35 [INFO] [受信] VM → BM;Depth:632.0
2025-07-11 02:59:35 [INFO] [転送] VM → BM : Depth:632.0
2025-07-11 02:59:35 [INFO] [受信] VM → BM;Depth:184.0
2025-07-11 02:59:35 [INFO] [転送] VM → BM : Depth:184.0
2025-07-11 02:59:35 [INFO] [受信] VM → BM;Depth:627.0
2025-07-11 02:59:35 [INFO] [転送] VM → BM : Depth:627.0
2025-07-11 02:59:35 [INFO] [受信] VM → BM;Depth:629.0
2025-07-11 02:59:35 [INFO] [転送] VM → BM : Depth:629.0
2025-07-11 02:59:35 [INFO] [受信] VM → BM;Depth:629.0
2025-07-11 02:59:35 [INFO] [転送] VM → BM : Depth:629.0
2025-07-11 02:59:35 [INFO] [受信] VM → BM;Depth:629.0
2025-07-11 02:59:35 [INFO] [転送] VM → BM : Depth:629.0
2025-07-11 02:59:35 [INFO] [受信] VM → BM;Depth:629.0
2025-07-11 02:59:35 [INFO] [転送] VM → BM : Depth:629.0
2025-07-11 02:59:36 [INFO] [受信] VM → BM;Depth:629.0
2025-07-11 02:59:36 [INFO] [転送] VM → BM : Depth:629.0
2025-07-11 02:59:36 [INFO] [受信] VM → BM;Depth:627.0
2025-07-11 02:59:36 [INFO] [転送] VM → BM : Depth:627.0
2025-07-11 02:59:36 [INFO] [受信] VM → BM;Depth:629.0
2025-07-11 02:59:36 [INFO] [転送] VM → BM : Depth:629.0
2025-07-11 02:59:36 [INFO] [受信] VM → BM;Depth:627.0
2025-07-11 02:59:36 [INFO] [転送] VM → BM : Depth:627.0
2025-07-11 02:59:36 [INFO] [受信] VM → BM;Depth:625.0
2025-07-11 02:59:36 [INFO] [転送] VM → BM : Depth:625.0
2025-07-11 02:59:36 [INFO] [受信] VM → BM;Depth:624.0
2025-07-11 02:59:36 [INFO] [転送] VM → BM : Depth:624.0
2025-07-11 02:59:36 [INFO] [受信] VM → BM;Depth:625.0
2025-07-11 02:59:36 [INFO] [転送] VM → BM : Depth:625.0
2025-07-11 02:59:36 [INFO] [受信] VM → BM;Depth:625.0
2025-07-11 02:59:36 [INFO] [転送] VM → BM : Depth:625.0
2025-07-11 02:59:36 [INFO] [受信] VM → BM;Depth:625.0
2025-07-11 02:59:36 [INFO] [転送] VM → BM : Depth:625.0
2025-07-11 02:59:36 [INFO] [受信] VM → BM;Depth:624.0
2025-07-11 02:59:36 [INFO] [転送] VM → BM : Depth:624.0
2025-07-11 02:59:36 [INFO] [受信] VM → BM;Depth:624.0
2025-07-11 02:59:36 [INFO] [転送] VM → BM : Depth:624.0
2025-07-11 02:59:36 [INFO] [受信] VM → BM;Depth:624.0
2025-07-11 02:59:36 [INFO] [転送] VM → BM : Depth:624.0
2025-07-11 02:59:36 [INFO] [受信] VM → BM;Depth:623.0
2025-07-11 02:59:36 [INFO] [転送] VM → BM : Depth:623.0
2025-07-11 02:59:37 [INFO] [受信] VM → BM;Depth:623.0
2025-07-11 02:59:37 [INFO] [転送] VM → BM : Depth:623.0
2025-07-11 02:59:37 [INFO] [受信] VM → BM;Depth:623.0
2025-07-11 02:59:37 [INFO] [転送] VM → BM : Depth:623.0
2025-07-11 02:59:37 [INFO] [受信] VM → BM;Depth:622.0
2025-07-11 02:59:37 [INFO] [転送] VM → BM : Depth:622.0
2025-07-11 02:59:37 [INFO] [受信] VM → BM;Depth:623.0
2025-07-11 02:59:37 [INFO] [転送] VM → BM : Depth:623.0
2025-07-11 02:59:37 [INFO] [受信] VM → BM;Depth:622.0
2025-07-11 02:59:37 [INFO] [転送] VM → BM : Depth:622.0
2025-07-11 02:59:37 [INFO] [受信] VM → BM;Depth:622.0
2025-07-11 02:59:37 [INFO] [転送] VM → BM : Depth:622.0
2025-07-11 02:59:37 [INFO] [受信] VM → BM;Depth:622.0
2025-07-11 02:59:37 [INFO] [転送] VM → BM : Depth:622.0
2025-07-11 02:59:37 [INFO] [受信] VM → BM;Depth:622.0
2025-07-11 02:59:37 [INFO] [転送] VM → BM : Depth:622.0
2025-07-11 02:59:37 [INFO] [受信] VM → BM;Depth:621.0
2025-07-11 02:59:37 [INFO] [転送] VM → BM : Depth:621.0
2025-07-11 02:59:37 [INFO] [受信] VM → BM;Depth:622.0
2025-07-11 02:59:37 [INFO] [転送] VM → BM : Depth:622.0
2025-07-11 02:59:38 [INFO] [受信] VM → BM;Depth:618.0
2025-07-11 02:59:38 [INFO] [転送] VM → BM : Depth:618.0
2025-07-11 02:59:38 [INFO] [受信] VM → BM;Depth:620.0
2025-07-11 02:59:38 [INFO] [転送] VM → BM : Depth:620.0
2025-07-11 02:59:38 [INFO] [受信] VM → BM;Depth:620.0
2025-07-11 02:59:38 [INFO] [転送] VM → BM : Depth:620.0
2025-07-11 02:59:38 [INFO] [受信] VM → BM;Depth:619.0
2025-07-11 02:59:38 [INFO] [転送] VM → BM : Depth:619.0
2025-07-11 02:59:38 [INFO] [受信] VM → BM;Depth:616.0
2025-07-11 02:59:38 [INFO] [転送] VM → BM : Depth:616.0
2025-07-11 02:59:38 [INFO] [受信] VM → BM;Depth:582.0
2025-07-11 02:59:38 [INFO] [転送] VM → BM : Depth:582.0
2025-07-11 02:59:38 [INFO] [受信] VM → BM;Depth:614.0
2025-07-11 02:59:38 [INFO] [転送] VM → BM : Depth:614.0
2025-07-11 02:59:38 [INFO] [受信] VM → BM;Depth:614.0
2025-07-11 02:59:38 [INFO] [転送] VM → BM : Depth:614.0
2025-07-11 02:59:38 [INFO] [受信] VM → BM;Depth:615.0
2025-07-11 02:59:38 [INFO] [転送] VM → BM : Depth:615.0
2025-07-11 02:59:38 [INFO] [受信] VM → BM;Depth:607.0
2025-07-11 02:59:38 [INFO] [転送] VM → BM : Depth:607.0
2025-07-11 02:59:38 [INFO] [受信] VM → BM;Depth:605.0
2025-07-11 02:59:38 [INFO] [転送] VM → BM : Depth:605.0
2025-07-11 02:59:38 [INFO] [受信] VM → BM;Depth:607.0
2025-07-11 02:59:38 [INFO] [転送] VM → BM : Depth:607.0
2025-07-11 02:59:39 [INFO] [受信] VM → BM;Depth:605.0
2025-07-11 02:59:39 [INFO] [転送] VM → BM : Depth:605.0
2025-07-11 02:59:39 [INFO] [受信] VM → BM;Depth:606.0
2025-07-11 02:59:39 [INFO] [転送] VM → BM : Depth:606.0
2025-07-11 02:59:39 [INFO] [受信] VM → BM;Depth:605.0
2025-07-11 02:59:39 [INFO] [転送] VM → BM : Depth:605.0
2025-07-11 02:59:39 [INFO] [受信] VM → BM;Depth:605.0
2025-07-11 02:59:39 [INFO] [転送] VM → BM : Depth:605.0
2025-07-11 02:59:39 [INFO] [受信] VM → BM;Depth:606.0
2025-07-11 02:59:39 [INFO] [転送] VM → BM : Depth:606.0
2025-07-11 02:59:39 [INFO] [受信] VM → BM;Depth:606.0
2025-07-11 02:59:39 [INFO] [転送] VM → BM : Depth:606.0
2025-07-11 02:59:39 [INFO] [受信] VM → BM;Depth:606.0
2025-07-11 02:59:39 [INFO] [転送] VM → BM : Depth:606.0
2025-07-11 02:59:39 [INFO] [受信] VM → BM;Depth:604.0
2025-07-11 02:59:39 [INFO] [転送] VM → BM : Depth:604.0
2025-07-11 02:59:39 [INFO] [受信] VM → BM;Depth:604.0
2025-07-11 02:59:39 [INFO] [転送] VM → BM : Depth:604.0
2025-07-11 02:59:39 [INFO] [受信] VM → BM;Depth:603.0
2025-07-11 02:59:39 [INFO] [転送] VM → BM : Depth:603.0
2025-07-11 02:59:39 [INFO] [受信] VM → BM;Depth:604.0
2025-07-11 02:59:39 [INFO] [転送] VM → BM : Depth:604.0
2025-07-11 02:59:39 [INFO] [受信] VM → BM;Depth:602.0
2025-07-11 02:59:39 [INFO] [転送] VM → BM : Depth:602.0
2025-07-11 02:59:40 [INFO] [受信] VM → BM;Depth:603.0
2025-07-11 02:59:40 [INFO] [転送] VM → BM : Depth:603.0
2025-07-11 02:59:40 [INFO] [受信] VM → BM;Depth:603.0
2025-07-11 02:59:40 [INFO] [転送] VM → BM : Depth:603.0
2025-07-11 02:59:40 [INFO] [受信] VM → BM;Depth:603.0
2025-07-11 02:59:40 [INFO] [転送] VM → BM : Depth:603.0
2025-07-11 02:59:40 [INFO] [受信] VM → BM;Depth:603.0
2025-07-11 02:59:40 [INFO] [転送] VM → BM : Depth:603.0
2025-07-11 02:59:40 [INFO] [受信] VM → BM;Depth:604.0
2025-07-11 02:59:40 [INFO] [転送] VM → BM : Depth:604.0
2025-07-11 02:59:40 [INFO] [受信] VM → BM;Depth:605.0
2025-07-11 02:59:40 [INFO] [転送] VM → BM : Depth:605.0
2025-07-11 02:59:40 [INFO] [受信] VM → BM;Depth:605.0
2025-07-11 02:59:40 [INFO] [転送] VM → BM : Depth:605.0
2025-07-11 02:59:40 [INFO] [受信] VM → BM;Depth:606.0
2025-07-11 02:59:40 [INFO] [転送] VM → BM : Depth:606.0
2025-07-11 02:59:40 [INFO] [受信] VM → BM;Depth:609.0
2025-07-11 02:59:40 [INFO] [転送] VM → BM : Depth:609.0
2025-07-11 02:59:40 [INFO] [受信] VM → BM;Depth:606.0
2025-07-11 02:59:40 [INFO] [転送] VM → BM : Depth:606.0
2025-07-11 02:59:40 [INFO] [受信] VM → BM;Depth:607.0
2025-07-11 02:59:40 [INFO] [転送] VM → BM : Depth:607.0
2025-07-11 02:59:40 [INFO] [受信] VM → BM;Depth:164.0
2025-07-11 02:59:40 [INFO] [転送] VM → BM : Depth:164.0
2025-07-11 02:59:40 [INFO] [受信] VM → BM;Depth:605.0
2025-07-11 02:59:40 [INFO] [転送] VM → BM : Depth:605.0
2025-07-11 02:59:41 [INFO] [受信] VM → BM;Depth:606.0
2025-07-11 02:59:41 [INFO] [転送] VM → BM : Depth:606.0
2025-07-11 02:59:41 [INFO] [受信] VM → BM;Depth:606.0
2025-07-11 02:59:41 [INFO] [転送] VM → BM : Depth:606.0
2025-07-11 02:59:41 [INFO] [受信] VM → BM;Depth:604.0
2025-07-11 02:59:41 [INFO] [転送] VM → BM : Depth:604.0
2025-07-11 02:59:41 [INFO] [受信] VM → BM;Depth:606.0
2025-07-11 02:59:41 [INFO] [転送] VM → BM : Depth:606.0
2025-07-11 02:59:41 [INFO] [受信] VM → BM;Depth:605.0
2025-07-11 02:59:41 [INFO] [転送] VM → BM : Depth:605.0
2025-07-11 02:59:41 [INFO] [受信] VM → BM;Depth:603.0
2025-07-11 02:59:41 [INFO] [転送] VM → BM : Depth:603.0
2025-07-11 02:59:41 [INFO] [受信] VM → BM;Depth:602.0
2025-07-11 02:59:41 [INFO] [転送] VM → BM : Depth:602.0
2025-07-11 02:59:41 [INFO] [受信] VM → BM;Depth:598.0
2025-07-11 02:59:41 [INFO] [転送] VM → BM : Depth:598.0
2025-07-11 02:59:41 [INFO] [受信] VM → BM;Depth:596.0
2025-07-11 02:59:41 [INFO] [転送] VM → BM : Depth:596.0
2025-07-11 02:59:41 [INFO] [受信] VM → BM;Depth:595.0
2025-07-11 02:59:41 [INFO] [転送] VM → BM : Depth:595.0
2025-07-11 02:59:41 [INFO] [受信] VM → BM;Depth:164.0
2025-07-11 02:59:41 [INFO] [転送] VM → BM : Depth:164.0
2025-07-11 02:59:41 [INFO] [受信] VM → BM;Depth:589.0
2025-07-11 02:59:41 [INFO] [転送] VM → BM : Depth:589.0
2025-07-11 02:59:41 [INFO] [受信] VM → BM;Depth:585.0
2025-07-11 02:59:41 [INFO] [転送] VM → BM : Depth:585.0
2025-07-11 02:59:42 [INFO] [受信] VM → BM;Depth:578.0
2025-07-11 02:59:42 [INFO] [転送] VM → BM : Depth:578.0
2025-07-11 02:59:42 [INFO] [受信] VM → BM;Depth:182.0
2025-07-11 02:59:42 [INFO] [転送] VM → BM : Depth:182.0
2025-07-11 02:59:42 [INFO] [受信] VM → BM;Depth:177.0
2025-07-11 02:59:42 [INFO] [転送] VM → BM : Depth:177.0
2025-07-11 02:59:42 [INFO] [受信] VM → BM;Depth:175.0
2025-07-11 02:59:42 [INFO] [転送] VM → BM : Depth:175.0
2025-07-11 02:59:42 [INFO] [受信] VM → BM;Depth:175.0
2025-07-11 02:59:42 [INFO] [転送] VM → BM : Depth:175.0
2025-07-11 02:59:42 [INFO] [受信] VM → BM;Depth:160.0
2025-07-11 02:59:42 [INFO] [転送] VM → BM : Depth:160.0
2025-07-11 02:59:42 [INFO] [受信] VM → BM;Depth:163.0
2025-07-11 02:59:42 [INFO] [転送] VM → BM : Depth:163.0
2025-07-11 02:59:42 [INFO] [受信] VM → BM;Depth:158.0
2025-07-11 02:59:42 [INFO] [転送] VM → BM : Depth:158.0
2025-07-11 02:59:44 [INFO] [受信] VM → BM;Depth:2329.0
2025-07-11 02:59:44 [INFO] [転送] VM → BM : Depth:2329.0
2025-07-11 02:59:44 [INFO] [受信] VM → BM;Depth:2189.0
2025-07-11 02:59:44 [INFO] [転送] VM → BM : Depth:2189.0
2025-07-11 02:59:44 [INFO] [受信] VM → BM;Depth:2189.0
2025-07-11 02:59:44 [INFO] [転送] VM → BM : Depth:2189.0
2025-07-11 02:59:44 [INFO] [受信] VM → BM;Depth:2228.0
2025-07-11 02:59:44 [INFO] [転送] VM → BM : Depth:2228.0
2025-07-11 02:59:44 [INFO] [受信] VM → BM;Depth:2173.0
2025-07-11 02:59:44 [INFO] [転送] VM → BM : Depth:2173.0
2025-07-11 02:59:48 [INFO] [受信] VM → BM;Depth:521.0
2025-07-11 02:59:48 [INFO] [転送] VM → BM : Depth:521.0
2025-07-11 02:59:48 [INFO] [受信] VM → BM;Depth:530.0
2025-07-11 02:59:48 [INFO] [転送] VM → BM : Depth:530.0
2025-07-11 02:59:48 [INFO] [受信] VM → BM;Depth:534.0
2025-07-11 02:59:48 [INFO] [転送] VM → BM : Depth:534.0
2025-07-11 02:59:48 [INFO] [受信] VM → BM;Depth:538.0
2025-07-11 02:59:48 [INFO] [転送] VM → BM : Depth:538.0
2025-07-11 02:59:48 [INFO] [受信] VM → BM;Depth:543.0
2025-07-11 02:59:48 [INFO] [転送] VM → BM : Depth:543.0
2025-07-11 02:59:48 [INFO] [受信] VM → BM;Depth:553.0
2025-07-11 02:59:48 [INFO] [転送] VM → BM : Depth:553.0
2025-07-11 02:59:48 [INFO] [受信] VM → BM;Depth:566.0
2025-07-11 02:59:48 [INFO] [転送] VM → BM : Depth:566.0
2025-07-11 02:59:48 [INFO] [受信] VM → BM;Depth:573.0
2025-07-11 02:59:48 [INFO] [転送] VM → BM : Depth:573.0
2025-07-11 02:59:49 [INFO] [受信] VM → BM;Depth:578.0
2025-07-11 02:59:49 [INFO] [転送] VM → BM : Depth:578.0
2025-07-11 02:59:49 [INFO] [受信] VM → BM;Depth:578.0
2025-07-11 02:59:49 [INFO] [転送] VM → BM : Depth:578.0
2025-07-11 02:59:49 [INFO] [受信] VM → BM;Depth:580.0
2025-07-11 02:59:49 [INFO] [転送] VM → BM : Depth:580.0
2025-07-11 02:59:49 [INFO] [受信] VM → BM;Depth:581.0
2025-07-11 02:59:49 [INFO] [転送] VM → BM : Depth:581.0
2025-07-11 02:59:49 [INFO] [受信] VM → BM;Depth:584.0
2025-07-11 02:59:49 [INFO] [転送] VM → BM : Depth:584.0
2025-07-11 02:59:49 [INFO] [受信] VM → BM;Depth:577.0
2025-07-11 02:59:49 [INFO] [転送] VM → BM : Depth:577.0
2025-07-11 02:59:49 [INFO] [受信] VM → BM;Depth:580.0
2025-07-11 02:59:49 [INFO] [転送] VM → BM : Depth:580.0
2025-07-11 02:59:49 [INFO] [受信] VM → BM;Depth:577.0
2025-07-11 02:59:49 [INFO] [転送] VM → BM : Depth:577.0
2025-07-11 02:59:49 [INFO] [受信] VM → BM;Depth:574.0
2025-07-11 02:59:49 [INFO] [転送] VM → BM : Depth:574.0
2025-07-11 02:59:49 [INFO] [受信] VM → BM;Depth:573.0
2025-07-11 02:59:49 [INFO] [転送] VM → BM : Depth:573.0
2025-07-11 02:59:49 [INFO] [受信] VM → BM;Depth:550.0
2025-07-11 02:59:49 [INFO] [転送] VM → BM : Depth:550.0
2025-07-11 02:59:50 [INFO] [受信] VM → BM;Depth:614.0
2025-07-11 02:59:50 [INFO] [転送] VM → BM : Depth:614.0
2025-07-11 02:59:50 [INFO] [受信] VM → BM;Depth:556.0
2025-07-11 02:59:50 [INFO] [転送] VM → BM : Depth:556.0
2025-07-11 02:59:50 [INFO] [受信] VM → BM;Depth:564.0
2025-07-11 02:59:50 [INFO] [転送] VM → BM : Depth:564.0
2025-07-11 02:59:50 [INFO] [受信] VM → BM;Depth:550.0
2025-07-11 02:59:50 [INFO] [転送] VM → BM : Depth:550.0
2025-07-11 02:59:50 [INFO] [受信] VM → BM;Depth:547.0
2025-07-11 02:59:50 [INFO] [転送] VM → BM : Depth:547.0
2025-07-11 02:59:50 [INFO] [受信] VM → BM;Depth:539.0
2025-07-11 02:59:50 [INFO] [転送] VM → BM : Depth:539.0
2025-07-11 02:59:56 [INFO] [受信] VM → BM;Depth:312.0
2025-07-11 02:59:56 [INFO] [転送] VM → BM : Depth:312.0
2025-07-11 02:59:56 [INFO] [受信] VM → BM;Depth:302.0
2025-07-11 02:59:56 [INFO] [転送] VM → BM : Depth:302.0
2025-07-11 05:12:48 [INFO] [受信] VM → BM;Depth:849.0
2025-07-11 05:12:48 [INFO] [転送] VM → BM : Depth:849.0
2025-07-11 05:12:48 [INFO] [受信] VM → BM;Depth:896.0
2025-07-11 05:12:48 [INFO] [転送] VM → BM : Depth:896.0
2025-07-11 05:12:48 [INFO] [受信] VM → BM;Depth:685.0
2025-07-11 05:12:48 [INFO] [転送] VM → BM : Depth:685.0
2025-07-11 05:12:49 [INFO] [受信] VM → BM;Depth:2392.0
2025-07-11 05:12:49 [INFO] [転送] VM → BM : Depth:2392.0
2025-07-11 05:12:49 [INFO] [受信] VM → BM;Depth:2320.0
2025-07-11 05:12:49 [INFO] [転送] VM → BM : Depth:2320.0
2025-07-11 05:12:49 [INFO] [受信] VM → BM;Depth:1124.0
2025-07-11 05:12:49 [INFO] [転送] VM → BM : Depth:1124.0
2025-07-11 05:12:49 [INFO] [受信] VM → BM;Depth:763.0
2025-07-11 05:12:49 [INFO] [転送] VM → BM : Depth:763.0
2025-07-11 05:12:49 [INFO] [受信] VM → BM;Depth:692.0
2025-07-11 05:12:49 [INFO] [転送] VM → BM : Depth:692.0
2025-07-11 05:12:49 [INFO] [受信] VM → BM;Depth:699.0
2025-07-11 05:12:49 [INFO] [転送] VM → BM : Depth:699.0
2025-07-11 05:12:49 [INFO] [受信] VM → BM;Depth:699.0
2025-07-11 05:12:49 [INFO] [転送] VM → BM : Depth:699.0
2025-07-11 05:12:49 [INFO] [受信] VM → BM;Depth:683.0
2025-07-11 05:12:49 [INFO] [転送] VM → BM : Depth:683.0
2025-07-11 05:12:50 [INFO] [受信] VM → BM;Depth:651.0
2025-07-11 05:12:50 [INFO] [転送] VM → BM : Depth:651.0
2025-07-11 05:12:50 [INFO] [受信] VM → BM;Depth:612.0
2025-07-11 05:12:50 [INFO] [転送] VM → BM : Depth:612.0
2025-07-11 05:12:50 [INFO] [受信] VM → BM;Depth:604.0
2025-07-11 05:12:50 [INFO] [転送] VM → BM : Depth:604.0
2025-07-11 05:12:50 [INFO] [受信] VM → BM;Depth:594.0
2025-07-11 05:12:50 [INFO] [転送] VM → BM : Depth:594.0
2025-07-11 05:12:50 [INFO] [受信] VM → BM;Depth:586.0
2025-07-11 05:12:50 [INFO] [転送] VM → BM : Depth:586.0
2025-07-11 05:12:50 [INFO] [受信] VM → BM;Depth:161.0
2025-07-11 05:12:50 [INFO] [転送] VM → BM : Depth:161.0
2025-07-11 05:12:50 [INFO] [受信] VM → BM;Depth:973.0
2025-07-11 05:12:50 [INFO] [転送] VM → BM : Depth:973.0
2025-07-11 05:12:50 [INFO] [受信] VM → BM;Depth:920.0
2025-07-11 05:12:50 [INFO] [転送] VM → BM : Depth:920.0
2025-07-11 05:12:50 [INFO] [受信] VM → BM;Depth:897.0
2025-07-11 05:12:50 [INFO] [転送] VM → BM : Depth:897.0
2025-07-11 05:12:50 [INFO] [受信] VM → BM;Depth:842.0
2025-07-11 05:12:50 [INFO] [転送] VM → BM : Depth:842.0
2025-07-11 05:12:50 [INFO] [受信] VM → BM;Depth:783.0
2025-07-11 05:12:51 [INFO] [転送] VM → BM : Depth:783.0
2025-07-11 05:12:51 [INFO] [受信] VM → BM;Depth:739.0
2025-07-11 05:12:51 [INFO] [転送] VM → BM : Depth:739.0
2025-07-11 05:12:51 [INFO] [受信] VM → BM;Depth:2269.0
2025-07-11 05:12:51 [INFO] [転送] VM → BM : Depth:2269.0
2025-07-11 05:12:51 [INFO] [受信] VM → BM;Depth:2356.0
2025-07-11 05:12:51 [INFO] [転送] VM → BM : Depth:2356.0
2025-07-11 05:12:51 [INFO] [受信] VM → BM;Depth:2303.0
2025-07-11 05:12:51 [INFO] [転送] VM → BM : Depth:2303.0
2025-07-11 05:12:53 [INFO] [受信] VM → BM;Depth:192.0
2025-07-11 05:12:53 [INFO] [転送] VM → BM : Depth:192.0
2025-07-11 05:13:09 [INFO] [切断] 127.0.0.1:64817 (Cmd) の接続を終了
