2025-07-11 05:15:41 [INFO] [起動] BlackBoardサーバが localhost:9000 で待機中...
2025-07-11 05:15:41 [INFO] [操作] ESCキーでサーバを終了できます
2025-07-11 05:15:43 [INFO] [接続] BM (127.0.0.1:65280) が接続しました
2025-07-11 05:15:44 [INFO] [接続] Cmd (127.0.0.1:65281) が接続しました
2025-07-11 05:15:45 [INFO] [接続] VM (127.0.0.1:65282) が接続しました
2025-07-11 05:15:53 [INFO] [受信] VM → BM;Depth:249.0
2025-07-11 05:15:53 [INFO] [転送] VM → BM : Depth:249.0
2025-07-11 05:15:53 [INFO] [受信] VM → BM;Depth:258.0
2025-07-11 05:15:53 [INFO] [転送] VM → BM : Depth:258.0
2025-07-11 05:15:53 [INFO] [受信] VM → BM;Depth:267.0
2025-07-11 05:15:53 [INFO] [転送] VM → BM : Depth:267.0
2025-07-11 05:15:53 [INFO] [受信] VM → BM;Depth:288.0
2025-07-11 05:15:53 [INFO] [転送] VM → BM : Depth:288.0
2025-07-11 05:15:53 [INFO] [受信] VM → BM;Depth:266.0
2025-07-11 05:15:53 [INFO] [転送] VM → BM : Depth:266.0
2025-07-11 05:15:53 [INFO] [受信] VM → BM;Depth:273.0
2025-07-11 05:15:53 [INFO] [転送] VM → BM : Depth:273.0
2025-07-11 05:15:53 [INFO] [受信] VM → BM;Depth:276.0
2025-07-11 05:15:53 [INFO] [転送] VM → BM : Depth:276.0
2025-07-11 05:15:53 [INFO] [受信] VM → BM;Depth:1917.0
2025-07-11 05:15:53 [INFO] [転送] VM → BM : Depth:1917.0
2025-07-11 05:15:53 [INFO] [受信] VM → BM;Depth:269.0
2025-07-11 05:15:53 [INFO] [転送] VM → BM : Depth:269.0
2025-07-11 05:15:53 [INFO] [受信] VM → BM;Depth:287.0
2025-07-11 05:15:53 [INFO] [転送] VM → BM : Depth:287.0
2025-07-11 05:15:54 [INFO] [受信] VM → BM;Depth:303.0
2025-07-11 05:15:54 [INFO] [転送] VM → BM : Depth:303.0
2025-07-11 05:15:54 [INFO] [受信] VM → BM;Depth:302.0
2025-07-11 05:15:54 [INFO] [転送] VM → BM : Depth:302.0
2025-07-11 05:15:54 [INFO] [受信] VM → BM;Depth:300.0
2025-07-11 05:15:54 [INFO] [転送] VM → BM : Depth:300.0
2025-07-11 05:15:54 [INFO] [受信] VM → BM;Depth:302.0
2025-07-11 05:15:54 [INFO] [転送] VM → BM : Depth:302.0
2025-07-11 05:15:54 [INFO] [受信] VM → BM;Depth:304.0
2025-07-11 05:15:54 [INFO] [転送] VM → BM : Depth:304.0
2025-07-11 05:15:54 [INFO] [受信] VM → BM;Depth:284.0
2025-07-11 05:15:54 [INFO] [転送] VM → BM : Depth:284.0
2025-07-11 05:15:54 [INFO] [受信] VM → BM;Depth:286.0
2025-07-11 05:15:54 [INFO] [転送] VM → BM : Depth:286.0
2025-07-11 05:15:54 [INFO] [受信] VM → BM;Depth:286.0
2025-07-11 05:15:54 [INFO] [転送] VM → BM : Depth:286.0
2025-07-11 05:15:54 [INFO] [受信] VM → BM;Depth:279.0
2025-07-11 05:15:54 [INFO] [転送] VM → BM : Depth:279.0
2025-07-11 05:15:54 [INFO] [受信] VM → BM;Depth:281.0
2025-07-11 05:15:54 [INFO] [転送] VM → BM : Depth:281.0
2025-07-11 05:15:54 [INFO] [受信] VM → BM;Depth:282.0
2025-07-11 05:15:54 [INFO] [転送] VM → BM : Depth:282.0
2025-07-11 05:15:54 [INFO] [受信] VM → BM;Depth:283.0
2025-07-11 05:15:54 [INFO] [転送] VM → BM : Depth:283.0
2025-07-11 05:15:54 [INFO] [受信] VM → BM;Depth:286.0
2025-07-11 05:15:54 [INFO] [転送] VM → BM : Depth:286.0
2025-07-11 05:15:54 [INFO] [受信] VM → BM;Depth:287.0
2025-07-11 05:15:54 [INFO] [転送] VM → BM : Depth:287.0
2025-07-11 05:15:54 [INFO] [受信] VM → BM;Depth:291.0
2025-07-11 05:15:54 [INFO] [転送] VM → BM : Depth:291.0
2025-07-11 05:15:54 [INFO] [受信] VM → BM;Depth:287.0
2025-07-11 05:15:54 [INFO] [転送] VM → BM : Depth:287.0
2025-07-11 05:15:54 [INFO] [受信] VM → BM;Depth:287.0
2025-07-11 05:15:54 [INFO] [転送] VM → BM : Depth:287.0
2025-07-11 05:15:54 [INFO] [受信] VM → BM;Depth:290.0
2025-07-11 05:15:54 [INFO] [転送] VM → BM : Depth:290.0
2025-07-11 05:15:54 [INFO] [受信] VM → BM;Depth:297.0
2025-07-11 05:15:54 [INFO] [転送] VM → BM : Depth:297.0
2025-07-11 05:15:54 [INFO] [受信] VM → BM;Depth:299.0
2025-07-11 05:15:54 [INFO] [転送] VM → BM : Depth:299.0
2025-07-11 05:15:54 [INFO] [受信] VM → BM;Depth:300.0
2025-07-11 05:15:54 [INFO] [転送] VM → BM : Depth:300.0
2025-07-11 05:15:54 [INFO] [受信] VM → BM;Depth:297.0
2025-07-11 05:15:55 [INFO] [転送] VM → BM : Depth:297.0
2025-07-11 05:15:55 [INFO] [受信] VM → BM;Depth:298.0
2025-07-11 05:15:55 [INFO] [転送] VM → BM : Depth:298.0
2025-07-11 05:15:55 [INFO] [受信] VM → BM;Depth:298.0
2025-07-11 05:15:55 [INFO] [転送] VM → BM : Depth:298.0
2025-07-11 05:15:55 [INFO] [受信] VM → BM;Depth:300.0
2025-07-11 05:15:55 [INFO] [転送] VM → BM : Depth:300.0
2025-07-11 05:15:55 [INFO] [受信] VM → BM;Depth:300.0
2025-07-11 05:15:55 [INFO] [転送] VM → BM : Depth:300.0
2025-07-11 05:15:55 [INFO] [受信] VM → BM;Depth:297.0
2025-07-11 05:15:55 [INFO] [転送] VM → BM : Depth:297.0
2025-07-11 05:15:55 [INFO] [受信] VM → BM;Depth:297.0
2025-07-11 05:15:55 [INFO] [転送] VM → BM : Depth:297.0
2025-07-11 05:15:55 [INFO] [受信] VM → BM;Depth:299.0
2025-07-11 05:15:55 [INFO] [転送] VM → BM : Depth:299.0
2025-07-11 05:15:55 [INFO] [受信] VM → BM;Depth:294.0
2025-07-11 05:15:55 [INFO] [転送] VM → BM : Depth:294.0
2025-07-11 05:15:55 [INFO] [受信] VM → BM;Depth:300.0
2025-07-11 05:15:55 [INFO] [転送] VM → BM : Depth:300.0
2025-07-11 05:15:55 [INFO] [受信] VM → BM;Depth:293.0
2025-07-11 05:15:55 [INFO] [転送] VM → BM : Depth:293.0
2025-07-11 05:15:55 [INFO] [受信] VM → BM;Depth:293.0
2025-07-11 05:15:55 [INFO] [転送] VM → BM : Depth:293.0
2025-07-11 05:15:55 [INFO] [受信] VM → BM;Depth:293.0
2025-07-11 05:15:55 [INFO] [転送] VM → BM : Depth:293.0
2025-07-11 05:15:55 [INFO] [受信] VM → BM;Depth:293.0
2025-07-11 05:15:55 [INFO] [転送] VM → BM : Depth:293.0
2025-07-11 05:15:55 [INFO] [受信] VM → BM;Depth:293.0
2025-07-11 05:15:55 [INFO] [転送] VM → BM : Depth:293.0
2025-07-11 05:15:55 [INFO] [受信] VM → BM;Depth:293.0
2025-07-11 05:15:55 [INFO] [転送] VM → BM : Depth:293.0
2025-07-11 05:15:55 [INFO] [受信] VM → BM;Depth:292.0
2025-07-11 05:15:55 [INFO] [転送] VM → BM : Depth:292.0
2025-07-11 05:15:55 [INFO] [受信] VM → BM;Depth:291.0
2025-07-11 05:15:55 [INFO] [転送] VM → BM : Depth:291.0
2025-07-11 05:15:55 [INFO] [受信] VM → BM;Depth:292.0
2025-07-11 05:15:55 [INFO] [転送] VM → BM : Depth:292.0
2025-07-11 05:15:55 [INFO] [受信] VM → BM;Depth:291.0
2025-07-11 05:15:55 [INFO] [転送] VM → BM : Depth:291.0
2025-07-11 05:15:55 [INFO] [受信] VM → BM;Depth:292.0
2025-07-11 05:15:55 [INFO] [転送] VM → BM : Depth:292.0
2025-07-11 05:15:55 [INFO] [受信] VM → BM;Depth:291.0
2025-07-11 05:15:55 [INFO] [転送] VM → BM : Depth:291.0
2025-07-11 05:15:55 [INFO] [受信] VM → BM;Depth:290.0
2025-07-11 05:15:55 [INFO] [転送] VM → BM : Depth:290.0
2025-07-11 05:15:56 [INFO] [受信] VM → BM;Depth:290.0
2025-07-11 05:15:56 [INFO] [転送] VM → BM : Depth:290.0
2025-07-11 05:15:56 [INFO] [受信] VM → BM;Depth:290.0
2025-07-11 05:15:56 [INFO] [転送] VM → BM : Depth:290.0
2025-07-11 05:15:56 [INFO] [受信] VM → BM;Depth:290.0
2025-07-11 05:15:56 [INFO] [転送] VM → BM : Depth:290.0
2025-07-11 05:15:56 [INFO] [受信] VM → BM;Depth:291.0
2025-07-11 05:15:56 [INFO] [転送] VM → BM : Depth:291.0
2025-07-11 05:15:56 [INFO] [受信] VM → BM;Depth:290.0
2025-07-11 05:15:56 [INFO] [転送] VM → BM : Depth:290.0
2025-07-11 05:15:56 [INFO] [受信] VM → BM;Depth:290.0
2025-07-11 05:15:56 [INFO] [転送] VM → BM : Depth:290.0
2025-07-11 05:15:56 [INFO] [受信] VM → BM;Depth:290.0
2025-07-11 05:15:56 [INFO] [転送] VM → BM : Depth:290.0
2025-07-11 05:15:56 [INFO] [受信] VM → BM;Depth:289.0
2025-07-11 05:15:56 [INFO] [転送] VM → BM : Depth:289.0
2025-07-11 05:15:56 [INFO] [受信] VM → BM;Depth:289.0
2025-07-11 05:15:56 [INFO] [転送] VM → BM : Depth:289.0
2025-07-11 05:15:56 [INFO] [受信] Cmd → BM;ID:1,Cond:1
2025-07-11 05:15:56 [INFO] [受信] VM → BM;Depth:289.0
2025-07-11 05:15:56 [INFO] [転送] Cmd → BM : ID:1,Cond:1
2025-07-11 05:15:56 [INFO] [転送] VM → BM : Depth:289.0
2025-07-11 05:15:56 [INFO] [受信] Cmd → VM;start_log_recording
2025-07-11 05:15:56 [INFO] [受信] VM → BM;Depth:289.0
2025-07-11 05:15:56 [INFO] [転送] Cmd → VM : start_log_recording
2025-07-11 05:15:56 [INFO] [転送] VM → BM : Depth:289.0
2025-07-11 05:15:56 [INFO] [受信] VM → BM;Depth:289.0
2025-07-11 05:15:56 [INFO] [転送] VM → BM : Depth:289.0
2025-07-11 05:15:56 [INFO] [受信] VM → BM;Depth:289.0
2025-07-11 05:15:56 [INFO] [転送] VM → BM : Depth:289.0
2025-07-11 05:15:56 [INFO] [受信] VM → BM;Depth:288.0
2025-07-11 05:15:56 [INFO] [転送] VM → BM : Depth:288.0
2025-07-11 05:15:56 [INFO] [受信] VM → BM;Depth:289.0
2025-07-11 05:15:56 [INFO] [転送] VM → BM : Depth:289.0
2025-07-11 05:15:56 [INFO] [受信] VM → BM;Depth:289.0
2025-07-11 05:15:56 [INFO] [転送] VM → BM : Depth:289.0
2025-07-11 05:15:56 [INFO] [受信] VM → BM;Depth:289.0
2025-07-11 05:15:56 [INFO] [転送] VM → BM : Depth:289.0
2025-07-11 05:15:56 [INFO] [受信] VM → BM;Depth:289.0
2025-07-11 05:15:56 [INFO] [転送] VM → BM : Depth:289.0
2025-07-11 05:15:56 [INFO] [受信] VM → BM;Depth:288.0
2025-07-11 05:15:56 [INFO] [転送] VM → BM : Depth:288.0
2025-07-11 05:15:56 [INFO] [受信] VM → BM;Depth:288.0
2025-07-11 05:15:56 [INFO] [転送] VM → BM : Depth:288.0
2025-07-11 05:15:56 [INFO] [受信] VM → BM;Depth:288.0
2025-07-11 05:15:56 [INFO] [転送] VM → BM : Depth:288.0
2025-07-11 05:15:56 [INFO] [受信] VM → BM;Depth:287.0
2025-07-11 05:15:56 [INFO] [転送] VM → BM : Depth:287.0
2025-07-11 05:15:57 [INFO] [受信] VM → BM;Depth:287.0
2025-07-11 05:15:57 [INFO] [転送] VM → BM : Depth:287.0
2025-07-11 05:15:57 [INFO] [受信] VM → BM;Depth:288.0
2025-07-11 05:15:57 [INFO] [転送] VM → BM : Depth:288.0
2025-07-11 05:15:57 [INFO] [受信] VM → BM;Depth:287.0
2025-07-11 05:15:57 [INFO] [転送] VM → BM : Depth:287.0
2025-07-11 05:15:57 [INFO] [受信] VM → BM;Depth:287.0
2025-07-11 05:15:57 [INFO] [転送] VM → BM : Depth:287.0
2025-07-11 05:15:57 [INFO] [受信] VM → BM;Depth:286.0
2025-07-11 05:15:57 [INFO] [転送] VM → BM : Depth:286.0
2025-07-11 05:15:57 [INFO] [受信] VM → BM;Depth:285.0
2025-07-11 05:15:57 [INFO] [転送] VM → BM : Depth:285.0
2025-07-11 05:15:57 [INFO] [受信] VM → BM;Depth:284.0
2025-07-11 05:15:57 [INFO] [転送] VM → BM : Depth:284.0
2025-07-11 05:15:57 [INFO] [受信] VM → BM;Depth:285.0
2025-07-11 05:15:57 [INFO] [転送] VM → BM : Depth:285.0
2025-07-11 05:15:57 [INFO] [受信] VM → BM;Depth:291.0
2025-07-11 05:15:57 [INFO] [転送] VM → BM : Depth:291.0
2025-07-11 05:15:57 [INFO] [受信] VM → BM;Depth:291.0
2025-07-11 05:15:57 [INFO] [転送] VM → BM : Depth:291.0
2025-07-11 05:15:57 [INFO] [受信] VM → BM;Depth:284.0
2025-07-11 05:15:57 [INFO] [転送] VM → BM : Depth:284.0
2025-07-11 05:15:57 [INFO] [受信] VM → BM;Depth:285.0
2025-07-11 05:15:57 [INFO] [転送] VM → BM : Depth:285.0
2025-07-11 05:15:57 [INFO] [受信] VM → BM;Depth:292.0
2025-07-11 05:15:57 [INFO] [転送] VM → BM : Depth:292.0
2025-07-11 05:15:57 [INFO] [受信] VM → BM;Depth:291.0
2025-07-11 05:15:57 [INFO] [転送] VM → BM : Depth:291.0
2025-07-11 05:15:57 [INFO] [受信] VM → BM;Depth:292.0
2025-07-11 05:15:57 [INFO] [転送] VM → BM : Depth:292.0
2025-07-11 05:15:57 [INFO] [受信] VM → BM;Depth:291.0
2025-07-11 05:15:57 [INFO] [転送] VM → BM : Depth:291.0
2025-07-11 05:15:57 [INFO] [受信] VM → BM;Depth:289.0
2025-07-11 05:15:57 [INFO] [転送] VM → BM : Depth:289.0
2025-07-11 05:15:57 [INFO] [受信] VM → BM;Depth:288.0
2025-07-11 05:15:57 [INFO] [転送] VM → BM : Depth:288.0
2025-07-11 05:15:57 [INFO] [受信] VM → BM;Depth:286.0
2025-07-11 05:15:57 [INFO] [転送] VM → BM : Depth:286.0
2025-07-11 05:15:57 [INFO] [受信] VM → BM;Depth:284.0
2025-07-11 05:15:57 [INFO] [転送] VM → BM : Depth:284.0
2025-07-11 05:15:57 [INFO] [受信] VM → BM;Depth:280.0
2025-07-11 05:15:57 [INFO] [転送] VM → BM : Depth:280.0
2025-07-11 05:15:57 [INFO] [受信] VM → BM;Depth:271.0
2025-07-11 05:15:57 [INFO] [転送] VM → BM : Depth:271.0
2025-07-11 05:15:57 [INFO] [受信] VM → BM;Depth:329.0
2025-07-11 05:15:57 [INFO] [転送] VM → BM : Depth:329.0
2025-07-11 05:15:57 [INFO] [受信] VM → BM;Depth:283.0
2025-07-11 05:15:57 [INFO] [転送] VM → BM : Depth:283.0
2025-07-11 05:15:57 [INFO] [受信] VM → BM;Depth:294.0
2025-07-11 05:15:58 [INFO] [転送] VM → BM : Depth:294.0
2025-07-11 05:15:58 [INFO] [受信] VM → BM;Depth:271.0
2025-07-11 05:15:58 [INFO] [転送] VM → BM : Depth:271.0
2025-07-11 05:15:58 [INFO] [受信] VM → BM;Depth:293.0
2025-07-11 05:15:58 [INFO] [転送] VM → BM : Depth:293.0
2025-07-11 05:15:58 [INFO] [受信] VM → BM;Depth:300.0
2025-07-11 05:15:58 [INFO] [転送] VM → BM : Depth:300.0
2025-07-11 05:15:58 [INFO] [受信] VM → BM;Depth:300.0
2025-07-11 05:15:58 [INFO] [転送] VM → BM : Depth:300.0
2025-07-11 05:15:58 [INFO] [受信] VM → BM;Depth:300.0
2025-07-11 05:15:58 [INFO] [転送] VM → BM : Depth:300.0
2025-07-11 05:15:58 [INFO] [受信] VM → BM;Depth:302.0
2025-07-11 05:15:58 [INFO] [転送] VM → BM : Depth:302.0
2025-07-11 05:15:58 [INFO] [受信] VM → BM;Depth:301.0
2025-07-11 05:15:58 [INFO] [転送] VM → BM : Depth:301.0
2025-07-11 05:15:58 [INFO] [受信] VM → BM;Depth:301.0
2025-07-11 05:15:58 [INFO] [転送] VM → BM : Depth:301.0
2025-07-11 05:15:58 [INFO] [受信] VM → BM;Depth:302.0
2025-07-11 05:15:58 [INFO] [転送] VM → BM : Depth:302.0
2025-07-11 05:15:58 [INFO] [受信] VM → BM;Depth:301.0
2025-07-11 05:15:58 [INFO] [受信] Cmd → BM;reset
2025-07-11 05:15:58 [INFO] [転送] VM → BM : Depth:301.0
2025-07-11 05:15:58 [INFO] [転送] Cmd → BM : reset
2025-07-11 05:15:58 [INFO] [受信] Cmd → VM;stop_log_recording
2025-07-11 05:15:58 [INFO] [受信] VM → BM;Depth:301.0
2025-07-11 05:15:58 [INFO] [転送] Cmd → VM : stop_log_recording
2025-07-11 05:15:58 [INFO] [転送] VM → BM : Depth:301.0
2025-07-11 05:15:58 [INFO] [受信] VM → BM;Depth:302.0
2025-07-11 05:15:58 [INFO] [転送] VM → BM : Depth:302.0
2025-07-11 05:15:58 [INFO] [受信] VM → BM;Depth:301.0
2025-07-11 05:15:58 [INFO] [転送] VM → BM : Depth:301.0
2025-07-11 05:15:58 [INFO] [受信] VM → BM;Depth:301.0
2025-07-11 05:15:58 [INFO] [転送] VM → BM : Depth:301.0
2025-07-11 05:15:58 [INFO] [受信] VM → BM;Depth:301.0
2025-07-11 05:15:58 [INFO] [転送] VM → BM : Depth:301.0
2025-07-11 05:15:58 [INFO] [受信] VM → BM;Depth:302.0
2025-07-11 05:15:58 [INFO] [転送] VM → BM : Depth:302.0
2025-07-11 05:15:58 [INFO] [受信] VM → BM;Depth:301.0
2025-07-11 05:15:58 [INFO] [転送] VM → BM : Depth:301.0
2025-07-11 05:15:58 [INFO] [受信] VM → BM;Depth:301.0
2025-07-11 05:15:58 [INFO] [転送] VM → BM : Depth:301.0
2025-07-11 05:15:58 [INFO] [受信] VM → BM;Depth:301.0
2025-07-11 05:15:58 [INFO] [転送] VM → BM : Depth:301.0
2025-07-11 05:15:58 [INFO] [受信] VM → BM;Depth:300.0
2025-07-11 05:15:58 [INFO] [転送] VM → BM : Depth:300.0
2025-07-11 05:15:58 [INFO] [受信] VM → BM;Depth:300.0
2025-07-11 05:15:58 [INFO] [転送] VM → BM : Depth:300.0
2025-07-11 05:15:58 [INFO] [受信] VM → BM;Depth:300.0
2025-07-11 05:15:58 [INFO] [転送] VM → BM : Depth:300.0
2025-07-11 05:15:58 [INFO] [受信] VM → BM;Depth:298.0
2025-07-11 05:15:58 [INFO] [転送] VM → BM : Depth:298.0
2025-07-11 05:15:58 [INFO] [受信] VM → BM;Depth:298.0
2025-07-11 05:15:58 [INFO] [転送] VM → BM : Depth:298.0
2025-07-11 05:15:59 [INFO] [受信] VM → BM;Depth:298.0
2025-07-11 05:15:59 [INFO] [転送] VM → BM : Depth:298.0
2025-07-11 05:15:59 [INFO] [受信] VM → BM;Depth:170.0
2025-07-11 05:15:59 [INFO] [転送] VM → BM : Depth:170.0
2025-07-11 05:15:59 [INFO] [受信] VM → BM;Depth:295.0
2025-07-11 05:15:59 [INFO] [転送] VM → BM : Depth:295.0
2025-07-11 05:15:59 [INFO] [受信] VM → BM;Depth:291.0
2025-07-11 05:15:59 [INFO] [転送] VM → BM : Depth:291.0
2025-07-11 05:15:59 [INFO] [受信] VM → BM;Depth:285.0
2025-07-11 05:15:59 [INFO] [転送] VM → BM : Depth:285.0
2025-07-11 05:15:59 [INFO] [受信] VM → BM;Depth:278.0
2025-07-11 05:15:59 [INFO] [転送] VM → BM : Depth:278.0
2025-07-11 05:15:59 [INFO] [受信] VM → BM;Depth:263.0
2025-07-11 05:15:59 [INFO] [転送] VM → BM : Depth:263.0
2025-07-11 05:15:59 [INFO] [受信] VM → BM;Depth:255.0
2025-07-11 05:15:59 [INFO] [転送] VM → BM : Depth:255.0
2025-07-11 05:15:59 [INFO] [受信] VM → BM;Depth:244.0
2025-07-11 05:15:59 [INFO] [転送] VM → BM : Depth:244.0
2025-07-11 05:15:59 [INFO] [受信] VM → BM;Depth:234.0
2025-07-11 05:15:59 [INFO] [転送] VM → BM : Depth:234.0
2025-07-11 05:15:59 [INFO] [受信] VM → BM;Depth:213.0
2025-07-11 05:15:59 [INFO] [転送] VM → BM : Depth:213.0
2025-07-11 05:15:59 [INFO] [受信] VM → BM;Depth:203.0
2025-07-11 05:15:59 [INFO] [転送] VM → BM : Depth:203.0
2025-07-11 05:16:16 [INFO] [受信] Cmd → BM;ID:1,Cond:1
2025-07-11 05:16:16 [INFO] [転送] Cmd → BM : ID:1,Cond:1
2025-07-11 05:16:16 [INFO] [受信] Cmd → VM;start_log_recording
2025-07-11 05:16:16 [INFO] [転送] Cmd → VM : start_log_recording
2025-07-11 05:16:20 [INFO] [受信] Cmd → BM;reset
2025-07-11 05:16:20 [INFO] [転送] Cmd → BM : reset
2025-07-11 05:16:20 [INFO] [受信] Cmd → VM;stop_log_recording
2025-07-11 05:16:20 [INFO] [転送] Cmd → VM : stop_log_recording
2025-07-11 05:16:24 [INFO] [受信] Cmd → BM;ID:1,Cond:1
2025-07-11 05:16:24 [INFO] [転送] Cmd → BM : ID:1,Cond:1
2025-07-11 05:16:24 [INFO] [受信] Cmd → VM;start_log_recording
2025-07-11 05:16:24 [INFO] [転送] Cmd → VM : start_log_recording
2025-07-11 05:16:34 [INFO] [受信] Cmd → BM;reset
2025-07-11 05:16:34 [INFO] [転送] Cmd → BM : reset
2025-07-11 05:16:34 [INFO] [受信] Cmd → VM;stop_log_recording
2025-07-11 05:16:34 [INFO] [転送] Cmd → VM : stop_log_recording
2025-07-11 05:16:47 [INFO] [受信] VM → BM;Depth:155.0
2025-07-11 05:16:47 [INFO] [転送] VM → BM : Depth:155.0
2025-07-11 05:16:47 [INFO] [受信] VM → BM;Depth:158.0
2025-07-11 05:16:47 [INFO] [転送] VM → BM : Depth:158.0
2025-07-11 05:16:47 [INFO] [受信] VM → BM;Depth:191.0
2025-07-11 05:16:47 [INFO] [転送] VM → BM : Depth:191.0
2025-07-11 05:16:47 [INFO] [受信] VM → BM;Depth:174.0
2025-07-11 05:16:47 [INFO] [転送] VM → BM : Depth:174.0
2025-07-11 05:16:47 [INFO] [受信] VM → BM;Depth:191.0
2025-07-11 05:16:47 [INFO] [転送] VM → BM : Depth:191.0
2025-07-11 05:16:47 [INFO] [受信] VM → BM;Depth:185.0
2025-07-11 05:16:47 [INFO] [転送] VM → BM : Depth:185.0
2025-07-11 05:16:47 [INFO] [受信] VM → BM;Depth:185.0
2025-07-11 05:16:47 [INFO] [転送] VM → BM : Depth:185.0
2025-07-11 05:16:47 [INFO] [受信] VM → BM;Depth:181.0
2025-07-11 05:16:47 [INFO] [転送] VM → BM : Depth:181.0
2025-07-11 05:16:47 [INFO] [受信] VM → BM;Depth:184.0
2025-07-11 05:16:47 [INFO] [転送] VM → BM : Depth:184.0
2025-07-11 05:16:47 [INFO] [受信] VM → BM;Depth:296.0
2025-07-11 05:16:47 [INFO] [転送] VM → BM : Depth:296.0
2025-07-11 05:16:47 [INFO] [受信] VM → BM;Depth:160.0
2025-07-11 05:16:47 [INFO] [転送] VM → BM : Depth:160.0
2025-07-11 05:16:48 [INFO] [受信] VM → BM;Depth:174.0
2025-07-11 05:16:48 [INFO] [転送] VM → BM : Depth:174.0
2025-07-11 05:16:48 [INFO] [受信] VM → BM;Depth:156.0
2025-07-11 05:16:48 [INFO] [転送] VM → BM : Depth:156.0
2025-07-11 05:16:48 [INFO] [受信] VM → BM;Depth:154.0
2025-07-11 05:16:48 [INFO] [転送] VM → BM : Depth:154.0
2025-07-11 05:16:48 [INFO] [受信] VM → BM;Depth:161.0
2025-07-11 05:16:48 [INFO] [転送] VM → BM : Depth:161.0
2025-07-11 05:16:48 [INFO] [受信] VM → BM;Depth:174.0
2025-07-11 05:16:48 [INFO] [転送] VM → BM : Depth:174.0
2025-07-11 05:16:49 [INFO] [受信] VM → BM;Depth:201.0
2025-07-11 05:16:49 [INFO] [転送] VM → BM : Depth:201.0
2025-07-11 05:16:49 [INFO] [受信] VM → BM;Depth:180.0
2025-07-11 05:16:49 [INFO] [転送] VM → BM : Depth:180.0
2025-07-11 05:16:49 [INFO] [受信] VM → BM;Depth:183.0
2025-07-11 05:16:49 [INFO] [転送] VM → BM : Depth:183.0
2025-07-11 05:16:49 [INFO] [受信] VM → BM;Depth:183.0
2025-07-11 05:16:49 [INFO] [転送] VM → BM : Depth:183.0
2025-07-11 05:16:49 [INFO] [受信] VM → BM;Depth:197.0
2025-07-11 05:16:49 [INFO] [転送] VM → BM : Depth:197.0
2025-07-11 05:16:49 [INFO] [受信] VM → BM;Depth:192.0
2025-07-11 05:16:49 [INFO] [転送] VM → BM : Depth:192.0
2025-07-11 05:16:49 [INFO] [受信] VM → BM;Depth:198.0
2025-07-11 05:16:49 [INFO] [転送] VM → BM : Depth:198.0
2025-07-11 05:16:49 [INFO] [受信] VM → BM;Depth:205.0
2025-07-11 05:16:49 [INFO] [転送] VM → BM : Depth:205.0
2025-07-11 05:16:49 [INFO] [受信] VM → BM;Depth:211.0
2025-07-11 05:16:49 [INFO] [転送] VM → BM : Depth:211.0
2025-07-11 05:16:49 [INFO] [受信] VM → BM;Depth:233.0
2025-07-11 05:16:49 [INFO] [転送] VM → BM : Depth:233.0
2025-07-11 05:16:49 [INFO] [受信] VM → BM;Depth:243.0
2025-07-11 05:16:49 [INFO] [転送] VM → BM : Depth:243.0
2025-07-11 05:16:49 [INFO] [受信] VM → BM;Depth:245.0
2025-07-11 05:16:49 [INFO] [転送] VM → BM : Depth:245.0
2025-07-11 05:16:49 [INFO] [受信] VM → BM;Depth:226.0
2025-07-11 05:16:49 [INFO] [転送] VM → BM : Depth:226.0
2025-07-11 05:16:49 [INFO] [受信] VM → BM;Depth:225.0
2025-07-11 05:16:49 [INFO] [転送] VM → BM : Depth:225.0
2025-07-11 05:16:49 [INFO] [受信] VM → BM;Depth:245.0
2025-07-11 05:16:49 [INFO] [転送] VM → BM : Depth:245.0
2025-07-11 05:16:49 [INFO] [受信] VM → BM;Depth:245.0
2025-07-11 05:16:49 [INFO] [転送] VM → BM : Depth:245.0
2025-07-11 05:16:49 [INFO] [受信] VM → BM;Depth:229.0
2025-07-11 05:16:49 [INFO] [転送] VM → BM : Depth:229.0
2025-07-11 05:16:49 [INFO] [受信] VM → BM;Depth:223.0
2025-07-11 05:16:49 [INFO] [転送] VM → BM : Depth:223.0
2025-07-11 05:16:49 [INFO] [受信] VM → BM;Depth:196.0
2025-07-11 05:16:49 [INFO] [転送] VM → BM : Depth:196.0
2025-07-11 05:16:50 [INFO] [受信] VM → BM;Depth:165.0
2025-07-11 05:16:50 [INFO] [転送] VM → BM : Depth:165.0
2025-07-11 05:16:50 [INFO] [受信] VM → BM;Depth:198.0
2025-07-11 05:16:50 [INFO] [転送] VM → BM : Depth:198.0
2025-07-11 05:21:41 [INFO] [受信] Cmd → BM;ID:1,Cond:1
2025-07-11 05:21:41 [INFO] [転送] Cmd → BM : ID:1,Cond:1
2025-07-11 05:21:41 [INFO] [受信] Cmd → VM;start_log_recording
2025-07-11 05:21:41 [INFO] [転送] Cmd → VM : start_log_recording
2025-07-11 05:21:42 [INFO] [受信] VM → BM;Depth:161.0
2025-07-11 05:21:42 [INFO] [転送] VM → BM : Depth:161.0
2025-07-11 05:21:42 [INFO] [受信] VM → BM;Depth:173.0
2025-07-11 05:21:42 [INFO] [転送] VM → BM : Depth:173.0
2025-07-11 05:21:42 [INFO] [受信] VM → BM;Depth:197.0
2025-07-11 05:21:42 [INFO] [転送] VM → BM : Depth:197.0
2025-07-11 05:21:42 [INFO] [受信] VM → BM;Depth:155.0
2025-07-11 05:21:42 [INFO] [転送] VM → BM : Depth:155.0
2025-07-11 05:21:42 [INFO] [受信] VM → BM;Depth:1991.0
2025-07-11 05:21:42 [INFO] [転送] VM → BM : Depth:1991.0
2025-07-11 05:21:42 [INFO] [受信] VM → BM;Depth:388.0
2025-07-11 05:21:42 [INFO] [転送] VM → BM : Depth:388.0
2025-07-11 05:21:42 [INFO] [受信] VM → BM;Depth:335.0
2025-07-11 05:21:42 [INFO] [転送] VM → BM : Depth:335.0
2025-07-11 05:21:42 [INFO] [受信] VM → BM;Depth:343.0
2025-07-11 05:21:42 [INFO] [転送] VM → BM : Depth:343.0
2025-07-11 05:21:43 [INFO] [受信] VM → BM;Depth:339.0
2025-07-11 05:21:43 [INFO] [転送] VM → BM : Depth:339.0
2025-07-11 05:21:43 [INFO] [受信] VM → BM;Depth:386.0
2025-07-11 05:21:43 [INFO] [転送] VM → BM : Depth:386.0
2025-07-11 05:21:43 [INFO] [受信] VM → BM;Depth:154.0
2025-07-11 05:21:43 [INFO] [転送] VM → BM : Depth:154.0
2025-07-11 05:21:43 [INFO] [受信] VM → BM;Depth:347.0
2025-07-11 05:21:43 [INFO] [転送] VM → BM : Depth:347.0
2025-07-11 05:21:43 [INFO] [受信] VM → BM;Depth:352.0
2025-07-11 05:21:43 [INFO] [転送] VM → BM : Depth:352.0
2025-07-11 05:21:43 [INFO] [受信] VM → BM;Depth:155.0
2025-07-11 05:21:43 [INFO] [転送] VM → BM : Depth:155.0
2025-07-11 05:21:43 [INFO] [受信] VM → BM;Depth:349.0
2025-07-11 05:21:43 [INFO] [転送] VM → BM : Depth:349.0
2025-07-11 05:21:43 [INFO] [受信] VM → BM;Depth:378.0
2025-07-11 05:21:43 [INFO] [転送] VM → BM : Depth:378.0
2025-07-11 05:21:43 [INFO] [受信] VM → BM;Depth:377.0
2025-07-11 05:21:43 [INFO] [転送] VM → BM : Depth:377.0
2025-07-11 05:21:43 [INFO] [受信] VM → BM;Depth:379.0
2025-07-11 05:21:43 [INFO] [転送] VM → BM : Depth:379.0
2025-07-11 05:21:43 [INFO] [受信] VM → BM;Depth:373.0
2025-07-11 05:21:43 [INFO] [転送] VM → BM : Depth:373.0
2025-07-11 05:21:43 [INFO] [受信] VM → BM;Depth:372.0
2025-07-11 05:21:43 [INFO] [転送] VM → BM : Depth:372.0
2025-07-11 05:21:43 [INFO] [受信] VM → BM;Depth:369.0
2025-07-11 05:21:43 [INFO] [転送] VM → BM : Depth:369.0
2025-07-11 05:21:43 [INFO] [受信] VM → BM;Depth:367.0
2025-07-11 05:21:43 [INFO] [転送] VM → BM : Depth:367.0
2025-07-11 05:21:43 [INFO] [受信] VM → BM;Depth:365.0
2025-07-11 05:21:43 [INFO] [転送] VM → BM : Depth:365.0
2025-07-11 05:21:43 [INFO] [受信] VM → BM;Depth:361.0
2025-07-11 05:21:43 [INFO] [転送] VM → BM : Depth:361.0
2025-07-11 05:21:43 [INFO] [受信] VM → BM;Depth:360.0
2025-07-11 05:21:43 [INFO] [転送] VM → BM : Depth:360.0
2025-07-11 05:21:43 [INFO] [受信] VM → BM;Depth:361.0
2025-07-11 05:21:43 [INFO] [転送] VM → BM : Depth:361.0
2025-07-11 05:21:43 [INFO] [受信] VM → BM;Depth:359.0
2025-07-11 05:21:43 [INFO] [転送] VM → BM : Depth:359.0
2025-07-11 05:21:43 [INFO] [受信] VM → BM;Depth:359.0
2025-07-11 05:21:43 [INFO] [転送] VM → BM : Depth:359.0
2025-07-11 05:21:43 [INFO] [受信] VM → BM;Depth:357.0
2025-07-11 05:21:43 [INFO] [転送] VM → BM : Depth:357.0
2025-07-11 05:21:44 [INFO] [受信] VM → BM;Depth:374.0
2025-07-11 05:21:44 [INFO] [転送] VM → BM : Depth:374.0
2025-07-11 05:21:44 [INFO] [受信] VM → BM;Depth:336.0
2025-07-11 05:21:44 [INFO] [転送] VM → BM : Depth:336.0
2025-07-11 05:21:44 [INFO] [受信] VM → BM;Depth:336.0
2025-07-11 05:21:44 [INFO] [転送] VM → BM : Depth:336.0
2025-07-11 05:21:44 [INFO] [受信] VM → BM;Depth:330.0
2025-07-11 05:21:44 [INFO] [転送] VM → BM : Depth:330.0
2025-07-11 05:21:44 [INFO] [受信] VM → BM;Depth:329.0
2025-07-11 05:21:44 [INFO] [転送] VM → BM : Depth:329.0
2025-07-11 05:21:44 [INFO] [受信] VM → BM;Depth:323.0
2025-07-11 05:21:44 [INFO] [転送] VM → BM : Depth:323.0
2025-07-11 05:21:44 [INFO] [受信] VM → BM;Depth:321.0
2025-07-11 05:21:44 [INFO] [転送] VM → BM : Depth:321.0
2025-07-11 05:21:44 [INFO] [受信] VM → BM;Depth:314.0
2025-07-11 05:21:44 [INFO] [転送] VM → BM : Depth:314.0
2025-07-11 05:21:44 [INFO] [受信] VM → BM;Depth:304.0
2025-07-11 05:21:44 [INFO] [転送] VM → BM : Depth:304.0
2025-07-11 05:21:44 [INFO] [受信] VM → BM;Depth:304.0
2025-07-11 05:21:44 [INFO] [転送] VM → BM : Depth:304.0
2025-07-11 05:21:44 [INFO] [受信] VM → BM;Depth:327.0
2025-07-11 05:21:44 [INFO] [転送] VM → BM : Depth:327.0
2025-07-11 05:21:44 [INFO] [受信] VM → BM;Depth:339.0
2025-07-11 05:21:44 [INFO] [転送] VM → BM : Depth:339.0
2025-07-11 05:21:44 [INFO] [受信] VM → BM;Depth:331.0
2025-07-11 05:21:44 [INFO] [転送] VM → BM : Depth:331.0
2025-07-11 05:21:44 [INFO] [受信] VM → BM;Depth:331.0
2025-07-11 05:21:44 [INFO] [転送] VM → BM : Depth:331.0
2025-07-11 05:21:44 [INFO] [受信] VM → BM;Depth:369.0
2025-07-11 05:21:44 [INFO] [転送] VM → BM : Depth:369.0
2025-07-11 05:21:44 [INFO] [受信] VM → BM;Depth:359.0
2025-07-11 05:21:44 [INFO] [転送] VM → BM : Depth:359.0
2025-07-11 05:21:44 [INFO] [受信] VM → BM;Depth:359.0
2025-07-11 05:21:44 [INFO] [転送] VM → BM : Depth:359.0
2025-07-11 05:21:44 [INFO] [受信] VM → BM;Depth:342.0
2025-07-11 05:21:44 [INFO] [転送] VM → BM : Depth:342.0
2025-07-11 05:21:44 [INFO] [受信] VM → BM;Depth:561.0
2025-07-11 05:21:44 [INFO] [転送] VM → BM : Depth:561.0
2025-07-11 05:21:44 [INFO] [受信] VM → BM;Depth:561.0
2025-07-11 05:21:44 [INFO] [転送] VM → BM : Depth:561.0
2025-07-11 05:21:45 [INFO] [受信] VM → BM;Depth:290.0
2025-07-11 05:21:45 [INFO] [転送] VM → BM : Depth:290.0
2025-07-11 05:21:45 [INFO] [受信] VM → BM;Depth:281.0
2025-07-11 05:21:45 [INFO] [転送] VM → BM : Depth:281.0
2025-07-11 05:21:45 [INFO] [受信] VM → BM;Depth:310.0
2025-07-11 05:21:45 [INFO] [転送] VM → BM : Depth:310.0
2025-07-11 05:21:45 [INFO] [受信] VM → BM;Depth:306.0
2025-07-11 05:21:45 [INFO] [転送] VM → BM : Depth:306.0
2025-07-11 05:21:45 [INFO] [受信] VM → BM;Depth:261.0
2025-07-11 05:21:45 [INFO] [転送] VM → BM : Depth:261.0
2025-07-11 05:21:45 [INFO] [受信] VM → BM;Depth:284.0
2025-07-11 05:21:45 [INFO] [転送] VM → BM : Depth:284.0
2025-07-11 05:21:45 [INFO] [受信] VM → BM;Depth:280.0
2025-07-11 05:21:45 [INFO] [転送] VM → BM : Depth:280.0
2025-07-11 05:21:45 [INFO] [受信] VM → BM;Depth:293.0
2025-07-11 05:21:45 [INFO] [転送] VM → BM : Depth:293.0
2025-07-11 05:21:45 [INFO] [受信] VM → BM;Depth:293.0
2025-07-11 05:21:45 [INFO] [転送] VM → BM : Depth:293.0
2025-07-11 05:21:45 [INFO] [受信] VM → BM;Depth:294.0
2025-07-11 05:21:45 [INFO] [転送] VM → BM : Depth:294.0
2025-07-11 05:21:45 [INFO] [受信] VM → BM;Depth:292.0
2025-07-11 05:21:45 [INFO] [転送] VM → BM : Depth:292.0
2025-07-11 05:21:45 [INFO] [受信] VM → BM;Depth:275.0
2025-07-11 05:21:45 [INFO] [転送] VM → BM : Depth:275.0
2025-07-11 05:21:45 [INFO] [受信] VM → BM;Depth:267.0
2025-07-11 05:21:45 [INFO] [転送] VM → BM : Depth:267.0
2025-07-11 05:21:45 [INFO] [受信] VM → BM;Depth:268.0
2025-07-11 05:21:45 [INFO] [転送] VM → BM : Depth:268.0
2025-07-11 05:21:45 [INFO] [受信] VM → BM;Depth:303.0
2025-07-11 05:21:45 [INFO] [転送] VM → BM : Depth:303.0
2025-07-11 05:21:45 [INFO] [受信] VM → BM;Depth:300.0
2025-07-11 05:21:45 [INFO] [転送] VM → BM : Depth:300.0
2025-07-11 05:21:46 [INFO] [受信] VM → BM;Depth:301.0
2025-07-11 05:21:46 [INFO] [転送] VM → BM : Depth:301.0
2025-07-11 05:21:46 [INFO] [受信] VM → BM;Depth:324.0
2025-07-11 05:21:46 [INFO] [転送] VM → BM : Depth:324.0
2025-07-11 05:21:46 [INFO] [受信] VM → BM;Depth:323.0
2025-07-11 05:21:46 [INFO] [転送] VM → BM : Depth:323.0
2025-07-11 05:21:46 [INFO] [受信] VM → BM;Depth:324.0
2025-07-11 05:21:46 [INFO] [転送] VM → BM : Depth:324.0
2025-07-11 05:21:46 [INFO] [受信] VM → BM;Depth:275.0
2025-07-11 05:21:46 [INFO] [転送] VM → BM : Depth:275.0
2025-07-11 05:21:46 [INFO] [受信] VM → BM;Depth:298.0
2025-07-11 05:21:46 [INFO] [転送] VM → BM : Depth:298.0
2025-07-11 05:21:46 [INFO] [受信] VM → BM;Depth:298.0
2025-07-11 05:21:46 [INFO] [転送] VM → BM : Depth:298.0
2025-07-11 05:21:46 [INFO] [受信] VM → BM;Depth:298.0
2025-07-11 05:21:46 [INFO] [転送] VM → BM : Depth:298.0
2025-07-11 05:21:46 [INFO] [受信] VM → BM;Depth:289.0
2025-07-11 05:21:46 [INFO] [転送] VM → BM : Depth:289.0
2025-07-11 05:21:46 [INFO] [受信] VM → BM;Depth:287.0
2025-07-11 05:21:46 [INFO] [転送] VM → BM : Depth:287.0
2025-07-11 05:21:46 [INFO] [受信] VM → BM;Depth:292.0
2025-07-11 05:21:46 [INFO] [転送] VM → BM : Depth:292.0
2025-07-11 05:21:46 [INFO] [受信] VM → BM;Depth:285.0
2025-07-11 05:21:46 [INFO] [転送] VM → BM : Depth:285.0
2025-07-11 05:21:46 [INFO] [受信] VM → BM;Depth:296.0
2025-07-11 05:21:46 [INFO] [転送] VM → BM : Depth:296.0
2025-07-11 05:21:46 [INFO] [受信] VM → BM;Depth:303.0
2025-07-11 05:21:46 [INFO] [転送] VM → BM : Depth:303.0
2025-07-11 05:21:46 [INFO] [受信] VM → BM;Depth:305.0
2025-07-11 05:21:46 [INFO] [転送] VM → BM : Depth:305.0
2025-07-11 05:21:47 [INFO] [受信] Cmd → BM;reset
2025-07-11 05:21:47 [INFO] [転送] Cmd → BM : reset
2025-07-11 05:21:47 [INFO] [受信] Cmd → VM;stop_log_recording
2025-07-11 05:21:47 [INFO] [転送] Cmd → VM : stop_log_recording
2025-07-11 05:21:56 [ERROR] [エラー] 受信中に例外発生：[WinError 10054] 既存の接続はリモート ホストに強制的に切断されました。
2025-07-11 05:21:56 [INFO] [切断] 127.0.0.1:65280 (BM) の接続を終了
2025-07-11 05:21:56 [ERROR] [エラー] 受信中に例外発生：[WinError 10054] 既存の接続はリモート ホストに強制的に切断されました。
2025-07-11 05:21:56 [INFO] [切断] 127.0.0.1:65282 (VM) の接続を終了
